000 (7008313.000.000) 03/02 09:31:35 Job submitted from host: <188.185.8.79:9618?addrs=188.185.8.79-9618+[2001-1458-d00-63--100-23a]-9618&alias=bigbird26.cern.ch&noUDP&sock=schedd_2073_7bea>
...
040 (7008313.000.000) 03/02 09:32:15 Started transferring input files
	Transferring to host: <128.142.248.15:9618?addrs=128.142.248.15-9618+[2001-1458-301-73--100-ff]-9618&alias=b9g23p2723.cern.ch&noUDP&sock=slot1_13_3949679_e8fd_3638>
...
040 (7008313.000.000) 03/02 09:32:15 Finished transferring input files
...
001 (7008313.000.000) 03/02 09:32:16 Job executing on host: <128.142.248.15:9618?addrs=128.142.248.15-9618+[2001-1458-301-73--100-ff]-9618&alias=b9g23p2723.cern.ch&noUDP&sock=startd_6746_c5fb>
	SlotName: slot1_13@b9g23p2723.cern.ch
	CondorScratchDir = "/pool/condor/dir_1132912"
	Cpus = 1
	Disk = 3976
	GPUs = 0
	Memory = 3000
...
006 (7008313.000.000) 03/02 09:32:29 Image size of job updated: 785148
	767  -  MemoryUsage of job (MB)
	785148  -  ResidentSetSize of job (KB)
...
006 (7008313.000.000) 03/02 09:37:29 Image size of job updated: 785340
	767  -  MemoryUsage of job (MB)
	785276  -  ResidentSetSize of job (KB)
...
006 (7008313.000.000) 03/02 09:42:30 Image size of job updated: 785404
	767  -  MemoryUsage of job (MB)
	785404  -  ResidentSetSize of job (KB)
...
006 (7008313.000.000) 03/02 09:57:32 Image size of job updated: 785416
	767  -  MemoryUsage of job (MB)
	785404  -  ResidentSetSize of job (KB)
...
006 (7008313.000.000) 03/02 10:02:33 Image size of job updated: 785612
	768  -  MemoryUsage of job (MB)
	785612  -  ResidentSetSize of job (KB)
...
040 (7008313.000.000) 03/02 10:05:17 Started transferring output files
...
040 (7008313.000.000) 03/02 10:05:17 Finished transferring output files
...
005 (7008313.000.000) 03/02 10:05:17 Job terminated.
	(1) Normal termination (return value 0)
		Usr 0 00:32:47, Sys 0 00:00:01  -  Run Remote Usage
		Usr 0 00:00:00, Sys 0 00:00:00  -  Run Local Usage
		Usr 0 00:32:47, Sys 0 00:00:01  -  Total Remote Usage
		Usr 0 00:00:00, Sys 0 00:00:00  -  Total Local Usage
	1200  -  Run Bytes Sent By Job
	254  -  Run Bytes Received By Job
	1200  -  Total Bytes Sent By Job
	254  -  Total Bytes Received By Job
	Partitionable Resources :    Usage  Request Allocated 
	   Cpus                 :     1.00        1         1 
	   Disk (KB)            :    26           1      3976 
	   GPUs                 :                           0 
	   Memory (MB)          :   768        3000      3000 

	Job terminated of its own accord at 2025-03-02T09:05:17Z with exit-code 0.
...
