000 (7008328.000.000) 03/02 09:31:42 Job submitted from host: <188.185.8.79:9618?addrs=188.185.8.79-9618+[2001-1458-d00-63--100-23a]-9618&alias=bigbird26.cern.ch&noUDP&sock=schedd_2073_7bea>
...
040 (7008328.000.000) 03/02 09:32:21 Started transferring input files
	Transferring to host: <188.185.195.142:9618?addrs=188.185.195.142-9618+[2001-1458-303-22--100-8a]-9618&alias=b9p17p0923.cern.ch&noUDP&sock=slot1_25_6821_c2ee_11237>
...
040 (7008328.000.000) 03/02 09:32:21 Finished transferring input files
...
001 (7008328.000.000) 03/02 09:32:22 Job executing on host: <188.185.195.142:9618?addrs=188.185.195.142-9618+[2001-1458-303-22--100-8a]-9618&alias=b9p17p0923.cern.ch&noUDP&sock=startd_5309_1c63>
	SlotName: slot1_25@b9p17p0923.cern.ch
	CondorScratchDir = "/pool/condor/dir_2886268"
	Cpus = 1
	Disk = 3848
	GPUs = 0
	Memory = 3000
...
006 (7008328.000.000) 03/02 09:32:36 Image size of job updated: 3820
	4  -  MemoryUsage of job (MB)
	3820  -  ResidentSetSize of job (KB)
...
006 (7008328.000.000) 03/02 09:37:37 Image size of job updated: 783792
	766  -  MemoryUsage of job (MB)
	783792  -  ResidentSetSize of job (KB)
...
006 (7008328.000.000) 03/02 09:57:38 Image size of job updated: 783856
	766  -  MemoryUsage of job (MB)
	783804  -  ResidentSetSize of job (KB)
...
006 (7008328.000.000) 03/02 10:02:39 Image size of job updated: 783868
	766  -  MemoryUsage of job (MB)
	783868  -  ResidentSetSize of job (KB)
...
006 (7008328.000.000) 03/02 10:07:39 Image size of job updated: 783872
	766  -  MemoryUsage of job (MB)
	783872  -  ResidentSetSize of job (KB)
...
006 (7008328.000.000) 03/02 10:17:40 Image size of job updated: 783936
	766  -  MemoryUsage of job (MB)
	783872  -  ResidentSetSize of job (KB)
...
006 (7008328.000.000) 03/02 10:22:40 Image size of job updated: 784064
	766  -  MemoryUsage of job (MB)
	783936  -  ResidentSetSize of job (KB)
...
006 (7008328.000.000) 03/02 10:30:54 Image size of job updated: 784128
	766  -  MemoryUsage of job (MB)
	783936  -  ResidentSetSize of job (KB)
...
040 (7008328.000.000) 03/02 10:30:54 Started transferring output files
...
040 (7008328.000.000) 03/02 10:30:54 Finished transferring output files
...
005 (7008328.000.000) 03/02 10:30:54 Job terminated.
	(1) Normal termination (return value 0)
		Usr 0 00:47:22, Sys 0 00:00:29  -  Run Remote Usage
		Usr 0 00:00:00, Sys 0 00:00:00  -  Run Local Usage
		Usr 0 00:47:22, Sys 0 00:00:29  -  Total Remote Usage
		Usr 0 00:00:00, Sys 0 00:00:00  -  Total Local Usage
	1202  -  Run Bytes Sent By Job
	254  -  Run Bytes Received By Job
	1202  -  Total Bytes Sent By Job
	254  -  Total Bytes Received By Job
	Partitionable Resources :    Usage  Request Allocated 
	   Cpus                 :     0.53        1         1 
	   Disk (KB)            :    26           1      3848 
	   GPUs                 :                           0 
	   Memory (MB)          :   766        3000      3000 

	Job terminated of its own accord at 2025-03-02T09:30:54Z with exit-code 0.
...
