000 (7008381.000.000) 03/02 09:32:07 Job submitted from host: <188.185.8.79:9618?addrs=188.185.8.79-9618+[2001-1458-d00-63--100-23a]-9618&alias=bigbird26.cern.ch&noUDP&sock=schedd_2073_7bea>
...
040 (7008381.000.000) 03/02 09:32:35 Started transferring input files
	Transferring to host: <188.185.196.102:9618?addrs=188.185.196.102-9618+[2001-1458-303-23--100-62]-9618&alias=b9p16p4471.cern.ch&noUDP&sock=slot1_14_2542988_d86b_49624>
...
040 (7008381.000.000) 03/02 09:32:35 Finished transferring input files
...
001 (7008381.000.000) 03/02 09:32:36 Job executing on host: <188.185.196.102:9618?addrs=188.185.196.102-9618+[2001-1458-303-23--100-62]-9618&alias=b9p16p4471.cern.ch&noUDP&sock=startd_5347_2cfc>
	SlotName: slot1_14@b9p16p4471.cern.ch
	CondorScratchDir = "/pool/condor/dir_3358419"
	Cpus = 1
	Disk = 3817
	GPUs = 0
	Memory = 3000
...
006 (7008381.000.000) 03/02 09:32:45 Image size of job updated: 1792
	2  -  MemoryUsage of job (MB)
	1792  -  ResidentSetSize of job (KB)
...
006 (7008381.000.000) 03/02 09:34:09 Image size of job updated: 64176
	63  -  MemoryUsage of job (MB)
	64176  -  ResidentSetSize of job (KB)
...
040 (7008381.000.000) 03/02 09:34:09 Started transferring output files
...
040 (7008381.000.000) 03/02 09:34:09 Finished transferring output files
...
005 (7008381.000.000) 03/02 09:34:09 Job terminated.
	(1) Normal termination (return value 0)
		Usr 0 00:00:00, Sys 0 00:00:00  -  Run Remote Usage
		Usr 0 00:00:00, Sys 0 00:00:00  -  Run Local Usage
		Usr 0 00:00:00, Sys 0 00:00:00  -  Total Remote Usage
		Usr 0 00:00:00, Sys 0 00:00:00  -  Total Local Usage
	1241  -  Run Bytes Sent By Job
	254  -  Run Bytes Received By Job
	1241  -  Total Bytes Sent By Job
	254  -  Total Bytes Received By Job
	Partitionable Resources :    Usage  Request Allocated 
	   Cpus                 :        0        1         1 
	   Disk (KB)            :       26        1      3817 
	   GPUs                 :                           0 
	   Memory (MB)          :       63     3000      3000 

	Job terminated of its own accord at 2025-03-02T08:34:09Z with exit-code 0.
...
000 (7008481.000.000) 03/02 11:37:21 Job submitted from host: <188.185.8.79:9618?addrs=188.185.8.79-9618+[2001-1458-d00-63--100-23a]-9618&alias=bigbird26.cern.ch&noUDP&sock=schedd_2073_7bea>
...
040 (7008481.000.000) 03/02 11:39:21 Started transferring input files
	Transferring to host: <188.185.194.156:9618?addrs=188.185.194.156-9618+[2001-1458-303-21--100-98]-9618&alias=b9p20p1085.cern.ch&noUDP&sock=slot1_27_3436378_eb94_15495>
...
040 (7008481.000.000) 03/02 11:39:21 Finished transferring input files
...
001 (7008481.000.000) 03/02 11:39:22 Job executing on host: <188.185.194.156:9618?addrs=188.185.194.156-9618+[2001-1458-303-21--100-98]-9618&alias=b9p20p1085.cern.ch&noUDP&sock=startd_11208_5590>
	SlotName: slot1_27@b9p20p1085.cern.ch
	CondorScratchDir = "/pool/condor/dir_2533880"
	Cpus = 1
	Disk = 3716
	GPUs = 0
	Memory = 3000
...
006 (7008481.000.000) 03/02 11:39:31 Image size of job updated: 15880
	16  -  MemoryUsage of job (MB)
	15880  -  ResidentSetSize of job (KB)
...
006 (7008481.000.000) 03/02 11:44:32 Image size of job updated: 856640
	837  -  MemoryUsage of job (MB)
	856640  -  ResidentSetSize of job (KB)
...
006 (7008481.000.000) 03/02 11:54:33 Image size of job updated: 856704
	837  -  MemoryUsage of job (MB)
	856704  -  ResidentSetSize of job (KB)
...
006 (7008481.000.000) 03/02 12:04:35 Image size of job updated: 856784
	837  -  MemoryUsage of job (MB)
	856784  -  ResidentSetSize of job (KB)
...
006 (7008481.000.000) 03/02 12:19:36 Image size of job updated: 856916
	837  -  MemoryUsage of job (MB)
	856916  -  ResidentSetSize of job (KB)
...
040 (7008481.000.000) 03/02 12:28:54 Started transferring output files
...
040 (7008481.000.000) 03/02 12:28:54 Finished transferring output files
...
005 (7008481.000.000) 03/02 12:28:54 Job terminated.
	(1) Normal termination (return value 0)
		Usr 0 00:47:13, Sys 0 00:00:09  -  Run Remote Usage
		Usr 0 00:00:00, Sys 0 00:00:00  -  Run Local Usage
		Usr 0 00:47:13, Sys 0 00:00:09  -  Total Remote Usage
		Usr 0 00:00:00, Sys 0 00:00:00  -  Total Local Usage
	1203  -  Run Bytes Sent By Job
	254  -  Run Bytes Received By Job
	1203  -  Total Bytes Sent By Job
	254  -  Total Bytes Received By Job
	Partitionable Resources :    Usage  Request Allocated 
	   Cpus                 :     0.99        1         1 
	   Disk (KB)            :    26           1      3716 
	   GPUs                 :                           0 
	   Memory (MB)          :   837        3000      3000 

	Job terminated of its own accord at 2025-03-02T11:28:54Z with exit-code 0.
...
