000 (7008333.000.000) 03/02 09:31:45 Job submitted from host: <188.185.8.79:9618?addrs=188.185.8.79-9618+[2001-1458-d00-63--100-23a]-9618&alias=bigbird26.cern.ch&noUDP&sock=schedd_2073_7bea>
...
040 (7008333.000.000) 03/02 09:32:22 Started transferring input files
	Transferring to host: <188.185.193.180:9618?addrs=188.185.193.180-9618+[2001-1458-303-20--100-b0]-9618&alias=b9p19p1906.cern.ch&noUDP&sock=slot1_40_6652_af88_24168>
...
040 (7008333.000.000) 03/02 09:32:22 Finished transferring input files
...
001 (7008333.000.000) 03/02 09:32:23 Job executing on host: <188.185.193.180:9618?addrs=188.185.193.180-9618+[2001-1458-303-20--100-b0]-9618&alias=b9p19p1906.cern.ch&noUDP&sock=startd_5236_09f9>
	SlotName: slot1_40@b9p19p1906.cern.ch
	CondorScratchDir = "/pool/condor/dir_3762324"
	Cpus = 1
	Disk = 3863
	GPUs = 0
	Memory = 3000
...
006 (7008333.000.000) 03/02 09:32:36 Image size of job updated: 4032
	4  -  MemoryUsage of job (MB)
	4032  -  ResidentSetSize of job (KB)
...
006 (7008333.000.000) 03/02 09:37:36 Image size of job updated: 783336
	765  -  MemoryUsage of job (MB)
	783272  -  ResidentSetSize of job (KB)
...
006 (7008333.000.000) 03/02 09:52:37 Image size of job updated: 783400
	765  -  MemoryUsage of job (MB)
	783272  -  ResidentSetSize of job (KB)
...
006 (7008333.000.000) 03/02 09:57:38 Image size of job updated: 783412
	765  -  MemoryUsage of job (MB)
	783284  -  ResidentSetSize of job (KB)
...
006 (7008333.000.000) 03/02 10:07:38 Image size of job updated: 783480
	765  -  MemoryUsage of job (MB)
	783352  -  ResidentSetSize of job (KB)
...
006 (7008333.000.000) 03/02 10:12:39 Image size of job updated: 783608
	766  -  MemoryUsage of job (MB)
	783416  -  ResidentSetSize of job (KB)
...
006 (7008333.000.000) 03/02 10:16:39 Image size of job updated: 783672
	766  -  MemoryUsage of job (MB)
	783416  -  ResidentSetSize of job (KB)
...
040 (7008333.000.000) 03/02 10:16:39 Started transferring output files
...
040 (7008333.000.000) 03/02 10:16:39 Finished transferring output files
...
005 (7008333.000.000) 03/02 10:16:39 Job terminated.
	(1) Normal termination (return value 0)
		Usr 0 00:41:08, Sys 0 00:00:10  -  Run Remote Usage
		Usr 0 00:00:00, Sys 0 00:00:00  -  Run Local Usage
		Usr 0 00:41:08, Sys 0 00:00:10  -  Total Remote Usage
		Usr 0 00:00:00, Sys 0 00:00:00  -  Total Local Usage
	1202  -  Run Bytes Sent By Job
	254  -  Run Bytes Received By Job
	1202  -  Total Bytes Sent By Job
	254  -  Total Bytes Received By Job
	Partitionable Resources :    Usage  Request Allocated 
	   Cpus                 :     0.99        1         1 
	   Disk (KB)            :    26           1      3863 
	   GPUs                 :                           0 
	   Memory (MB)          :   766        3000      3000 

	Job terminated of its own accord at 2025-03-02T09:16:39Z with exit-code 0.
...
