000 (7008370.000.000) 03/02 09:32:02 Job submitted from host: <188.185.8.79:9618?addrs=188.185.8.79-9618+[2001-1458-d00-63--100-23a]-9618&alias=bigbird26.cern.ch&noUDP&sock=schedd_2073_7bea>
...
040 (7008370.000.000) 03/02 09:32:32 Started transferring input files
	Transferring to host: <188.185.192.179:9618?addrs=188.185.192.179-9618+[2001-1458-303-1f--100-af]-9618&alias=b9p13p4937.cern.ch&noUDP&sock=slot1_31_8952_3e65_100717>
...
040 (7008370.000.000) 03/02 09:32:32 Finished transferring input files
...
001 (7008370.000.000) 03/02 09:32:33 Job executing on host: <188.185.192.179:9618?addrs=188.185.192.179-9618+[2001-1458-303-1f--100-af]-9618&alias=b9p13p4937.cern.ch&noUDP&sock=startd_7546_81bf>
	SlotName: slot1_31@b9p13p4937.cern.ch
	CondorScratchDir = "/pool/condor/dir_1247681"
	Cpus = 1
	Disk = 3774
	GPUs = 0
	Memory = 3000
...
006 (7008370.000.000) 03/02 09:32:42 Image size of job updated: 9312
	10  -  MemoryUsage of job (MB)
	9312  -  ResidentSetSize of job (KB)
...
006 (7008370.000.000) 03/02 09:37:43 Image size of job updated: 857756
	838  -  MemoryUsage of job (MB)
	857756  -  ResidentSetSize of job (KB)
...
006 (7008370.000.000) 03/02 09:42:44 Image size of job updated: 857816
	838  -  MemoryUsage of job (MB)
	857816  -  ResidentSetSize of job (KB)
...
006 (7008370.000.000) 03/02 09:47:44 Image size of job updated: 857916
	838  -  MemoryUsage of job (MB)
	857916  -  ResidentSetSize of job (KB)
...
006 (7008370.000.000) 03/02 10:02:45 Image size of job updated: 857936
	838  -  MemoryUsage of job (MB)
	857936  -  ResidentSetSize of job (KB)
...
006 (7008370.000.000) 03/02 10:07:45 Image size of job updated: 857944
	838  -  MemoryUsage of job (MB)
	857944  -  ResidentSetSize of job (KB)
...
006 (7008370.000.000) 03/02 10:12:46 Image size of job updated: 857980
	838  -  MemoryUsage of job (MB)
	857980  -  ResidentSetSize of job (KB)
...
040 (7008370.000.000) 03/02 10:20:39 Started transferring output files
...
040 (7008370.000.000) 03/02 10:20:39 Finished transferring output files
...
005 (7008370.000.000) 03/02 10:20:39 Job terminated.
	(1) Normal termination (return value 0)
		Usr 0 00:44:31, Sys 0 00:00:08  -  Run Remote Usage
		Usr 0 00:00:00, Sys 0 00:00:00  -  Run Local Usage
		Usr 0 00:44:31, Sys 0 00:00:08  -  Total Remote Usage
		Usr 0 00:00:00, Sys 0 00:00:00  -  Total Local Usage
	1199  -  Run Bytes Sent By Job
	254  -  Run Bytes Received By Job
	1199  -  Total Bytes Sent By Job
	254  -  Total Bytes Received By Job
	Partitionable Resources :    Usage  Request Allocated 
	   Cpus                 :     0.98        1         1 
	   Disk (KB)            :    26           1      3774 
	   GPUs                 :                           0 
	   Memory (MB)          :   838        3000      3000 

	Job terminated of its own accord at 2025-03-02T09:20:39Z with exit-code 0.
...
