000 (7008337.000.000) 03/02 09:31:47 Job submitted from host: <188.185.8.79:9618?addrs=188.185.8.79-9618+[2001-1458-d00-63--100-23a]-9618&alias=bigbird26.cern.ch&noUDP&sock=schedd_2073_7bea>
...
040 (7008337.000.000) 03/02 09:32:23 Started transferring input files
	Transferring to host: <188.185.194.112:9618?addrs=188.185.194.112-9618+[2001-1458-303-21--100-6c]-9618&alias=b9p20p6302.cern.ch&noUDP&sock=slot1_27_1121430_a25c_47225>
...
040 (7008337.000.000) 03/02 09:32:23 Finished transferring input files
...
001 (7008337.000.000) 03/02 09:32:24 Job executing on host: <188.185.194.112:9618?addrs=188.185.194.112-9618+[2001-1458-303-21--100-6c]-9618&alias=b9p20p6302.cern.ch&noUDP&sock=startd_7560_1c12>
	SlotName: slot1_27@b9p20p6302.cern.ch
	CondorScratchDir = "/pool/condor/dir_1948322"
	Cpus = 1
	Disk = 3853
	GPUs = 0
	Memory = 3000
...
006 (7008337.000.000) 03/02 09:32:33 Image size of job updated: 1796
	2  -  MemoryUsage of job (MB)
	1796  -  ResidentSetSize of job (KB)
...
006 (7008337.000.000) 03/02 09:34:07 Image size of job updated: 64096
	63  -  MemoryUsage of job (MB)
	64096  -  ResidentSetSize of job (KB)
...
040 (7008337.000.000) 03/02 09:34:07 Started transferring output files
...
040 (7008337.000.000) 03/02 09:34:08 Finished transferring output files
...
005 (7008337.000.000) 03/02 09:34:09 Job terminated.
	(1) Normal termination (return value 0)
		Usr 0 00:00:00, Sys 0 00:00:00  -  Run Remote Usage
		Usr 0 00:00:00, Sys 0 00:00:00  -  Run Local Usage
		Usr 0 00:00:00, Sys 0 00:00:00  -  Total Remote Usage
		Usr 0 00:00:00, Sys 0 00:00:00  -  Total Local Usage
	1241  -  Run Bytes Sent By Job
	254  -  Run Bytes Received By Job
	1241  -  Total Bytes Sent By Job
	254  -  Total Bytes Received By Job
	Partitionable Resources :    Usage  Request Allocated 
	   Cpus                 :        0        1         1 
	   Disk (KB)            :       26        1      3853 
	   GPUs                 :                           0 
	   Memory (MB)          :       63     3000      3000 

	Job terminated of its own accord at 2025-03-02T08:34:07Z with exit-code 0.
...
000 (7008462.000.000) 03/02 11:37:12 Job submitted from host: <188.185.8.79:9618?addrs=188.185.8.79-9618+[2001-1458-d00-63--100-23a]-9618&alias=bigbird26.cern.ch&noUDP&sock=schedd_2073_7bea>
...
040 (7008462.000.000) 03/02 11:39:02 Started transferring input files
	Transferring to host: <188.185.195.101:9618?addrs=188.185.195.101-9618+[2001-1458-303-22--100-61]-9618&alias=b9p17p5877.cern.ch&noUDP&sock=slot1_13_5885_43c8_129907>
...
040 (7008462.000.000) 03/02 11:39:02 Finished transferring input files
...
001 (7008462.000.000) 03/02 11:39:03 Job executing on host: <188.185.195.101:9618?addrs=188.185.195.101-9618+[2001-1458-303-22--100-61]-9618&alias=b9p17p5877.cern.ch&noUDP&sock=startd_4513_1f00>
	SlotName: slot1_13@b9p17p5877.cern.ch
	CondorScratchDir = "/pool/condor/dir_1204899"
	Cpus = 1
	Disk = 3735
	GPUs = 0
	Memory = 3000
...
006 (7008462.000.000) 03/02 11:39:12 Image size of job updated: 1796
	2  -  MemoryUsage of job (MB)
	1796  -  ResidentSetSize of job (KB)
...
006 (7008462.000.000) 03/02 11:44:13 Image size of job updated: 858348
	839  -  MemoryUsage of job (MB)
	858348  -  ResidentSetSize of job (KB)
...
006 (7008462.000.000) 03/02 11:54:14 Image size of job updated: 859404
	840  -  MemoryUsage of job (MB)
	859404  -  ResidentSetSize of job (KB)
...
006 (7008462.000.000) 03/02 11:59:14 Image size of job updated: 859660
	840  -  MemoryUsage of job (MB)
	859660  -  ResidentSetSize of job (KB)
...
040 (7008462.000.000) 03/02 12:25:27 Started transferring output files
...
040 (7008462.000.000) 03/02 12:25:27 Finished transferring output files
...
005 (7008462.000.000) 03/02 12:25:27 Job terminated.
	(1) Normal termination (return value 0)
		Usr 0 00:44:06, Sys 0 00:00:04  -  Run Remote Usage
		Usr 0 00:00:00, Sys 0 00:00:00  -  Run Local Usage
		Usr 0 00:44:06, Sys 0 00:00:04  -  Total Remote Usage
		Usr 0 00:00:00, Sys 0 00:00:00  -  Total Local Usage
	1204  -  Run Bytes Sent By Job
	254  -  Run Bytes Received By Job
	1204  -  Total Bytes Sent By Job
	254  -  Total Bytes Received By Job
	Partitionable Resources :    Usage  Request Allocated 
	   Cpus                 :     0.99        1         1 
	   Disk (KB)            :    26           1      3735 
	   GPUs                 :                           0 
	   Memory (MB)          :   840        3000      3000 

	Job terminated of its own accord at 2025-03-02T11:25:27Z with exit-code 0.
...
