000 (7008351.000.000) 03/02 09:31:53 Job submitted from host: <188.185.8.79:9618?addrs=188.185.8.79-9618+[2001-1458-d00-63--100-23a]-9618&alias=bigbird26.cern.ch&noUDP&sock=schedd_2073_7bea>
...
040 (7008351.000.000) 03/02 09:32:28 Started transferring input files
	Transferring to host: <188.185.192.133:9618?addrs=188.185.192.133-9618+[2001-1458-303-1f--100-81]-9618&alias=b9p13p9377.cern.ch&noUDP&sock=slot1_1_309879_89d2_20534>
...
040 (7008351.000.000) 03/02 09:32:28 Finished transferring input files
...
001 (7008351.000.000) 03/02 09:32:29 Job executing on host: <188.185.192.133:9618?addrs=188.185.192.133-9618+[2001-1458-303-1f--100-81]-9618&alias=b9p13p9377.cern.ch&noUDP&sock=startd_6172_0e9e>
	SlotName: slot1_1@b9p13p9377.cern.ch
	CondorScratchDir = "/pool/condor/dir_2775931"
	Cpus = 1
	Disk = 3832
	GPUs = 0
	Memory = 3000
...
006 (7008351.000.000) 03/02 09:32:38 Image size of job updated: 1812
	2  -  MemoryUsage of job (MB)
	1812  -  ResidentSetSize of job (KB)
...
006 (7008351.000.000) 03/02 09:34:08 Image size of job updated: 65132
	64  -  MemoryUsage of job (MB)
	65132  -  ResidentSetSize of job (KB)
...
040 (7008351.000.000) 03/02 09:34:09 Started transferring output files
...
040 (7008351.000.000) 03/02 09:34:09 Finished transferring output files
...
005 (7008351.000.000) 03/02 09:34:09 Job terminated.
	(1) Normal termination (return value 0)
		Usr 0 00:00:00, Sys 0 00:00:00  -  Run Remote Usage
		Usr 0 00:00:00, Sys 0 00:00:00  -  Run Local Usage
		Usr 0 00:00:00, Sys 0 00:00:00  -  Total Remote Usage
		Usr 0 00:00:00, Sys 0 00:00:00  -  Total Local Usage
	1241  -  Run Bytes Sent By Job
	254  -  Run Bytes Received By Job
	1241  -  Total Bytes Sent By Job
	254  -  Total Bytes Received By Job
	Partitionable Resources :    Usage  Request Allocated 
	   Cpus                 :        0        1         1 
	   Disk (KB)            :       26        1      3832 
	   GPUs                 :                           0 
	   Memory (MB)          :       64     3000      3000 

	Job terminated of its own accord at 2025-03-02T08:34:08Z with exit-code 0.
...
000 (7008467.000.000) 03/02 11:37:15 Job submitted from host: <188.185.8.79:9618?addrs=188.185.8.79-9618+[2001-1458-d00-63--100-23a]-9618&alias=bigbird26.cern.ch&noUDP&sock=schedd_2073_7bea>
...
040 (7008467.000.000) 03/02 11:39:16 Started transferring input files
	Transferring to host: <188.185.198.63:9618?addrs=188.185.198.63-9618+[2001-1458-303-25--100-3b]-9618&alias=b9p15p2915.cern.ch&noUDP&sock=slot1_21_1592065_913e_23301>
...
040 (7008467.000.000) 03/02 11:39:16 Finished transferring input files
...
001 (7008467.000.000) 03/02 11:39:17 Job executing on host: <188.185.198.63:9618?addrs=188.185.198.63-9618+[2001-1458-303-25--100-3b]-9618&alias=b9p15p2915.cern.ch&noUDP&sock=startd_8830_3959>
	SlotName: slot1_21@b9p15p2915.cern.ch
	CondorScratchDir = "/pool/condor/dir_1320269"
	Cpus = 1
	Disk = 3761
	GPUs = 0
	Memory = 3000
...
006 (7008467.000.000) 03/02 11:39:25 Image size of job updated: 16064
	16  -  MemoryUsage of job (MB)
	16064  -  ResidentSetSize of job (KB)
...
006 (7008467.000.000) 03/02 11:44:25 Image size of job updated: 854788
	835  -  MemoryUsage of job (MB)
	854788  -  ResidentSetSize of job (KB)
...
006 (7008467.000.000) 03/02 11:59:26 Image size of job updated: 854968
	835  -  MemoryUsage of job (MB)
	854968  -  ResidentSetSize of job (KB)
...
040 (7008467.000.000) 03/02 12:29:13 Started transferring output files
...
040 (7008467.000.000) 03/02 12:29:13 Finished transferring output files
...
005 (7008467.000.000) 03/02 12:29:13 Job terminated.
	(1) Normal termination (return value 0)
		Usr 0 00:45:26, Sys 0 00:00:03  -  Run Remote Usage
		Usr 0 00:00:00, Sys 0 00:00:00  -  Run Local Usage
		Usr 0 00:45:26, Sys 0 00:00:03  -  Total Remote Usage
		Usr 0 00:00:00, Sys 0 00:00:00  -  Total Local Usage
	1201  -  Run Bytes Sent By Job
	254  -  Run Bytes Received By Job
	1201  -  Total Bytes Sent By Job
	254  -  Total Bytes Received By Job
	Partitionable Resources :    Usage  Request Allocated 
	   Cpus                 :     0.99        1         1 
	   Disk (KB)            :    26           1      3761 
	   GPUs                 :                           0 
	   Memory (MB)          :   835        3000      3000 

	Job terminated of its own accord at 2025-03-02T11:29:13Z with exit-code 0.
...
