000 (7008376.000.000) 03/02 09:32:05 Job submitted from host: <188.185.8.79:9618?addrs=188.185.8.79-9618+[2001-1458-d00-63--100-23a]-9618&alias=bigbird26.cern.ch&noUDP&sock=schedd_2073_7bea>
...
040 (7008376.000.000) 03/02 09:32:34 Started transferring input files
	Transferring to host: <188.185.196.30:9618?addrs=188.185.196.30-9618+[2001-1458-303-23--100-1a]-9618&alias=b9p16p3843.cern.ch&noUDP&sock=slot1_24_10208_3598_100793>
...
040 (7008376.000.000) 03/02 09:32:34 Finished transferring input files
...
001 (7008376.000.000) 03/02 09:32:35 Job executing on host: <188.185.196.30:9618?addrs=188.185.196.30-9618+[2001-1458-303-23--100-1a]-9618&alias=b9p16p3843.cern.ch&noUDP&sock=startd_8479_779b>
	SlotName: slot1_24@b9p16p3843.cern.ch
	CondorScratchDir = "/pool/condor/dir_2470730"
	Cpus = 1
	Disk = 3792
	GPUs = 0
	Memory = 3000
...
006 (7008376.000.000) 03/02 09:32:44 Image size of job updated: 5148
	6  -  MemoryUsage of job (MB)
	5148  -  ResidentSetSize of job (KB)
...
006 (7008376.000.000) 03/02 09:37:45 Image size of job updated: 854856
	835  -  MemoryUsage of job (MB)
	854856  -  ResidentSetSize of job (KB)
...
006 (7008376.000.000) 03/02 09:47:45 Image size of job updated: 854916
	835  -  MemoryUsage of job (MB)
	854916  -  ResidentSetSize of job (KB)
...
006 (7008376.000.000) 03/02 09:57:46 Image size of job updated: 854940
	835  -  MemoryUsage of job (MB)
	854940  -  ResidentSetSize of job (KB)
...
006 (7008376.000.000) 03/02 10:12:48 Image size of job updated: 855008
	835  -  MemoryUsage of job (MB)
	855008  -  ResidentSetSize of job (KB)
...
006 (7008376.000.000) 03/02 10:17:48 Image size of job updated: 855204
	836  -  MemoryUsage of job (MB)
	855204  -  ResidentSetSize of job (KB)
...
040 (7008376.000.000) 03/02 10:19:12 Started transferring output files
...
040 (7008376.000.000) 03/02 10:19:12 Finished transferring output files
...
005 (7008376.000.000) 03/02 10:19:12 Job terminated.
	(1) Normal termination (return value 0)
		Usr 0 00:43:38, Sys 0 00:00:04  -  Run Remote Usage
		Usr 0 00:00:00, Sys 0 00:00:00  -  Run Local Usage
		Usr 0 00:43:38, Sys 0 00:00:04  -  Total Remote Usage
		Usr 0 00:00:00, Sys 0 00:00:00  -  Total Local Usage
	1202  -  Run Bytes Sent By Job
	254  -  Run Bytes Received By Job
	1202  -  Total Bytes Sent By Job
	254  -  Total Bytes Received By Job
	Partitionable Resources :    Usage  Request Allocated 
	   Cpus                 :     0.99        1         1 
	   Disk (KB)            :    26           1      3792 
	   GPUs                 :                           0 
	   Memory (MB)          :   836        3000      3000 

	Job terminated of its own accord at 2025-03-02T09:19:12Z with exit-code 0.
...
