000 (7008340.000.000) 03/02 09:31:48 Job submitted from host: <188.185.8.79:9618?addrs=188.185.8.79-9618+[2001-1458-d00-63--100-23a]-9618&alias=bigbird26.cern.ch&noUDP&sock=schedd_2073_7bea>
...
040 (7008340.000.000) 03/02 09:32:24 Started transferring input files
	Transferring to host: <188.185.196.167:9618?addrs=188.185.196.167-9618+[2001-1458-303-23--100-a3]-9618&alias=b9p16p3954.cern.ch&noUDP&sock=slot1_1_1479146_eaae_10616>
...
040 (7008340.000.000) 03/02 09:32:24 Finished transferring input files
...
001 (7008340.000.000) 03/02 09:32:25 Job executing on host: <188.185.196.167:9618?addrs=188.185.196.167-9618+[2001-1458-303-23--100-a3]-9618&alias=b9p16p3954.cern.ch&noUDP&sock=startd_5311_7b93>
	SlotName: slot1_1@b9p16p3954.cern.ch
	CondorScratchDir = "/pool/condor/dir_1646521"
	Cpus = 1
	Disk = 3816
	GPUs = 0
	Memory = 3000
...
006 (7008340.000.000) 03/02 09:32:34 Image size of job updated: 27132
	27  -  MemoryUsage of job (MB)
	27132  -  ResidentSetSize of job (KB)
...
006 (7008340.000.000) 03/02 09:37:35 Image size of job updated: 855796
	836  -  MemoryUsage of job (MB)
	855796  -  ResidentSetSize of job (KB)
...
006 (7008340.000.000) 03/02 09:42:36 Image size of job updated: 855860
	836  -  MemoryUsage of job (MB)
	855860  -  ResidentSetSize of job (KB)
...
006 (7008340.000.000) 03/02 09:52:36 Image size of job updated: 855984
	836  -  MemoryUsage of job (MB)
	855984  -  ResidentSetSize of job (KB)
...
006 (7008340.000.000) 03/02 10:22:38 Image size of job updated: 856008
	836  -  MemoryUsage of job (MB)
	856008  -  ResidentSetSize of job (KB)
...
040 (7008340.000.000) 03/02 10:24:02 Started transferring output files
...
040 (7008340.000.000) 03/02 10:24:02 Finished transferring output files
...
005 (7008340.000.000) 03/02 10:24:02 Job terminated.
	(1) Normal termination (return value 0)
		Usr 0 00:49:10, Sys 0 00:00:05  -  Run Remote Usage
		Usr 0 00:00:00, Sys 0 00:00:00  -  Run Local Usage
		Usr 0 00:49:10, Sys 0 00:00:05  -  Total Remote Usage
		Usr 0 00:00:00, Sys 0 00:00:00  -  Total Local Usage
	1199  -  Run Bytes Sent By Job
	254  -  Run Bytes Received By Job
	1199  -  Total Bytes Sent By Job
	254  -  Total Bytes Received By Job
	Partitionable Resources :    Usage  Request Allocated 
	   Cpus                 :     0.95        1         1 
	   Disk (KB)            :    26           1      3816 
	   GPUs                 :                           0 
	   Memory (MB)          :   836        3000      3000 

	Job terminated of its own accord at 2025-03-02T09:24:02Z with exit-code 0.
...
