000 (7008404.000.000) 03/02 09:32:20 Job submitted from host: <188.185.8.79:9618?addrs=188.185.8.79-9618+[2001-1458-d00-63--100-23a]-9618&alias=bigbird26.cern.ch&noUDP&sock=schedd_2073_7bea>
...
040 (7008404.000.000) 03/02 09:34:10 Started transferring input files
	Transferring to host: <188.185.192.42:9618?addrs=188.185.192.42-9618+[2001-1458-303-1f--100-26]-9618&alias=b9p13p8723.cern.ch&noUDP&sock=slot1_37_7143_a3bc_12581>
...
040 (7008404.000.000) 03/02 09:34:10 Finished transferring input files
...
001 (7008404.000.000) 03/02 09:34:11 Job executing on host: <188.185.192.42:9618?addrs=188.185.192.42-9618+[2001-1458-303-1f--100-26]-9618&alias=b9p13p8723.cern.ch&noUDP&sock=startd_5857_fe49>
	SlotName: slot1_37@b9p13p8723.cern.ch
	CondorScratchDir = "/pool/condor/dir_167259"
	Cpus = 1
	Disk = 3695
	GPUs = 0
	Memory = 3000
...
006 (7008404.000.000) 03/02 09:34:18 Image size of job updated: 16
	0  -  MemoryUsage of job (MB)
	0  -  ResidentSetSize of job (KB)
...
040 (7008404.000.000) 03/02 09:34:18 Started transferring output files
...
040 (7008404.000.000) 03/02 09:34:18 Finished transferring output files
...
005 (7008404.000.000) 03/02 09:34:18 Job terminated.
	(1) Normal termination (return value 0)
		Usr 0 00:00:00, Sys 0 00:00:00  -  Run Remote Usage
		Usr 0 00:00:00, Sys 0 00:00:00  -  Run Local Usage
		Usr 0 00:00:00, Sys 0 00:00:00  -  Total Remote Usage
		Usr 0 00:00:00, Sys 0 00:00:00  -  Total Local Usage
	1241  -  Run Bytes Sent By Job
	254  -  Run Bytes Received By Job
	1241  -  Total Bytes Sent By Job
	254  -  Total Bytes Received By Job
	Partitionable Resources :    Usage  Request Allocated 
	   Cpus                 :        0        1         1 
	   Disk (KB)            :       27        1      3695 
	   GPUs                 :                           0 
	   Memory (MB)          :        0     3000      3000 

	Job terminated of its own accord at 2025-03-02T08:34:18Z with exit-code 0.
...
000 (7008503.000.000) 03/02 11:37:31 Job submitted from host: <188.185.8.79:9618?addrs=188.185.8.79-9618+[2001-1458-d00-63--100-23a]-9618&alias=bigbird26.cern.ch&noUDP&sock=schedd_2073_7bea>
...
040 (7008503.000.000) 03/02 11:39:11 Started transferring input files
	Transferring to host: <188.185.192.30:9618?addrs=188.185.192.30-9618+[2001-1458-303-1f--100-1a]-9618&alias=b9p13p4361.cern.ch&noUDP&sock=slot1_26_11347_bce7_11939>
...
040 (7008503.000.000) 03/02 11:39:11 Finished transferring input files
...
001 (7008503.000.000) 03/02 11:39:12 Job executing on host: <188.185.192.30:9618?addrs=188.185.192.30-9618+[2001-1458-303-1f--100-1a]-9618&alias=b9p13p4361.cern.ch&noUDP&sock=startd_10879_aae7>
	SlotName: slot1_26@b9p13p4361.cern.ch
	CondorScratchDir = "/pool/condor/dir_1820101"
	Cpus = 1
	Disk = 3761
	GPUs = 0
	Memory = 3000
...
006 (7008503.000.000) 03/02 11:39:26 Image size of job updated: 3756
	4  -  MemoryUsage of job (MB)
	3756  -  ResidentSetSize of job (KB)
...
006 (7008503.000.000) 03/02 11:44:27 Image size of job updated: 785396
	767  -  MemoryUsage of job (MB)
	785396  -  ResidentSetSize of job (KB)
...
006 (7008503.000.000) 03/02 11:59:29 Image size of job updated: 785460
	768  -  MemoryUsage of job (MB)
	785460  -  ResidentSetSize of job (KB)
...
006 (7008503.000.000) 03/02 12:04:29 Image size of job updated: 785472
	768  -  MemoryUsage of job (MB)
	785460  -  ResidentSetSize of job (KB)
...
006 (7008503.000.000) 03/02 12:09:30 Image size of job updated: 785472
	768  -  MemoryUsage of job (MB)
	785472  -  ResidentSetSize of job (KB)
...
006 (7008503.000.000) 03/02 12:14:31 Image size of job updated: 785476
	768  -  MemoryUsage of job (MB)
	785476  -  ResidentSetSize of job (KB)
...
006 (7008503.000.000) 03/02 12:19:31 Image size of job updated: 785540
	768  -  MemoryUsage of job (MB)
	785476  -  ResidentSetSize of job (KB)
...
006 (7008503.000.000) 03/02 12:24:32 Image size of job updated: 785668
	768  -  MemoryUsage of job (MB)
	785540  -  ResidentSetSize of job (KB)
...
040 (7008503.000.000) 03/02 12:28:48 Started transferring output files
...
040 (7008503.000.000) 03/02 12:28:48 Finished transferring output files
...
005 (7008503.000.000) 03/02 12:28:48 Job terminated.
	(1) Normal termination (return value 0)
		Usr 0 00:45:57, Sys 0 00:00:17  -  Run Remote Usage
		Usr 0 00:00:00, Sys 0 00:00:00  -  Run Local Usage
		Usr 0 00:45:57, Sys 0 00:00:17  -  Total Remote Usage
		Usr 0 00:00:00, Sys 0 00:00:00  -  Total Local Usage
	1202  -  Run Bytes Sent By Job
	254  -  Run Bytes Received By Job
	1202  -  Total Bytes Sent By Job
	254  -  Total Bytes Received By Job
	Partitionable Resources :    Usage  Request Allocated 
	   Cpus                 :     0.97        1         1 
	   Disk (KB)            :    26           1      3761 
	   GPUs                 :                           0 
	   Memory (MB)          :   768        3000      3000 

	Job terminated of its own accord at 2025-03-02T11:28:48Z with exit-code 0.
...
