000 (7008374.000.000) 03/02 09:32:04 Job submitted from host: <188.185.8.79:9618?addrs=188.185.8.79-9618+[2001-1458-d00-63--100-23a]-9618&alias=bigbird26.cern.ch&noUDP&sock=schedd_2073_7bea>
...
040 (7008374.000.000) 03/02 09:32:33 Started transferring input files
	Transferring to host: <188.185.193.142:9618?addrs=188.185.193.142-9618+[2001-1458-303-20--100-8a]-9618&alias=b9p19p8661.cern.ch&noUDP&sock=slot1_9_11036_9c3a_24049>
...
040 (7008374.000.000) 03/02 09:32:33 Finished transferring input files
...
001 (7008374.000.000) 03/02 09:32:34 Job executing on host: <188.185.193.142:9618?addrs=188.185.193.142-9618+[2001-1458-303-20--100-8a]-9618&alias=b9p19p8661.cern.ch&noUDP&sock=startd_9793_c30d>
	SlotName: slot1_9@b9p19p8661.cern.ch
	CondorScratchDir = "/pool/condor/dir_2345538"
	Cpus = 1
	Disk = 3767
	GPUs = 0
	Memory = 3000
...
006 (7008374.000.000) 03/02 09:32:48 Image size of job updated: 564
	1  -  MemoryUsage of job (MB)
	564  -  ResidentSetSize of job (KB)
...
006 (7008374.000.000) 03/02 09:34:05 Image size of job updated: 32564
	1  -  MemoryUsage of job (MB)
	564  -  ResidentSetSize of job (KB)
...
040 (7008374.000.000) 03/02 09:34:05 Started transferring output files
...
040 (7008374.000.000) 03/02 09:34:05 Finished transferring output files
...
005 (7008374.000.000) 03/02 09:34:05 Job terminated.
	(1) Normal termination (return value 0)
		Usr 0 00:00:00, Sys 0 00:00:00  -  Run Remote Usage
		Usr 0 00:00:00, Sys 0 00:00:00  -  Run Local Usage
		Usr 0 00:00:00, Sys 0 00:00:00  -  Total Remote Usage
		Usr 0 00:00:00, Sys 0 00:00:00  -  Total Local Usage
	1241  -  Run Bytes Sent By Job
	254  -  Run Bytes Received By Job
	1241  -  Total Bytes Sent By Job
	254  -  Total Bytes Received By Job
	Partitionable Resources :    Usage  Request Allocated 
	   Cpus                 :        0        1         1 
	   Disk (KB)            :       26        1      3767 
	   GPUs                 :                           0 
	   Memory (MB)          :        1     3000      3000 

	Job terminated of its own accord at 2025-03-02T08:34:05Z with exit-code 0.
...
000 (7008477.000.000) 03/02 11:37:19 Job submitted from host: <188.185.8.79:9618?addrs=188.185.8.79-9618+[2001-1458-d00-63--100-23a]-9618&alias=bigbird26.cern.ch&noUDP&sock=schedd_2073_7bea>
...
040 (7008477.000.000) 03/02 11:39:06 Started transferring input files
	Transferring to host: <188.185.195.180:9618?addrs=188.185.195.180-9618+[2001-1458-303-22--100-b0]-9618&alias=b9p17p4443.cern.ch&noUDP&sock=slot1_36_8533_0534_11225>
...
040 (7008477.000.000) 03/02 11:39:06 Finished transferring input files
...
001 (7008477.000.000) 03/02 11:39:07 Job executing on host: <188.185.195.180:9618?addrs=188.185.195.180-9618+[2001-1458-303-22--100-b0]-9618&alias=b9p17p4443.cern.ch&noUDP&sock=startd_7567_e93c>
	SlotName: slot1_36@b9p17p4443.cern.ch
	CondorScratchDir = "/pool/condor/dir_425760"
	Cpus = 1
	Disk = 3732
	GPUs = 0
	Memory = 3000
...
006 (7008477.000.000) 03/02 11:39:21 Image size of job updated: 4032
	4  -  MemoryUsage of job (MB)
	4032  -  ResidentSetSize of job (KB)
...
006 (7008477.000.000) 03/02 11:44:22 Image size of job updated: 783500
	766  -  MemoryUsage of job (MB)
	783436  -  ResidentSetSize of job (KB)
...
006 (7008477.000.000) 03/02 12:04:23 Image size of job updated: 783576
	766  -  MemoryUsage of job (MB)
	783448  -  ResidentSetSize of job (KB)
...
006 (7008477.000.000) 03/02 12:14:24 Image size of job updated: 783580
	766  -  MemoryUsage of job (MB)
	783580  -  ResidentSetSize of job (KB)
...
006 (7008477.000.000) 03/02 12:29:26 Image size of job updated: 783644
	766  -  MemoryUsage of job (MB)
	783580  -  ResidentSetSize of job (KB)
...
006 (7008477.000.000) 03/02 12:34:26 Image size of job updated: 783708
	766  -  MemoryUsage of job (MB)
	783580  -  ResidentSetSize of job (KB)
...
006 (7008477.000.000) 03/02 12:39:27 Image size of job updated: 783772
	766  -  MemoryUsage of job (MB)
	783580  -  ResidentSetSize of job (KB)
...
006 (7008477.000.000) 03/02 12:44:28 Image size of job updated: 783776
	766  -  MemoryUsage of job (MB)
	783648  -  ResidentSetSize of job (KB)
...
040 (7008477.000.000) 03/02 12:45:35 Started transferring output files
...
040 (7008477.000.000) 03/02 12:45:35 Finished transferring output files
...
005 (7008477.000.000) 03/02 12:45:35 Job terminated.
	(1) Normal termination (return value 0)
		Usr 0 00:50:50, Sys 0 00:00:06  -  Run Remote Usage
		Usr 0 00:00:00, Sys 0 00:00:00  -  Run Local Usage
		Usr 0 00:50:50, Sys 0 00:00:06  -  Total Remote Usage
		Usr 0 00:00:00, Sys 0 00:00:00  -  Total Local Usage
	1203  -  Run Bytes Sent By Job
	254  -  Run Bytes Received By Job
	1203  -  Total Bytes Sent By Job
	254  -  Total Bytes Received By Job
	Partitionable Resources :    Usage  Request Allocated 
	   Cpus                 :     0.43        1         1 
	   Disk (KB)            :    26           1      3732 
	   GPUs                 :                           0 
	   Memory (MB)          :   766        3000      3000 

	Job terminated of its own accord at 2025-03-02T11:45:35Z with exit-code 0.
...
