000 (7008311.000.000) 03/02 09:31:34 Job submitted from host: <188.185.8.79:9618?addrs=188.185.8.79-9618+[2001-1458-d00-63--100-23a]-9618&alias=bigbird26.cern.ch&noUDP&sock=schedd_2073_7bea>
...
040 (7008311.000.000) 03/02 09:32:14 Started transferring input files
	Transferring to host: <188.185.198.77:9618?addrs=188.185.198.77-9618+[2001-1458-303-25--100-49]-9618&alias=b9p15p4218.cern.ch&noUDP&sock=slot1_28_1717190_72fe_7898>
...
040 (7008311.000.000) 03/02 09:32:14 Finished transferring input files
...
001 (7008311.000.000) 03/02 09:32:15 Job executing on host: <188.185.198.77:9618?addrs=188.185.198.77-9618+[2001-1458-303-25--100-49]-9618&alias=b9p15p4218.cern.ch&noUDP&sock=startd_8357_c90e>
	SlotName: slot1_28@b9p15p4218.cern.ch
	CondorScratchDir = "/pool/condor/dir_512462"
	Cpus = 1
	Disk = 3619
	GPUs = 0
	Memory = 3000
...
006 (7008311.000.000) 03/02 09:32:24 Image size of job updated: 1792
	2  -  MemoryUsage of job (MB)
	1792  -  ResidentSetSize of job (KB)
...
006 (7008311.000.000) 03/02 09:37:25 Image size of job updated: 892576
	872  -  MemoryUsage of job (MB)
	892576  -  ResidentSetSize of job (KB)
...
006 (7008311.000.000) 03/02 09:47:25 Image size of job updated: 892668
	872  -  MemoryUsage of job (MB)
	892668  -  ResidentSetSize of job (KB)
...
006 (7008311.000.000) 03/02 09:57:26 Image size of job updated: 892684
	872  -  MemoryUsage of job (MB)
	892684  -  ResidentSetSize of job (KB)
...
006 (7008311.000.000) 03/02 10:07:27 Image size of job updated: 892748
	872  -  MemoryUsage of job (MB)
	892748  -  ResidentSetSize of job (KB)
...
006 (7008311.000.000) 03/02 10:22:29 Image size of job updated: 892944
	873  -  MemoryUsage of job (MB)
	892944  -  ResidentSetSize of job (KB)
...
040 (7008311.000.000) 03/02 10:44:00 Started transferring output files
...
040 (7008311.000.000) 03/02 10:44:00 Finished transferring output files
...
005 (7008311.000.000) 03/02 10:44:00 Job terminated.
	(1) Normal termination (return value 0)
		Usr 0 00:46:34, Sys 0 00:01:21  -  Run Remote Usage
		Usr 0 00:00:00, Sys 0 00:00:00  -  Run Local Usage
		Usr 0 00:46:34, Sys 0 00:01:21  -  Total Remote Usage
		Usr 0 00:00:00, Sys 0 00:00:00  -  Total Local Usage
	1200  -  Run Bytes Sent By Job
	254  -  Run Bytes Received By Job
	1200  -  Total Bytes Sent By Job
	254  -  Total Bytes Received By Job
	Partitionable Resources :    Usage  Request Allocated 
	   Cpus                 :     0.88        1         1 
	   Disk (KB)            :    26           1      3619 
	   GPUs                 :                           0 
	   Memory (MB)          :   873        3000      3000 

	Job terminated of its own accord at 2025-03-02T09:44:00Z with exit-code 0.
...
