000 (7008358.000.000) 03/02 09:31:56 Job submitted from host: <188.185.8.79:9618?addrs=188.185.8.79-9618+[2001-1458-d00-63--100-23a]-9618&alias=bigbird26.cern.ch&noUDP&sock=schedd_2073_7bea>
...
040 (7008358.000.000) 03/02 09:32:29 Started transferring input files
	Transferring to host: <188.185.196.106:9618?addrs=188.185.196.106-9618+[2001-1458-303-23--100-66]-9618&alias=b9p16p4781.cern.ch&noUDP&sock=slot1_39_933859_e570_13908>
...
040 (7008358.000.000) 03/02 09:32:29 Finished transferring input files
...
001 (7008358.000.000) 03/02 09:32:30 Job executing on host: <188.185.196.106:9618?addrs=188.185.196.106-9618+[2001-1458-303-23--100-66]-9618&alias=b9p16p4781.cern.ch&noUDP&sock=startd_4775_d4d0>
	SlotName: slot1_39@b9p16p4781.cern.ch
	CondorScratchDir = "/pool/condor/dir_3696542"
	Cpus = 1
	Disk = 3712
	GPUs = 0
	Memory = 3000
...
006 (7008358.000.000) 03/02 09:32:39 Image size of job updated: 14776
	15  -  MemoryUsage of job (MB)
	14776  -  ResidentSetSize of job (KB)
...
006 (7008358.000.000) 03/02 09:37:40 Image size of job updated: 855744
	836  -  MemoryUsage of job (MB)
	855744  -  ResidentSetSize of job (KB)
...
006 (7008358.000.000) 03/02 09:47:41 Image size of job updated: 855796
	836  -  MemoryUsage of job (MB)
	855796  -  ResidentSetSize of job (KB)
...
006 (7008358.000.000) 03/02 09:57:42 Image size of job updated: 855812
	836  -  MemoryUsage of job (MB)
	855812  -  ResidentSetSize of job (KB)
...
006 (7008358.000.000) 03/02 10:12:43 Image size of job updated: 855872
	836  -  MemoryUsage of job (MB)
	855872  -  ResidentSetSize of job (KB)
...
006 (7008358.000.000) 03/02 10:17:44 Image size of job updated: 855876
	836  -  MemoryUsage of job (MB)
	855876  -  ResidentSetSize of job (KB)
...
040 (7008358.000.000) 03/02 10:21:57 Started transferring output files
...
040 (7008358.000.000) 03/02 10:21:57 Finished transferring output files
...
005 (7008358.000.000) 03/02 10:21:57 Job terminated.
	(1) Normal termination (return value 0)
		Usr 0 00:45:42, Sys 0 00:00:16  -  Run Remote Usage
		Usr 0 00:00:00, Sys 0 00:00:00  -  Run Local Usage
		Usr 0 00:45:42, Sys 0 00:00:16  -  Total Remote Usage
		Usr 0 00:00:00, Sys 0 00:00:00  -  Total Local Usage
	1201  -  Run Bytes Sent By Job
	254  -  Run Bytes Received By Job
	1201  -  Total Bytes Sent By Job
	254  -  Total Bytes Received By Job
	Partitionable Resources :    Usage  Request Allocated 
	   Cpus                 :     0.98        1         1 
	   Disk (KB)            :    26           1      3712 
	   GPUs                 :                           0 
	   Memory (MB)          :   836        3000      3000 

	Job terminated of its own accord at 2025-03-02T09:21:57Z with exit-code 0.
...
