000 (7008356.000.000) 03/02 09:31:55 Job submitted from host: <188.185.8.79:9618?addrs=188.185.8.79-9618+[2001-1458-d00-63--100-23a]-9618&alias=bigbird26.cern.ch&noUDP&sock=schedd_2073_7bea>
...
040 (7008356.000.000) 03/02 09:32:29 Started transferring input files
	Transferring to host: <188.185.193.44:9618?addrs=188.185.193.44-9618+[2001-1458-303-20--100-28]-9618&alias=b9p19p4622.cern.ch&noUDP&sock=slot1_30_6754_8dcc_24900>
...
040 (7008356.000.000) 03/02 09:32:29 Finished transferring input files
...
001 (7008356.000.000) 03/02 09:32:30 Job executing on host: <188.185.193.44:9618?addrs=188.185.193.44-9618+[2001-1458-303-20--100-28]-9618&alias=b9p19p4622.cern.ch&noUDP&sock=startd_5441_a6e3>
	SlotName: slot1_30@b9p19p4622.cern.ch
	CondorScratchDir = "/pool/condor/dir_1745588"
	Cpus = 1
	Disk = 3901
	GPUs = 0
	Memory = 3000
...
006 (7008356.000.000) 03/02 09:32:44 Image size of job updated: 564
	1  -  MemoryUsage of job (MB)
	564  -  ResidentSetSize of job (KB)
...
006 (7008356.000.000) 03/02 09:37:45 Image size of job updated: 781092
	763  -  MemoryUsage of job (MB)
	781028  -  ResidentSetSize of job (KB)
...
006 (7008356.000.000) 03/02 09:42:46 Image size of job updated: 781092
	763  -  MemoryUsage of job (MB)
	781092  -  ResidentSetSize of job (KB)
...
006 (7008356.000.000) 03/02 09:57:48 Image size of job updated: 781168
	763  -  MemoryUsage of job (MB)
	781092  -  ResidentSetSize of job (KB)
...
006 (7008356.000.000) 03/02 10:02:48 Image size of job updated: 781168
	763  -  MemoryUsage of job (MB)
	781104  -  ResidentSetSize of job (KB)
...
006 (7008356.000.000) 03/02 10:07:49 Image size of job updated: 781172
	763  -  MemoryUsage of job (MB)
	781108  -  ResidentSetSize of job (KB)
...
006 (7008356.000.000) 03/02 10:12:50 Image size of job updated: 781236
	763  -  MemoryUsage of job (MB)
	781108  -  ResidentSetSize of job (KB)
...
006 (7008356.000.000) 03/02 10:17:50 Image size of job updated: 781300
	763  -  MemoryUsage of job (MB)
	781108  -  ResidentSetSize of job (KB)
...
006 (7008356.000.000) 03/02 10:22:51 Image size of job updated: 781364
	763  -  MemoryUsage of job (MB)
	781236  -  ResidentSetSize of job (KB)
...
040 (7008356.000.000) 03/02 10:26:49 Started transferring output files
...
040 (7008356.000.000) 03/02 10:26:49 Finished transferring output files
...
005 (7008356.000.000) 03/02 10:26:49 Job terminated.
	(1) Normal termination (return value 0)
		Usr 0 00:50:11, Sys 0 00:00:06  -  Run Remote Usage
		Usr 0 00:00:00, Sys 0 00:00:00  -  Run Local Usage
		Usr 0 00:50:11, Sys 0 00:00:06  -  Total Remote Usage
		Usr 0 00:00:00, Sys 0 00:00:00  -  Total Local Usage
	1202  -  Run Bytes Sent By Job
	254  -  Run Bytes Received By Job
	1202  -  Total Bytes Sent By Job
	254  -  Total Bytes Received By Job
	Partitionable Resources :    Usage  Request Allocated 
	   Cpus                 :     0.99        1         1 
	   Disk (KB)            :    26           1      3901 
	   GPUs                 :                           0 
	   Memory (MB)          :   763        3000      3000 

	Job terminated of its own accord at 2025-03-02T09:26:49Z with exit-code 0.
...
