000 (7008329.000.000) 03/02 09:31:43 Job submitted from host: <188.185.8.79:9618?addrs=188.185.8.79-9618+[2001-1458-d00-63--100-23a]-9618&alias=bigbird26.cern.ch&noUDP&sock=schedd_2073_7bea>
...
040 (7008329.000.000) 03/02 09:32:21 Started transferring input files
	Transferring to host: <188.185.198.181:9618?addrs=188.185.198.181-9618+[2001-1458-303-25--100-b1]-9618&alias=b9p15p9930.cern.ch&noUDP&sock=slot1_36_11505_102d_10136>
...
040 (7008329.000.000) 03/02 09:32:21 Finished transferring input files
...
001 (7008329.000.000) 03/02 09:32:22 Job executing on host: <188.185.198.181:9618?addrs=188.185.198.181-9618+[2001-1458-303-25--100-b1]-9618&alias=b9p15p9930.cern.ch&noUDP&sock=startd_11454_11dc>
	SlotName: slot1_36@b9p15p9930.cern.ch
	CondorScratchDir = "/pool/condor/dir_4177998"
	Cpus = 1
	Disk = 3871
	GPUs = 0
	Memory = 3000
...
006 (7008329.000.000) 03/02 09:32:36 Image size of job updated: 4036
	4  -  MemoryUsage of job (MB)
	4036  -  ResidentSetSize of job (KB)
...
006 (7008329.000.000) 03/02 09:37:37 Image size of job updated: 785308
	767  -  MemoryUsage of job (MB)
	785244  -  ResidentSetSize of job (KB)
...
006 (7008329.000.000) 03/02 09:52:39 Image size of job updated: 785372
	767  -  MemoryUsage of job (MB)
	785244  -  ResidentSetSize of job (KB)
...
006 (7008329.000.000) 03/02 09:57:40 Image size of job updated: 785384
	767  -  MemoryUsage of job (MB)
	785320  -  ResidentSetSize of job (KB)
...
006 (7008329.000.000) 03/02 10:07:41 Image size of job updated: 785388
	767  -  MemoryUsage of job (MB)
	785320  -  ResidentSetSize of job (KB)
...
006 (7008329.000.000) 03/02 10:12:42 Image size of job updated: 785452
	767  -  MemoryUsage of job (MB)
	785320  -  ResidentSetSize of job (KB)
...
006 (7008329.000.000) 03/02 10:17:42 Image size of job updated: 785580
	768  -  MemoryUsage of job (MB)
	785452  -  ResidentSetSize of job (KB)
...
006 (7008329.000.000) 03/02 10:24:38 Image size of job updated: 785644
	768  -  MemoryUsage of job (MB)
	785452  -  ResidentSetSize of job (KB)
...
040 (7008329.000.000) 03/02 10:24:38 Started transferring output files
...
040 (7008329.000.000) 03/02 10:24:38 Finished transferring output files
...
005 (7008329.000.000) 03/02 10:24:38 Job terminated.
	(1) Normal termination (return value 0)
		Usr 0 00:46:34, Sys 0 00:00:18  -  Run Remote Usage
		Usr 0 00:00:00, Sys 0 00:00:00  -  Run Local Usage
		Usr 0 00:46:34, Sys 0 00:00:18  -  Total Remote Usage
		Usr 0 00:00:00, Sys 0 00:00:00  -  Total Local Usage
	1177  -  Run Bytes Sent By Job
	254  -  Run Bytes Received By Job
	1177  -  Total Bytes Sent By Job
	254  -  Total Bytes Received By Job
	Partitionable Resources :    Usage  Request Allocated 
	   Cpus                 :     0.86        1         1 
	   Disk (KB)            :    26           1      3871 
	   GPUs                 :                           0 
	   Memory (MB)          :   768        3000      3000 

	Job terminated of its own accord at 2025-03-02T09:24:38Z with exit-code 0.
...
