000 (7008320.000.000) 03/02 09:31:39 Job submitted from host: <188.185.8.79:9618?addrs=188.185.8.79-9618+[2001-1458-d00-63--100-23a]-9618&alias=bigbird26.cern.ch&noUDP&sock=schedd_2073_7bea>
...
040 (7008320.000.000) 03/02 09:32:17 Started transferring input files
	Transferring to host: <188.185.215.159:9618?addrs=188.185.215.159-9618+[2001-1458-303-26--100-1b]-9618&alias=b9p18p6316.cern.ch&noUDP&sock=slot1_37_7156_cc9c_9763>
...
040 (7008320.000.000) 03/02 09:32:17 Finished transferring input files
...
001 (7008320.000.000) 03/02 09:32:18 Job executing on host: <188.185.215.159:9618?addrs=188.185.215.159-9618+[2001-1458-303-26--100-1b]-9618&alias=b9p18p6316.cern.ch&noUDP&sock=startd_6107_78f6>
	SlotName: slot1_37@b9p18p6316.cern.ch
	CondorScratchDir = "/pool/condor/dir_2119902"
	Cpus = 1
	Disk = 3631
	GPUs = 0
	Memory = 3000
...
006 (7008320.000.000) 03/02 09:32:32 Image size of job updated: 787132
	769  -  MemoryUsage of job (MB)
	787132  -  ResidentSetSize of job (KB)
...
006 (7008320.000.000) 03/02 09:37:33 Image size of job updated: 788480
	770  -  MemoryUsage of job (MB)
	788416  -  ResidentSetSize of job (KB)
...
006 (7008320.000.000) 03/02 09:52:35 Image size of job updated: 788544
	770  -  MemoryUsage of job (MB)
	788416  -  ResidentSetSize of job (KB)
...
006 (7008320.000.000) 03/02 09:57:36 Image size of job updated: 788556
	771  -  MemoryUsage of job (MB)
	788492  -  ResidentSetSize of job (KB)
...
006 (7008320.000.000) 03/02 10:02:36 Image size of job updated: 788560
	771  -  MemoryUsage of job (MB)
	788560  -  ResidentSetSize of job (KB)
...
006 (7008320.000.000) 03/02 10:07:36 Image size of job updated: 788624
	771  -  MemoryUsage of job (MB)
	788560  -  ResidentSetSize of job (KB)
...
006 (7008320.000.000) 03/02 10:12:37 Image size of job updated: 788688
	771  -  MemoryUsage of job (MB)
	788624  -  ResidentSetSize of job (KB)
...
006 (7008320.000.000) 03/02 10:17:37 Image size of job updated: 788752
	771  -  MemoryUsage of job (MB)
	788624  -  ResidentSetSize of job (KB)
...
006 (7008320.000.000) 03/02 10:19:42 Image size of job updated: 788816
	771  -  MemoryUsage of job (MB)
	788624  -  ResidentSetSize of job (KB)
...
040 (7008320.000.000) 03/02 10:19:42 Started transferring output files
...
040 (7008320.000.000) 03/02 10:19:42 Finished transferring output files
...
005 (7008320.000.000) 03/02 10:19:42 Job terminated.
	(1) Normal termination (return value 0)
		Usr 0 00:46:29, Sys 0 00:00:03  -  Run Remote Usage
		Usr 0 00:00:00, Sys 0 00:00:00  -  Run Local Usage
		Usr 0 00:46:29, Sys 0 00:00:03  -  Total Remote Usage
		Usr 0 00:00:00, Sys 0 00:00:00  -  Total Local Usage
	1203  -  Run Bytes Sent By Job
	254  -  Run Bytes Received By Job
	1203  -  Total Bytes Sent By Job
	254  -  Total Bytes Received By Job
	Partitionable Resources :    Usage  Request Allocated 
	   Cpus                 :     0.99        1         1 
	   Disk (KB)            :    26           1      3631 
	   GPUs                 :                           0 
	   Memory (MB)          :   771        3000      3000 

	Job terminated of its own accord at 2025-03-02T09:19:42Z with exit-code 0.
...
