000 (7008393.000.000) 03/02 09:32:14 Job submitted from host: <188.185.8.79:9618?addrs=188.185.8.79-9618+[2001-1458-d00-63--100-23a]-9618&alias=bigbird26.cern.ch&noUDP&sock=schedd_2073_7bea>
...
040 (7008393.000.000) 03/02 09:34:04 Started transferring input files
	Transferring to host: <188.185.196.58:9618?addrs=188.185.196.58-9618+[2001-1458-303-23--100-36]-9618&alias=b9p16p5202.cern.ch&noUDP&sock=slot1_23_7832_1a38_11366>
...
040 (7008393.000.000) 03/02 09:34:04 Finished transferring input files
...
001 (7008393.000.000) 03/02 09:34:05 Job executing on host: <188.185.196.58:9618?addrs=188.185.196.58-9618+[2001-1458-303-23--100-36]-9618&alias=b9p16p5202.cern.ch&noUDP&sock=startd_6459_ea4d>
	SlotName: slot1_23@b9p16p5202.cern.ch
	CondorScratchDir = "/pool/condor/dir_4148454"
	Cpus = 1
	Disk = 3837
	GPUs = 0
	Memory = 3000
...
006 (7008393.000.000) 03/02 09:34:12 Image size of job updated: 20
	0  -  MemoryUsage of job (MB)
	0  -  ResidentSetSize of job (KB)
...
040 (7008393.000.000) 03/02 09:34:12 Started transferring output files
...
040 (7008393.000.000) 03/02 09:34:12 Finished transferring output files
...
005 (7008393.000.000) 03/02 09:34:12 Job terminated.
	(1) Normal termination (return value 0)
		Usr 0 00:00:00, Sys 0 00:00:00  -  Run Remote Usage
		Usr 0 00:00:00, Sys 0 00:00:00  -  Run Local Usage
		Usr 0 00:00:00, Sys 0 00:00:00  -  Total Remote Usage
		Usr 0 00:00:00, Sys 0 00:00:00  -  Total Local Usage
	1241  -  Run Bytes Sent By Job
	254  -  Run Bytes Received By Job
	1241  -  Total Bytes Sent By Job
	254  -  Total Bytes Received By Job
	Partitionable Resources :    Usage  Request Allocated 
	   Cpus                 :                 1         1 
	   Disk (KB)            :       19        1      3837 
	   GPUs                 :                           0 
	   Memory (MB)          :        0     3000      3000 

	Job terminated of its own accord at 2025-03-02T08:34:12Z with exit-code 0.
...
000 (7008492.000.000) 03/02 11:37:26 Job submitted from host: <188.185.8.79:9618?addrs=188.185.8.79-9618+[2001-1458-d00-63--100-23a]-9618&alias=bigbird26.cern.ch&noUDP&sock=schedd_2073_7bea>
...
040 (7008492.000.000) 03/02 11:39:09 Started transferring input files
	Transferring to host: <188.185.192.61:9618?addrs=188.185.192.61-9618+[2001-1458-303-1f--100-39]-9618&alias=b9p13p5469.cern.ch&noUDP&sock=slot1_39_3471590_f5ac_10344>
...
040 (7008492.000.000) 03/02 11:39:09 Finished transferring input files
...
001 (7008492.000.000) 03/02 11:39:10 Job executing on host: <188.185.192.61:9618?addrs=188.185.192.61-9618+[2001-1458-303-1f--100-39]-9618&alias=b9p13p5469.cern.ch&noUDP&sock=startd_6111_3757>
	SlotName: slot1_39@b9p13p5469.cern.ch
	CondorScratchDir = "/pool/condor/dir_3972407"
	Cpus = 1
	Disk = 3684
	GPUs = 0
	Memory = 3000
...
006 (7008492.000.000) 03/02 11:39:24 Image size of job updated: 3820
	4  -  MemoryUsage of job (MB)
	3820  -  ResidentSetSize of job (KB)
...
006 (7008492.000.000) 03/02 11:44:25 Image size of job updated: 784240
	766  -  MemoryUsage of job (MB)
	784176  -  ResidentSetSize of job (KB)
...
006 (7008492.000.000) 03/02 11:54:26 Image size of job updated: 784240
	766  -  MemoryUsage of job (MB)
	784240  -  ResidentSetSize of job (KB)
...
006 (7008492.000.000) 03/02 12:04:27 Image size of job updated: 784316
	766  -  MemoryUsage of job (MB)
	784240  -  ResidentSetSize of job (KB)
...
006 (7008492.000.000) 03/02 12:09:27 Image size of job updated: 784316
	766  -  MemoryUsage of job (MB)
	784252  -  ResidentSetSize of job (KB)
...
006 (7008492.000.000) 03/02 12:14:28 Image size of job updated: 784384
	766  -  MemoryUsage of job (MB)
	784256  -  ResidentSetSize of job (KB)
...
006 (7008492.000.000) 03/02 12:19:28 Image size of job updated: 784448
	766  -  MemoryUsage of job (MB)
	784256  -  ResidentSetSize of job (KB)
...
006 (7008492.000.000) 03/02 12:24:28 Image size of job updated: 784512
	766  -  MemoryUsage of job (MB)
	784256  -  ResidentSetSize of job (KB)
...
040 (7008492.000.000) 03/02 12:29:20 Started transferring output files
...
040 (7008492.000.000) 03/02 12:29:20 Finished transferring output files
...
005 (7008492.000.000) 03/02 12:29:20 Job terminated.
	(1) Normal termination (return value 0)
		Usr 0 00:47:46, Sys 0 00:00:03  -  Run Remote Usage
		Usr 0 00:00:00, Sys 0 00:00:00  -  Run Local Usage
		Usr 0 00:47:46, Sys 0 00:00:03  -  Total Remote Usage
		Usr 0 00:00:00, Sys 0 00:00:00  -  Total Local Usage
	1200  -  Run Bytes Sent By Job
	254  -  Run Bytes Received By Job
	1200  -  Total Bytes Sent By Job
	254  -  Total Bytes Received By Job
	Partitionable Resources :    Usage  Request Allocated 
	   Cpus                 :     0.99        1         1 
	   Disk (KB)            :    26           1      3684 
	   GPUs                 :                           0 
	   Memory (MB)          :   766        3000      3000 

	Job terminated of its own accord at 2025-03-02T11:29:20Z with exit-code 0.
...
