000 (7008357.000.000) 03/02 09:31:56 Job submitted from host: <188.185.8.79:9618?addrs=188.185.8.79-9618+[2001-1458-d00-63--100-23a]-9618&alias=bigbird26.cern.ch&noUDP&sock=schedd_2073_7bea>
...
040 (7008357.000.000) 03/02 09:32:38 Started transferring input files
	Transferring to host: <188.185.193.120:9618?addrs=188.185.193.120-9618+[2001-1458-303-20--100-74]-9618&alias=b9p19p7803.cern.ch&noUDP&sock=slot1_22_4114317_4664_87744>
...
040 (7008357.000.000) 03/02 09:32:38 Finished transferring input files
...
001 (7008357.000.000) 03/02 09:32:39 Job executing on host: <188.185.193.120:9618?addrs=188.185.193.120-9618+[2001-1458-303-20--100-74]-9618&alias=b9p19p7803.cern.ch&noUDP&sock=startd_11080_8971>
	SlotName: slot1_22@b9p19p7803.cern.ch
	CondorScratchDir = "/pool/condor/dir_3080272"
	Cpus = 1
	Disk = 3893
	GPUs = 0
	Memory = 3000
...
006 (7008357.000.000) 03/02 09:32:47 Image size of job updated: 3112
	4  -  MemoryUsage of job (MB)
	3112  -  ResidentSetSize of job (KB)
...
006 (7008357.000.000) 03/02 09:34:03 Image size of job updated: 64180
	63  -  MemoryUsage of job (MB)
	64180  -  ResidentSetSize of job (KB)
...
040 (7008357.000.000) 03/02 09:34:03 Started transferring output files
...
040 (7008357.000.000) 03/02 09:34:03 Finished transferring output files
...
005 (7008357.000.000) 03/02 09:34:04 Job terminated.
	(1) Normal termination (return value 0)
		Usr 0 00:00:00, Sys 0 00:00:00  -  Run Remote Usage
		Usr 0 00:00:00, Sys 0 00:00:00  -  Run Local Usage
		Usr 0 00:00:00, Sys 0 00:00:00  -  Total Remote Usage
		Usr 0 00:00:00, Sys 0 00:00:00  -  Total Local Usage
	1241  -  Run Bytes Sent By Job
	254  -  Run Bytes Received By Job
	1241  -  Total Bytes Sent By Job
	254  -  Total Bytes Received By Job
	Partitionable Resources :    Usage  Request Allocated 
	   Cpus                 :        0        1         1 
	   Disk (KB)            :       26        1      3893 
	   GPUs                 :                           0 
	   Memory (MB)          :       63     3000      3000 

	Job terminated of its own accord at 2025-03-02T08:34:03Z with exit-code 0.
...
000 (7008470.000.000) 03/02 11:37:16 Job submitted from host: <188.185.8.79:9618?addrs=188.185.8.79-9618+[2001-1458-d00-63--100-23a]-9618&alias=bigbird26.cern.ch&noUDP&sock=schedd_2073_7bea>
...
040 (7008470.000.000) 03/02 11:39:04 Started transferring input files
	Transferring to host: <188.185.192.85:9618?addrs=188.185.192.85-9618+[2001-1458-303-1f--100-51]-9618&alias=b9p13p6636.cern.ch&noUDP&sock=slot1_37_1280212_ead4_11090>
...
040 (7008470.000.000) 03/02 11:39:04 Finished transferring input files
...
001 (7008470.000.000) 03/02 11:39:05 Job executing on host: <188.185.192.85:9618?addrs=188.185.192.85-9618+[2001-1458-303-1f--100-51]-9618&alias=b9p13p6636.cern.ch&noUDP&sock=startd_6729_1cdf>
	SlotName: slot1_37@b9p13p6636.cern.ch
	CondorScratchDir = "/pool/condor/dir_3944857"
	Cpus = 1
	Disk = 3708
	GPUs = 0
	Memory = 3000
...
006 (7008470.000.000) 03/02 11:39:19 Image size of job updated: 783828
	766  -  MemoryUsage of job (MB)
	783828  -  ResidentSetSize of job (KB)
...
006 (7008470.000.000) 03/02 11:44:20 Image size of job updated: 784020
	766  -  MemoryUsage of job (MB)
	783956  -  ResidentSetSize of job (KB)
...
006 (7008470.000.000) 03/02 11:49:20 Image size of job updated: 784084
	766  -  MemoryUsage of job (MB)
	783956  -  ResidentSetSize of job (KB)
...
006 (7008470.000.000) 03/02 12:04:22 Image size of job updated: 784096
	766  -  MemoryUsage of job (MB)
	784032  -  ResidentSetSize of job (KB)
...
006 (7008470.000.000) 03/02 12:09:22 Image size of job updated: 784160
	766  -  MemoryUsage of job (MB)
	784100  -  ResidentSetSize of job (KB)
...
006 (7008470.000.000) 03/02 12:14:23 Image size of job updated: 784292
	766  -  MemoryUsage of job (MB)
	784292  -  ResidentSetSize of job (KB)
...
040 (7008470.000.000) 03/02 12:19:26 Started transferring output files
...
040 (7008470.000.000) 03/02 12:19:26 Finished transferring output files
...
005 (7008470.000.000) 03/02 12:19:26 Job terminated.
	(1) Normal termination (return value 0)
		Usr 0 00:39:51, Sys 0 00:00:03  -  Run Remote Usage
		Usr 0 00:00:00, Sys 0 00:00:00  -  Run Local Usage
		Usr 0 00:39:51, Sys 0 00:00:03  -  Total Remote Usage
		Usr 0 00:00:00, Sys 0 00:00:00  -  Total Local Usage
	1202  -  Run Bytes Sent By Job
	254  -  Run Bytes Received By Job
	1202  -  Total Bytes Sent By Job
	254  -  Total Bytes Received By Job
	Partitionable Resources :    Usage  Request Allocated 
	   Cpus                 :     0.99        1         1 
	   Disk (KB)            :    26           1      3708 
	   GPUs                 :                           0 
	   Memory (MB)          :   766        3000      3000 

	Job terminated of its own accord at 2025-03-02T11:19:26Z with exit-code 0.
...
