000 (7008324.000.000) 03/02 09:31:41 Job submitted from host: <188.185.8.79:9618?addrs=188.185.8.79-9618+[2001-1458-d00-63--100-23a]-9618&alias=bigbird26.cern.ch&noUDP&sock=schedd_2073_7bea>
...
040 (7008324.000.000) 03/02 09:32:20 Started transferring input files
	Transferring to host: <188.185.196.116:9618?addrs=188.185.196.116-9618+[2001-1458-303-23--100-70]-9618&alias=b9p16p8594.cern.ch&noUDP&sock=slot1_27_1257373_c694_20867>
...
040 (7008324.000.000) 03/02 09:32:20 Finished transferring input files
...
001 (7008324.000.000) 03/02 09:32:21 Job executing on host: <188.185.196.116:9618?addrs=188.185.196.116-9618+[2001-1458-303-23--100-70]-9618&alias=b9p16p8594.cern.ch&noUDP&sock=startd_7048_eb95>
	SlotName: slot1_27@b9p16p8594.cern.ch
	CondorScratchDir = "/pool/condor/dir_970158"
	Cpus = 1
	Disk = 3734
	GPUs = 0
	Memory = 3000
...
006 (7008324.000.000) 03/02 09:32:30 Image size of job updated: 41108
	41  -  MemoryUsage of job (MB)
	41108  -  ResidentSetSize of job (KB)
...
006 (7008324.000.000) 03/02 09:37:31 Image size of job updated: 850172
	831  -  MemoryUsage of job (MB)
	850172  -  ResidentSetSize of job (KB)
...
006 (7008324.000.000) 03/02 09:47:31 Image size of job updated: 850236
	831  -  MemoryUsage of job (MB)
	850236  -  ResidentSetSize of job (KB)
...
006 (7008324.000.000) 03/02 10:17:33 Image size of job updated: 850360
	831  -  MemoryUsage of job (MB)
	850360  -  ResidentSetSize of job (KB)
...
040 (7008324.000.000) 03/02 10:28:29 Started transferring output files
...
040 (7008324.000.000) 03/02 10:28:29 Finished transferring output files
...
005 (7008324.000.000) 03/02 10:28:29 Job terminated.
	(1) Normal termination (return value 0)
		Usr 0 00:45:31, Sys 0 00:00:14  -  Run Remote Usage
		Usr 0 00:00:00, Sys 0 00:00:00  -  Run Local Usage
		Usr 0 00:45:31, Sys 0 00:00:14  -  Total Remote Usage
		Usr 0 00:00:00, Sys 0 00:00:00  -  Total Local Usage
	1199  -  Run Bytes Sent By Job
	254  -  Run Bytes Received By Job
	1199  -  Total Bytes Sent By Job
	254  -  Total Bytes Received By Job
	Partitionable Resources :    Usage  Request Allocated 
	   Cpus                 :     0.84        1         1 
	   Disk (KB)            :    26           1      3734 
	   GPUs                 :                           0 
	   Memory (MB)          :   831        3000      3000 

	Job terminated of its own accord at 2025-03-02T09:28:29Z with exit-code 0.
...
