000 (7008310.000.000) 03/02 09:31:33 Job submitted from host: <188.185.8.79:9618?addrs=188.185.8.79-9618+[2001-1458-d00-63--100-23a]-9618&alias=bigbird26.cern.ch&noUDP&sock=schedd_2073_7bea>
...
040 (7008310.000.000) 03/02 09:32:16 Started transferring input files
	Transferring to host: <188.185.193.94:9618?addrs=188.185.193.94-9618+[2001-1458-303-20--100-5a]-9618&alias=b9p19p4166.cern.ch&noUDP&sock=slot1_14_1607858_2a20_24427>
...
040 (7008310.000.000) 03/02 09:32:16 Finished transferring input files
...
001 (7008310.000.000) 03/02 09:32:17 Job executing on host: <188.185.193.94:9618?addrs=188.185.193.94-9618+[2001-1458-303-20--100-5a]-9618&alias=b9p19p4166.cern.ch&noUDP&sock=startd_4461_7413>
	SlotName: slot1_14@b9p19p4166.cern.ch
	CondorScratchDir = "/pool/condor/dir_2945016"
	Cpus = 1
	Disk = 3738
	GPUs = 0
	Memory = 3000
...
006 (7008310.000.000) 03/02 09:32:25 Image size of job updated: 1800
	2  -  MemoryUsage of job (MB)
	1800  -  ResidentSetSize of job (KB)
...
006 (7008310.000.000) 03/02 09:34:06 Image size of job updated: 65672
	65  -  MemoryUsage of job (MB)
	65672  -  ResidentSetSize of job (KB)
...
040 (7008310.000.000) 03/02 09:34:06 Started transferring output files
...
040 (7008310.000.000) 03/02 09:34:06 Finished transferring output files
...
005 (7008310.000.000) 03/02 09:34:06 Job terminated.
	(1) Normal termination (return value 0)
		Usr 0 00:00:00, Sys 0 00:00:00  -  Run Remote Usage
		Usr 0 00:00:00, Sys 0 00:00:00  -  Run Local Usage
		Usr 0 00:00:00, Sys 0 00:00:00  -  Total Remote Usage
		Usr 0 00:00:00, Sys 0 00:00:00  -  Total Local Usage
	1241  -  Run Bytes Sent By Job
	254  -  Run Bytes Received By Job
	1241  -  Total Bytes Sent By Job
	254  -  Total Bytes Received By Job
	Partitionable Resources :    Usage  Request Allocated 
	   Cpus                 :        0        1         1 
	   Disk (KB)            :       26        1      3738 
	   GPUs                 :                           0 
	   Memory (MB)          :       65     3000      3000 

	Job terminated of its own accord at 2025-03-02T08:34:06Z with exit-code 0.
...
000 (7008457.000.000) 03/02 11:37:10 Job submitted from host: <188.185.8.79:9618?addrs=188.185.8.79-9618+[2001-1458-d00-63--100-23a]-9618&alias=bigbird26.cern.ch&noUDP&sock=schedd_2073_7bea>
...
040 (7008457.000.000) 03/02 11:39:01 Started transferring input files
	Transferring to host: <188.185.198.9:9618?addrs=188.185.198.9-9618+[2001-1458-303-25--100-5]-9618&alias=b9p15p3668.cern.ch&noUDP&sock=slot1_10_47707_a5ad_16209>
...
040 (7008457.000.000) 03/02 11:39:01 Finished transferring input files
...
001 (7008457.000.000) 03/02 11:39:02 Job executing on host: <188.185.198.9:9618?addrs=188.185.198.9-9618+[2001-1458-303-25--100-5]-9618&alias=b9p15p3668.cern.ch&noUDP&sock=startd_7650_d798>
	SlotName: slot1_10@b9p15p3668.cern.ch
	CondorScratchDir = "/pool/condor/dir_1397030"
	Cpus = 1
	Disk = 3671
	GPUs = 0
	Memory = 3000
...
006 (7008457.000.000) 03/02 11:39:11 Image size of job updated: 129308
	127  -  MemoryUsage of job (MB)
	129308  -  ResidentSetSize of job (KB)
...
006 (7008457.000.000) 03/02 11:44:12 Image size of job updated: 850368
	831  -  MemoryUsage of job (MB)
	850368  -  ResidentSetSize of job (KB)
...
006 (7008457.000.000) 03/02 11:49:12 Image size of job updated: 850384
	831  -  MemoryUsage of job (MB)
	850384  -  ResidentSetSize of job (KB)
...
006 (7008457.000.000) 03/02 11:54:12 Image size of job updated: 850444
	831  -  MemoryUsage of job (MB)
	850444  -  ResidentSetSize of job (KB)
...
006 (7008457.000.000) 03/02 12:09:14 Image size of job updated: 850468
	831  -  MemoryUsage of job (MB)
	850468  -  ResidentSetSize of job (KB)
...
040 (7008457.000.000) 03/02 12:38:27 Started transferring output files
...
040 (7008457.000.000) 03/02 12:38:27 Finished transferring output files
...
005 (7008457.000.000) 03/02 12:38:27 Job terminated.
	(1) Normal termination (return value 0)
		Usr 0 00:44:40, Sys 0 00:01:20  -  Run Remote Usage
		Usr 0 00:00:00, Sys 0 00:00:00  -  Run Local Usage
		Usr 0 00:44:40, Sys 0 00:01:20  -  Total Remote Usage
		Usr 0 00:00:00, Sys 0 00:00:00  -  Total Local Usage
	1203  -  Run Bytes Sent By Job
	254  -  Run Bytes Received By Job
	1203  -  Total Bytes Sent By Job
	254  -  Total Bytes Received By Job
	Partitionable Resources :    Usage  Request Allocated 
	   Cpus                 :     0.81        1         1 
	   Disk (KB)            :    26           1      3671 
	   GPUs                 :                           0 
	   Memory (MB)          :   831        3000      3000 

	Job terminated of its own accord at 2025-03-02T11:38:27Z with exit-code 0.
...
