000 (7008383.000.000) 03/02 09:32:08 Job submitted from host: <188.185.8.79:9618?addrs=188.185.8.79-9618+[2001-1458-d00-63--100-23a]-9618&alias=bigbird26.cern.ch&noUDP&sock=schedd_2073_7bea>
...
040 (7008383.000.000) 03/02 09:32:41 Started transferring input files
	Transferring to host: <188.185.195.161:9618?addrs=188.185.195.161-9618+[2001-1458-303-22--100-9d]-9618&alias=b9p17p8157.cern.ch&noUDP&sock=slot1_16_7864_a639_101621>
...
040 (7008383.000.000) 03/02 09:32:41 Finished transferring input files
...
001 (7008383.000.000) 03/02 09:32:42 Job executing on host: <188.185.195.161:9618?addrs=188.185.195.161-9618+[2001-1458-303-22--100-9d]-9618&alias=b9p17p8157.cern.ch&noUDP&sock=startd_6584_a7a3>
	SlotName: slot1_16@b9p17p8157.cern.ch
	CondorScratchDir = "/pool/condor/dir_1074574"
	Cpus = 1
	Disk = 3805
	GPUs = 0
	Memory = 3000
...
006 (7008383.000.000) 03/02 09:32:51 Image size of job updated: 3748
	4  -  MemoryUsage of job (MB)
	3748  -  ResidentSetSize of job (KB)
...
006 (7008383.000.000) 03/02 09:34:06 Image size of job updated: 65148
	64  -  MemoryUsage of job (MB)
	65148  -  ResidentSetSize of job (KB)
...
040 (7008383.000.000) 03/02 09:34:06 Started transferring output files
...
040 (7008383.000.000) 03/02 09:34:06 Finished transferring output files
...
005 (7008383.000.000) 03/02 09:34:06 Job terminated.
	(1) Normal termination (return value 0)
		Usr 0 00:00:00, Sys 0 00:00:00  -  Run Remote Usage
		Usr 0 00:00:00, Sys 0 00:00:00  -  Run Local Usage
		Usr 0 00:00:00, Sys 0 00:00:00  -  Total Remote Usage
		Usr 0 00:00:00, Sys 0 00:00:00  -  Total Local Usage
	1241  -  Run Bytes Sent By Job
	254  -  Run Bytes Received By Job
	1241  -  Total Bytes Sent By Job
	254  -  Total Bytes Received By Job
	Partitionable Resources :    Usage  Request Allocated 
	   Cpus                 :     0.00        1         1 
	   Disk (KB)            :    26           1      3805 
	   GPUs                 :                           0 
	   Memory (MB)          :    64        3000      3000 

	Job terminated of its own accord at 2025-03-02T08:34:06Z with exit-code 0.
...
000 (7008483.000.000) 03/02 11:37:22 Job submitted from host: <188.185.8.79:9618?addrs=188.185.8.79-9618+[2001-1458-d00-63--100-23a]-9618&alias=bigbird26.cern.ch&noUDP&sock=schedd_2073_7bea>
...
040 (7008483.000.000) 03/02 11:39:07 Started transferring input files
	Transferring to host: <188.185.194.31:9618?addrs=188.185.194.31-9618+[2001-1458-303-21--100-1b]-9618&alias=b9p20p7018.cern.ch&noUDP&sock=slot1_21_8965_6746_24211>
...
040 (7008483.000.000) 03/02 11:39:07 Finished transferring input files
...
001 (7008483.000.000) 03/02 11:39:08 Job executing on host: <188.185.194.31:9618?addrs=188.185.194.31-9618+[2001-1458-303-21--100-1b]-9618&alias=b9p20p7018.cern.ch&noUDP&sock=startd_7739_e386>
	SlotName: slot1_21@b9p20p7018.cern.ch
	CondorScratchDir = "/pool/condor/dir_1712111"
	Cpus = 1
	Disk = 3668
	GPUs = 0
	Memory = 3000
...
006 (7008483.000.000) 03/02 11:39:22 Image size of job updated: 1384
	2  -  MemoryUsage of job (MB)
	1384  -  ResidentSetSize of job (KB)
...
006 (7008483.000.000) 03/02 11:44:23 Image size of job updated: 783368
	765  -  MemoryUsage of job (MB)
	783304  -  ResidentSetSize of job (KB)
...
006 (7008483.000.000) 03/02 11:59:25 Image size of job updated: 783432
	765  -  MemoryUsage of job (MB)
	783304  -  ResidentSetSize of job (KB)
...
006 (7008483.000.000) 03/02 12:04:26 Image size of job updated: 783444
	765  -  MemoryUsage of job (MB)
	783316  -  ResidentSetSize of job (KB)
...
006 (7008483.000.000) 03/02 12:09:26 Image size of job updated: 783444
	766  -  MemoryUsage of job (MB)
	783380  -  ResidentSetSize of job (KB)
...
006 (7008483.000.000) 03/02 12:14:26 Image size of job updated: 783448
	766  -  MemoryUsage of job (MB)
	783384  -  ResidentSetSize of job (KB)
...
006 (7008483.000.000) 03/02 12:19:27 Image size of job updated: 783640
	766  -  MemoryUsage of job (MB)
	783448  -  ResidentSetSize of job (KB)
...
040 (7008483.000.000) 03/02 12:23:33 Started transferring output files
...
040 (7008483.000.000) 03/02 12:23:33 Finished transferring output files
...
005 (7008483.000.000) 03/02 12:23:33 Job terminated.
	(1) Normal termination (return value 0)
		Usr 0 00:42:46, Sys 0 00:00:05  -  Run Remote Usage
		Usr 0 00:00:00, Sys 0 00:00:00  -  Run Local Usage
		Usr 0 00:42:46, Sys 0 00:00:05  -  Total Remote Usage
		Usr 0 00:00:00, Sys 0 00:00:00  -  Total Local Usage
	1202  -  Run Bytes Sent By Job
	254  -  Run Bytes Received By Job
	1202  -  Total Bytes Sent By Job
	254  -  Total Bytes Received By Job
	Partitionable Resources :    Usage  Request Allocated 
	   Cpus                 :     0.99        1         1 
	   Disk (KB)            :    26           1      3668 
	   GPUs                 :                           0 
	   Memory (MB)          :   766        3000      3000 

	Job terminated of its own accord at 2025-03-02T11:23:33Z with exit-code 0.
...
