000 (7008373.000.000) 03/02 09:32:03 Job submitted from host: <188.185.8.79:9618?addrs=188.185.8.79-9618+[2001-1458-d00-63--100-23a]-9618&alias=bigbird26.cern.ch&noUDP&sock=schedd_2073_7bea>
...
040 (7008373.000.000) 03/02 09:32:33 Started transferring input files
	Transferring to host: <188.185.192.125:9618?addrs=188.185.192.125-9618+[2001-1458-303-1f--100-79]-9618&alias=b9p13p9436.cern.ch&noUDP&sock=slot1_14_3121894_7e20_24198>
...
040 (7008373.000.000) 03/02 09:32:33 Finished transferring input files
...
001 (7008373.000.000) 03/02 09:32:34 Job executing on host: <188.185.192.125:9618?addrs=188.185.192.125-9618+[2001-1458-303-1f--100-79]-9618&alias=b9p13p9436.cern.ch&noUDP&sock=startd_5551_1a4e>
	SlotName: slot1_14@b9p13p9436.cern.ch
	CondorScratchDir = "/pool/condor/dir_3264458"
	Cpus = 1
	Disk = 3622
	GPUs = 0
	Memory = 3000
...
006 (7008373.000.000) 03/02 09:32:43 Image size of job updated: 6036
	6  -  MemoryUsage of job (MB)
	6036  -  ResidentSetSize of job (KB)
...
006 (7008373.000.000) 03/02 09:37:44 Image size of job updated: 857852
	838  -  MemoryUsage of job (MB)
	857852  -  ResidentSetSize of job (KB)
...
006 (7008373.000.000) 03/02 09:42:44 Image size of job updated: 857920
	838  -  MemoryUsage of job (MB)
	857920  -  ResidentSetSize of job (KB)
...
006 (7008373.000.000) 03/02 09:57:45 Image size of job updated: 857940
	838  -  MemoryUsage of job (MB)
	857940  -  ResidentSetSize of job (KB)
...
006 (7008373.000.000) 03/02 10:12:47 Image size of job updated: 858008
	838  -  MemoryUsage of job (MB)
	858008  -  ResidentSetSize of job (KB)
...
006 (7008373.000.000) 03/02 10:17:47 Image size of job updated: 858012
	838  -  MemoryUsage of job (MB)
	858012  -  ResidentSetSize of job (KB)
...
040 (7008373.000.000) 03/02 10:25:46 Started transferring output files
...
040 (7008373.000.000) 03/02 10:25:46 Finished transferring output files
...
005 (7008373.000.000) 03/02 10:25:46 Job terminated.
	(1) Normal termination (return value 0)
		Usr 0 00:49:34, Sys 0 00:00:14  -  Run Remote Usage
		Usr 0 00:00:00, Sys 0 00:00:00  -  Run Local Usage
		Usr 0 00:49:34, Sys 0 00:00:14  -  Total Remote Usage
		Usr 0 00:00:00, Sys 0 00:00:00  -  Total Local Usage
	1203  -  Run Bytes Sent By Job
	254  -  Run Bytes Received By Job
	1203  -  Total Bytes Sent By Job
	254  -  Total Bytes Received By Job
	Partitionable Resources :    Usage  Request Allocated 
	   Cpus                 :     0.98        1         1 
	   Disk (KB)            :    26           1      3622 
	   GPUs                 :                           0 
	   Memory (MB)          :   838        3000      3000 

	Job terminated of its own accord at 2025-03-02T09:25:46Z with exit-code 0.
...
