000 (7008345.000.000) 03/02 09:31:50 Job submitted from host: <188.185.8.79:9618?addrs=188.185.8.79-9618+[2001-1458-d00-63--100-23a]-9618&alias=bigbird26.cern.ch&noUDP&sock=schedd_2073_7bea>
...
040 (7008345.000.000) 03/02 09:32:26 Started transferring input files
	Transferring to host: <188.185.195.124:9618?addrs=188.185.195.124-9618+[2001-1458-303-22--100-78]-9618&alias=b9p17p8195.cern.ch&noUDP&sock=slot1_18_2928482_3de7_25642>
...
040 (7008345.000.000) 03/02 09:32:26 Finished transferring input files
...
001 (7008345.000.000) 03/02 09:32:27 Job executing on host: <188.185.195.124:9618?addrs=188.185.195.124-9618+[2001-1458-303-22--100-78]-9618&alias=b9p17p8195.cern.ch&noUDP&sock=startd_3970_ab13>
	SlotName: slot1_18@b9p17p8195.cern.ch
	CondorScratchDir = "/pool/condor/dir_1362727"
	Cpus = 1
	Disk = 3899
	GPUs = 0
	Memory = 3000
...
006 (7008345.000.000) 03/02 09:32:36 Image size of job updated: 18216
	18  -  MemoryUsage of job (MB)
	18216  -  ResidentSetSize of job (KB)
...
006 (7008345.000.000) 03/02 09:37:37 Image size of job updated: 856020
	836  -  MemoryUsage of job (MB)
	856020  -  ResidentSetSize of job (KB)
...
040 (7008345.000.000) 03/02 10:28:47 Started transferring output files
...
040 (7008345.000.000) 03/02 10:28:47 Finished transferring output files
...
005 (7008345.000.000) 03/02 10:28:47 Job terminated.
	(1) Normal termination (return value 0)
		Usr 0 00:47:50, Sys 0 00:00:04  -  Run Remote Usage
		Usr 0 00:00:00, Sys 0 00:00:00  -  Run Local Usage
		Usr 0 00:47:50, Sys 0 00:00:04  -  Total Remote Usage
		Usr 0 00:00:00, Sys 0 00:00:00  -  Total Local Usage
	1204  -  Run Bytes Sent By Job
	254  -  Run Bytes Received By Job
	1204  -  Total Bytes Sent By Job
	254  -  Total Bytes Received By Job
	Partitionable Resources :    Usage  Request Allocated 
	   Cpus                 :     0.84        1         1 
	   Disk (KB)            :    26           1      3899 
	   GPUs                 :                           0 
	   Memory (MB)          :   836        3000      3000 

	Job terminated of its own accord at 2025-03-02T09:28:47Z with exit-code 0.
...
