000 (7008348.000.000) 03/02 09:31:51 Job submitted from host: <188.185.8.79:9618?addrs=188.185.8.79-9618+[2001-1458-d00-63--100-23a]-9618&alias=bigbird26.cern.ch&noUDP&sock=schedd_2073_7bea>
...
040 (7008348.000.000) 03/02 09:32:27 Started transferring input files
	Transferring to host: <188.185.198.64:9618?addrs=188.185.198.64-9618+[2001-1458-303-25--100-3c]-9618&alias=b9p15p6995.cern.ch&noUDP&sock=slot1_9_1231353_54f2_13829>
...
040 (7008348.000.000) 03/02 09:32:27 Finished transferring input files
...
001 (7008348.000.000) 03/02 09:32:28 Job executing on host: <188.185.198.64:9618?addrs=188.185.198.64-9618+[2001-1458-303-25--100-3c]-9618&alias=b9p15p6995.cern.ch&noUDP&sock=startd_9420_ea3a>
	SlotName: slot1_9@b9p15p6995.cern.ch
	CondorScratchDir = "/pool/condor/dir_3228013"
	Cpus = 1
	Disk = 3360
	GPUs = 0
	Memory = 3000
...
006 (7008348.000.000) 03/02 09:32:37 Image size of job updated: 19592
	20  -  MemoryUsage of job (MB)
	19592  -  ResidentSetSize of job (KB)
...
006 (7008348.000.000) 03/02 09:37:38 Image size of job updated: 850980
	832  -  MemoryUsage of job (MB)
	850980  -  ResidentSetSize of job (KB)
...
006 (7008348.000.000) 03/02 09:42:38 Image size of job updated: 851044
	832  -  MemoryUsage of job (MB)
	851044  -  ResidentSetSize of job (KB)
...
006 (7008348.000.000) 03/02 09:57:40 Image size of job updated: 851056
	832  -  MemoryUsage of job (MB)
	851056  -  ResidentSetSize of job (KB)
...
040 (7008348.000.000) 03/02 10:17:09 Started transferring output files
...
040 (7008348.000.000) 03/02 10:17:09 Finished transferring output files
...
005 (7008348.000.000) 03/02 10:17:09 Job terminated.
	(1) Normal termination (return value 0)
		Usr 0 00:41:48, Sys 0 00:00:02  -  Run Remote Usage
		Usr 0 00:00:00, Sys 0 00:00:00  -  Run Local Usage
		Usr 0 00:41:48, Sys 0 00:00:02  -  Total Remote Usage
		Usr 0 00:00:00, Sys 0 00:00:00  -  Total Local Usage
	1203  -  Run Bytes Sent By Job
	254  -  Run Bytes Received By Job
	1203  -  Total Bytes Sent By Job
	254  -  Total Bytes Received By Job
	Partitionable Resources :    Usage  Request Allocated 
	   Cpus                 :     0.99        1         1 
	   Disk (KB)            :    26           1      3360 
	   GPUs                 :                           0 
	   Memory (MB)          :   832        3000      3000 

	Job terminated of its own accord at 2025-03-02T09:17:09Z with exit-code 0.
...
