000 (7008350.000.000) 03/02 09:31:52 Job submitted from host: <188.185.8.79:9618?addrs=188.185.8.79-9618+[2001-1458-d00-63--100-23a]-9618&alias=bigbird26.cern.ch&noUDP&sock=schedd_2073_7bea>
...
040 (7008350.000.000) 03/02 09:32:27 Started transferring input files
	Transferring to host: <188.185.198.58:9618?addrs=188.185.198.58-9618+[2001-1458-303-25--100-36]-9618&alias=b9p15p9291.cern.ch&noUDP&sock=slot1_12_8027_7f5f_9092>
...
040 (7008350.000.000) 03/02 09:32:27 Finished transferring input files
...
001 (7008350.000.000) 03/02 09:32:28 Job executing on host: <188.185.198.58:9618?addrs=188.185.198.58-9618+[2001-1458-303-25--100-36]-9618&alias=b9p15p9291.cern.ch&noUDP&sock=startd_6937_c892>
	SlotName: slot1_12@b9p15p9291.cern.ch
	CondorScratchDir = "/pool/condor/dir_3949083"
	Cpus = 1
	Disk = 3703
	GPUs = 0
	Memory = 3000
...
006 (7008350.000.000) 03/02 09:32:37 Image size of job updated: 14032
	14  -  MemoryUsage of job (MB)
	14032  -  ResidentSetSize of job (KB)
...
006 (7008350.000.000) 03/02 09:37:38 Image size of job updated: 850200
	831  -  MemoryUsage of job (MB)
	850200  -  ResidentSetSize of job (KB)
...
006 (7008350.000.000) 03/02 09:42:38 Image size of job updated: 850264
	831  -  MemoryUsage of job (MB)
	850264  -  ResidentSetSize of job (KB)
...
006 (7008350.000.000) 03/02 09:57:40 Image size of job updated: 850276
	831  -  MemoryUsage of job (MB)
	850276  -  ResidentSetSize of job (KB)
...
006 (7008350.000.000) 03/02 10:12:42 Image size of job updated: 850340
	831  -  MemoryUsage of job (MB)
	850340  -  ResidentSetSize of job (KB)
...
040 (7008350.000.000) 03/02 10:25:30 Started transferring output files
...
040 (7008350.000.000) 03/02 10:25:30 Finished transferring output files
...
005 (7008350.000.000) 03/02 10:25:30 Job terminated.
	(1) Normal termination (return value 0)
		Usr 0 00:48:12, Sys 0 00:00:03  -  Run Remote Usage
		Usr 0 00:00:00, Sys 0 00:00:00  -  Run Local Usage
		Usr 0 00:48:12, Sys 0 00:00:03  -  Total Remote Usage
		Usr 0 00:00:00, Sys 0 00:00:00  -  Total Local Usage
	1200  -  Run Bytes Sent By Job
	254  -  Run Bytes Received By Job
	1200  -  Total Bytes Sent By Job
	254  -  Total Bytes Received By Job
	Partitionable Resources :    Usage  Request Allocated 
	   Cpus                 :     0.96        1         1 
	   Disk (KB)            :    26           1      3703 
	   GPUs                 :                           0 
	   Memory (MB)          :   831        3000      3000 

	Job terminated of its own accord at 2025-03-02T09:25:30Z with exit-code 0.
...
