000 (7008364.000.000) 03/02 09:31:59 Job submitted from host: <188.185.8.79:9618?addrs=188.185.8.79-9618+[2001-1458-d00-63--100-23a]-9618&alias=bigbird26.cern.ch&noUDP&sock=schedd_2073_7bea>
...
040 (7008364.000.000) 03/02 09:32:31 Started transferring input files
	Transferring to host: <188.185.196.58:9618?addrs=188.185.196.58-9618+[2001-1458-303-23--100-36]-9618&alias=b9p16p5202.cern.ch&noUDP&sock=slot1_23_7832_1a38_11364>
...
040 (7008364.000.000) 03/02 09:32:31 Finished transferring input files
...
001 (7008364.000.000) 03/02 09:32:32 Job executing on host: <188.185.196.58:9618?addrs=188.185.196.58-9618+[2001-1458-303-23--100-36]-9618&alias=b9p16p5202.cern.ch&noUDP&sock=startd_6459_ea4d>
	SlotName: slot1_23@b9p16p5202.cern.ch
	CondorScratchDir = "/pool/condor/dir_2282544"
	Cpus = 1
	Disk = 3836
	GPUs = 0
	Memory = 3000
...
006 (7008364.000.000) 03/02 09:32:46 Image size of job updated: 568
	1  -  MemoryUsage of job (MB)
	568  -  ResidentSetSize of job (KB)
...
006 (7008364.000.000) 03/02 09:34:03 Image size of job updated: 34796
	1  -  MemoryUsage of job (MB)
	568  -  ResidentSetSize of job (KB)
...
040 (7008364.000.000) 03/02 09:34:03 Started transferring output files
...
040 (7008364.000.000) 03/02 09:34:03 Finished transferring output files
...
005 (7008364.000.000) 03/02 09:34:03 Job terminated.
	(1) Normal termination (return value 0)
		Usr 0 00:00:00, Sys 0 00:00:00  -  Run Remote Usage
		Usr 0 00:00:00, Sys 0 00:00:00  -  Run Local Usage
		Usr 0 00:00:00, Sys 0 00:00:00  -  Total Remote Usage
		Usr 0 00:00:00, Sys 0 00:00:00  -  Total Local Usage
	1241  -  Run Bytes Sent By Job
	254  -  Run Bytes Received By Job
	1241  -  Total Bytes Sent By Job
	254  -  Total Bytes Received By Job
	Partitionable Resources :    Usage  Request Allocated 
	   Cpus                 :        0        1         1 
	   Disk (KB)            :       26        1      3836 
	   GPUs                 :                           0 
	   Memory (MB)          :        1     3000      3000 

	Job terminated of its own accord at 2025-03-02T08:34:03Z with exit-code 0.
...
000 (7008474.000.000) 03/02 11:37:18 Job submitted from host: <188.185.8.79:9618?addrs=188.185.8.79-9618+[2001-1458-d00-63--100-23a]-9618&alias=bigbird26.cern.ch&noUDP&sock=schedd_2073_7bea>
...
040 (7008474.000.000) 03/02 11:39:05 Started transferring input files
	Transferring to host: <188.185.193.134:9618?addrs=188.185.193.134-9618+[2001-1458-303-20--100-82]-9618&alias=b9p19p0571.cern.ch&noUDP&sock=slot1_13_2617223_1e56_14983>
...
040 (7008474.000.000) 03/02 11:39:05 Finished transferring input files
...
001 (7008474.000.000) 03/02 11:39:06 Job executing on host: <188.185.193.134:9618?addrs=188.185.193.134-9618+[2001-1458-303-20--100-82]-9618&alias=b9p19p0571.cern.ch&noUDP&sock=startd_6771_ebd9>
	SlotName: slot1_13@b9p19p0571.cern.ch
	CondorScratchDir = "/pool/condor/dir_1947045"
	Cpus = 1
	Disk = 3735
	GPUs = 0
	Memory = 3000
...
006 (7008474.000.000) 03/02 11:39:15 Image size of job updated: 52752
	52  -  MemoryUsage of job (MB)
	52752  -  ResidentSetSize of job (KB)
...
006 (7008474.000.000) 03/02 11:44:16 Image size of job updated: 853248
	834  -  MemoryUsage of job (MB)
	853248  -  ResidentSetSize of job (KB)
...
040 (7008474.000.000) 03/02 12:29:54 Started transferring output files
...
040 (7008474.000.000) 03/02 12:29:54 Finished transferring output files
...
005 (7008474.000.000) 03/02 12:29:54 Job terminated.
	(1) Normal termination (return value 0)
		Usr 0 00:49:02, Sys 0 00:00:04  -  Run Remote Usage
		Usr 0 00:00:00, Sys 0 00:00:00  -  Run Local Usage
		Usr 0 00:49:02, Sys 0 00:00:04  -  Total Remote Usage
		Usr 0 00:00:00, Sys 0 00:00:00  -  Total Local Usage
	1201  -  Run Bytes Sent By Job
	254  -  Run Bytes Received By Job
	1201  -  Total Bytes Sent By Job
	254  -  Total Bytes Received By Job
	Partitionable Resources :    Usage  Request Allocated 
	   Cpus                 :     0.98        1         1 
	   Disk (KB)            :    26           1      3735 
	   GPUs                 :                           0 
	   Memory (MB)          :   834        3000      3000 

	Job terminated of its own accord at 2025-03-02T11:29:54Z with exit-code 0.
...
