000 (7008347.000.000) 03/02 09:31:51 Job submitted from host: <188.185.8.79:9618?addrs=188.185.8.79-9618+[2001-1458-d00-63--100-23a]-9618&alias=bigbird26.cern.ch&noUDP&sock=schedd_2073_7bea>
...
040 (7008347.000.000) 03/02 09:32:27 Started transferring input files
	Transferring to host: <188.185.195.145:9618?addrs=188.185.195.145-9618+[2001-1458-303-22--100-8d]-9618&alias=b9p17p9149.cern.ch&noUDP&sock=slot1_7_7404_89a6_12312>
...
040 (7008347.000.000) 03/02 09:32:27 Finished transferring input files
...
001 (7008347.000.000) 03/02 09:32:28 Job executing on host: <188.185.195.145:9618?addrs=188.185.195.145-9618+[2001-1458-303-22--100-8d]-9618&alias=b9p17p9149.cern.ch&noUDP&sock=startd_6168_503d>
	SlotName: slot1_7@b9p17p9149.cern.ch
	CondorScratchDir = "/pool/condor/dir_3402333"
	Cpus = 1
	Disk = 3656
	GPUs = 0
	Memory = 3000
...
006 (7008347.000.000) 03/02 09:32:42 Image size of job updated: 1360
	2  -  MemoryUsage of job (MB)
	1360  -  ResidentSetSize of job (KB)
...
006 (7008347.000.000) 03/02 09:37:43 Image size of job updated: 781300
	763  -  MemoryUsage of job (MB)
	781236  -  ResidentSetSize of job (KB)
...
006 (7008347.000.000) 03/02 09:47:43 Image size of job updated: 781364
	763  -  MemoryUsage of job (MB)
	781300  -  ResidentSetSize of job (KB)
...
006 (7008347.000.000) 03/02 09:57:44 Image size of job updated: 781376
	763  -  MemoryUsage of job (MB)
	781300  -  ResidentSetSize of job (KB)
...
006 (7008347.000.000) 03/02 10:07:45 Image size of job updated: 781380
	764  -  MemoryUsage of job (MB)
	781316  -  ResidentSetSize of job (KB)
...
006 (7008347.000.000) 03/02 10:12:45 Image size of job updated: 781444
	764  -  MemoryUsage of job (MB)
	781316  -  ResidentSetSize of job (KB)
...
006 (7008347.000.000) 03/02 10:17:45 Image size of job updated: 781508
	764  -  MemoryUsage of job (MB)
	781316  -  ResidentSetSize of job (KB)
...
006 (7008347.000.000) 03/02 10:22:46 Image size of job updated: 781572
	764  -  MemoryUsage of job (MB)
	781444  -  ResidentSetSize of job (KB)
...
040 (7008347.000.000) 03/02 10:26:49 Started transferring output files
...
040 (7008347.000.000) 03/02 10:26:49 Finished transferring output files
...
005 (7008347.000.000) 03/02 10:26:49 Job terminated.
	(1) Normal termination (return value 0)
		Usr 0 00:50:06, Sys 0 00:00:19  -  Run Remote Usage
		Usr 0 00:00:00, Sys 0 00:00:00  -  Run Local Usage
		Usr 0 00:50:06, Sys 0 00:00:19  -  Total Remote Usage
		Usr 0 00:00:00, Sys 0 00:00:00  -  Total Local Usage
	1202  -  Run Bytes Sent By Job
	254  -  Run Bytes Received By Job
	1202  -  Total Bytes Sent By Job
	254  -  Total Bytes Received By Job
	Partitionable Resources :    Usage  Request Allocated 
	   Cpus                 :     0.97        1         1 
	   Disk (KB)            :    26           1      3656 
	   GPUs                 :                           0 
	   Memory (MB)          :   764        3000      3000 

	Job terminated of its own accord at 2025-03-02T09:26:49Z with exit-code 0.
...
