000 (7008384.000.000) 03/02 09:32:08 Job submitted from host: <188.185.8.79:9618?addrs=188.185.8.79-9618+[2001-1458-d00-63--100-23a]-9618&alias=bigbird26.cern.ch&noUDP&sock=schedd_2073_7bea>
...
040 (7008384.000.000) 03/02 09:32:35 Started transferring input files
	Transferring to host: <188.185.194.150:9618?addrs=188.185.194.150-9618+[2001-1458-303-21--100-92]-9618&alias=b9p20p9974.cern.ch&noUDP&sock=slot1_17_7323_7743_24776>
...
040 (7008384.000.000) 03/02 09:32:35 Finished transferring input files
...
001 (7008384.000.000) 03/02 09:32:36 Job executing on host: <188.185.194.150:9618?addrs=188.185.194.150-9618+[2001-1458-303-21--100-92]-9618&alias=b9p20p9974.cern.ch&noUDP&sock=startd_6221_aac2>
	SlotName: slot1_17@b9p20p9974.cern.ch
	CondorScratchDir = "/pool/condor/dir_2497504"
	Cpus = 1
	Disk = 3725
	GPUs = 0
	Memory = 3000
...
006 (7008384.000.000) 03/02 09:32:50 Image size of job updated: 536
	1  -  MemoryUsage of job (MB)
	536  -  ResidentSetSize of job (KB)
...
006 (7008384.000.000) 03/02 09:34:06 Image size of job updated: 7272
	1  -  MemoryUsage of job (MB)
	536  -  ResidentSetSize of job (KB)
...
040 (7008384.000.000) 03/02 09:34:06 Started transferring output files
...
040 (7008384.000.000) 03/02 09:34:06 Finished transferring output files
...
005 (7008384.000.000) 03/02 09:34:06 Job terminated.
	(1) Normal termination (return value 0)
		Usr 0 00:00:00, Sys 0 00:00:00  -  Run Remote Usage
		Usr 0 00:00:00, Sys 0 00:00:00  -  Run Local Usage
		Usr 0 00:00:00, Sys 0 00:00:00  -  Total Remote Usage
		Usr 0 00:00:00, Sys 0 00:00:00  -  Total Local Usage
	1241  -  Run Bytes Sent By Job
	254  -  Run Bytes Received By Job
	1241  -  Total Bytes Sent By Job
	254  -  Total Bytes Received By Job
	Partitionable Resources :    Usage  Request Allocated 
	   Cpus                 :        0        1         1 
	   Disk (KB)            :       26        1      3725 
	   GPUs                 :                           0 
	   Memory (MB)          :        1     3000      3000 

	Job terminated of its own accord at 2025-03-02T08:34:06Z with exit-code 0.
...
000 (7008484.000.000) 03/02 11:37:22 Job submitted from host: <188.185.8.79:9618?addrs=188.185.8.79-9618+[2001-1458-d00-63--100-23a]-9618&alias=bigbird26.cern.ch&noUDP&sock=schedd_2073_7bea>
...
040 (7008484.000.000) 03/02 11:39:25 Started transferring input files
	Transferring to host: <188.185.195.53:9618?addrs=188.185.195.53-9618+[2001-1458-303-22--100-31]-9618&alias=b9p17p9353.cern.ch&noUDP&sock=slot1_1_1104583_660f_16236>
...
040 (7008484.000.000) 03/02 11:39:25 Finished transferring input files
...
001 (7008484.000.000) 03/02 11:39:26 Job executing on host: <188.185.195.53:9618?addrs=188.185.195.53-9618+[2001-1458-303-22--100-31]-9618&alias=b9p17p9353.cern.ch&noUDP&sock=startd_6818_28cd>
	SlotName: slot1_1@b9p17p9353.cern.ch
	CondorScratchDir = "/pool/condor/dir_3943629"
	Cpus = 1
	Disk = 3856
	GPUs = 0
	Memory = 3000
...
006 (7008484.000.000) 03/02 11:39:35 Image size of job updated: 1804
	2  -  MemoryUsage of job (MB)
	1804  -  ResidentSetSize of job (KB)
...
006 (7008484.000.000) 03/02 11:40:05 Image size of job updated: 64548
	64  -  MemoryUsage of job (MB)
	64548  -  ResidentSetSize of job (KB)
...
040 (7008484.000.000) 03/02 11:40:05 Started transferring output files
...
040 (7008484.000.000) 03/02 11:40:05 Finished transferring output files
...
005 (7008484.000.000) 03/02 11:40:05 Job terminated.
	(1) Normal termination (return value 0)
		Usr 0 00:00:00, Sys 0 00:00:00  -  Run Remote Usage
		Usr 0 00:00:00, Sys 0 00:00:00  -  Run Local Usage
		Usr 0 00:00:00, Sys 0 00:00:00  -  Total Remote Usage
		Usr 0 00:00:00, Sys 0 00:00:00  -  Total Local Usage
	1241  -  Run Bytes Sent By Job
	254  -  Run Bytes Received By Job
	1241  -  Total Bytes Sent By Job
	254  -  Total Bytes Received By Job
	Partitionable Resources :    Usage  Request Allocated 
	   Cpus                 :        0        1         1 
	   Disk (KB)            :       26        1      3856 
	   GPUs                 :                           0 
	   Memory (MB)          :       64     3000      3000 

	Job terminated of its own accord at 2025-03-02T10:40:05Z with exit-code 0.
...
000 (7026667.000.000) 03/02 14:54:30 Job submitted from host: <188.185.8.79:9618?addrs=188.185.8.79-9618+[2001-1458-d00-63--100-23a]-9618&alias=bigbird26.cern.ch&noUDP&sock=schedd_2073_7bea>
...
040 (7026667.000.000) 03/02 14:57:48 Started transferring input files
	Transferring to host: <188.184.185.13:9618?addrs=188.184.185.13-9618+[2001-1458-301-52--100-c]-9618&alias=b9g37p4540.cern.ch&noUDP&sock=slot1_2_124026_496d_13008>
...
040 (7026667.000.000) 03/02 14:57:48 Finished transferring input files
...
001 (7026667.000.000) 03/02 14:57:49 Job executing on host: <188.184.185.13:9618?addrs=188.184.185.13-9618+[2001-1458-301-52--100-c]-9618&alias=b9g37p4540.cern.ch&noUDP&sock=startd_5898_1dab>
	SlotName: slot1_2@b9g37p4540.cern.ch
	CondorScratchDir = "/pool/condor/dir_3073319"
	Cpus = 1
	Disk = 3699
	GPUs = 0
	Memory = 3000
...
006 (7026667.000.000) 03/02 14:57:57 Image size of job updated: 1796
	2  -  MemoryUsage of job (MB)
	1796  -  ResidentSetSize of job (KB)
...
006 (7026667.000.000) 03/02 15:02:57 Image size of job updated: 872060
	852  -  MemoryUsage of job (MB)
	872060  -  ResidentSetSize of job (KB)
...
006 (7026667.000.000) 03/02 15:12:58 Image size of job updated: 872124
	852  -  MemoryUsage of job (MB)
	872124  -  ResidentSetSize of job (KB)
...
006 (7026667.000.000) 03/02 15:38:01 Image size of job updated: 872212
	852  -  MemoryUsage of job (MB)
	872212  -  ResidentSetSize of job (KB)
...
006 (7026667.000.000) 03/02 15:48:02 Image size of job updated: 872276
	852  -  MemoryUsage of job (MB)
	872276  -  ResidentSetSize of job (KB)
...
040 (7026667.000.000) 03/02 15:52:21 Started transferring output files
...
040 (7026667.000.000) 03/02 15:52:21 Finished transferring output files
...
005 (7026667.000.000) 03/02 15:52:21 Job terminated.
	(1) Normal termination (return value 0)
		Usr 0 00:51:45, Sys 0 00:00:05  -  Run Remote Usage
		Usr 0 00:00:00, Sys 0 00:00:00  -  Run Local Usage
		Usr 0 00:51:45, Sys 0 00:00:05  -  Total Remote Usage
		Usr 0 00:00:00, Sys 0 00:00:00  -  Total Local Usage
	1202  -  Run Bytes Sent By Job
	254  -  Run Bytes Received By Job
	1202  -  Total Bytes Sent By Job
	254  -  Total Bytes Received By Job
	Partitionable Resources :    Usage  Request Allocated 
	   Cpus                 :     0.92        1         1 
	   Disk (KB)            :    26           1      3699 
	   GPUs                 :                           0 
	   Memory (MB)          :   852        3000      3000 

	Job terminated of its own accord at 2025-03-02T14:52:21Z with exit-code 0.
...
