000 (7008395.000.000) 03/02 09:32:15 Job submitted from host: <188.185.8.79:9618?addrs=188.185.8.79-9618+[2001-1458-d00-63--100-23a]-9618&alias=bigbird26.cern.ch&noUDP&sock=schedd_2073_7bea>
...
040 (7008395.000.000) 03/02 09:34:05 Started transferring input files
	Transferring to host: <188.185.192.172:9618?addrs=188.185.192.172-9618+[2001-1458-303-1f--100-a8]-9618&alias=b9p13p7703.cern.ch&noUDP&sock=slot1_9_1226716_2555_116652>
...
040 (7008395.000.000) 03/02 09:34:05 Finished transferring input files
...
001 (7008395.000.000) 03/02 09:34:06 Job executing on host: <188.185.192.172:9618?addrs=188.185.192.172-9618+[2001-1458-303-1f--100-a8]-9618&alias=b9p13p7703.cern.ch&noUDP&sock=startd_10954_1c82>
	SlotName: slot1_9@b9p13p7703.cern.ch
	CondorScratchDir = "/pool/condor/dir_2147335"
	Cpus = 1
	Disk = 3598
	GPUs = 0
	Memory = 3000
...
006 (7008395.000.000) 03/02 09:34:07 Image size of job updated: 1592
	2  -  MemoryUsage of job (MB)
	1592  -  ResidentSetSize of job (KB)
...
040 (7008395.000.000) 03/02 09:34:07 Started transferring output files
...
040 (7008395.000.000) 03/02 09:34:07 Finished transferring output files
...
005 (7008395.000.000) 03/02 09:34:07 Job terminated.
	(1) Normal termination (return value 0)
		Usr 0 00:00:00, Sys 0 00:00:00  -  Run Remote Usage
		Usr 0 00:00:00, Sys 0 00:00:00  -  Run Local Usage
		Usr 0 00:00:00, Sys 0 00:00:00  -  Total Remote Usage
		Usr 0 00:00:00, Sys 0 00:00:00  -  Total Local Usage
	1241  -  Run Bytes Sent By Job
	254  -  Run Bytes Received By Job
	1241  -  Total Bytes Sent By Job
	254  -  Total Bytes Received By Job
	Partitionable Resources :    Usage  Request Allocated 
	   Cpus                 :        0        1         1 
	   Disk (KB)            :       27        1      3598 
	   GPUs                 :                           0 
	   Memory (MB)          :        2     3000      3000 

	Job terminated of its own accord at 2025-03-02T08:34:07Z with exit-code 0.
...
000 (7008494.000.000) 03/02 11:37:27 Job submitted from host: <188.185.8.79:9618?addrs=188.185.8.79-9618+[2001-1458-d00-63--100-23a]-9618&alias=bigbird26.cern.ch&noUDP&sock=schedd_2073_7bea>
...
040 (7008494.000.000) 03/02 11:39:09 Started transferring input files
	Transferring to host: <128.142.248.54:9618?addrs=128.142.248.54-9618+[2001-1458-301-73--100-126]-9618&alias=b9g23p5264.cern.ch&noUDP&sock=slot1_1_3450_9645_17265>
...
040 (7008494.000.000) 03/02 11:39:09 Finished transferring input files
...
001 (7008494.000.000) 03/02 11:39:10 Job executing on host: <128.142.248.54:9618?addrs=128.142.248.54-9618+[2001-1458-301-73--100-126]-9618&alias=b9g23p5264.cern.ch&noUDP&sock=startd_2711_1957>
	SlotName: slot1_1@b9g23p5264.cern.ch
	CondorScratchDir = "/pool/condor/dir_3854702"
	Cpus = 1
	Disk = 3586
	GPUs = 0
	Memory = 3000
...
006 (7008494.000.000) 03/02 11:39:24 Image size of job updated: 67652
	67  -  MemoryUsage of job (MB)
	67652  -  ResidentSetSize of job (KB)
...
006 (7008494.000.000) 03/02 11:44:25 Image size of job updated: 783380
	765  -  MemoryUsage of job (MB)
	783316  -  ResidentSetSize of job (KB)
...
006 (7008494.000.000) 03/02 11:49:26 Image size of job updated: 783380
	766  -  MemoryUsage of job (MB)
	783380  -  ResidentSetSize of job (KB)
...
006 (7008494.000.000) 03/02 11:59:27 Image size of job updated: 783444
	766  -  MemoryUsage of job (MB)
	783380  -  ResidentSetSize of job (KB)
...
006 (7008494.000.000) 03/02 12:04:28 Image size of job updated: 783456
	766  -  MemoryUsage of job (MB)
	783392  -  ResidentSetSize of job (KB)
...
006 (7008494.000.000) 03/02 12:09:28 Image size of job updated: 783460
	766  -  MemoryUsage of job (MB)
	783460  -  ResidentSetSize of job (KB)
...
006 (7008494.000.000) 03/02 12:14:29 Image size of job updated: 783588
	766  -  MemoryUsage of job (MB)
	783460  -  ResidentSetSize of job (KB)
...
006 (7008494.000.000) 03/02 12:19:29 Image size of job updated: 783652
	766  -  MemoryUsage of job (MB)
	783524  -  ResidentSetSize of job (KB)
...
040 (7008494.000.000) 03/02 12:26:18 Started transferring output files
...
040 (7008494.000.000) 03/02 12:26:18 Finished transferring output files
...
005 (7008494.000.000) 03/02 12:26:18 Job terminated.
	(1) Normal termination (return value 0)
		Usr 0 00:45:58, Sys 0 00:00:04  -  Run Remote Usage
		Usr 0 00:00:00, Sys 0 00:00:00  -  Run Local Usage
		Usr 0 00:45:58, Sys 0 00:00:04  -  Total Remote Usage
		Usr 0 00:00:00, Sys 0 00:00:00  -  Total Local Usage
	1202  -  Run Bytes Sent By Job
	254  -  Run Bytes Received By Job
	1202  -  Total Bytes Sent By Job
	254  -  Total Bytes Received By Job
	Partitionable Resources :    Usage  Request Allocated 
	   Cpus                 :     0.98        1         1 
	   Disk (KB)            :    26           1      3586 
	   GPUs                 :                           0 
	   Memory (MB)          :   766        3000      3000 

	Job terminated of its own accord at 2025-03-02T11:26:18Z with exit-code 0.
...
