000 (7008326.000.000) 03/02 09:31:42 Job submitted from host: <188.185.8.79:9618?addrs=188.185.8.79-9618+[2001-1458-d00-63--100-23a]-9618&alias=bigbird26.cern.ch&noUDP&sock=schedd_2073_7bea>
...
040 (7008326.000.000) 03/02 09:32:19 Started transferring input files
	Transferring to host: <188.185.192.15:9618?addrs=188.185.192.15-9618+[2001-1458-303-1f--100-b]-9618&alias=b9p13p1579.cern.ch&noUDP&sock=slot1_32_2622816_e499_10026>
...
040 (7008326.000.000) 03/02 09:32:19 Finished transferring input files
...
001 (7008326.000.000) 03/02 09:32:20 Job executing on host: <188.185.192.15:9618?addrs=188.185.192.15-9618+[2001-1458-303-1f--100-b]-9618&alias=b9p13p1579.cern.ch&noUDP&sock=startd_5775_bf85>
	SlotName: slot1_32@b9p13p1579.cern.ch
	CondorScratchDir = "/pool/condor/dir_991701"
	Cpus = 1
	Disk = 3780
	GPUs = 0
	Memory = 3000
...
006 (7008326.000.000) 03/02 09:32:34 Image size of job updated: 105256
	103  -  MemoryUsage of job (MB)
	105256  -  ResidentSetSize of job (KB)
...
006 (7008326.000.000) 03/02 09:37:35 Image size of job updated: 781048
	763  -  MemoryUsage of job (MB)
	781048  -  ResidentSetSize of job (KB)
...
006 (7008326.000.000) 03/02 09:52:36 Image size of job updated: 781112
	763  -  MemoryUsage of job (MB)
	781048  -  ResidentSetSize of job (KB)
...
006 (7008326.000.000) 03/02 09:57:37 Image size of job updated: 781124
	763  -  MemoryUsage of job (MB)
	781060  -  ResidentSetSize of job (KB)
...
006 (7008326.000.000) 03/02 10:02:37 Image size of job updated: 781124
	763  -  MemoryUsage of job (MB)
	781064  -  ResidentSetSize of job (KB)
...
006 (7008326.000.000) 03/02 10:07:38 Image size of job updated: 781128
	763  -  MemoryUsage of job (MB)
	781064  -  ResidentSetSize of job (KB)
...
006 (7008326.000.000) 03/02 10:12:39 Image size of job updated: 781192
	763  -  MemoryUsage of job (MB)
	781064  -  ResidentSetSize of job (KB)
...
006 (7008326.000.000) 03/02 10:17:39 Image size of job updated: 781192
	763  -  MemoryUsage of job (MB)
	781128  -  ResidentSetSize of job (KB)
...
006 (7008326.000.000) 03/02 10:22:40 Image size of job updated: 781320
	763  -  MemoryUsage of job (MB)
	781128  -  ResidentSetSize of job (KB)
...
040 (7008326.000.000) 03/02 10:29:52 Started transferring output files
...
040 (7008326.000.000) 03/02 10:29:52 Finished transferring output files
...
005 (7008326.000.000) 03/02 10:29:52 Job terminated.
	(1) Normal termination (return value 0)
		Usr 0 00:46:55, Sys 0 00:00:20  -  Run Remote Usage
		Usr 0 00:00:00, Sys 0 00:00:00  -  Run Local Usage
		Usr 0 00:46:55, Sys 0 00:00:20  -  Total Remote Usage
		Usr 0 00:00:00, Sys 0 00:00:00  -  Total Local Usage
	1203  -  Run Bytes Sent By Job
	254  -  Run Bytes Received By Job
	1203  -  Total Bytes Sent By Job
	254  -  Total Bytes Received By Job
	Partitionable Resources :    Usage  Request Allocated 
	   Cpus                 :     0.76        1         1 
	   Disk (KB)            :    26           1      3780 
	   GPUs                 :                           0 
	   Memory (MB)          :   763        3000      3000 

	Job terminated of its own accord at 2025-03-02T09:29:52Z with exit-code 0.
...
