000 (7008389.000.000) 03/02 09:32:11 Job submitted from host: <188.185.8.79:9618?addrs=188.185.8.79-9618+[2001-1458-d00-63--100-23a]-9618&alias=bigbird26.cern.ch&noUDP&sock=schedd_2073_7bea>
...
040 (7008389.000.000) 03/02 09:32:37 Started transferring input files
	Transferring to host: <188.185.194.74:9618?addrs=188.185.194.74-9618+[2001-1458-303-21--100-46]-9618&alias=b9p20p8139.cern.ch&noUDP&sock=slot1_30_8314_b70b_24221>
...
040 (7008389.000.000) 03/02 09:32:37 Finished transferring input files
...
001 (7008389.000.000) 03/02 09:32:38 Job executing on host: <188.185.194.74:9618?addrs=188.185.194.74-9618+[2001-1458-303-21--100-46]-9618&alias=b9p20p8139.cern.ch&noUDP&sock=startd_7135_9852>
	SlotName: slot1_30@b9p20p8139.cern.ch
	CondorScratchDir = "/pool/condor/dir_1696887"
	Cpus = 1
	Disk = 3660
	GPUs = 0
	Memory = 3000
...
006 (7008389.000.000) 03/02 09:32:52 Image size of job updated: 524
	1  -  MemoryUsage of job (MB)
	524  -  ResidentSetSize of job (KB)
...
006 (7008389.000.000) 03/02 09:34:06 Image size of job updated: 19508
	1  -  MemoryUsage of job (MB)
	524  -  ResidentSetSize of job (KB)
...
040 (7008389.000.000) 03/02 09:34:06 Started transferring output files
...
040 (7008389.000.000) 03/02 09:34:06 Finished transferring output files
...
005 (7008389.000.000) 03/02 09:34:06 Job terminated.
	(1) Normal termination (return value 0)
		Usr 0 00:00:00, Sys 0 00:00:00  -  Run Remote Usage
		Usr 0 00:00:00, Sys 0 00:00:00  -  Run Local Usage
		Usr 0 00:00:00, Sys 0 00:00:00  -  Total Remote Usage
		Usr 0 00:00:00, Sys 0 00:00:00  -  Total Local Usage
	1241  -  Run Bytes Sent By Job
	254  -  Run Bytes Received By Job
	1241  -  Total Bytes Sent By Job
	254  -  Total Bytes Received By Job
	Partitionable Resources :    Usage  Request Allocated 
	   Cpus                 :        0        1         1 
	   Disk (KB)            :       26        1      3660 
	   GPUs                 :                           0 
	   Memory (MB)          :        1     3000      3000 

	Job terminated of its own accord at 2025-03-02T08:34:06Z with exit-code 0.
...
000 (7008489.000.000) 03/02 11:37:25 Job submitted from host: <188.185.8.79:9618?addrs=188.185.8.79-9618+[2001-1458-d00-63--100-23a]-9618&alias=bigbird26.cern.ch&noUDP&sock=schedd_2073_7bea>
...
040 (7008489.000.000) 03/02 11:39:08 Started transferring input files
	Transferring to host: <188.185.195.145:9618?addrs=188.185.195.145-9618+[2001-1458-303-22--100-8d]-9618&alias=b9p17p9149.cern.ch&noUDP&sock=slot1_40_7404_89a6_12392>
...
040 (7008489.000.000) 03/02 11:39:08 Finished transferring input files
...
001 (7008489.000.000) 03/02 11:39:09 Job executing on host: <188.185.195.145:9618?addrs=188.185.195.145-9618+[2001-1458-303-22--100-8d]-9618&alias=b9p17p9149.cern.ch&noUDP&sock=startd_6168_503d>
	SlotName: slot1_40@b9p17p9149.cern.ch
	CondorScratchDir = "/pool/condor/dir_1241432"
	Cpus = 1
	Disk = 3601
	GPUs = 0
	Memory = 3000
...
006 (7008489.000.000) 03/02 11:39:22 Image size of job updated: 102792
	101  -  MemoryUsage of job (MB)
	102792  -  ResidentSetSize of job (KB)
...
006 (7008489.000.000) 03/02 11:44:22 Image size of job updated: 785476
	768  -  MemoryUsage of job (MB)
	785476  -  ResidentSetSize of job (KB)
...
006 (7008489.000.000) 03/02 11:59:23 Image size of job updated: 785540
	768  -  MemoryUsage of job (MB)
	785540  -  ResidentSetSize of job (KB)
...
006 (7008489.000.000) 03/02 12:04:24 Image size of job updated: 785552
	768  -  MemoryUsage of job (MB)
	785540  -  ResidentSetSize of job (KB)
...
006 (7008489.000.000) 03/02 12:14:24 Image size of job updated: 785556
	768  -  MemoryUsage of job (MB)
	785540  -  ResidentSetSize of job (KB)
...
006 (7008489.000.000) 03/02 12:19:25 Image size of job updated: 785684
	768  -  MemoryUsage of job (MB)
	785540  -  ResidentSetSize of job (KB)
...
006 (7008489.000.000) 03/02 12:24:25 Image size of job updated: 785748
	768  -  MemoryUsage of job (MB)
	785748  -  ResidentSetSize of job (KB)
...
040 (7008489.000.000) 03/02 12:31:15 Started transferring output files
...
040 (7008489.000.000) 03/02 12:31:15 Finished transferring output files
...
005 (7008489.000.000) 03/02 12:31:15 Job terminated.
	(1) Normal termination (return value 0)
		Usr 0 00:51:01, Sys 0 00:00:04  -  Run Remote Usage
		Usr 0 00:00:00, Sys 0 00:00:00  -  Run Local Usage
		Usr 0 00:51:01, Sys 0 00:00:04  -  Total Remote Usage
		Usr 0 00:00:00, Sys 0 00:00:00  -  Total Local Usage
	1178  -  Run Bytes Sent By Job
	254  -  Run Bytes Received By Job
	1178  -  Total Bytes Sent By Job
	254  -  Total Bytes Received By Job
	Partitionable Resources :    Usage  Request Allocated 
	   Cpus                 :     0.99        1         1 
	   Disk (KB)            :    26           1      3601 
	   GPUs                 :                           0 
	   Memory (MB)          :   768        3000      3000 

	Job terminated of its own accord at 2025-03-02T11:31:15Z with exit-code 0.
...
