000 (7008335.000.000) 03/02 09:31:46 Job submitted from host: <188.185.8.79:9618?addrs=188.185.8.79-9618+[2001-1458-d00-63--100-23a]-9618&alias=bigbird26.cern.ch&noUDP&sock=schedd_2073_7bea>
...
040 (7008335.000.000) 03/02 09:32:23 Started transferring input files
	Transferring to host: <188.185.198.25:9618?addrs=188.185.198.25-9618+[2001-1458-303-25--100-15]-9618&alias=b9p15p4003.cern.ch&noUDP&sock=slot1_33_11453_6cab_11313>
...
040 (7008335.000.000) 03/02 09:32:23 Finished transferring input files
...
001 (7008335.000.000) 03/02 09:32:24 Job executing on host: <188.185.198.25:9618?addrs=188.185.198.25-9618+[2001-1458-303-25--100-15]-9618&alias=b9p15p4003.cern.ch&noUDP&sock=startd_10113_415c>
	SlotName: slot1_33@b9p15p4003.cern.ch
	CondorScratchDir = "/pool/condor/dir_79694"
	Cpus = 1
	Disk = 3862
	GPUs = 0
	Memory = 3000
...
006 (7008335.000.000) 03/02 09:32:38 Image size of job updated: 3012
	3  -  MemoryUsage of job (MB)
	3012  -  ResidentSetSize of job (KB)
...
006 (7008335.000.000) 03/02 09:37:39 Image size of job updated: 783584
	766  -  MemoryUsage of job (MB)
	783584  -  ResidentSetSize of job (KB)
...
006 (7008335.000.000) 03/02 09:57:41 Image size of job updated: 783660
	766  -  MemoryUsage of job (MB)
	783584  -  ResidentSetSize of job (KB)
...
006 (7008335.000.000) 03/02 10:07:43 Image size of job updated: 783664
	766  -  MemoryUsage of job (MB)
	783584  -  ResidentSetSize of job (KB)
...
006 (7008335.000.000) 03/02 10:12:43 Image size of job updated: 783728
	766  -  MemoryUsage of job (MB)
	783584  -  ResidentSetSize of job (KB)
...
006 (7008335.000.000) 03/02 10:17:44 Image size of job updated: 783728
	766  -  MemoryUsage of job (MB)
	783664  -  ResidentSetSize of job (KB)
...
006 (7008335.000.000) 03/02 10:22:45 Image size of job updated: 783856
	766  -  MemoryUsage of job (MB)
	783664  -  ResidentSetSize of job (KB)
...
006 (7008335.000.000) 03/02 10:27:45 Image size of job updated: 783856
	766  -  MemoryUsage of job (MB)
	783792  -  ResidentSetSize of job (KB)
...
006 (7008335.000.000) 03/02 10:28:38 Image size of job updated: 783920
	766  -  MemoryUsage of job (MB)
	783792  -  ResidentSetSize of job (KB)
...
040 (7008335.000.000) 03/02 10:28:38 Started transferring output files
...
040 (7008335.000.000) 03/02 10:28:38 Finished transferring output files
...
005 (7008335.000.000) 03/02 10:28:38 Job terminated.
	(1) Normal termination (return value 0)
		Usr 0 00:45:36, Sys 0 00:00:09  -  Run Remote Usage
		Usr 0 00:00:00, Sys 0 00:00:00  -  Run Local Usage
		Usr 0 00:45:36, Sys 0 00:00:09  -  Total Remote Usage
		Usr 0 00:00:00, Sys 0 00:00:00  -  Total Local Usage
	1199  -  Run Bytes Sent By Job
	254  -  Run Bytes Received By Job
	1199  -  Total Bytes Sent By Job
	254  -  Total Bytes Received By Job
	Partitionable Resources :    Usage  Request Allocated 
	   Cpus                 :     0.84        1         1 
	   Disk (KB)            :    26           1      3862 
	   GPUs                 :                           0 
	   Memory (MB)          :   766        3000      3000 

	Job terminated of its own accord at 2025-03-02T09:28:38Z with exit-code 0.
...
