000 (7008388.000.000) 03/02 09:32:10 Job submitted from host: <188.185.8.79:9618?addrs=188.185.8.79-9618+[2001-1458-d00-63--100-23a]-9618&alias=bigbird26.cern.ch&noUDP&sock=schedd_2073_7bea>
...
040 (7008388.000.000) 03/02 09:32:37 Started transferring input files
	Transferring to host: <188.185.192.172:9618?addrs=188.185.192.172-9618+[2001-1458-303-1f--100-a8]-9618&alias=b9p13p7703.cern.ch&noUDP&sock=slot1_9_1226716_2555_116651>
...
040 (7008388.000.000) 03/02 09:32:37 Finished transferring input files
...
001 (7008388.000.000) 03/02 09:32:38 Job executing on host: <188.185.192.172:9618?addrs=188.185.192.172-9618+[2001-1458-303-1f--100-a8]-9618&alias=b9p13p7703.cern.ch&noUDP&sock=startd_10954_1c82>
	SlotName: slot1_9@b9p13p7703.cern.ch
	CondorScratchDir = "/pool/condor/dir_2146274"
	Cpus = 1
	Disk = 3598
	GPUs = 0
	Memory = 3000
...
006 (7008388.000.000) 03/02 09:32:47 Image size of job updated: 4776
	5  -  MemoryUsage of job (MB)
	4776  -  ResidentSetSize of job (KB)
...
006 (7008388.000.000) 03/02 09:34:03 Image size of job updated: 65332
	64  -  MemoryUsage of job (MB)
	65332  -  ResidentSetSize of job (KB)
...
040 (7008388.000.000) 03/02 09:34:03 Started transferring output files
...
040 (7008388.000.000) 03/02 09:34:03 Finished transferring output files
...
005 (7008388.000.000) 03/02 09:34:03 Job terminated.
	(1) Normal termination (return value 0)
		Usr 0 00:00:00, Sys 0 00:00:00  -  Run Remote Usage
		Usr 0 00:00:00, Sys 0 00:00:00  -  Run Local Usage
		Usr 0 00:00:00, Sys 0 00:00:00  -  Total Remote Usage
		Usr 0 00:00:00, Sys 0 00:00:00  -  Total Local Usage
	1241  -  Run Bytes Sent By Job
	254  -  Run Bytes Received By Job
	1241  -  Total Bytes Sent By Job
	254  -  Total Bytes Received By Job
	Partitionable Resources :    Usage  Request Allocated 
	   Cpus                 :        0        1         1 
	   Disk (KB)            :       26        1      3598 
	   GPUs                 :                           0 
	   Memory (MB)          :       64     3000      3000 

	Job terminated of its own accord at 2025-03-02T08:34:03Z with exit-code 0.
...
000 (7008488.000.000) 03/02 11:37:24 Job submitted from host: <188.185.8.79:9618?addrs=188.185.8.79-9618+[2001-1458-d00-63--100-23a]-9618&alias=bigbird26.cern.ch&noUDP&sock=schedd_2073_7bea>
...
040 (7008488.000.000) 03/02 11:39:08 Started transferring input files
	Transferring to host: <188.185.196.95:9618?addrs=188.185.196.95-9618+[2001-1458-303-23--100-5b]-9618&alias=b9p16p0468.cern.ch&noUDP&sock=slot1_22_2379318_862b_23196>
...
040 (7008488.000.000) 03/02 11:39:08 Finished transferring input files
...
001 (7008488.000.000) 03/02 11:39:09 Job executing on host: <188.185.196.95:9618?addrs=188.185.196.95-9618+[2001-1458-303-23--100-5b]-9618&alias=b9p16p0468.cern.ch&noUDP&sock=startd_5081_b8cb>
	SlotName: slot1_22@b9p16p0468.cern.ch
	CondorScratchDir = "/pool/condor/dir_241040"
	Cpus = 1
	Disk = 3691
	GPUs = 0
	Memory = 3000
...
006 (7008488.000.000) 03/02 11:39:17 Image size of job updated: 27672
	28  -  MemoryUsage of job (MB)
	27672  -  ResidentSetSize of job (KB)
...
006 (7008488.000.000) 03/02 11:44:17 Image size of job updated: 855020
	835  -  MemoryUsage of job (MB)
	855020  -  ResidentSetSize of job (KB)
...
006 (7008488.000.000) 03/02 12:04:19 Image size of job updated: 855108
	836  -  MemoryUsage of job (MB)
	855108  -  ResidentSetSize of job (KB)
...
006 (7008488.000.000) 03/02 12:09:20 Image size of job updated: 855172
	836  -  MemoryUsage of job (MB)
	855172  -  ResidentSetSize of job (KB)
...
006 (7008488.000.000) 03/02 12:14:20 Image size of job updated: 855176
	836  -  MemoryUsage of job (MB)
	855176  -  ResidentSetSize of job (KB)
...
040 (7008488.000.000) 03/02 12:32:42 Started transferring output files
...
040 (7008488.000.000) 03/02 12:32:42 Finished transferring output files
...
005 (7008488.000.000) 03/02 12:32:42 Job terminated.
	(1) Normal termination (return value 0)
		Usr 0 00:47:38, Sys 0 00:00:11  -  Run Remote Usage
		Usr 0 00:00:00, Sys 0 00:00:00  -  Run Local Usage
		Usr 0 00:47:38, Sys 0 00:00:11  -  Total Remote Usage
		Usr 0 00:00:00, Sys 0 00:00:00  -  Total Local Usage
	1202  -  Run Bytes Sent By Job
	254  -  Run Bytes Received By Job
	1202  -  Total Bytes Sent By Job
	254  -  Total Bytes Received By Job
	Partitionable Resources :    Usage  Request Allocated 
	   Cpus                 :     0.87        1         1 
	   Disk (KB)            :    26           1      3691 
	   GPUs                 :                           0 
	   Memory (MB)          :   836        3000      3000 

	Job terminated of its own accord at 2025-03-02T11:32:42Z with exit-code 0.
...
