000 (7008354.000.000) 03/02 09:31:54 Job submitted from host: <188.185.8.79:9618?addrs=188.185.8.79-9618+[2001-1458-d00-63--100-23a]-9618&alias=bigbird26.cern.ch&noUDP&sock=schedd_2073_7bea>
...
040 (7008354.000.000) 03/02 09:32:28 Started transferring input files
	Transferring to host: <188.185.198.46:9618?addrs=188.185.198.46-9618+[2001-1458-303-25--100-2a]-9618&alias=b9p15p0351.cern.ch&noUDP&sock=slot1_22_6361_a65c_11906>
...
040 (7008354.000.000) 03/02 09:32:28 Finished transferring input files
...
001 (7008354.000.000) 03/02 09:32:29 Job executing on host: <188.185.198.46:9618?addrs=188.185.198.46-9618+[2001-1458-303-25--100-2a]-9618&alias=b9p15p0351.cern.ch&noUDP&sock=startd_4463_d344>
	SlotName: slot1_22@b9p15p0351.cern.ch
	CondorScratchDir = "/pool/condor/dir_3422261"
	Cpus = 1
	Disk = 3781
	GPUs = 0
	Memory = 3000
...
006 (7008354.000.000) 03/02 09:32:43 Image size of job updated: 572
	1  -  MemoryUsage of job (MB)
	572  -  ResidentSetSize of job (KB)
...
006 (7008354.000.000) 03/02 09:37:44 Image size of job updated: 783740
	766  -  MemoryUsage of job (MB)
	783676  -  ResidentSetSize of job (KB)
...
006 (7008354.000.000) 03/02 09:42:44 Image size of job updated: 783740
	766  -  MemoryUsage of job (MB)
	783740  -  ResidentSetSize of job (KB)
...
006 (7008354.000.000) 03/02 09:57:46 Image size of job updated: 783816
	766  -  MemoryUsage of job (MB)
	783752  -  ResidentSetSize of job (KB)
...
006 (7008354.000.000) 03/02 10:07:48 Image size of job updated: 783884
	766  -  MemoryUsage of job (MB)
	783752  -  ResidentSetSize of job (KB)
...
006 (7008354.000.000) 03/02 10:12:48 Image size of job updated: 783884
	766  -  MemoryUsage of job (MB)
	783820  -  ResidentSetSize of job (KB)
...
006 (7008354.000.000) 03/02 10:17:49 Image size of job updated: 784012
	766  -  MemoryUsage of job (MB)
	783820  -  ResidentSetSize of job (KB)
...
040 (7008354.000.000) 03/02 10:25:54 Started transferring output files
...
040 (7008354.000.000) 03/02 10:25:54 Finished transferring output files
...
005 (7008354.000.000) 03/02 10:25:54 Job terminated.
	(1) Normal termination (return value 0)
		Usr 0 00:44:52, Sys 0 00:00:09  -  Run Remote Usage
		Usr 0 00:00:00, Sys 0 00:00:00  -  Run Local Usage
		Usr 0 00:44:52, Sys 0 00:00:09  -  Total Remote Usage
		Usr 0 00:00:00, Sys 0 00:00:00  -  Total Local Usage
	1204  -  Run Bytes Sent By Job
	254  -  Run Bytes Received By Job
	1204  -  Total Bytes Sent By Job
	254  -  Total Bytes Received By Job
	Partitionable Resources :    Usage  Request Allocated 
	   Cpus                 :     0.89        1         1 
	   Disk (KB)            :    26           1      3781 
	   GPUs                 :                           0 
	   Memory (MB)          :   766        3000      3000 

	Job terminated of its own accord at 2025-03-02T09:25:54Z with exit-code 0.
...
