000 (7008330.000.000) 03/02 09:31:44 Job submitted from host: <188.185.8.79:9618?addrs=188.185.8.79-9618+[2001-1458-d00-63--100-23a]-9618&alias=bigbird26.cern.ch&noUDP&sock=schedd_2073_7bea>
...
040 (7008330.000.000) 03/02 09:32:21 Started transferring input files
	Transferring to host: <188.185.196.88:9618?addrs=188.185.196.88-9618+[2001-1458-303-23--100-54]-9618&alias=b9p16p9362.cern.ch&noUDP&sock=slot1_33_8070_cb81_10856>
...
040 (7008330.000.000) 03/02 09:32:21 Finished transferring input files
...
001 (7008330.000.000) 03/02 09:32:22 Job executing on host: <188.185.196.88:9618?addrs=188.185.196.88-9618+[2001-1458-303-23--100-54]-9618&alias=b9p16p9362.cern.ch&noUDP&sock=startd_6740_a869>
	SlotName: slot1_33@b9p16p9362.cern.ch
	CondorScratchDir = "/pool/condor/dir_1711079"
	Cpus = 1
	Disk = 3820
	GPUs = 0
	Memory = 3000
...
006 (7008330.000.000) 03/02 09:32:36 Image size of job updated: 4264
	5  -  MemoryUsage of job (MB)
	4264  -  ResidentSetSize of job (KB)
...
006 (7008330.000.000) 03/02 09:37:38 Image size of job updated: 785992
	768  -  MemoryUsage of job (MB)
	785928  -  ResidentSetSize of job (KB)
...
006 (7008330.000.000) 03/02 09:57:40 Image size of job updated: 786068
	768  -  MemoryUsage of job (MB)
	785940  -  ResidentSetSize of job (KB)
...
006 (7008330.000.000) 03/02 10:02:40 Image size of job updated: 786068
	768  -  MemoryUsage of job (MB)
	786004  -  ResidentSetSize of job (KB)
...
006 (7008330.000.000) 03/02 10:07:41 Image size of job updated: 786072
	768  -  MemoryUsage of job (MB)
	786004  -  ResidentSetSize of job (KB)
...
006 (7008330.000.000) 03/02 10:12:41 Image size of job updated: 786136
	768  -  MemoryUsage of job (MB)
	786004  -  ResidentSetSize of job (KB)
...
006 (7008330.000.000) 03/02 10:17:41 Image size of job updated: 786264
	768  -  MemoryUsage of job (MB)
	786136  -  ResidentSetSize of job (KB)
...
040 (7008330.000.000) 03/02 10:25:15 Started transferring output files
...
040 (7008330.000.000) 03/02 10:25:15 Finished transferring output files
...
005 (7008330.000.000) 03/02 10:25:15 Job terminated.
	(1) Normal termination (return value 0)
		Usr 0 00:49:21, Sys 0 00:00:11  -  Run Remote Usage
		Usr 0 00:00:00, Sys 0 00:00:00  -  Run Local Usage
		Usr 0 00:49:21, Sys 0 00:00:11  -  Total Remote Usage
		Usr 0 00:00:00, Sys 0 00:00:00  -  Total Local Usage
	1203  -  Run Bytes Sent By Job
	254  -  Run Bytes Received By Job
	1203  -  Total Bytes Sent By Job
	254  -  Total Bytes Received By Job
	Partitionable Resources :    Usage  Request Allocated 
	   Cpus                 :     0.97        1         1 
	   Disk (KB)            :    26           1      3820 
	   GPUs                 :                           0 
	   Memory (MB)          :   768        3000      3000 

	Job terminated of its own accord at 2025-03-02T09:25:15Z with exit-code 0.
...
