000 (7008353.000.000) 03/02 09:31:54 Job submitted from host: <188.185.8.79:9618?addrs=188.185.8.79-9618+[2001-1458-d00-63--100-23a]-9618&alias=bigbird26.cern.ch&noUDP&sock=schedd_2073_7bea>
...
040 (7008353.000.000) 03/02 09:32:28 Started transferring input files
	Transferring to host: <188.185.194.171:9618?addrs=188.185.194.171-9618+[2001-1458-303-21--100-a7]-9618&alias=b9p20p2583.cern.ch&noUDP&sock=slot1_41_3020420_e141_16697>
...
040 (7008353.000.000) 03/02 09:32:28 Finished transferring input files
...
001 (7008353.000.000) 03/02 09:32:29 Job executing on host: <188.185.194.171:9618?addrs=188.185.194.171-9618+[2001-1458-303-21--100-a7]-9618&alias=b9p20p2583.cern.ch&noUDP&sock=startd_4832_edb6>
	SlotName: slot1_41@b9p20p2583.cern.ch
	CondorScratchDir = "/pool/condor/dir_3544955"
	Cpus = 1
	Disk = 3701
	GPUs = 0
	Memory = 3000
...
006 (7008353.000.000) 03/02 09:32:38 Image size of job updated: 17180
	17  -  MemoryUsage of job (MB)
	17180  -  ResidentSetSize of job (KB)
...
006 (7008353.000.000) 03/02 09:37:39 Image size of job updated: 855208
	836  -  MemoryUsage of job (MB)
	855208  -  ResidentSetSize of job (KB)
...
006 (7008353.000.000) 03/02 09:47:39 Image size of job updated: 855680
	836  -  MemoryUsage of job (MB)
	855680  -  ResidentSetSize of job (KB)
...
006 (7008353.000.000) 03/02 09:57:40 Image size of job updated: 855692
	836  -  MemoryUsage of job (MB)
	855692  -  ResidentSetSize of job (KB)
...
006 (7008353.000.000) 03/02 10:07:41 Image size of job updated: 856488
	837  -  MemoryUsage of job (MB)
	856488  -  ResidentSetSize of job (KB)
...
006 (7008353.000.000) 03/02 10:12:42 Image size of job updated: 856680
	837  -  MemoryUsage of job (MB)
	856680  -  ResidentSetSize of job (KB)
...
040 (7008353.000.000) 03/02 10:23:27 Started transferring output files
...
040 (7008353.000.000) 03/02 10:23:27 Finished transferring output files
...
005 (7008353.000.000) 03/02 10:23:27 Job terminated.
	(1) Normal termination (return value 0)
		Usr 0 00:47:28, Sys 0 00:00:06  -  Run Remote Usage
		Usr 0 00:00:00, Sys 0 00:00:00  -  Run Local Usage
		Usr 0 00:47:28, Sys 0 00:00:06  -  Total Remote Usage
		Usr 0 00:00:00, Sys 0 00:00:00  -  Total Local Usage
	1203  -  Run Bytes Sent By Job
	254  -  Run Bytes Received By Job
	1203  -  Total Bytes Sent By Job
	254  -  Total Bytes Received By Job
	Partitionable Resources :    Usage  Request Allocated 
	   Cpus                 :     0.98        1         1 
	   Disk (KB)            :    26           1      3701 
	   GPUs                 :                           0 
	   Memory (MB)          :   837        3000      3000 

	Job terminated of its own accord at 2025-03-02T09:23:27Z with exit-code 0.
...
