000 (7008397.000.000) 03/02 09:32:16 Job submitted from host: <188.185.8.79:9618?addrs=188.185.8.79-9618+[2001-1458-d00-63--100-23a]-9618&alias=bigbird26.cern.ch&noUDP&sock=schedd_2073_7bea>
...
040 (7008397.000.000) 03/02 09:34:05 Started transferring input files
	Transferring to host: <188.185.194.68:9618?addrs=188.185.194.68-9618+[2001-1458-303-21--100-40]-9618&alias=b9p20p5000.cern.ch&noUDP&sock=slot1_25_3379479_6d6a_15029>
...
040 (7008397.000.000) 03/02 09:34:05 Finished transferring input files
...
001 (7008397.000.000) 03/02 09:34:06 Job executing on host: <188.185.194.68:9618?addrs=188.185.194.68-9618+[2001-1458-303-21--100-40]-9618&alias=b9p20p5000.cern.ch&noUDP&sock=startd_6859_482f>
	SlotName: slot1_25@b9p20p5000.cern.ch
	CondorScratchDir = "/pool/condor/dir_2127040"
	Cpus = 1
	Disk = 3676
	GPUs = 0
	Memory = 3000
...
006 (7008397.000.000) 03/02 09:34:07 Image size of job updated: 324
	1  -  MemoryUsage of job (MB)
	324  -  ResidentSetSize of job (KB)
...
040 (7008397.000.000) 03/02 09:34:07 Started transferring output files
...
040 (7008397.000.000) 03/02 09:34:07 Finished transferring output files
...
005 (7008397.000.000) 03/02 09:34:07 Job terminated.
	(1) Normal termination (return value 0)
		Usr 0 00:00:00, Sys 0 00:00:00  -  Run Remote Usage
		Usr 0 00:00:00, Sys 0 00:00:00  -  Run Local Usage
		Usr 0 00:00:00, Sys 0 00:00:00  -  Total Remote Usage
		Usr 0 00:00:00, Sys 0 00:00:00  -  Total Local Usage
	1241  -  Run Bytes Sent By Job
	254  -  Run Bytes Received By Job
	1241  -  Total Bytes Sent By Job
	254  -  Total Bytes Received By Job
	Partitionable Resources :    Usage  Request Allocated 
	   Cpus                 :                 1         1 
	   Disk (KB)            :       19        1      3676 
	   GPUs                 :                           0 
	   Memory (MB)          :        1     3000      3000 

	Job terminated of its own accord at 2025-03-02T08:34:07Z with exit-code 0.
...
000 (7008496.000.000) 03/02 11:37:28 Job submitted from host: <188.185.8.79:9618?addrs=188.185.8.79-9618+[2001-1458-d00-63--100-23a]-9618&alias=bigbird26.cern.ch&noUDP&sock=schedd_2073_7bea>
...
040 (7008496.000.000) 03/02 11:39:10 Started transferring input files
	Transferring to host: <188.185.196.131:9618?addrs=188.185.196.131-9618+[2001-1458-303-23--100-7f]-9618&alias=b9p16p3366.cern.ch&noUDP&sock=slot1_46_408246_fd12_20099>
...
040 (7008496.000.000) 03/02 11:39:10 Finished transferring input files
...
001 (7008496.000.000) 03/02 11:39:11 Job executing on host: <188.185.196.131:9618?addrs=188.185.196.131-9618+[2001-1458-303-23--100-7f]-9618&alias=b9p16p3366.cern.ch&noUDP&sock=startd_4497_257c>
	SlotName: slot1_46@b9p16p3366.cern.ch
	CondorScratchDir = "/pool/condor/dir_143908"
	Cpus = 1
	Disk = 3795
	GPUs = 0
	Memory = 3000
...
006 (7008496.000.000) 03/02 11:39:20 Image size of job updated: 1860
	2  -  MemoryUsage of job (MB)
	1860  -  ResidentSetSize of job (KB)
...
006 (7008496.000.000) 03/02 11:44:21 Image size of job updated: 858164
	839  -  MemoryUsage of job (MB)
	858164  -  ResidentSetSize of job (KB)
...
006 (7008496.000.000) 03/02 12:04:24 Image size of job updated: 858248
	839  -  MemoryUsage of job (MB)
	858248  -  ResidentSetSize of job (KB)
...
006 (7008496.000.000) 03/02 12:09:24 Image size of job updated: 858312
	839  -  MemoryUsage of job (MB)
	858312  -  ResidentSetSize of job (KB)
...
006 (7008496.000.000) 03/02 12:14:24 Image size of job updated: 858380
	839  -  MemoryUsage of job (MB)
	858380  -  ResidentSetSize of job (KB)
...
040 (7008496.000.000) 03/02 12:32:27 Started transferring output files
...
040 (7008496.000.000) 03/02 12:32:27 Finished transferring output files
...
005 (7008496.000.000) 03/02 12:32:27 Job terminated.
	(1) Normal termination (return value 0)
		Usr 0 00:48:13, Sys 0 00:00:06  -  Run Remote Usage
		Usr 0 00:00:00, Sys 0 00:00:00  -  Run Local Usage
		Usr 0 00:48:13, Sys 0 00:00:06  -  Total Remote Usage
		Usr 0 00:00:00, Sys 0 00:00:00  -  Total Local Usage
	1202  -  Run Bytes Sent By Job
	254  -  Run Bytes Received By Job
	1202  -  Total Bytes Sent By Job
	254  -  Total Bytes Received By Job
	Partitionable Resources :    Usage  Request Allocated 
	   Cpus                 :     0.95        1         1 
	   Disk (KB)            :    26           1      3795 
	   GPUs                 :                           0 
	   Memory (MB)          :   839        3000      3000 

	Job terminated of its own accord at 2025-03-02T11:32:27Z with exit-code 0.
...
