000 (7008408.000.000) 03/02 09:32:21 Job submitted from host: <188.185.8.79:9618?addrs=188.185.8.79-9618+[2001-1458-d00-63--100-23a]-9618&alias=bigbird26.cern.ch&noUDP&sock=schedd_2073_7bea>
...
040 (7008408.000.000) 03/02 09:34:09 Started transferring input files
	Transferring to host: <188.185.195.161:9618?addrs=188.185.195.161-9618+[2001-1458-303-22--100-9d]-9618&alias=b9p17p8157.cern.ch&noUDP&sock=slot1_16_7864_a639_101622>
...
040 (7008408.000.000) 03/02 09:34:09 Finished transferring input files
...
001 (7008408.000.000) 03/02 09:34:10 Job executing on host: <188.185.195.161:9618?addrs=188.185.195.161-9618+[2001-1458-303-22--100-9d]-9618&alias=b9p17p8157.cern.ch&noUDP&sock=startd_6584_a7a3>
	SlotName: slot1_16@b9p17p8157.cern.ch
	CondorScratchDir = "/pool/condor/dir_1076414"
	Cpus = 1
	Disk = 3806
	GPUs = 0
	Memory = 3000
...
006 (7008408.000.000) 03/02 09:34:11 Image size of job updated: 2376
	3  -  MemoryUsage of job (MB)
	2376  -  ResidentSetSize of job (KB)
...
040 (7008408.000.000) 03/02 09:34:11 Started transferring output files
...
040 (7008408.000.000) 03/02 09:34:11 Finished transferring output files
...
005 (7008408.000.000) 03/02 09:34:11 Job terminated.
	(1) Normal termination (return value 0)
		Usr 0 00:00:00, Sys 0 00:00:00  -  Run Remote Usage
		Usr 0 00:00:00, Sys 0 00:00:00  -  Run Local Usage
		Usr 0 00:00:00, Sys 0 00:00:00  -  Total Remote Usage
		Usr 0 00:00:00, Sys 0 00:00:00  -  Total Local Usage
	1241  -  Run Bytes Sent By Job
	254  -  Run Bytes Received By Job
	1241  -  Total Bytes Sent By Job
	254  -  Total Bytes Received By Job
	Partitionable Resources :    Usage  Request Allocated 
	   Cpus                 :        0        1         1 
	   Disk (KB)            :       27        1      3806 
	   GPUs                 :                           0 
	   Memory (MB)          :        3     3000      3000 

	Job terminated of its own accord at 2025-03-02T08:34:11Z with exit-code 0.
...
000 (7008507.000.000) 03/02 11:37:33 Job submitted from host: <188.185.8.79:9618?addrs=188.185.8.79-9618+[2001-1458-d00-63--100-23a]-9618&alias=bigbird26.cern.ch&noUDP&sock=schedd_2073_7bea>
...
040 (7008507.000.000) 03/02 11:39:20 Started transferring input files
	Transferring to host: <188.185.194.107:9618?addrs=188.185.194.107-9618+[2001-1458-303-21--100-67]-9618&alias=b9p20p3190.cern.ch&noUDP&sock=slot1_33_3589674_d1ee_25567>
...
040 (7008507.000.000) 03/02 11:39:20 Finished transferring input files
...
001 (7008507.000.000) 03/02 11:39:21 Job executing on host: <188.185.194.107:9618?addrs=188.185.194.107-9618+[2001-1458-303-21--100-67]-9618&alias=b9p20p3190.cern.ch&noUDP&sock=startd_7105_047b>
	SlotName: slot1_33@b9p20p3190.cern.ch
	CondorScratchDir = "/pool/condor/dir_120130"
	Cpus = 1
	Disk = 3768
	GPUs = 0
	Memory = 3000
...
006 (7008507.000.000) 03/02 11:39:30 Image size of job updated: 1792
	2  -  MemoryUsage of job (MB)
	1792  -  ResidentSetSize of job (KB)
...
006 (7008507.000.000) 03/02 11:40:04 Image size of job updated: 64196
	63  -  MemoryUsage of job (MB)
	64196  -  ResidentSetSize of job (KB)
...
040 (7008507.000.000) 03/02 11:40:04 Started transferring output files
...
040 (7008507.000.000) 03/02 11:40:04 Finished transferring output files
...
005 (7008507.000.000) 03/02 11:40:04 Job terminated.
	(1) Normal termination (return value 0)
		Usr 0 00:00:00, Sys 0 00:00:00  -  Run Remote Usage
		Usr 0 00:00:00, Sys 0 00:00:00  -  Run Local Usage
		Usr 0 00:00:00, Sys 0 00:00:00  -  Total Remote Usage
		Usr 0 00:00:00, Sys 0 00:00:00  -  Total Local Usage
	1241  -  Run Bytes Sent By Job
	254  -  Run Bytes Received By Job
	1241  -  Total Bytes Sent By Job
	254  -  Total Bytes Received By Job
	Partitionable Resources :    Usage  Request Allocated 
	   Cpus                 :        0        1         1 
	   Disk (KB)            :       26        1      3768 
	   GPUs                 :                           0 
	   Memory (MB)          :       63     3000      3000 

	Job terminated of its own accord at 2025-03-02T10:40:04Z with exit-code 0.
...
000 (7026669.000.000) 03/02 14:54:32 Job submitted from host: <188.185.8.79:9618?addrs=188.185.8.79-9618+[2001-1458-d00-63--100-23a]-9618&alias=bigbird26.cern.ch&noUDP&sock=schedd_2073_7bea>
...
040 (7026669.000.000) 03/02 14:57:48 Started transferring input files
	Transferring to host: <188.184.185.106:9618?addrs=188.184.185.106-9618+[2001-1458-301-52--100-69]-9618&alias=b9g37p0851.cern.ch&noUDP&sock=slot1_3_584942_4e24_13485>
...
040 (7026669.000.000) 03/02 14:57:48 Finished transferring input files
...
001 (7026669.000.000) 03/02 14:57:49 Job executing on host: <188.184.185.106:9618?addrs=188.184.185.106-9618+[2001-1458-301-52--100-69]-9618&alias=b9g37p0851.cern.ch&noUDP&sock=startd_4925_b805>
	SlotName: slot1_3@b9g37p0851.cern.ch
	CondorScratchDir = "/pool/condor/dir_2946792"
	Cpus = 1
	Disk = 3625
	GPUs = 0
	Memory = 3000
...
006 (7026669.000.000) 03/02 14:58:03 Image size of job updated: 85576
	84  -  MemoryUsage of job (MB)
	85576  -  ResidentSetSize of job (KB)
...
006 (7026669.000.000) 03/02 15:03:04 Image size of job updated: 781168
	763  -  MemoryUsage of job (MB)
	781104  -  ResidentSetSize of job (KB)
...
040 (7026669.000.000) 03/02 15:55:21 Started transferring output files
...
040 (7026669.000.000) 03/02 15:55:21 Finished transferring output files
...
005 (7026669.000.000) 03/02 15:55:21 Job terminated.
	(1) Normal termination (return value 0)
		Usr 0 00:53:00, Sys 0 00:00:23  -  Run Remote Usage
		Usr 0 00:00:00, Sys 0 00:00:00  -  Run Local Usage
		Usr 0 00:53:00, Sys 0 00:00:23  -  Total Remote Usage
		Usr 0 00:00:00, Sys 0 00:00:00  -  Total Local Usage
	1202  -  Run Bytes Sent By Job
	254  -  Run Bytes Received By Job
	1202  -  Total Bytes Sent By Job
	254  -  Total Bytes Received By Job
	Partitionable Resources :    Usage  Request Allocated 
	   Cpus                 :     0.98        1         1 
	   Disk (KB)            :    26           1      3625 
	   GPUs                 :                           0 
	   Memory (MB)          :   763        3000      3000 

	Job terminated of its own accord at 2025-03-02T14:55:21Z with exit-code 0.
...
