000 (7008318.000.000) 03/02 09:31:38 Job submitted from host: <188.185.8.79:9618?addrs=188.185.8.79-9618+[2001-1458-d00-63--100-23a]-9618&alias=bigbird26.cern.ch&noUDP&sock=schedd_2073_7bea>
...
040 (7008318.000.000) 03/02 09:32:18 Started transferring input files
	Transferring to host: <188.185.215.143:9618?addrs=188.185.215.143-9618+[2001-1458-303-26--100-b]-9618&alias=b9p18p1249.cern.ch&noUDP&sock=slot1_5_347655_25d2_8865>
...
040 (7008318.000.000) 03/02 09:32:18 Finished transferring input files
...
001 (7008318.000.000) 03/02 09:32:19 Job executing on host: <188.185.215.143:9618?addrs=188.185.215.143-9618+[2001-1458-303-26--100-b]-9618&alias=b9p18p1249.cern.ch&noUDP&sock=startd_4461_7413>
	SlotName: slot1_5@b9p18p1249.cern.ch
	CondorScratchDir = "/pool/condor/dir_1605268"
	Cpus = 1
	Disk = 3732
	GPUs = 0
	Memory = 3000
...
006 (7008318.000.000) 03/02 09:32:28 Image size of job updated: 82332
	81  -  MemoryUsage of job (MB)
	82332  -  ResidentSetSize of job (KB)
...
006 (7008318.000.000) 03/02 09:37:29 Image size of job updated: 854788
	835  -  MemoryUsage of job (MB)
	854788  -  ResidentSetSize of job (KB)
...
006 (7008318.000.000) 03/02 09:52:31 Image size of job updated: 854844
	835  -  MemoryUsage of job (MB)
	854844  -  ResidentSetSize of job (KB)
...
006 (7008318.000.000) 03/02 09:57:32 Image size of job updated: 855032
	835  -  MemoryUsage of job (MB)
	855032  -  ResidentSetSize of job (KB)
...
006 (7008318.000.000) 03/02 10:02:32 Image size of job updated: 855096
	836  -  MemoryUsage of job (MB)
	855096  -  ResidentSetSize of job (KB)
...
006 (7008318.000.000) 03/02 10:12:33 Image size of job updated: 855208
	836  -  MemoryUsage of job (MB)
	855208  -  ResidentSetSize of job (KB)
...
006 (7008318.000.000) 03/02 10:32:35 Image size of job updated: 855276
	836  -  MemoryUsage of job (MB)
	855276  -  ResidentSetSize of job (KB)
...
040 (7008318.000.000) 03/02 10:33:39 Started transferring output files
...
040 (7008318.000.000) 03/02 10:33:39 Finished transferring output files
...
005 (7008318.000.000) 03/02 10:33:39 Job terminated.
	(1) Normal termination (return value 0)
		Usr 0 00:43:46, Sys 0 00:01:06  -  Run Remote Usage
		Usr 0 00:00:00, Sys 0 00:00:00  -  Run Local Usage
		Usr 0 00:43:46, Sys 0 00:01:06  -  Total Remote Usage
		Usr 0 00:00:00, Sys 0 00:00:00  -  Total Local Usage
	1202  -  Run Bytes Sent By Job
	254  -  Run Bytes Received By Job
	1202  -  Total Bytes Sent By Job
	254  -  Total Bytes Received By Job
	Partitionable Resources :    Usage  Request Allocated 
	   Cpus                 :     0.87        1         1 
	   Disk (KB)            :    26           1      3732 
	   GPUs                 :                           0 
	   Memory (MB)          :   836        3000      3000 

	Job terminated of its own accord at 2025-03-02T09:33:39Z with exit-code 0.
...
