000 (7008391.000.000) 03/02 09:32:11 Job submitted from host: <188.185.8.79:9618?addrs=188.185.8.79-9618+[2001-1458-d00-63--100-23a]-9618&alias=bigbird26.cern.ch&noUDP&sock=schedd_2073_7bea>
...
040 (7008391.000.000) 03/02 09:32:53 Started transferring input files
	Transferring to host: <188.185.195.145:9618?addrs=188.185.195.145-9618+[2001-1458-303-22--100-8d]-9618&alias=b9p17p9149.cern.ch&noUDP&sock=slot1_35_7404_89a6_12313>
...
040 (7008391.000.000) 03/02 09:32:53 Finished transferring input files
...
001 (7008391.000.000) 03/02 09:32:54 Job executing on host: <188.185.195.145:9618?addrs=188.185.195.145-9618+[2001-1458-303-22--100-8d]-9618&alias=b9p17p9149.cern.ch&noUDP&sock=startd_6168_503d>
	SlotName: slot1_35@b9p17p9149.cern.ch
	CondorScratchDir = "/pool/condor/dir_3561935"
	Cpus = 1
	Disk = 3655
	GPUs = 0
	Memory = 3000
...
006 (7008391.000.000) 03/02 09:33:08 Image size of job updated: 4976
	5  -  MemoryUsage of job (MB)
	4976  -  ResidentSetSize of job (KB)
...
006 (7008391.000.000) 03/02 09:38:09 Image size of job updated: 785384
	767  -  MemoryUsage of job (MB)
	785320  -  ResidentSetSize of job (KB)
...
006 (7008391.000.000) 03/02 09:43:10 Image size of job updated: 785384
	767  -  MemoryUsage of job (MB)
	785384  -  ResidentSetSize of job (KB)
...
006 (7008391.000.000) 03/02 09:58:12 Image size of job updated: 785456
	767  -  MemoryUsage of job (MB)
	785384  -  ResidentSetSize of job (KB)
...
006 (7008391.000.000) 03/02 10:03:12 Image size of job updated: 785456
	767  -  MemoryUsage of job (MB)
	785392  -  ResidentSetSize of job (KB)
...
006 (7008391.000.000) 03/02 10:08:13 Image size of job updated: 785460
	767  -  MemoryUsage of job (MB)
	785396  -  ResidentSetSize of job (KB)
...
006 (7008391.000.000) 03/02 10:13:14 Image size of job updated: 785588
	767  -  MemoryUsage of job (MB)
	785396  -  ResidentSetSize of job (KB)
...
006 (7008391.000.000) 03/02 10:18:14 Image size of job updated: 785652
	768  -  MemoryUsage of job (MB)
	785460  -  ResidentSetSize of job (KB)
...
040 (7008391.000.000) 03/02 10:25:49 Started transferring output files
...
040 (7008391.000.000) 03/02 10:25:49 Finished transferring output files
...
005 (7008391.000.000) 03/02 10:25:49 Job terminated.
	(1) Normal termination (return value 0)
		Usr 0 00:49:19, Sys 0 00:00:13  -  Run Remote Usage
		Usr 0 00:00:00, Sys 0 00:00:00  -  Run Local Usage
		Usr 0 00:49:19, Sys 0 00:00:13  -  Total Remote Usage
		Usr 0 00:00:00, Sys 0 00:00:00  -  Total Local Usage
	1202  -  Run Bytes Sent By Job
	254  -  Run Bytes Received By Job
	1202  -  Total Bytes Sent By Job
	254  -  Total Bytes Received By Job
	Partitionable Resources :    Usage  Request Allocated 
	   Cpus                 :     0.99        1         1 
	   Disk (KB)            :    26           1      3655 
	   GPUs                 :                           0 
	   Memory (MB)          :   768        3000      3000 

	Job terminated of its own accord at 2025-03-02T09:25:49Z with exit-code 0.
...
