000 (7008342.000.000) 03/02 09:31:49 Job submitted from host: <188.185.8.79:9618?addrs=188.185.8.79-9618+[2001-1458-d00-63--100-23a]-9618&alias=bigbird26.cern.ch&noUDP&sock=schedd_2073_7bea>
...
040 (7008342.000.000) 03/02 09:32:25 Started transferring input files
	Transferring to host: <188.185.196.160:9618?addrs=188.185.196.160-9618+[2001-1458-303-23--100-9c]-9618&alias=b9p16p4006.cern.ch&noUDP&sock=slot1_38_7579_d74d_15460>
...
040 (7008342.000.000) 03/02 09:32:25 Finished transferring input files
...
001 (7008342.000.000) 03/02 09:32:26 Job executing on host: <188.185.196.160:9618?addrs=188.185.196.160-9618+[2001-1458-303-23--100-9c]-9618&alias=b9p16p4006.cern.ch&noUDP&sock=startd_6600_a127>
	SlotName: slot1_38@b9p16p4006.cern.ch
	CondorScratchDir = "/pool/condor/dir_2931456"
	Cpus = 1
	Disk = 3797
	GPUs = 0
	Memory = 3000
...
006 (7008342.000.000) 03/02 09:32:40 Image size of job updated: 684
	1  -  MemoryUsage of job (MB)
	684  -  ResidentSetSize of job (KB)
...
006 (7008342.000.000) 03/02 09:37:40 Image size of job updated: 784372
	766  -  MemoryUsage of job (MB)
	784372  -  ResidentSetSize of job (KB)
...
006 (7008342.000.000) 03/02 09:57:42 Image size of job updated: 784448
	766  -  MemoryUsage of job (MB)
	784372  -  ResidentSetSize of job (KB)
...
006 (7008342.000.000) 03/02 10:02:43 Image size of job updated: 784448
	766  -  MemoryUsage of job (MB)
	784384  -  ResidentSetSize of job (KB)
...
006 (7008342.000.000) 03/02 10:07:44 Image size of job updated: 784452
	767  -  MemoryUsage of job (MB)
	784452  -  ResidentSetSize of job (KB)
...
006 (7008342.000.000) 03/02 10:17:45 Image size of job updated: 784516
	767  -  MemoryUsage of job (MB)
	784452  -  ResidentSetSize of job (KB)
...
006 (7008342.000.000) 03/02 10:22:46 Image size of job updated: 784644
	767  -  MemoryUsage of job (MB)
	784516  -  ResidentSetSize of job (KB)
...
006 (7008342.000.000) 03/02 10:30:21 Image size of job updated: 784708
	767  -  MemoryUsage of job (MB)
	784516  -  ResidentSetSize of job (KB)
...
040 (7008342.000.000) 03/02 10:30:21 Started transferring output files
...
040 (7008342.000.000) 03/02 10:30:21 Finished transferring output files
...
005 (7008342.000.000) 03/02 10:30:21 Job terminated.
	(1) Normal termination (return value 0)
		Usr 0 00:48:11, Sys 0 00:00:20  -  Run Remote Usage
		Usr 0 00:00:00, Sys 0 00:00:00  -  Run Local Usage
		Usr 0 00:48:11, Sys 0 00:00:20  -  Total Remote Usage
		Usr 0 00:00:00, Sys 0 00:00:00  -  Total Local Usage
	1203  -  Run Bytes Sent By Job
	254  -  Run Bytes Received By Job
	1203  -  Total Bytes Sent By Job
	254  -  Total Bytes Received By Job
	Partitionable Resources :    Usage  Request Allocated 
	   Cpus                 :     0.79        1         1 
	   Disk (KB)            :    26           1      3797 
	   GPUs                 :                           0 
	   Memory (MB)          :   767        3000      3000 

	Job terminated of its own accord at 2025-03-02T09:30:21Z with exit-code 0.
...
