000 (7008366.000.000) 03/02 09:32:00 Job submitted from host: <188.185.8.79:9618?addrs=188.185.8.79-9618+[2001-1458-d00-63--100-23a]-9618&alias=bigbird26.cern.ch&noUDP&sock=schedd_2073_7bea>
...
040 (7008366.000.000) 03/02 09:32:31 Started transferring input files
	Transferring to host: <188.185.193.162:9618?addrs=188.185.193.162-9618+[2001-1458-303-20--100-9e]-9618&alias=b9p19p8956.cern.ch&noUDP&sock=slot1_17_3771386_5ccb_73749>
...
040 (7008366.000.000) 03/02 09:32:31 Finished transferring input files
...
001 (7008366.000.000) 03/02 09:32:32 Job executing on host: <188.185.193.162:9618?addrs=188.185.193.162-9618+[2001-1458-303-20--100-9e]-9618&alias=b9p19p8956.cern.ch&noUDP&sock=startd_5260_803f>
	SlotName: slot1_17@b9p19p8956.cern.ch
	CondorScratchDir = "/pool/condor/dir_874340"
	Cpus = 1
	Disk = 3882
	GPUs = 0
	Memory = 3000
...
006 (7008366.000.000) 03/02 09:32:41 Image size of job updated: 11120
	11  -  MemoryUsage of job (MB)
	11120  -  ResidentSetSize of job (KB)
...
006 (7008366.000.000) 03/02 09:37:42 Image size of job updated: 852372
	833  -  MemoryUsage of job (MB)
	852372  -  ResidentSetSize of job (KB)
...
040 (7008366.000.000) 03/02 10:16:55 Started transferring output files
...
040 (7008366.000.000) 03/02 10:16:55 Finished transferring output files
...
005 (7008366.000.000) 03/02 10:16:55 Job terminated.
	(1) Normal termination (return value 0)
		Usr 0 00:41:31, Sys 0 00:00:02  -  Run Remote Usage
		Usr 0 00:00:00, Sys 0 00:00:00  -  Run Local Usage
		Usr 0 00:41:31, Sys 0 00:00:02  -  Total Remote Usage
		Usr 0 00:00:00, Sys 0 00:00:00  -  Total Local Usage
	1199  -  Run Bytes Sent By Job
	254  -  Run Bytes Received By Job
	1199  -  Total Bytes Sent By Job
	254  -  Total Bytes Received By Job
	Partitionable Resources :    Usage  Request Allocated 
	   Cpus                 :     0.99        1         1 
	   Disk (KB)            :    26           1      3882 
	   GPUs                 :                           0 
	   Memory (MB)          :   833        3000      3000 

	Job terminated of its own accord at 2025-03-02T09:16:55Z with exit-code 0.
...
