000 (7008316.000.000) 03/02 09:31:36 Job submitted from host: <188.185.8.79:9618?addrs=188.185.8.79-9618+[2001-1458-d00-63--100-23a]-9618&alias=bigbird26.cern.ch&noUDP&sock=schedd_2073_7bea>
...
040 (7008316.000.000) 03/02 09:32:17 Started transferring input files
	Transferring to host: <128.142.248.214:9618?addrs=128.142.248.214-9618+[2001-1458-301-73--100-d5]-9618&alias=b9g23p2447.cern.ch&noUDP&sock=slot1_40_3397_3e63_3904>
...
040 (7008316.000.000) 03/02 09:32:17 Finished transferring input files
...
001 (7008316.000.000) 03/02 09:32:18 Job executing on host: <128.142.248.214:9618?addrs=128.142.248.214-9618+[2001-1458-301-73--100-d5]-9618&alias=b9g23p2447.cern.ch&noUDP&sock=startd_3345_f862>
	SlotName: slot1_40@b9g23p2447.cern.ch
	CondorScratchDir = "/pool/condor/dir_1154324"
	Cpus = 1
	Disk = 3977
	GPUs = 0
	Memory = 3000
...
006 (7008316.000.000) 03/02 09:32:31 Image size of job updated: 6496
	7  -  MemoryUsage of job (MB)
	6496  -  ResidentSetSize of job (KB)
...
006 (7008316.000.000) 03/02 09:37:31 Image size of job updated: 783608
	766  -  MemoryUsage of job (MB)
	783544  -  ResidentSetSize of job (KB)
...
006 (7008316.000.000) 03/02 09:52:32 Image size of job updated: 783608
	766  -  MemoryUsage of job (MB)
	783608  -  ResidentSetSize of job (KB)
...
006 (7008316.000.000) 03/02 09:57:33 Image size of job updated: 783684
	766  -  MemoryUsage of job (MB)
	783608  -  ResidentSetSize of job (KB)
...
006 (7008316.000.000) 03/02 10:07:33 Image size of job updated: 783752
	766  -  MemoryUsage of job (MB)
	783608  -  ResidentSetSize of job (KB)
...
006 (7008316.000.000) 03/02 10:17:35 Image size of job updated: 783752
	766  -  MemoryUsage of job (MB)
	783688  -  ResidentSetSize of job (KB)
...
006 (7008316.000.000) 03/02 10:22:35 Image size of job updated: 783880
	766  -  MemoryUsage of job (MB)
	783688  -  ResidentSetSize of job (KB)
...
006 (7008316.000.000) 03/02 10:27:36 Image size of job updated: 783880
	766  -  MemoryUsage of job (MB)
	783816  -  ResidentSetSize of job (KB)
...
040 (7008316.000.000) 03/02 10:28:20 Started transferring output files
...
040 (7008316.000.000) 03/02 10:28:20 Finished transferring output files
...
005 (7008316.000.000) 03/02 10:28:20 Job terminated.
	(1) Normal termination (return value 0)
		Usr 0 00:46:44, Sys 0 00:00:16  -  Run Remote Usage
		Usr 0 00:00:00, Sys 0 00:00:00  -  Run Local Usage
		Usr 0 00:46:44, Sys 0 00:00:16  -  Total Remote Usage
		Usr 0 00:00:00, Sys 0 00:00:00  -  Total Local Usage
	1202  -  Run Bytes Sent By Job
	254  -  Run Bytes Received By Job
	1202  -  Total Bytes Sent By Job
	254  -  Total Bytes Received By Job
	Partitionable Resources :    Usage  Request Allocated 
	   Cpus                 :     0.85        1         1 
	   Disk (KB)            :    26           1      3977 
	   GPUs                 :                           0 
	   Memory (MB)          :   766        3000      3000 

	Job terminated of its own accord at 2025-03-02T09:28:20Z with exit-code 0.
...
