000 (7008344.000.000) 03/02 09:31:50 Job submitted from host: <188.185.8.79:9618?addrs=188.185.8.79-9618+[2001-1458-d00-63--100-23a]-9618&alias=bigbird26.cern.ch&noUDP&sock=schedd_2073_7bea>
...
040 (7008344.000.000) 03/02 09:32:26 Started transferring input files
	Transferring to host: <188.185.198.18:9618?addrs=188.185.198.18-9618+[2001-1458-303-25--100-e]-9618&alias=b9p15p0252.cern.ch&noUDP&sock=slot1_14_3008139_cdee_86869>
...
040 (7008344.000.000) 03/02 09:32:26 Finished transferring input files
...
001 (7008344.000.000) 03/02 09:32:27 Job executing on host: <188.185.198.18:9618?addrs=188.185.198.18-9618+[2001-1458-303-25--100-e]-9618&alias=b9p15p0252.cern.ch&noUDP&sock=startd_7714_bda8>
	SlotName: slot1_14@b9p15p0252.cern.ch
	CondorScratchDir = "/pool/condor/dir_2904058"
	Cpus = 1
	Disk = 3925
	GPUs = 0
	Memory = 3000
...
006 (7008344.000.000) 03/02 09:32:35 Image size of job updated: 22108
	22  -  MemoryUsage of job (MB)
	22108  -  ResidentSetSize of job (KB)
...
006 (7008344.000.000) 03/02 09:37:36 Image size of job updated: 857592
	838  -  MemoryUsage of job (MB)
	857592  -  ResidentSetSize of job (KB)
...
006 (7008344.000.000) 03/02 09:42:37 Image size of job updated: 858872
	839  -  MemoryUsage of job (MB)
	858872  -  ResidentSetSize of job (KB)
...
006 (7008344.000.000) 03/02 09:47:37 Image size of job updated: 858876
	839  -  MemoryUsage of job (MB)
	858876  -  ResidentSetSize of job (KB)
...
040 (7008344.000.000) 03/02 10:11:48 Started transferring output files
...
040 (7008344.000.000) 03/02 10:11:49 Finished transferring output files
...
005 (7008344.000.000) 03/02 10:11:49 Job terminated.
	(1) Normal termination (return value 0)
		Usr 0 00:37:07, Sys 0 00:00:02  -  Run Remote Usage
		Usr 0 00:00:00, Sys 0 00:00:00  -  Run Local Usage
		Usr 0 00:37:07, Sys 0 00:00:02  -  Total Remote Usage
		Usr 0 00:00:00, Sys 0 00:00:00  -  Total Local Usage
	1199  -  Run Bytes Sent By Job
	254  -  Run Bytes Received By Job
	1199  -  Total Bytes Sent By Job
	254  -  Total Bytes Received By Job
	Partitionable Resources :    Usage  Request Allocated 
	   Cpus                 :     0.99        1         1 
	   Disk (KB)            :    26           1      3925 
	   GPUs                 :                           0 
	   Memory (MB)          :   839        3000      3000 

	Job terminated of its own accord at 2025-03-02T09:11:48Z with exit-code 0.
...
