000 (7008402.000.000) 03/02 09:32:19 Job submitted from host: <188.185.8.79:9618?addrs=188.185.8.79-9618+[2001-1458-d00-63--100-23a]-9618&alias=bigbird26.cern.ch&noUDP&sock=schedd_2073_7bea>
...
040 (7008402.000.000) 03/02 09:34:07 Started transferring input files
	Transferring to host: <128.142.51.203:9618?addrs=128.142.51.203-9618+[2001-1458-301-3--100-8]-9618&alias=b9g02p3210.cern.ch&noUDP&sock=slot1_34_4106_cc60_79702>
...
040 (7008402.000.000) 03/02 09:34:07 Finished transferring input files
...
001 (7008402.000.000) 03/02 09:34:09 Job executing on host: <128.142.51.203:9618?addrs=128.142.51.203-9618+[2001-1458-301-3--100-8]-9618&alias=b9g02p3210.cern.ch&noUDP&sock=startd_3098_8c7d>
	SlotName: slot1_34@b9g02p3210.cern.ch
	CondorScratchDir = "/pool/condor/dir_754232"
	Cpus = 1
	Disk = 3735
	GPUs = 0
	Memory = 3000
...
006 (7008402.000.000) 03/02 09:34:10 Image size of job updated: 156
	1  -  MemoryUsage of job (MB)
	156  -  ResidentSetSize of job (KB)
...
040 (7008402.000.000) 03/02 09:34:10 Started transferring output files
...
040 (7008402.000.000) 03/02 09:34:10 Finished transferring output files
...
005 (7008402.000.000) 03/02 09:34:10 Job terminated.
	(1) Normal termination (return value 0)
		Usr 0 00:00:00, Sys 0 00:00:00  -  Run Remote Usage
		Usr 0 00:00:00, Sys 0 00:00:00  -  Run Local Usage
		Usr 0 00:00:00, Sys 0 00:00:00  -  Total Remote Usage
		Usr 0 00:00:00, Sys 0 00:00:00  -  Total Local Usage
	1241  -  Run Bytes Sent By Job
	254  -  Run Bytes Received By Job
	1241  -  Total Bytes Sent By Job
	254  -  Total Bytes Received By Job
	Partitionable Resources :    Usage  Request Allocated 
	   Cpus                 :        0        1         1 
	   Disk (KB)            :       27        1      3735 
	   GPUs                 :                           0 
	   Memory (MB)          :        1     3000      3000 

	Job terminated of its own accord at 2025-03-02T08:34:10Z with exit-code 0.
...
000 (7008501.000.000) 03/02 11:37:30 Job submitted from host: <188.185.8.79:9618?addrs=188.185.8.79-9618+[2001-1458-d00-63--100-23a]-9618&alias=bigbird26.cern.ch&noUDP&sock=schedd_2073_7bea>
...
040 (7008501.000.000) 03/02 11:39:11 Started transferring input files
	Transferring to host: <188.185.195.137:9618?addrs=188.185.195.137-9618+[2001-1458-303-22--100-85]-9618&alias=b9p17p0989.cern.ch&noUDP&sock=slot1_30_10558_d0e6_101528>
...
040 (7008501.000.000) 03/02 11:39:11 Finished transferring input files
...
001 (7008501.000.000) 03/02 11:39:12 Job executing on host: <188.185.195.137:9618?addrs=188.185.195.137-9618+[2001-1458-303-22--100-85]-9618&alias=b9p17p0989.cern.ch&noUDP&sock=startd_8893_6fd1>
	SlotName: slot1_30@b9p17p0989.cern.ch
	CondorScratchDir = "/pool/condor/dir_501116"
	Cpus = 1
	Disk = 3761
	GPUs = 0
	Memory = 3000
...
006 (7008501.000.000) 03/02 11:39:21 Image size of job updated: 20652
	21  -  MemoryUsage of job (MB)
	20652  -  ResidentSetSize of job (KB)
...
006 (7008501.000.000) 03/02 11:44:22 Image size of job updated: 854484
	835  -  MemoryUsage of job (MB)
	854484  -  ResidentSetSize of job (KB)
...
006 (7008501.000.000) 03/02 12:04:23 Image size of job updated: 854580
	835  -  MemoryUsage of job (MB)
	854580  -  ResidentSetSize of job (KB)
...
040 (7008501.000.000) 03/02 12:34:12 Started transferring output files
...
040 (7008501.000.000) 03/02 12:34:12 Finished transferring output files
...
005 (7008501.000.000) 03/02 12:34:12 Job terminated.
	(1) Normal termination (return value 0)
		Usr 0 00:48:33, Sys 0 00:00:11  -  Run Remote Usage
		Usr 0 00:00:00, Sys 0 00:00:00  -  Run Local Usage
		Usr 0 00:48:33, Sys 0 00:00:11  -  Total Remote Usage
		Usr 0 00:00:00, Sys 0 00:00:00  -  Total Local Usage
	1198  -  Run Bytes Sent By Job
	254  -  Run Bytes Received By Job
	1198  -  Total Bytes Sent By Job
	254  -  Total Bytes Received By Job
	Partitionable Resources :    Usage  Request Allocated 
	   Cpus                 :     0.97        1         1 
	   Disk (KB)            :    26           1      3761 
	   GPUs                 :                           0 
	   Memory (MB)          :   835        3000      3000 

	Job terminated of its own accord at 2025-03-02T11:34:12Z with exit-code 0.
...
