environment setting finished\n
b9p13p1579.cern.ch
Mathematica 12.0.0 Kernel for Linux x86 (64-bit)
Copyright 1988-2019 Wolfram Research, Inc.

In[1]:= 
In[2]:= In[2]:= 
In[3]:= 
In[4]:= In[4]:= 
In[5]:= 171.467	1.33	0.1184	340.	82.2518
171.467	1.33	0.1184	340.25	91.3522
171.467	1.33	0.1184	340.5	102.089
171.467	1.33	0.1184	340.75	114.869
171.467	1.33	0.1184	341.	130.218
171.467	1.33	0.1184	341.25	148.796
171.467	1.33	0.1184	341.5	171.418
171.467	1.33	0.1184	341.75	199.015
171.467	1.33	0.1184	342.	232.524
171.467	1.33	0.1184	342.25	272.62
171.467	1.33	0.1184	342.5	319.252
171.467	1.33	0.1184	342.75	371.054
171.467	1.33	0.1184	343.	424.883
171.467	1.33	0.1184	343.25	475.921
171.467	1.33	0.1184	343.5	518.662
171.467	1.33	0.1184	343.75	548.632
171.467	1.33	0.1184	344.	564.024
171.467	1.33	0.1184	344.25	566.332
171.467	1.33	0.1184	344.5	559.577
171.467	1.33	0.1184	344.75	548.648
171.467	1.33	0.1184	345.	537.668
171.467	1.33	0.1184	345.25	529.103
171.467	1.33	0.1184	345.5	523.739
171.467	1.33	0.1184	345.75	521.204
171.467	1.33	0.1184	346.	520.645

In[6]:= 
Out[6]= /afs/cern.ch/user/l/linyu/private/gen_ttbarxs_cern-main/step0001/subm\
 
>    it/result/mass171.4670.txt

In[7]:= 
Hello world!
