environment setting finished\n
b9g23p5264.cern.ch
Mathematica 12.0.0 Kernel for Linux x86 (64-bit)
Copyright 1988-2019 Wolfram Research, Inc.

In[1]:= 
In[2]:= In[2]:= 
In[3]:= 
In[4]:= In[4]:= 
In[5]:= 171.536	1.33	0.1184	340.	77.7868
171.536	1.33	0.1184	340.25	86.1234
171.536	1.33	0.1184	340.5	95.9117
171.536	1.33	0.1184	340.75	107.507
171.536	1.33	0.1184	341.	121.365
171.536	1.33	0.1184	341.25	138.07
171.536	1.33	0.1184	341.5	158.353
171.536	1.33	0.1184	341.75	183.085
171.536	1.33	0.1184	342.	213.224
171.536	1.33	0.1184	342.25	249.63
171.536	1.33	0.1184	342.5	292.717
171.536	1.33	0.1184	342.75	341.914
171.536	1.33	0.1184	343.	395.086
171.536	1.33	0.1184	343.25	448.277
171.536	1.33	0.1184	343.5	496.187
171.536	1.33	0.1184	343.75	533.553
171.536	1.33	0.1184	344.	556.948
171.536	1.33	0.1184	344.25	566.061
171.536	1.33	0.1184	344.5	563.692
171.536	1.33	0.1184	344.75	554.472
171.536	1.33	0.1184	345.	543.105
171.536	1.33	0.1184	345.25	533.019
171.536	1.33	0.1184	345.5	525.883
171.536	1.33	0.1184	345.75	521.879
171.536	1.33	0.1184	346.	520.344

In[6]:= 
Out[6]= /afs/cern.ch/user/l/linyu/private/gen_ttbarxs_cern-main/step0001/subm\
 
>    it/result/mass171.5360.txt

In[7]:= 
Hello world!
