environment setting finished\n
b9g37p2408.cern.ch
Mathematica 12.0.0 Kernel for Linux x86 (64-bit)
Copyright 1988-2019 Wolfram Research, Inc.

In[1]:= 
In[2]:= In[2]:= 
In[3]:= 
In[4]:= In[4]:= 
In[5]:= 171.455	1.33	0.1184	340.	83.068
171.455	1.33	0.1184	340.25	92.3106
171.455	1.33	0.1184	340.5	103.224
171.455	1.33	0.1184	340.75	116.227
171.455	1.33	0.1184	341.	131.854
171.455	1.33	0.1184	341.25	150.783
171.455	1.33	0.1184	341.5	173.84
171.455	1.33	0.1184	341.75	201.965
171.455	1.33	0.1184	342.	236.085
171.455	1.33	0.1184	342.25	276.828
171.455	1.33	0.1184	342.5	324.044
171.455	1.33	0.1184	342.75	376.212
171.455	1.33	0.1184	343.	430.012
171.455	1.33	0.1184	343.25	480.502
171.455	1.33	0.1184	343.5	522.194
171.455	1.33	0.1184	343.75	550.803
171.455	1.33	0.1184	344.	564.834
171.455	1.33	0.1184	344.25	566.075
171.455	1.33	0.1184	344.5	558.712
171.455	1.33	0.1184	344.75	547.621
171.455	1.33	0.1184	345.	536.793
171.455	1.33	0.1184	345.25	528.523
171.455	1.33	0.1184	345.5	523.458
171.455	1.33	0.1184	345.75	521.152
171.455	1.33	0.1184	346.	520.736

In[6]:= 
Out[6]= /afs/cern.ch/user/l/linyu/private/gen_ttbarxs_cern-main/step0001/subm\
 
>    it/result/mass171.4550.txt

In[7]:= 
Hello world!
