environment setting finished\n
b9p13p1267.cern.ch
Mathematica 12.0.0 Kernel for Linux x86 (64-bit)
Copyright 1988-2019 Wolfram Research, Inc.

In[1]:= 
In[2]:= In[2]:= 
In[3]:= 
In[4]:= In[4]:= 
In[5]:= 171.484	1.33	0.1184	340.	81.1162
171.484	1.33	0.1184	340.25	90.02
171.484	1.33	0.1184	340.5	100.512
171.484	1.33	0.1184	340.75	112.987
171.484	1.33	0.1184	341.	127.95
171.484	1.33	0.1184	341.25	146.045
171.484	1.33	0.1184	341.5	168.065
171.484	1.33	0.1184	341.75	194.928
171.484	1.33	0.1184	342.	227.585
171.484	1.33	0.1184	342.25	266.765
171.484	1.33	0.1184	342.5	312.55
171.484	1.33	0.1184	342.75	363.785
171.484	1.33	0.1184	343.	417.579
171.484	1.33	0.1184	343.25	469.303
171.484	1.33	0.1184	343.5	513.46
171.484	1.33	0.1184	343.75	545.326
171.484	1.33	0.1184	344.	562.669
171.484	1.33	0.1184	344.25	566.551
171.484	1.33	0.1184	344.5	560.738
171.484	1.33	0.1184	344.75	550.105
171.484	1.33	0.1184	345.	538.948
171.484	1.33	0.1184	345.25	529.977
171.484	1.33	0.1184	345.5	524.182
171.484	1.33	0.1184	345.75	521.309
171.484	1.33	0.1184	346.	520.534

In[6]:= 
Out[6]= /afs/cern.ch/user/l/linyu/private/gen_ttbarxs_cern-main/step0001/subm\
 
>    it/result/mass171.4840.txt

In[7]:= 
Hello world!
