environment setting finished\n
b9p16p3366.cern.ch
Mathematica 12.0.0 Kernel for Linux x86 (64-bit)
Copyright 1988-2019 Wolfram Research, Inc.

In[1]:= 
In[2]:= In[2]:= 
In[3]:= 
In[4]:= In[4]:= 
In[5]:= 171.538	1.33	0.1184	340.	77.6629
171.538	1.33	0.1184	340.25	85.9787
171.538	1.33	0.1184	340.5	95.7412
171.538	1.33	0.1184	340.75	107.304
171.538	1.33	0.1184	341.	121.122
171.538	1.33	0.1184	341.25	137.776
171.538	1.33	0.1184	341.5	157.995
171.538	1.33	0.1184	341.75	182.649
171.538	1.33	0.1184	342.	212.694
171.538	1.33	0.1184	342.25	248.995
171.538	1.33	0.1184	342.5	291.976
171.538	1.33	0.1184	342.75	341.086
171.538	1.33	0.1184	343.	394.22
171.538	1.33	0.1184	343.25	447.448
171.538	1.33	0.1184	343.5	495.484
171.538	1.33	0.1184	343.75	533.05
171.538	1.33	0.1184	344.	556.679
171.538	1.33	0.1184	344.25	566.005
171.538	1.33	0.1184	344.5	563.785
171.538	1.33	0.1184	344.75	554.635
171.538	1.33	0.1184	345.	543.271
171.538	1.33	0.1184	345.25	533.146
171.538	1.33	0.1184	345.5	525.959
171.538	1.33	0.1184	345.75	521.909
171.538	1.33	0.1184	346.	520.341

In[6]:= 
Out[6]= /afs/cern.ch/user/l/linyu/private/gen_ttbarxs_cern-main/step0001/subm\
 
>    it/result/mass171.5380.txt

In[7]:= 
Hello world!
