environment setting finished\n
b9p19p2598.cern.ch
Mathematica 12.0.0 Kernel for Linux x86 (64-bit)
Copyright 1988-2019 Wolfram Research, Inc.

In[1]:= 
In[2]:= In[2]:= 
In[3]:= 
In[4]:= In[4]:= 
In[5]:= 171.503	1.33	0.1184	340.	79.875
171.503	1.33	0.1184	340.25	88.5658
171.503	1.33	0.1184	340.5	98.7932
171.503	1.33	0.1184	340.75	110.937
171.503	1.33	0.1184	341.	125.484
171.503	1.33	0.1184	341.25	143.056
171.503	1.33	0.1184	341.5	164.423
171.503	1.33	0.1184	341.75	190.488
171.503	1.33	0.1184	342.	222.208
171.503	1.33	0.1184	342.25	260.368
171.503	1.33	0.1184	342.5	305.184
171.503	1.33	0.1184	342.75	355.723
171.503	1.33	0.1184	343.	409.376
171.503	1.33	0.1184	343.25	461.747
171.503	1.33	0.1184	343.5	507.378
171.503	1.33	0.1184	343.75	541.312
171.503	1.33	0.1184	344.	560.858
171.503	1.33	0.1184	344.25	566.584
171.503	1.33	0.1184	344.5	561.932
171.503	1.33	0.1184	344.75	551.723
171.503	1.33	0.1184	345.	540.428
171.503	1.33	0.1184	345.25	531.024
171.503	1.33	0.1184	345.5	524.742
171.503	1.33	0.1184	345.75	521.472
171.503	1.33	0.1184	346.	520.437

In[6]:= 
Out[6]= /afs/cern.ch/user/l/linyu/private/gen_ttbarxs_cern-main/step0001/subm\
 
>    it/result/mass171.5030.txt

In[7]:= 
Hello world!
