environment setting finished\n
b9p15p6995.cern.ch
Mathematica 12.0.0 Kernel for Linux x86 (64-bit)
Copyright 1988-2019 Wolfram Research, Inc.

In[1]:= 
In[2]:= In[2]:= 
In[3]:= 
In[4]:= In[4]:= 
In[5]:= 171.489	1.33	0.1184	340.	80.7867
171.489	1.33	0.1184	340.25	89.6338
171.489	1.33	0.1184	340.5	100.055
171.489	1.33	0.1184	340.75	112.442
171.489	1.33	0.1184	341.	127.294
171.489	1.33	0.1184	341.25	145.25
171.489	1.33	0.1184	341.5	167.096
171.489	1.33	0.1184	341.75	193.747
171.489	1.33	0.1184	342.	226.155
171.489	1.33	0.1184	342.25	265.067
171.489	1.33	0.1184	342.5	310.599
171.489	1.33	0.1184	342.75	361.657
171.489	1.33	0.1184	343.	415.423
171.489	1.33	0.1184	343.25	467.331
171.489	1.33	0.1184	343.5	511.886
171.489	1.33	0.1184	343.75	544.302
171.489	1.33	0.1184	344.	562.223
171.489	1.33	0.1184	344.25	566.582
171.489	1.33	0.1184	344.5	561.064
171.489	1.33	0.1184	344.75	550.532
171.489	1.33	0.1184	345.	539.332
171.489	1.33	0.1184	345.25	530.245
171.489	1.33	0.1184	345.5	524.322
171.489	1.33	0.1184	345.75	521.347
171.489	1.33	0.1184	346.	520.506

In[6]:= 
Out[6]= /afs/cern.ch/user/l/linyu/private/gen_ttbarxs_cern-main/step0001/subm\
 
>    it/result/mass171.4890.txt

In[7]:= 
Hello world!
