environment setting finished\n
b9p19p4622.cern.ch
Mathematica 12.0.0 Kernel for Linux x86 (64-bit)
Copyright 1988-2019 Wolfram Research, Inc.

In[1]:= 
In[2]:= In[2]:= 
In[3]:= 
In[4]:= In[4]:= 
In[5]:= 171.497	1.33	0.1184	340.	80.2638
171.497	1.33	0.1184	340.25	89.0211
171.497	1.33	0.1184	340.5	99.3312
171.497	1.33	0.1184	340.75	111.578
171.497	1.33	0.1184	341.	126.255
171.497	1.33	0.1184	341.25	143.991
171.497	1.33	0.1184	341.5	165.561
171.497	1.33	0.1184	341.75	191.876
171.497	1.33	0.1184	342.	223.89
171.497	1.33	0.1184	342.25	262.372
171.497	1.33	0.1184	342.5	307.495
171.497	1.33	0.1184	342.75	358.261
171.497	1.33	0.1184	343.	411.97
171.497	1.33	0.1184	343.25	464.151
171.497	1.33	0.1184	343.5	509.328
171.497	1.33	0.1184	343.75	542.616
171.497	1.33	0.1184	344.	561.464
171.497	1.33	0.1184	344.25	566.599
171.497	1.33	0.1184	344.5	561.568
171.497	1.33	0.1184	344.75	551.214
171.497	1.33	0.1184	345.	539.955
171.497	1.33	0.1184	345.25	530.686
171.497	1.33	0.1184	345.5	524.557
171.497	1.33	0.1184	345.75	521.415
171.497	1.33	0.1184	346.	520.464

In[6]:= 
Out[6]= /afs/cern.ch/user/l/linyu/private/gen_ttbarxs_cern-main/step0001/subm\
 
>    it/result/mass171.4970.txt

In[7]:= 
Hello world!
