environment setting finished\n
b9p13p5469.cern.ch
Mathematica 12.0.0 Kernel for Linux x86 (64-bit)
Copyright 1988-2019 Wolfram Research, Inc.

In[1]:= 
In[2]:= In[2]:= 
In[3]:= 
In[4]:= In[4]:= 
In[5]:= 171.534	1.33	0.1184	340.	77.911
171.534	1.33	0.1184	340.25	86.2685
171.534	1.33	0.1184	340.5	96.0827
171.534	1.33	0.1184	340.75	107.71
171.534	1.33	0.1184	341.	121.609
171.534	1.33	0.1184	341.25	138.365
171.534	1.33	0.1184	341.5	158.712
171.534	1.33	0.1184	341.75	183.523
171.534	1.33	0.1184	342.	213.756
171.534	1.33	0.1184	342.25	250.268
171.534	1.33	0.1184	342.5	293.46
171.534	1.33	0.1184	342.75	342.743
171.534	1.33	0.1184	343.	395.952
171.534	1.33	0.1184	343.25	449.104
171.534	1.33	0.1184	343.5	496.887
171.534	1.33	0.1184	343.75	534.051
171.534	1.33	0.1184	344.	557.213
171.534	1.33	0.1184	344.25	566.115
171.534	1.33	0.1184	344.5	563.598
171.534	1.33	0.1184	344.75	554.309
171.534	1.33	0.1184	345.	542.939
171.534	1.33	0.1184	345.25	532.892
171.534	1.33	0.1184	345.5	525.807
171.534	1.33	0.1184	345.75	521.85
171.534	1.33	0.1184	346.	520.346

In[6]:= 
Out[6]= /afs/cern.ch/user/l/linyu/private/gen_ttbarxs_cern-main/step0001/subm\
 
>    it/result/mass171.5340.txt

In[7]:= 
Hello world!
