environment setting finished\n
b9p16p9571.cern.ch
Mathematica 12.0.0 Kernel for Linux x86 (64-bit)
Copyright 1988-2019 Wolfram Research, Inc.

In[1]:= 
In[2]:= In[2]:= 
In[3]:= 
In[4]:= In[4]:= 
In[5]:= 171.504	1.33	0.1184	340.	79.8105
171.504	1.33	0.1184	340.25	88.4902
171.504	1.33	0.1184	340.5	98.704
171.504	1.33	0.1184	340.75	110.83
171.504	1.33	0.1184	341.	125.356
171.504	1.33	0.1184	341.25	142.901
171.504	1.33	0.1184	341.5	164.234
171.504	1.33	0.1184	341.75	190.258
171.504	1.33	0.1184	342.	221.929
171.504	1.33	0.1184	342.25	260.036
171.504	1.33	0.1184	342.5	304.8
171.504	1.33	0.1184	342.75	355.301
171.504	1.33	0.1184	343.	408.944
171.504	1.33	0.1184	343.25	461.345
171.504	1.33	0.1184	343.5	507.05
171.504	1.33	0.1184	343.75	541.087
171.504	1.33	0.1184	344.	560.754
171.504	1.33	0.1184	344.25	566.579
171.504	1.33	0.1184	344.5	561.991
171.504	1.33	0.1184	344.75	551.808
171.504	1.33	0.1184	345.	540.507
171.504	1.33	0.1184	345.25	531.082
171.504	1.33	0.1184	345.5	524.773
171.504	1.33	0.1184	345.75	521.482
171.504	1.33	0.1184	346.	520.433

In[6]:= 
Out[6]= /afs/cern.ch/user/l/linyu/private/gen_ttbarxs_cern-main/step0001/subm\
 
>    it/result/mass171.5040.txt

In[7]:= 
Hello world!
