environment setting finished\n
b9p19p1906.cern.ch
Mathematica 12.0.0 Kernel for Linux x86 (64-bit)
Copyright 1988-2019 Wolfram Research, Inc.

In[1]:= 
In[2]:= In[2]:= 
In[3]:= 
In[4]:= In[4]:= 
In[5]:= 171.501	1.33	0.1184	340.	80.0043
171.501	1.33	0.1184	340.25	88.7172
171.501	1.33	0.1184	340.5	98.9721
171.501	1.33	0.1184	340.75	111.15
171.501	1.33	0.1184	341.	125.741
171.501	1.33	0.1184	341.25	143.367
171.501	1.33	0.1184	341.5	164.801
171.501	1.33	0.1184	341.75	190.95
171.501	1.33	0.1184	342.	222.767
171.501	1.33	0.1184	342.25	261.034
171.501	1.33	0.1184	342.5	305.953
171.501	1.33	0.1184	342.75	356.568
171.501	1.33	0.1184	343.	410.241
171.501	1.33	0.1184	343.25	462.55
171.501	1.33	0.1184	343.5	508.031
171.501	1.33	0.1184	343.75	541.75
171.501	1.33	0.1184	344.	561.064
171.501	1.33	0.1184	344.25	566.591
171.501	1.33	0.1184	344.5	561.812
171.501	1.33	0.1184	344.75	551.553
171.501	1.33	0.1184	345.	540.27
171.501	1.33	0.1184	345.25	530.911
171.501	1.33	0.1184	345.5	524.679
171.501	1.33	0.1184	345.75	521.452
171.501	1.33	0.1184	346.	520.446

In[6]:= 
Out[6]= /afs/cern.ch/user/l/linyu/private/gen_ttbarxs_cern-main/step0001/subm\
 
>    it/result/mass171.5010.txt

In[7]:= 
Hello world!
