environment setting finished\n
b9p15p8625.cern.ch
Mathematica 12.0.0 Kernel for Linux x86 (64-bit)
Copyright 1988-2019 Wolfram Research, Inc.

In[1]:= 
In[2]:= In[2]:= 
In[3]:= 
In[4]:= In[4]:= 
In[5]:= 171.468	1.33	0.1184	340.	82.1843
171.468	1.33	0.1184	340.25	91.273
171.468	1.33	0.1184	340.5	101.995
171.468	1.33	0.1184	340.75	114.757
171.468	1.33	0.1184	341.	130.083
171.468	1.33	0.1184	341.25	148.632
171.468	1.33	0.1184	341.5	171.218
171.468	1.33	0.1184	341.75	198.771
171.468	1.33	0.1184	342.	232.23
171.468	1.33	0.1184	342.25	272.272
171.468	1.33	0.1184	342.5	318.855
171.468	1.33	0.1184	342.75	370.625
171.468	1.33	0.1184	343.	424.455
171.468	1.33	0.1184	343.25	475.535
171.468	1.33	0.1184	343.5	518.363
171.468	1.33	0.1184	343.75	548.445
171.468	1.33	0.1184	344.	563.951
171.468	1.33	0.1184	344.25	566.349
171.468	1.33	0.1184	344.5	559.648
171.468	1.33	0.1184	344.75	548.734
171.468	1.33	0.1184	345.	537.742
171.468	1.33	0.1184	345.25	529.153
171.468	1.33	0.1184	345.5	523.763
171.468	1.33	0.1184	345.75	521.209
171.468	1.33	0.1184	346.	520.638

In[6]:= 
Out[6]= /afs/cern.ch/user/l/linyu/private/gen_ttbarxs_cern-main/step0001/subm\
 
>    it/result/mass171.4680.txt

In[7]:= 
Hello world!
