environment setting finished\n
b9p16p8472.cern.ch
Mathematica 12.0.0 Kernel for Linux x86 (64-bit)
Copyright 1988-2019 Wolfram Research, Inc.

In[1]:= 
In[2]:= In[2]:= 
In[3]:= 
In[4]:= In[4]:= 
In[5]:= 171.466	1.33	0.1184	340.	82.3193
171.466	1.33	0.1184	340.25	91.4315
171.466	1.33	0.1184	340.5	102.183
171.466	1.33	0.1184	340.75	114.981
171.466	1.33	0.1184	341.	130.353
171.466	1.33	0.1184	341.25	148.96
171.466	1.33	0.1184	341.5	171.618
171.466	1.33	0.1184	341.75	199.258
171.466	1.33	0.1184	342.	232.819
171.466	1.33	0.1184	342.25	272.969
171.466	1.33	0.1184	342.5	319.65
171.466	1.33	0.1184	342.75	371.483
171.466	1.33	0.1184	343.	425.311
171.466	1.33	0.1184	343.25	476.305
171.466	1.33	0.1184	343.5	518.961
171.466	1.33	0.1184	343.75	548.818
171.466	1.33	0.1184	344.	564.096
171.466	1.33	0.1184	344.25	566.313
171.466	1.33	0.1184	344.5	559.507
171.466	1.33	0.1184	344.75	548.563
171.466	1.33	0.1184	345.	537.594
171.466	1.33	0.1184	345.25	529.054
171.466	1.33	0.1184	345.5	523.714
171.466	1.33	0.1184	345.75	521.199
171.466	1.33	0.1184	346.	520.652

In[6]:= 
Out[6]= /afs/cern.ch/user/l/linyu/private/gen_ttbarxs_cern-main/step0001/subm\
 
>    it/result/mass171.4660.txt

In[7]:= 
Hello world!
