environment setting finished\n
b9p18p6316.cern.ch
Mathematica 12.0.0 Kernel for Linux x86 (64-bit)
Copyright 1988-2019 Wolfram Research, Inc.

In[1]:= 
In[2]:= In[2]:= 
In[3]:= 
In[4]:= In[4]:= 
In[5]:= 171.461	1.33	0.1184	340.	82.6583
171.461	1.33	0.1184	340.25	91.8295
171.461	1.33	0.1184	340.5	102.654
171.461	1.33	0.1184	340.75	115.545
171.461	1.33	0.1184	341.	131.032
171.461	1.33	0.1184	341.25	149.785
171.461	1.33	0.1184	341.5	172.623
171.461	1.33	0.1184	341.75	200.483
171.461	1.33	0.1184	342.	234.297
171.461	1.33	0.1184	342.25	274.716
171.461	1.33	0.1184	342.5	321.642
171.461	1.33	0.1184	342.75	373.631
171.461	1.33	0.1184	343.	427.451
171.461	1.33	0.1184	343.25	478.221
171.461	1.33	0.1184	343.5	520.443
171.461	1.33	0.1184	343.75	549.734
171.461	1.33	0.1184	344.	564.444
171.461	1.33	0.1184	344.25	566.214
171.461	1.33	0.1184	344.5	559.149
171.461	1.33	0.1184	344.75	548.134
171.461	1.33	0.1184	345.	537.227
171.461	1.33	0.1184	345.25	528.81
171.461	1.33	0.1184	345.5	523.595
171.461	1.33	0.1184	345.75	521.176
171.461	1.33	0.1184	346.	520.689

In[6]:= 
Out[6]= /afs/cern.ch/user/l/linyu/private/gen_ttbarxs_cern-main/step0001/subm\
 
>    it/result/mass171.4610.txt

In[7]:= 
Hello world!
