environment setting finished\n
b9p17p1349.cern.ch
Mathematica 12.0.0 Kernel for Linux x86 (64-bit)
Copyright 1988-2019 Wolfram Research, Inc.

In[1]:= 
In[2]:= In[2]:= 
In[3]:= 
In[4]:= In[4]:= 
In[5]:= 171.453	1.33	0.1184	340.	83.2052
171.453	1.33	0.1184	340.25	92.4718
171.453	1.33	0.1184	340.5	103.415
171.453	1.33	0.1184	340.75	116.455
171.453	1.33	0.1184	341.	132.129
171.453	1.33	0.1184	341.25	151.118
171.453	1.33	0.1184	341.5	174.248
171.453	1.33	0.1184	341.75	202.462
171.453	1.33	0.1184	342.	236.684
171.453	1.33	0.1184	342.25	277.535
171.453	1.33	0.1184	342.5	324.847
171.453	1.33	0.1184	342.75	377.073
171.453	1.33	0.1184	343.	430.864
171.453	1.33	0.1184	343.25	481.258
171.453	1.33	0.1184	343.5	522.771
171.453	1.33	0.1184	343.75	551.152
171.453	1.33	0.1184	344.	564.958
171.453	1.33	0.1184	344.25	566.025
171.453	1.33	0.1184	344.5	558.564
171.453	1.33	0.1184	344.75	547.45
171.453	1.33	0.1184	345.	536.649
171.453	1.33	0.1184	345.25	528.429
171.453	1.33	0.1184	345.5	523.414
171.453	1.33	0.1184	345.75	521.145
171.453	1.33	0.1184	346.	520.752

In[6]:= 
Out[6]= /afs/cern.ch/user/l/linyu/private/gen_ttbarxs_cern-main/step0001/subm\
 
>    it/result/mass171.4530.txt

In[7]:= 
Hello world!
