environment setting finished\n
b9g23p2447.cern.ch
Mathematica 12.0.0 Kernel for Linux x86 (64-bit)
Copyright 1988-2019 Wolfram Research, Inc.

In[1]:= 
In[2]:= In[2]:= 
In[3]:= 
In[4]:= In[4]:= 
In[5]:= 171.457	1.33	0.1184	340.	82.9311
171.457	1.33	0.1184	340.25	92.1498
171.457	1.33	0.1184	340.5	103.034
171.457	1.33	0.1184	340.75	115.999
171.457	1.33	0.1184	341.	131.579
171.457	1.33	0.1184	341.25	150.449
171.457	1.33	0.1184	341.5	173.433
171.457	1.33	0.1184	341.75	201.469
171.457	1.33	0.1184	342.	235.487
171.457	1.33	0.1184	342.25	276.122
171.457	1.33	0.1184	342.5	323.242
171.457	1.33	0.1184	342.75	375.351
171.457	1.33	0.1184	343.	429.159
171.457	1.33	0.1184	343.25	479.744
171.457	1.33	0.1184	343.5	521.613
171.457	1.33	0.1184	343.75	550.451
171.457	1.33	0.1184	344.	564.701
171.457	1.33	0.1184	344.25	566.124
171.457	1.33	0.1184	344.5	558.858
171.457	1.33	0.1184	344.75	547.792
171.457	1.33	0.1184	345.	536.937
171.457	1.33	0.1184	345.25	528.618
171.457	1.33	0.1184	345.5	523.503
171.457	1.33	0.1184	345.75	521.16
171.457	1.33	0.1184	346.	520.72

In[6]:= 
Out[6]= /afs/cern.ch/user/l/linyu/private/gen_ttbarxs_cern-main/step0001/subm\
 
>    it/result/mass171.4570.txt

In[7]:= 
Hello world!
