environment setting finished\n
b9p13p4937.cern.ch
Mathematica 12.0.0 Kernel for Linux x86 (64-bit)
Copyright 1988-2019 Wolfram Research, Inc.

In[1]:= 
In[2]:= In[2]:= 
In[3]:= 
In[4]:= In[4]:= 
In[5]:= 171.511	1.33	0.1184	340.	79.361
171.511	1.33	0.1184	340.25	87.9641
171.511	1.33	0.1184	340.5	98.0828
171.511	1.33	0.1184	340.75	110.09
171.511	1.33	0.1184	341.	124.467
171.511	1.33	0.1184	341.25	141.824
171.511	1.33	0.1184	341.5	162.922
171.511	1.33	0.1184	341.75	188.658
171.511	1.33	0.1184	342.	219.989
171.511	1.33	0.1184	342.25	257.722
171.511	1.33	0.1184	342.5	302.122
171.511	1.33	0.1184	342.75	352.351
171.511	1.33	0.1184	343.	405.915
171.511	1.33	0.1184	343.25	458.519
171.511	1.33	0.1184	343.5	504.736
171.511	1.33	0.1184	343.75	539.522
171.511	1.33	0.1184	344.	560.
171.511	1.33	0.1184	344.25	566.527
171.511	1.33	0.1184	344.5	562.397
171.511	1.33	0.1184	344.75	552.398
171.511	1.33	0.1184	345.	541.065
171.511	1.33	0.1184	345.25	531.488
171.511	1.33	0.1184	345.5	524.998
171.511	1.33	0.1184	345.75	521.555
171.511	1.33	0.1184	346.	520.405

In[6]:= 
Out[6]= /afs/cern.ch/user/l/linyu/private/gen_ttbarxs_cern-main/step0001/subm\
 
>    it/result/mass171.5110.txt

In[7]:= 
Hello world!
