environment setting finished\n
b9p19p1906.cern.ch
Mathematica 12.0.0 Kernel for Linux x86 (64-bit)
Copyright 1988-2019 Wolfram Research, Inc.

In[1]:= 
In[2]:= In[2]:= 
In[3]:= 
In[4]:= In[4]:= 
In[5]:= 171.474	1.33	0.1184	340.	81.7813
171.474	1.33	0.1184	340.25	90.8001
171.474	1.33	0.1184	340.5	101.435
171.474	1.33	0.1184	340.75	114.088
171.474	1.33	0.1184	341.	129.277
171.474	1.33	0.1184	341.25	147.655
171.474	1.33	0.1184	341.5	170.026
171.474	1.33	0.1184	341.75	197.319
171.474	1.33	0.1184	342.	230.475
171.474	1.33	0.1184	342.25	270.194
171.474	1.33	0.1184	342.5	316.48
171.474	1.33	0.1184	342.75	368.055
171.474	1.33	0.1184	343.	421.88
171.474	1.33	0.1184	343.25	473.213
171.474	1.33	0.1184	343.5	516.548
171.474	1.33	0.1184	343.75	547.303
171.474	1.33	0.1184	344.	563.496
171.474	1.33	0.1184	344.25	566.443
171.474	1.33	0.1184	344.5	560.065
171.474	1.33	0.1184	344.75	549.248
171.474	1.33	0.1184	345.	538.189
171.474	1.33	0.1184	345.25	529.456
171.474	1.33	0.1184	345.5	523.915
171.474	1.33	0.1184	345.75	521.243
171.474	1.33	0.1184	346.	520.597

In[6]:= 
Out[6]= /afs/cern.ch/user/l/linyu/private/gen_ttbarxs_cern-main/step0001/subm\
 
>    it/result/mass171.4740.txt

In[7]:= 
Hello world!
