environment setting finished\n
b9p13p5857.cern.ch
Mathematica 12.0.0 Kernel for Linux x86 (64-bit)
Copyright 1988-2019 Wolfram Research, Inc.

In[1]:= 
In[2]:= In[2]:= 
In[3]:= 
In[4]:= In[4]:= 
In[5]:= 171.527	1.33	0.1184	340.	78.348
171.527	1.33	0.1184	340.25	86.7793
171.527	1.33	0.1184	340.5	96.6848
171.527	1.33	0.1184	340.75	108.426
171.527	1.33	0.1184	341.	122.468
171.527	1.33	0.1184	341.25	139.405
171.527	1.33	0.1184	341.5	159.977
171.527	1.33	0.1184	341.75	185.066
171.527	1.33	0.1184	342.	215.63
171.527	1.33	0.1184	342.25	252.512
171.527	1.33	0.1184	342.5	296.075
171.527	1.33	0.1184	342.75	345.653
171.527	1.33	0.1184	343.	398.985
171.527	1.33	0.1184	343.25	451.99
171.527	1.33	0.1184	343.5	499.315
171.527	1.33	0.1184	343.75	535.767
171.527	1.33	0.1184	344.	558.112
171.527	1.33	0.1184	344.25	566.28
171.527	1.33	0.1184	344.5	563.255
171.527	1.33	0.1184	344.75	553.733
171.527	1.33	0.1184	345.	542.363
171.527	1.33	0.1184	345.25	532.453
171.527	1.33	0.1184	345.5	525.55
171.527	1.33	0.1184	345.75	521.752
171.527	1.33	0.1184	346.	520.359

In[6]:= 
Out[6]= /afs/cern.ch/user/l/linyu/private/gen_ttbarxs_cern-main/step0001/subm\
 
>    it/result/mass171.5270.txt

In[7]:= 
Hello world!
