environment setting finished\n
b9p19p0571.cern.ch
Mathematica 12.0.0 Kernel for Linux x86 (64-bit)
Copyright 1988-2019 Wolfram Research, Inc.

In[1]:= 
In[2]:= In[2]:= 
In[3]:= 
In[4]:= In[4]:= 
In[5]:= 171.505	1.33	0.1184	340.	79.746
171.505	1.33	0.1184	340.25	88.4148
171.505	1.33	0.1184	340.5	98.6149
171.505	1.33	0.1184	340.75	110.724
171.505	1.33	0.1184	341.	125.229
171.505	1.33	0.1184	341.25	142.747
171.505	1.33	0.1184	341.5	164.046
171.505	1.33	0.1184	341.75	190.029
171.505	1.33	0.1184	342.	221.651
171.505	1.33	0.1184	342.25	259.704
171.505	1.33	0.1184	342.5	304.416
171.505	1.33	0.1184	342.75	354.879
171.505	1.33	0.1184	343.	408.511
171.505	1.33	0.1184	343.25	460.943
171.505	1.33	0.1184	343.5	506.722
171.505	1.33	0.1184	343.75	540.87
171.505	1.33	0.1184	344.	560.649
171.505	1.33	0.1184	344.25	566.574
171.505	1.33	0.1184	344.5	562.05
171.505	1.33	0.1184	344.75	551.892
171.505	1.33	0.1184	345.	540.586
171.505	1.33	0.1184	345.25	531.139
171.505	1.33	0.1184	345.5	524.805
171.505	1.33	0.1184	345.75	521.492
171.505	1.33	0.1184	346.	520.428

In[6]:= 
Out[6]= /afs/cern.ch/user/l/linyu/private/gen_ttbarxs_cern-main/step0001/subm\
 
>    it/result/mass171.5050.txt

In[7]:= 
Hello world!
