environment setting finished\n
b9p13p3548.cern.ch
Mathematica 12.0.0 Kernel for Linux x86 (64-bit)
Copyright 1988-2019 Wolfram Research, Inc.

In[1]:= 
In[2]:= In[2]:= 
In[3]:= 
In[4]:= In[4]:= 
In[5]:= 171.477	1.33	0.1184	340.	81.5809
171.477	1.33	0.1184	340.25	90.565
171.477	1.33	0.1184	340.5	101.157
171.477	1.33	0.1184	340.75	113.756
171.477	1.33	0.1184	341.	128.877
171.477	1.33	0.1184	341.25	147.169
171.477	1.33	0.1184	341.5	169.434
171.477	1.33	0.1184	341.75	196.598
171.477	1.33	0.1184	342.	229.604
171.477	1.33	0.1184	342.25	269.161
171.477	1.33	0.1184	342.5	315.297
171.477	1.33	0.1184	342.75	366.772
171.477	1.33	0.1184	343.	420.591
171.477	1.33	0.1184	343.25	472.045
171.477	1.33	0.1184	343.5	515.63
171.477	1.33	0.1184	343.75	546.72
171.477	1.33	0.1184	344.	563.257
171.477	1.33	0.1184	344.25	566.482
171.477	1.33	0.1184	344.5	560.27
171.477	1.33	0.1184	344.75	549.505
171.477	1.33	0.1184	345.	538.415
171.477	1.33	0.1184	345.25	529.61
171.477	1.33	0.1184	345.5	523.993
171.477	1.33	0.1184	345.75	521.261

NIntegrate::slwcon: 
   Numerical integration converging too slowly; suspect one of the following:
    singularity, value of the integration is 0, highly oscillatory integrand,
    or WorkingPrecision too small.
171.477	1.33	0.1184	346.	520.577

In[6]:= 
Out[6]= /afs/cern.ch/user/l/linyu/private/gen_ttbarxs_cern-main/step0001/subm\
 
>    it/result/mass171.4770.txt

In[7]:= 
Hello world!
