environment setting finished\n
b9p13p6636.cern.ch
Mathematica 12.0.0 Kernel for Linux x86 (64-bit)
Copyright 1988-2019 Wolfram Research, Inc.

In[1]:= 
In[2]:= In[2]:= 
In[3]:= 
In[4]:= In[4]:= 
In[5]:= 171.498	1.33	0.1184	340.	80.1988
171.498	1.33	0.1184	340.25	88.945
171.498	1.33	0.1184	340.5	99.2412
171.498	1.33	0.1184	340.75	111.471
171.498	1.33	0.1184	341.	126.126
171.498	1.33	0.1184	341.25	143.834
171.498	1.33	0.1184	341.5	165.371
171.498	1.33	0.1184	341.75	191.644
171.498	1.33	0.1184	342.	223.608
171.498	1.33	0.1184	342.25	262.037
171.498	1.33	0.1184	342.5	307.109
171.498	1.33	0.1184	342.75	357.838
171.498	1.33	0.1184	343.	411.538
171.498	1.33	0.1184	343.25	463.751
171.498	1.33	0.1184	343.5	509.005
171.498	1.33	0.1184	343.75	542.401
171.498	1.33	0.1184	344.	561.365
171.498	1.33	0.1184	344.25	566.598
171.498	1.33	0.1184	344.5	561.629
171.498	1.33	0.1184	344.75	551.299
171.498	1.33	0.1184	345.	540.033
171.498	1.33	0.1184	345.25	530.742
171.498	1.33	0.1184	345.5	524.588
171.498	1.33	0.1184	345.75	521.424
171.498	1.33	0.1184	346.	520.46

In[6]:= 
Out[6]= /afs/cern.ch/user/l/linyu/private/gen_ttbarxs_cern-main/step0001/subm\
 
>    it/result/mass171.4980.txt

In[7]:= 
Hello world!
