environment setting finished\n
b9p15p4218.cern.ch
Mathematica 12.0.0 Kernel for Linux x86 (64-bit)
Copyright 1988-2019 Wolfram Research, Inc.

In[1]:= 
In[2]:= In[2]:= 
In[3]:= 
In[4]:= In[4]:= 
In[5]:= 171.452	1.33	0.1184	340.	83.2739
171.452	1.33	0.1184	340.25	92.5526
171.452	1.33	0.1184	340.5	103.511
171.452	1.33	0.1184	340.75	116.57
171.452	1.33	0.1184	341.	132.268
171.452	1.33	0.1184	341.25	151.285
171.452	1.33	0.1184	341.5	174.453
171.452	1.33	0.1184	341.75	202.711
171.452	1.33	0.1184	342.	236.985
171.452	1.33	0.1184	342.25	277.889
171.452	1.33	0.1184	342.5	325.249
171.452	1.33	0.1184	342.75	377.504
171.452	1.33	0.1184	343.	431.29
171.452	1.33	0.1184	343.25	481.635
171.452	1.33	0.1184	343.5	523.058
171.452	1.33	0.1184	343.75	551.325
171.452	1.33	0.1184	344.	565.018
171.452	1.33	0.1184	344.25	565.999
171.452	1.33	0.1184	344.5	558.49
171.452	1.33	0.1184	344.75	547.364
171.452	1.33	0.1184	345.	536.578
171.452	1.33	0.1184	345.25	528.383
171.452	1.33	0.1184	345.5	523.392
171.452	1.33	0.1184	345.75	521.142
171.452	1.33	0.1184	346.	520.76

In[6]:= 
Out[6]= /afs/cern.ch/user/l/linyu/private/gen_ttbarxs_cern-main/step0001/subm\
 
>    it/result/mass171.4520.txt

In[7]:= 
Hello world!
