environment setting finished\n
b9p20p1085.cern.ch
Mathematica 12.0.0 Kernel for Linux x86 (64-bit)
Copyright 1988-2019 Wolfram Research, Inc.

In[1]:= 
In[2]:= In[2]:= 
In[3]:= 
In[4]:= In[4]:= 
In[5]:= 171.522	1.33	0.1184	340.	78.6624
171.522	1.33	0.1184	340.25	87.1469
171.522	1.33	0.1184	340.5	97.1184
171.522	1.33	0.1184	340.75	108.942
171.522	1.33	0.1184	341.	123.088
171.522	1.33	0.1184	341.25	140.154
171.522	1.33	0.1184	341.5	160.889
171.522	1.33	0.1184	341.75	186.179
171.522	1.33	0.1184	342.	216.981
171.522	1.33	0.1184	342.25	254.128
171.522	1.33	0.1184	342.5	297.954
171.522	1.33	0.1184	342.75	347.739
171.522	1.33	0.1184	343.	401.151
171.522	1.33	0.1184	343.25	454.04
171.522	1.33	0.1184	343.5	501.028
171.522	1.33	0.1184	343.75	536.966
171.522	1.33	0.1184	344.	558.727
171.522	1.33	0.1184	344.25	566.377
171.522	1.33	0.1184	344.5	562.998
171.522	1.33	0.1184	344.75	553.319
171.522	1.33	0.1184	345.	541.954
171.522	1.33	0.1184	345.25	532.146
171.522	1.33	0.1184	345.5	525.372
171.522	1.33	0.1184	345.75	521.686
171.522	1.33	0.1184	346.	520.371

In[6]:= 
Out[6]= /afs/cern.ch/user/l/linyu/private/gen_ttbarxs_cern-main/step0001/subm\
 
>    it/result/mass171.5220.txt

In[7]:= 
Hello world!
