environment setting finished\n
b9p15p9930.cern.ch
Mathematica 12.0.0 Kernel for Linux x86 (64-bit)
Copyright 1988-2019 Wolfram Research, Inc.

In[1]:= 
In[2]:= In[2]:= 
In[3]:= 
In[4]:= In[4]:= 
In[5]:= 171.47	1.33	0.1184	340.	82.0496
171.47	1.33	0.1184	340.25	91.1149
171.47	1.33	0.1184	340.5	101.808
171.47	1.33	0.1184	340.75	114.534
171.47	1.33	0.1184	341.	129.813
171.47	1.33	0.1184	341.25	148.306
171.47	1.33	0.1184	341.5	170.819
171.47	1.33	0.1184	341.75	198.286
171.47	1.33	0.1184	342.	231.644
171.47	1.33	0.1184	342.25	271.578
171.47	1.33	0.1184	342.5	318.062
171.47	1.33	0.1184	342.75	369.768
171.47	1.33	0.1184	343.	423.597
171.47	1.33	0.1184	343.25	474.763
171.47	1.33	0.1184	343.5	517.761
171.47	1.33	0.1184	343.75	548.068
171.47	1.33	0.1184	344.	563.803
171.47	1.33	0.1184	344.25	566.383
171.47	1.33	0.1184	344.5	559.788
171.47	1.33	0.1184	344.75	548.906
171.47	1.33	0.1184	345.	537.89
171.47	1.33	0.1184	345.25	529.253
171.47	1.33	0.1184	345.5	523.813
171.47	1.33	0.1184	345.75	521.22
171.47	1.33	0.1184	346.	520.624

In[6]:= 
Out[6]= /afs/cern.ch/user/l/linyu/private/gen_ttbarxs_cern-main/step0001/subm\
 
>    it/result/mass171.4700.txt

In[7]:= 
Hello world!
