environment setting finished\n
b9p17p7452.cern.ch
Mathematica 12.0.0 Kernel for Linux x86 (64-bit)
Copyright 1988-2019 Wolfram Research, Inc.

In[1]:= 
In[2]:= In[2]:= 
In[3]:= 
In[4]:= In[4]:= 
In[5]:= 171.509	1.33	0.1184	340.	79.489
171.509	1.33	0.1184	340.25	88.114
171.509	1.33	0.1184	340.5	98.2596
171.509	1.33	0.1184	340.75	110.301
171.509	1.33	0.1184	341.	124.72
171.509	1.33	0.1184	341.25	142.131
171.509	1.33	0.1184	341.5	163.295
171.509	1.33	0.1184	341.75	189.114
171.509	1.33	0.1184	342.	220.541
171.509	1.33	0.1184	342.25	258.381
171.509	1.33	0.1184	342.5	302.885
171.509	1.33	0.1184	342.75	353.193
171.509	1.33	0.1184	343.	406.781
171.509	1.33	0.1184	343.25	459.329
171.509	1.33	0.1184	343.5	505.401
171.509	1.33	0.1184	343.75	539.975
171.509	1.33	0.1184	344.	560.22
171.509	1.33	0.1184	344.25	566.545
171.509	1.33	0.1184	344.5	562.283
171.509	1.33	0.1184	344.75	552.23
171.509	1.33	0.1184	345.	540.905
171.509	1.33	0.1184	345.25	531.371
171.509	1.33	0.1184	345.5	524.933
171.509	1.33	0.1184	345.75	521.534
171.509	1.33	0.1184	346.	520.413

In[6]:= 
Out[6]= /afs/cern.ch/user/l/linyu/private/gen_ttbarxs_cern-main/step0001/subm\
 
>    it/result/mass171.5090.txt

In[7]:= 
Hello world!
