environment setting finished\n
b9p16p4781.cern.ch
Mathematica 12.0.0 Kernel for Linux x86 (64-bit)
Copyright 1988-2019 Wolfram Research, Inc.

In[1]:= 
In[2]:= In[2]:= 
In[3]:= 
In[4]:= In[4]:= 
In[5]:= 171.499	1.33	0.1184	340.	80.1339
171.499	1.33	0.1184	340.25	88.869
171.499	1.33	0.1184	340.5	99.1514
171.499	1.33	0.1184	340.75	111.364
171.499	1.33	0.1184	341.	125.998
171.499	1.33	0.1184	341.25	143.678
171.499	1.33	0.1184	341.5	165.18
171.499	1.33	0.1184	341.75	191.412
171.499	1.33	0.1184	342.	223.327
171.499	1.33	0.1184	342.25	261.702
171.499	1.33	0.1184	342.5	306.723
171.499	1.33	0.1184	342.75	357.414
171.499	1.33	0.1184	343.	411.106
171.499	1.33	0.1184	343.25	463.351
171.499	1.33	0.1184	343.5	508.681
171.499	1.33	0.1184	343.75	542.185
171.499	1.33	0.1184	344.	561.266
171.499	1.33	0.1184	344.25	566.596
171.499	1.33	0.1184	344.5	561.69
171.499	1.33	0.1184	344.75	551.384
171.499	1.33	0.1184	345.	540.112
171.499	1.33	0.1184	345.25	530.798
171.499	1.33	0.1184	345.5	524.618
171.499	1.33	0.1184	345.75	521.433
171.499	1.33	0.1184	346.	520.455

In[6]:= 
Out[6]= /afs/cern.ch/user/l/linyu/private/gen_ttbarxs_cern-main/step0001/subm\
 
>    it/result/mass171.4990.txt

In[7]:= 
Hello world!
