environment setting finished\n
b9p19p9651.cern.ch
Mathematica 12.0.0 Kernel for Linux x86 (64-bit)
Copyright 1988-2019 Wolfram Research, Inc.

In[1]:= 
In[2]:= In[2]:= 
In[3]:= 
In[4]:= In[4]:= 
In[5]:= 171.516	1.33	0.1184	340.	79.0423
171.516	1.33	0.1184	340.25	87.5912
171.516	1.33	0.1184	340.5	97.6426
171.516	1.33	0.1184	340.75	109.566
171.516	1.33	0.1184	341.	123.837
171.516	1.33	0.1184	341.25	141.062
171.516	1.33	0.1184	341.5	161.993
171.516	1.33	0.1184	341.75	187.526
171.516	1.33	0.1184	342.	218.616
171.516	1.33	0.1184	342.25	256.082
171.516	1.33	0.1184	342.5	300.222
171.516	1.33	0.1184	342.75	350.251
171.516	1.33	0.1184	343.	403.75
171.516	1.33	0.1184	343.25	456.489
171.516	1.33	0.1184	343.5	503.062
171.516	1.33	0.1184	343.75	538.374
171.516	1.33	0.1184	344.	559.435
171.516	1.33	0.1184	344.25	566.469
171.516	1.33	0.1184	344.5	562.676
171.516	1.33	0.1184	344.75	552.818
171.516	1.33	0.1184	345.	541.468
171.516	1.33	0.1184	345.25	531.784
171.516	1.33	0.1184	345.5	525.165
171.516	1.33	0.1184	345.75	521.613
171.516	1.33	0.1184	346.	520.388

In[6]:= 
Out[6]= /afs/cern.ch/user/l/linyu/private/gen_ttbarxs_cern-main/step0001/subm\
 
>    it/result/mass171.5160.txt

In[7]:= 
Hello world!
