environment setting finished\n
b9p13p6250.cern.ch
Mathematica 12.0.0 Kernel for Linux x86 (64-bit)
Copyright 1988-2019 Wolfram Research, Inc.

In[1]:= 
In[2]:= In[2]:= 
In[3]:= 
In[4]:= In[4]:= 
In[5]:= 171.496	1.33	0.1184	340.	80.3289
171.496	1.33	0.1184	340.25	89.0974
171.496	1.33	0.1184	340.5	99.4213
171.496	1.33	0.1184	340.75	111.685
171.496	1.33	0.1184	341.	126.385
171.496	1.33	0.1184	341.25	144.147
171.496	1.33	0.1184	341.5	165.752
171.496	1.33	0.1184	341.75	192.109
171.496	1.33	0.1184	342.	224.171
171.496	1.33	0.1184	342.25	262.707
171.496	1.33	0.1184	342.5	307.882
171.496	1.33	0.1184	342.75	358.685
171.496	1.33	0.1184	343.	412.402
171.496	1.33	0.1184	343.25	464.55
171.496	1.33	0.1184	343.5	509.651
171.496	1.33	0.1184	343.75	542.83
171.496	1.33	0.1184	344.	561.562
171.496	1.33	0.1184	344.25	566.599
171.496	1.33	0.1184	344.5	561.506
171.496	1.33	0.1184	344.75	551.129
171.496	1.33	0.1184	345.	539.877
171.496	1.33	0.1184	345.25	530.63
171.496	1.33	0.1184	345.5	524.527
171.496	1.33	0.1184	345.75	521.406
171.496	1.33	0.1184	346.	520.469

In[6]:= 
Out[6]= /afs/cern.ch/user/l/linyu/private/gen_ttbarxs_cern-main/step0001/subm\
 
>    it/result/mass171.4960.txt

In[7]:= 
Hello world!
