environment setting finished\n
b9p15p3668.cern.ch
Mathematica 12.0.0 Kernel for Linux x86 (64-bit)
Copyright 1988-2019 Wolfram Research, Inc.

In[1]:= 
In[2]:= In[2]:= 
In[3]:= 
In[4]:= In[4]:= 
In[5]:= 171.451	1.33	0.1184	340.	83.3428
171.451	1.33	0.1184	340.25	92.6335
171.451	1.33	0.1184	340.5	103.607
171.451	1.33	0.1184	340.75	116.684
171.451	1.33	0.1184	341.	132.406
171.451	1.33	0.1184	341.25	151.453
171.451	1.33	0.1184	341.5	174.657
171.451	1.33	0.1184	341.75	202.961
171.451	1.33	0.1184	342.	237.285
171.451	1.33	0.1184	342.25	278.244
171.451	1.33	0.1184	342.5	325.652
171.451	1.33	0.1184	342.75	377.935
171.451	1.33	0.1184	343.	431.716
171.451	1.33	0.1184	343.25	482.012
171.451	1.33	0.1184	343.5	523.344
171.451	1.33	0.1184	343.75	551.497
171.451	1.33	0.1184	344.	565.078
171.451	1.33	0.1184	344.25	565.972
171.451	1.33	0.1184	344.5	558.415
171.451	1.33	0.1184	344.75	547.279
171.451	1.33	0.1184	345.	536.506
171.451	1.33	0.1184	345.25	528.336
171.451	1.33	0.1184	345.5	523.37
171.451	1.33	0.1184	345.75	521.139
171.451	1.33	0.1184	346.	520.768

In[6]:= 
Out[6]= /afs/cern.ch/user/l/linyu/private/gen_ttbarxs_cern-main/step0001/subm\
 
>    it/result/mass171.4510.txt

In[7]:= 
Hello world!
