environment setting finished\n
b9p16p8836.cern.ch
Mathematica 12.0.0 Kernel for Linux x86 (64-bit)
Copyright 1988-2019 Wolfram Research, Inc.

In[1]:= 
In[2]:= In[2]:= 
In[3]:= 
In[4]:= In[4]:= 
In[5]:= 171.521	1.33	0.1184	340.	78.7255
171.521	1.33	0.1184	340.25	87.2207
171.521	1.33	0.1184	340.5	97.2055
171.521	1.33	0.1184	340.75	109.046
171.521	1.33	0.1184	341.	123.212
171.521	1.33	0.1184	341.25	140.305
171.521	1.33	0.1184	341.5	161.072
171.521	1.33	0.1184	341.75	186.403
171.521	1.33	0.1184	342.	217.252
171.521	1.33	0.1184	342.25	254.453
171.521	1.33	0.1184	342.5	298.331
171.521	1.33	0.1184	342.75	348.157
171.521	1.33	0.1184	343.	401.584
171.521	1.33	0.1184	343.25	454.449
171.521	1.33	0.1184	343.5	501.369
171.521	1.33	0.1184	343.75	537.203
171.521	1.33	0.1184	344.	558.847
171.521	1.33	0.1184	344.25	566.394
171.521	1.33	0.1184	344.5	562.945
171.521	1.33	0.1184	344.75	553.236
171.521	1.33	0.1184	345.	541.873
171.521	1.33	0.1184	345.25	532.085
171.521	1.33	0.1184	345.5	525.337
171.521	1.33	0.1184	345.75	521.673
171.521	1.33	0.1184	346.	520.373

In[6]:= 
Out[6]= /afs/cern.ch/user/l/linyu/private/gen_ttbarxs_cern-main/step0001/subm\
 
>    it/result/mass171.5210.txt

In[7]:= 
Hello world!
