environment setting finished\n
b9p16p4006.cern.ch
Mathematica 12.0.0 Kernel for Linux x86 (64-bit)
Copyright 1988-2019 Wolfram Research, Inc.

In[1]:= 
In[2]:= In[2]:= 
In[3]:= 
In[4]:= In[4]:= 
In[5]:= 171.483	1.33	0.1184	340.	81.1823
171.483	1.33	0.1184	340.25	90.0976
171.483	1.33	0.1184	340.5	100.604
171.483	1.33	0.1184	340.75	113.096
171.483	1.33	0.1184	341.	128.082
171.483	1.33	0.1184	341.25	146.205
171.483	1.33	0.1184	341.5	168.259
171.483	1.33	0.1184	341.75	195.166
171.483	1.33	0.1184	342.	227.872
171.483	1.33	0.1184	342.25	267.106
171.483	1.33	0.1184	342.5	312.942
171.483	1.33	0.1184	342.75	364.211
171.483	1.33	0.1184	343.	418.009
171.483	1.33	0.1184	343.25	469.697
171.483	1.33	0.1184	343.5	513.772
171.483	1.33	0.1184	343.75	545.528
171.483	1.33	0.1184	344.	562.755
171.483	1.33	0.1184	344.25	566.543
171.483	1.33	0.1184	344.5	560.672
171.483	1.33	0.1184	344.75	550.019
171.483	1.33	0.1184	345.	538.871
171.483	1.33	0.1184	345.25	529.924
171.483	1.33	0.1184	345.5	524.154
171.483	1.33	0.1184	345.75	521.301
171.483	1.33	0.1184	346.	520.54

In[6]:= 
Out[6]= /afs/cern.ch/user/l/linyu/private/gen_ttbarxs_cern-main/step0001/subm\
 
>    it/result/mass171.4830.txt

In[7]:= 
Hello world!
