environment setting finished\n
b9p15p0252.cern.ch
Mathematica 12.0.0 Kernel for Linux x86 (64-bit)
Copyright 1988-2019 Wolfram Research, Inc.

In[1]:= 
In[2]:= In[2]:= 
In[3]:= 
In[4]:= In[4]:= 
In[5]:= 171.485	1.33	0.1184	340.	81.0501
171.485	1.33	0.1184	340.25	89.9426
171.485	1.33	0.1184	340.5	100.421
171.485	1.33	0.1184	340.75	112.877
171.485	1.33	0.1184	341.	127.819
171.485	1.33	0.1184	341.25	145.886
171.485	1.33	0.1184	341.5	167.87
171.485	1.33	0.1184	341.75	194.691
171.485	1.33	0.1184	342.	227.298
171.485	1.33	0.1184	342.25	266.425
171.485	1.33	0.1184	342.5	312.159
171.485	1.33	0.1184	342.75	363.359
171.485	1.33	0.1184	343.	417.148
171.485	1.33	0.1184	343.25	468.91
171.485	1.33	0.1184	343.5	513.147
171.485	1.33	0.1184	343.75	545.123
171.485	1.33	0.1184	344.	562.581
171.485	1.33	0.1184	344.25	566.559
171.485	1.33	0.1184	344.5	560.804
171.485	1.33	0.1184	344.75	550.19
171.485	1.33	0.1184	345.	539.024
171.485	1.33	0.1184	345.25	530.03
171.485	1.33	0.1184	345.5	524.21
171.485	1.33	0.1184	345.75	521.316
171.485	1.33	0.1184	346.	520.528

In[6]:= 
Out[6]= /afs/cern.ch/user/l/linyu/private/gen_ttbarxs_cern-main/step0001/subm\
 
>    it/result/mass171.4850.txt

In[7]:= 
Hello world!
