environment setting finished\n
b9p15p9291.cern.ch
Mathematica 12.0.0 Kernel for Linux x86 (64-bit)
Copyright 1988-2019 Wolfram Research, Inc.

In[1]:= 
In[2]:= In[2]:= 
In[3]:= 
In[4]:= In[4]:= 
In[5]:= 171.491	1.33	0.1184	340.	80.6555
171.491	1.33	0.1184	340.25	89.4801
171.491	1.33	0.1184	340.5	99.8736
171.491	1.33	0.1184	340.75	112.225
171.491	1.33	0.1184	341.	127.033
171.491	1.33	0.1184	341.25	144.934
171.491	1.33	0.1184	341.5	166.71
171.491	1.33	0.1184	341.75	193.277
171.491	1.33	0.1184	342.	225.586
171.491	1.33	0.1184	342.25	264.39
171.491	1.33	0.1184	342.5	309.821
171.491	1.33	0.1184	342.75	360.806
171.491	1.33	0.1184	343.	414.561
171.491	1.33	0.1184	343.25	466.538
171.491	1.33	0.1184	343.5	511.251
171.491	1.33	0.1184	343.75	543.886
171.491	1.33	0.1184	344.	562.039
171.491	1.33	0.1184	344.25	566.59
171.491	1.33	0.1184	344.5	561.192
171.491	1.33	0.1184	344.75	550.703
171.491	1.33	0.1184	345.	539.487
171.491	1.33	0.1184	345.25	530.354
171.491	1.33	0.1184	345.5	524.38
171.491	1.33	0.1184	345.75	521.363
171.491	1.33	0.1184	346.	520.495

In[6]:= 
Out[6]= /afs/cern.ch/user/l/linyu/private/gen_ttbarxs_cern-main/step0001/subm\
 
>    it/result/mass171.4910.txt

In[7]:= 
Hello world!
