environment setting finished\n
b9p17p2339.cern.ch
Mathematica 12.0.0 Kernel for Linux x86 (64-bit)
Copyright 1988-2019 Wolfram Research, Inc.

In[1]:= 
In[2]:= In[2]:= 
In[3]:= 
In[4]:= In[4]:= 
In[5]:= 171.548	1.33	0.1184	340.	77.0479
171.548	1.33	0.1184	340.25	85.2606
171.548	1.33	0.1184	340.5	94.8954
171.548	1.33	0.1184	340.75	106.299
171.548	1.33	0.1184	341.	119.917
171.548	1.33	0.1184	341.25	136.32
171.548	1.33	0.1184	341.5	156.223
171.548	1.33	0.1184	341.75	180.488
171.548	1.33	0.1184	342.	210.067
171.548	1.33	0.1184	342.25	245.842
171.548	1.33	0.1184	342.5	288.291
171.548	1.33	0.1184	342.75	336.962
171.548	1.33	0.1184	343.	389.89
171.548	1.33	0.1184	343.25	443.286
171.548	1.33	0.1184	343.5	491.933
171.548	1.33	0.1184	343.75	530.488
171.548	1.33	0.1184	344.	555.279
171.548	1.33	0.1184	344.25	565.677
171.548	1.33	0.1184	344.5	564.22
171.548	1.33	0.1184	344.75	555.441
171.548	1.33	0.1184	345.	544.105
171.548	1.33	0.1184	345.25	533.797
171.548	1.33	0.1184	345.5	526.352
171.548	1.33	0.1184	345.75	522.069
171.548	1.33	0.1184	346.	520.336

In[6]:= 
Out[6]= /afs/cern.ch/user/l/linyu/private/gen_ttbarxs_cern-main/step0001/subm\
 
>    it/result/mass171.5480.txt

In[7]:= 
Hello world!
