environment setting finished\n
b9p16p3954.cern.ch
Mathematica 12.0.0 Kernel for Linux x86 (64-bit)
Copyright 1988-2019 Wolfram Research, Inc.

In[1]:= 
In[2]:= In[2]:= 
In[3]:= 
In[4]:= In[4]:= 
In[5]:= 171.533	1.33	0.1184	340.	77.9732
171.533	1.33	0.1184	340.25	86.3412
171.533	1.33	0.1184	340.5	96.1684
171.533	1.33	0.1184	340.75	107.812
171.533	1.33	0.1184	341.	121.731
171.533	1.33	0.1184	341.25	138.513
171.533	1.33	0.1184	341.5	158.891
171.533	1.33	0.1184	341.75	183.743
171.533	1.33	0.1184	342.	214.022
171.533	1.33	0.1184	342.25	250.587
171.533	1.33	0.1184	342.5	293.833
171.533	1.33	0.1184	342.75	343.158
171.533	1.33	0.1184	343.	396.385
171.533	1.33	0.1184	343.25	449.517
171.533	1.33	0.1184	343.5	497.236
171.533	1.33	0.1184	343.75	534.299
171.533	1.33	0.1184	344.	557.344
171.533	1.33	0.1184	344.25	566.141
171.533	1.33	0.1184	344.5	563.551
171.533	1.33	0.1184	344.75	554.227
171.533	1.33	0.1184	345.	542.857
171.533	1.33	0.1184	345.25	532.828
171.533	1.33	0.1184	345.5	525.77
171.533	1.33	0.1184	345.75	521.835
171.533	1.33	0.1184	346.	520.348

In[6]:= 
Out[6]= /afs/cern.ch/user/l/linyu/private/gen_ttbarxs_cern-main/step0001/subm\
 
>    it/result/mass171.5330.txt

In[7]:= 
Hello world!
