environment setting finished\n
b9p20p8214.cern.ch
Mathematica 12.0.0 Kernel for Linux x86 (64-bit)
Copyright 1988-2019 Wolfram Research, Inc.

In[1]:= 
In[2]:= In[2]:= 
In[3]:= 
In[4]:= In[4]:= 
In[5]:= 171.523	1.33	0.1184	340.	78.5994
171.523	1.33	0.1184	340.25	87.0732
171.523	1.33	0.1184	340.5	97.0315
171.523	1.33	0.1184	340.75	108.839
171.523	1.33	0.1184	341.	122.964
171.523	1.33	0.1184	341.25	140.004
171.523	1.33	0.1184	341.5	160.706
171.523	1.33	0.1184	341.75	185.956
171.523	1.33	0.1184	342.	216.71
171.523	1.33	0.1184	342.25	253.804
171.523	1.33	0.1184	342.5	297.577
171.523	1.33	0.1184	342.75	347.322
171.523	1.33	0.1184	343.	400.718
171.523	1.33	0.1184	343.25	453.631
171.523	1.33	0.1184	343.5	500.687
171.523	1.33	0.1184	343.75	536.728
171.523	1.33	0.1184	344.	558.606
171.523	1.33	0.1184	344.25	566.359
171.523	1.33	0.1184	344.5	563.05
171.523	1.33	0.1184	344.75	553.402
171.523	1.33	0.1184	345.	542.036
171.523	1.33	0.1184	345.25	532.207
171.523	1.33	0.1184	345.5	525.407
171.523	1.33	0.1184	345.75	521.699
171.523	1.33	0.1184	346.	520.368

In[6]:= 
Out[6]= /afs/cern.ch/user/l/linyu/private/gen_ttbarxs_cern-main/step0001/subm\
 
>    it/result/mass171.5230.txt

In[7]:= 
Hello world!
