environment setting finished\n
b9p16p2782.cern.ch
Mathematica 12.0.0 Kernel for Linux x86 (64-bit)
Copyright 1988-2019 Wolfram Research, Inc.

In[1]:= 
In[2]:= In[2]:= 
In[3]:= 
In[4]:= In[4]:= 
In[5]:= 171.473	1.33	0.1184	340.	81.8482
171.473	1.33	0.1184	340.25	90.8786
171.473	1.33	0.1184	340.5	101.528
171.473	1.33	0.1184	340.75	114.2
171.473	1.33	0.1184	341.	129.411
171.473	1.33	0.1184	341.25	147.817
171.473	1.33	0.1184	341.5	170.224
171.473	1.33	0.1184	341.75	197.56
171.473	1.33	0.1184	342.	230.767
171.473	1.33	0.1184	342.25	270.54
171.473	1.33	0.1184	342.5	316.875
171.473	1.33	0.1184	342.75	368.483
171.473	1.33	0.1184	343.	422.31
171.473	1.33	0.1184	343.25	473.602
171.473	1.33	0.1184	343.5	516.853
171.473	1.33	0.1184	343.75	547.496
171.473	1.33	0.1184	344.	563.574
171.473	1.33	0.1184	344.25	566.429
171.473	1.33	0.1184	344.5	559.996
171.473	1.33	0.1184	344.75	549.163
171.473	1.33	0.1184	345.	538.114
171.473	1.33	0.1184	345.25	529.405
171.473	1.33	0.1184	345.5	523.889
171.473	1.33	0.1184	345.75	521.237
171.473	1.33	0.1184	346.	520.603

In[6]:= 
Out[6]= /afs/cern.ch/user/l/linyu/private/gen_ttbarxs_cern-main/step0001/subm\
 
>    it/result/mass171.4730.txt

In[7]:= 
Hello world!
