environment setting finished\n
b9p13p6636.cern.ch
Mathematica 12.0.0 Kernel for Linux x86 (64-bit)
Copyright 1988-2019 Wolfram Research, Inc.

In[1]:= 
In[2]:= In[2]:= 
In[3]:= 
In[4]:= In[4]:= 
In[5]:= 171.487	1.33	0.1184	340.	80.9183
171.487	1.33	0.1184	340.25	89.788
171.487	1.33	0.1184	340.5	100.238
171.487	1.33	0.1184	340.75	112.659
171.487	1.33	0.1184	341.	127.556
171.487	1.33	0.1184	341.25	145.568
171.487	1.33	0.1184	341.5	167.482
171.487	1.33	0.1184	341.75	194.219
171.487	1.33	0.1184	342.	226.726
171.487	1.33	0.1184	342.25	265.745
171.487	1.33	0.1184	342.5	311.378
171.487	1.33	0.1184	342.75	362.507
171.487	1.33	0.1184	343.	416.286
171.487	1.33	0.1184	343.25	468.121
171.487	1.33	0.1184	343.5	512.518
171.487	1.33	0.1184	343.75	544.714
171.487	1.33	0.1184	344.	562.404
171.487	1.33	0.1184	344.25	566.572
171.487	1.33	0.1184	344.5	560.934
171.487	1.33	0.1184	344.75	550.361
171.487	1.33	0.1184	345.	539.178
171.487	1.33	0.1184	345.25	530.137
171.487	1.33	0.1184	345.5	524.266
171.487	1.33	0.1184	345.75	521.331
171.487	1.33	0.1184	346.	520.517

In[6]:= 
Out[6]= /afs/cern.ch/user/l/linyu/private/gen_ttbarxs_cern-main/step0001/subm\
 
>    it/result/mass171.4870.txt

In[7]:= 
Hello world!
