environment setting finished\n
b9p17p6084.cern.ch
Mathematica 12.0.0 Kernel for Linux x86 (64-bit)
Copyright 1988-2019 Wolfram Research, Inc.

In[1]:= 
In[2]:= In[2]:= 
In[3]:= 
In[4]:= In[4]:= 
In[5]:= 171.512	1.33	0.1184	340.	79.2971
171.512	1.33	0.1184	340.25	87.8894
171.512	1.33	0.1184	340.5	97.9945
171.512	1.33	0.1184	340.75	109.985
171.512	1.33	0.1184	341.	124.341
171.512	1.33	0.1184	341.25	141.671
171.512	1.33	0.1184	341.5	162.736
171.512	1.33	0.1184	341.75	188.431
171.512	1.33	0.1184	342.	219.713
171.512	1.33	0.1184	342.25	257.393
171.512	1.33	0.1184	342.5	301.741
171.512	1.33	0.1184	342.75	351.931
171.512	1.33	0.1184	343.	405.482
171.512	1.33	0.1184	343.25	458.114
171.512	1.33	0.1184	343.5	504.403
171.512	1.33	0.1184	343.75	539.294
171.512	1.33	0.1184	344.	559.889
171.512	1.33	0.1184	344.25	566.516
171.512	1.33	0.1184	344.5	562.453
171.512	1.33	0.1184	344.75	552.482
171.512	1.33	0.1184	345.	541.146
171.512	1.33	0.1184	345.25	531.547
171.512	1.33	0.1184	345.5	525.031
171.512	1.33	0.1184	345.75	521.567
171.512	1.33	0.1184	346.	520.402

In[6]:= 
Out[6]= /afs/cern.ch/user/l/linyu/private/gen_ttbarxs_cern-main/step0001/subm\
 
>    it/result/mass171.5120.txt

In[7]:= 
Hello world!
