environment setting finished\n
b9g23p6133.cern.ch
Mathematica 12.0.0 Kernel for Linux x86 (64-bit)
Copyright 1988-2019 Wolfram Research, Inc.

In[1]:= 
In[2]:= In[2]:= 
In[3]:= 
In[4]:= In[4]:= 
In[5]:= 171.46	1.33	0.1184	340.	82.7264
171.46	1.33	0.1184	340.25	91.9094
171.46	1.33	0.1184	340.5	102.749
171.46	1.33	0.1184	340.75	115.658
171.46	1.33	0.1184	341.	131.168
171.46	1.33	0.1184	341.25	149.951
171.46	1.33	0.1184	341.5	172.825
171.46	1.33	0.1184	341.75	200.729
171.46	1.33	0.1184	342.	234.594
171.46	1.33	0.1184	342.25	275.067
171.46	1.33	0.1184	342.5	322.042
171.46	1.33	0.1184	342.75	374.061
171.46	1.33	0.1184	343.	427.878
171.46	1.33	0.1184	343.25	478.603
171.46	1.33	0.1184	343.5	520.737
171.46	1.33	0.1184	343.75	549.915
171.46	1.33	0.1184	344.	564.511
171.46	1.33	0.1184	344.25	566.192
171.46	1.33	0.1184	344.5	559.077
171.46	1.33	0.1184	344.75	548.049
171.46	1.33	0.1184	345.	537.154
171.46	1.33	0.1184	345.25	528.761
171.46	1.33	0.1184	345.5	523.572
171.46	1.33	0.1184	345.75	521.172
171.46	1.33	0.1184	346.	520.697

In[6]:= 
Out[6]= /afs/cern.ch/user/l/linyu/private/gen_ttbarxs_cern-main/step0001/subm\
 
>    it/result/mass171.4600.txt

In[7]:= 
Hello world!
