environment setting finished\n
b9p19p4528.cern.ch
Mathematica 12.0.0 Kernel for Linux x86 (64-bit)
Copyright 1988-2019 Wolfram Research, Inc.

In[1]:= 
In[2]:= In[2]:= 
In[3]:= 
In[4]:= In[4]:= 
In[5]:= 171.464	1.33	0.1184	340.	82.4547
171.464	1.33	0.1184	340.25	91.5904
171.464	1.33	0.1184	340.5	102.371
171.464	1.33	0.1184	340.75	115.206
171.464	1.33	0.1184	341.	130.624
171.464	1.33	0.1184	341.25	149.289
171.464	1.33	0.1184	341.5	172.019
171.464	1.33	0.1184	341.75	199.747
171.464	1.33	0.1184	342.	233.409
171.464	1.33	0.1184	342.25	273.666
171.464	1.33	0.1184	342.5	320.446
171.464	1.33	0.1184	342.75	372.342
171.464	1.33	0.1184	343.	426.168
171.464	1.33	0.1184	343.25	477.073
171.464	1.33	0.1184	343.5	519.556
171.464	1.33	0.1184	343.75	549.187
171.464	1.33	0.1184	344.	564.238
171.464	1.33	0.1184	344.25	566.275
171.464	1.33	0.1184	344.5	559.364
171.464	1.33	0.1184	344.75	548.391
171.464	1.33	0.1184	345.	537.447
171.464	1.33	0.1184	345.25	528.956
171.464	1.33	0.1184	345.5	523.666
171.464	1.33	0.1184	345.75	521.19
171.464	1.33	0.1184	346.	520.667

In[6]:= 
Out[6]= /afs/cern.ch/user/l/linyu/private/gen_ttbarxs_cern-main/step0001/subm\
 
>    it/result/mass171.4640.txt

In[7]:= 
Hello world!
