environment setting finished\n
b9p17p9149.cern.ch
Mathematica 12.0.0 Kernel for Linux x86 (64-bit)
Copyright 1988-2019 Wolfram Research, Inc.

In[1]:= 
In[2]:= In[2]:= 
In[3]:= 
In[4]:= In[4]:= 
In[5]:= 171.488	1.33	0.1184	340.	80.8525
171.488	1.33	0.1184	340.25	89.7109
171.488	1.33	0.1184	340.5	100.147
171.488	1.33	0.1184	340.75	112.55
171.488	1.33	0.1184	341.	127.425
171.488	1.33	0.1184	341.25	145.409
171.488	1.33	0.1184	341.5	167.289
171.488	1.33	0.1184	341.75	193.983
171.488	1.33	0.1184	342.	226.44
171.488	1.33	0.1184	342.25	265.405
171.488	1.33	0.1184	342.5	310.988
171.488	1.33	0.1184	342.75	362.082
171.488	1.33	0.1184	343.	415.855
171.488	1.33	0.1184	343.25	467.726
171.488	1.33	0.1184	343.5	512.202
171.488	1.33	0.1184	343.75	544.509
171.488	1.33	0.1184	344.	562.314
171.488	1.33	0.1184	344.25	566.577
171.488	1.33	0.1184	344.5	560.999
171.488	1.33	0.1184	344.75	550.447
171.488	1.33	0.1184	345.	539.255
171.488	1.33	0.1184	345.25	530.191
171.488	1.33	0.1184	345.5	524.294
171.488	1.33	0.1184	345.75	521.339
171.488	1.33	0.1184	346.	520.511

In[6]:= 
Out[6]= /afs/cern.ch/user/l/linyu/private/gen_ttbarxs_cern-main/step0001/subm\
 
>    it/result/mass171.4880.txt

In[7]:= 
Hello world!
