environment setting finished\n
b9p17p9149.cern.ch
Mathematica 12.0.0 Kernel for Linux x86 (64-bit)
Copyright 1988-2019 Wolfram Research, Inc.

In[1]:= 
In[2]:= In[2]:= 
In[3]:= 
In[4]:= In[4]:= 
In[5]:= 171.53	1.33	0.1184	340.	78.1602
171.53	1.33	0.1184	340.25	86.5598
171.53	1.33	0.1184	340.5	96.4261
171.53	1.33	0.1184	340.75	108.118
171.53	1.33	0.1184	341.	122.099
171.53	1.33	0.1184	341.25	138.958
171.53	1.33	0.1184	341.5	159.433
171.53	1.33	0.1184	341.75	184.403
171.53	1.33	0.1184	342.	214.824
171.53	1.33	0.1184	342.25	251.547
171.53	1.33	0.1184	342.5	294.952
171.53	1.33	0.1184	342.75	344.404
171.53	1.33	0.1184	343.	397.685
171.53	1.33	0.1184	343.25	450.755
171.53	1.33	0.1184	343.5	498.278
171.53	1.33	0.1184	343.75	535.037
171.53	1.33	0.1184	344.	557.732
171.53	1.33	0.1184	344.25	566.214
171.53	1.33	0.1184	344.5	563.405
171.53	1.33	0.1184	344.75	553.981
171.53	1.33	0.1184	345.	542.609
171.53	1.33	0.1184	345.25	532.64
171.53	1.33	0.1184	345.5	525.659
171.53	1.33	0.1184	345.75	521.793
171.53	1.33	0.1184	346.	520.353

In[6]:= 
Out[6]= /afs/cern.ch/user/l/linyu/private/gen_ttbarxs_cern-main/step0001/subm\
 
>    it/result/mass171.5300.txt

In[7]:= 
Hello world!
