environment setting finished\n
b9g37p0851.cern.ch
Mathematica 12.0.0 Kernel for Linux x86 (64-bit)
Copyright 1988-2019 Wolfram Research, Inc.

In[1]:= 
In[2]:= In[2]:= 
In[3]:= 
In[4]:= In[4]:= 
In[5]:= 171.549	1.33	0.1184	340.	76.9869
171.549	1.33	0.1184	340.25	85.1893
171.549	1.33	0.1184	340.5	94.8114
171.549	1.33	0.1184	340.75	106.199
171.549	1.33	0.1184	341.	119.797
171.549	1.33	0.1184	341.25	136.175
171.549	1.33	0.1184	341.5	156.047
171.549	1.33	0.1184	341.75	180.273
171.549	1.33	0.1184	342.	209.806
171.549	1.33	0.1184	342.25	245.53
171.549	1.33	0.1184	342.5	287.925
171.549	1.33	0.1184	342.75	336.551
171.549	1.33	0.1184	343.	389.457
171.549	1.33	0.1184	343.25	442.868
171.549	1.33	0.1184	343.5	491.574
171.549	1.33	0.1184	343.75	530.227
171.549	1.33	0.1184	344.	555.134
171.549	1.33	0.1184	344.25	565.64
171.549	1.33	0.1184	344.5	564.261
171.549	1.33	0.1184	344.75	555.521
171.549	1.33	0.1184	345.	544.189
171.549	1.33	0.1184	345.25	533.863
171.549	1.33	0.1184	345.5	526.393
171.549	1.33	0.1184	345.75	522.086
171.549	1.33	0.1184	346.	520.336

In[6]:= 
Out[6]= /afs/cern.ch/user/l/linyu/private/gen_ttbarxs_cern-main/step0001/subm\
 
>    it/result/mass171.5490.txt

In[7]:= 
Hello world!
