environment setting finished\n
b9p17p4443.cern.ch
Mathematica 12.0.0 Kernel for Linux x86 (64-bit)
Copyright 1988-2019 Wolfram Research, Inc.

In[1]:= 
In[2]:= In[2]:= 
In[3]:= 
In[4]:= In[4]:= 
In[5]:= 171.515	1.33	0.1184	340.	79.1059
171.515	1.33	0.1184	340.25	87.6656
171.515	1.33	0.1184	340.5	97.7304
171.515	1.33	0.1184	340.75	109.671
171.515	1.33	0.1184	341.	123.963
171.515	1.33	0.1184	341.25	141.214
171.515	1.33	0.1184	341.5	162.179
171.515	1.33	0.1184	341.75	187.752
171.515	1.33	0.1184	342.	218.889
171.515	1.33	0.1184	342.25	256.409
171.515	1.33	0.1184	342.5	300.601
171.515	1.33	0.1184	342.75	350.671
171.515	1.33	0.1184	343.	404.183
171.515	1.33	0.1184	343.25	456.896
171.515	1.33	0.1184	343.5	503.398
171.515	1.33	0.1184	343.75	538.605
171.515	1.33	0.1184	344.	559.55
171.515	1.33	0.1184	344.25	566.482
171.515	1.33	0.1184	344.5	562.621
171.515	1.33	0.1184	344.75	552.734
171.515	1.33	0.1184	345.	541.387
171.515	1.33	0.1184	345.25	531.724
171.515	1.33	0.1184	345.5	525.131
171.515	1.33	0.1184	345.75	521.601
171.515	1.33	0.1184	346.	520.391

In[6]:= 
Out[6]= /afs/cern.ch/user/l/linyu/private/gen_ttbarxs_cern-main/step0001/subm\
 
>    it/result/mass171.5150.txt

In[7]:= 
Hello world!
