environment setting finished\n
b9p13p3548.cern.ch
Mathematica 12.0.0 Kernel for Linux x86 (64-bit)
Copyright 1988-2019 Wolfram Research, Inc.

In[1]:= 
In[2]:= In[2]:= 
In[3]:= 
In[4]:= In[4]:= 
In[5]:= 171.479	1.33	0.1184	340.	81.4477
171.479	1.33	0.1184	340.25	90.4088
171.479	1.33	0.1184	340.5	100.972
171.479	1.33	0.1184	340.75	113.536
171.479	1.33	0.1184	341.	128.611
171.479	1.33	0.1184	341.25	146.847
171.479	1.33	0.1184	341.5	169.041
171.479	1.33	0.1184	341.75	196.119
171.479	1.33	0.1184	342.	229.025
171.479	1.33	0.1184	342.25	268.474
171.479	1.33	0.1184	342.5	314.511
171.479	1.33	0.1184	342.75	365.918
171.479	1.33	0.1184	343.	419.731
171.479	1.33	0.1184	343.25	471.264
171.479	1.33	0.1184	343.5	515.014
171.479	1.33	0.1184	343.75	546.326
171.479	1.33	0.1184	344.	563.093
171.479	1.33	0.1184	344.25	566.505
171.479	1.33	0.1184	344.5	560.405
171.479	1.33	0.1184	344.75	549.677
171.479	1.33	0.1184	345.	538.567
171.479	1.33	0.1184	345.25	529.714
171.479	1.33	0.1184	345.5	524.046
171.479	1.33	0.1184	345.75	521.274
171.479	1.33	0.1184	346.	520.564

In[6]:= 
Out[6]= /afs/cern.ch/user/l/linyu/private/gen_ttbarxs_cern-main/step0001/subm\
 
>    it/result/mass171.4790.txt

In[7]:= 
Hello world!
