environment setting finished\n
b9g37p2408.cern.ch
Mathematica 12.0.0 Kernel for Linux x86 (64-bit)
Copyright 1988-2019 Wolfram Research, Inc.

In[1]:= 
In[2]:= In[2]:= 
In[3]:= 
In[4]:= In[4]:= 
In[5]:= 171.535	1.33	0.1184	340.	77.8488
171.535	1.33	0.1184	340.25	86.1959
171.535	1.33	0.1184	340.5	95.9972
171.535	1.33	0.1184	340.75	107.608
171.535	1.33	0.1184	341.	121.487
171.535	1.33	0.1184	341.25	138.218
171.535	1.33	0.1184	341.5	158.532
171.535	1.33	0.1184	341.75	183.304
171.535	1.33	0.1184	342.	213.49
171.535	1.33	0.1184	342.25	249.949
171.535	1.33	0.1184	342.5	293.089
171.535	1.33	0.1184	342.75	342.328
171.535	1.33	0.1184	343.	395.519
171.535	1.33	0.1184	343.25	448.69
171.535	1.33	0.1184	343.5	496.537
171.535	1.33	0.1184	343.75	533.802
171.535	1.33	0.1184	344.	557.081
171.535	1.33	0.1184	344.25	566.089
171.535	1.33	0.1184	344.5	563.646
171.535	1.33	0.1184	344.75	554.391
171.535	1.33	0.1184	345.	543.022
171.535	1.33	0.1184	345.25	532.955
171.535	1.33	0.1184	345.5	525.845
171.535	1.33	0.1184	345.75	521.864
171.535	1.33	0.1184	346.	520.345

In[6]:= 
Out[6]= /afs/cern.ch/user/l/linyu/private/gen_ttbarxs_cern-main/step0001/subm\
 
>    it/result/mass171.5350.txt

In[7]:= 
Hello world!
