environment setting finished\n
b9p20p2583.cern.ch
Mathematica 12.0.0 Kernel for Linux x86 (64-bit)
Copyright 1988-2019 Wolfram Research, Inc.

In[1]:= 
In[2]:= In[2]:= 
In[3]:= 
In[4]:= In[4]:= 
In[5]:= 171.502	1.33	0.1184	340.	79.9396
171.502	1.33	0.1184	340.25	88.6414
171.502	1.33	0.1184	340.5	98.8826
171.502	1.33	0.1184	340.75	111.043
171.502	1.33	0.1184	341.	125.612
171.502	1.33	0.1184	341.25	143.211
171.502	1.33	0.1184	341.5	164.612
171.502	1.33	0.1184	341.75	190.719
171.502	1.33	0.1184	342.	222.487
171.502	1.33	0.1184	342.25	260.701
171.502	1.33	0.1184	342.5	305.568
171.502	1.33	0.1184	342.75	356.145
171.502	1.33	0.1184	343.	409.809
171.502	1.33	0.1184	343.25	462.149
171.502	1.33	0.1184	343.5	507.705
171.502	1.33	0.1184	343.75	541.532
171.502	1.33	0.1184	344.	560.961
171.502	1.33	0.1184	344.25	566.588
171.502	1.33	0.1184	344.5	561.872
171.502	1.33	0.1184	344.75	551.638
171.502	1.33	0.1184	345.	540.349
171.502	1.33	0.1184	345.25	530.967
171.502	1.33	0.1184	345.5	524.71
171.502	1.33	0.1184	345.75	521.462
171.502	1.33	0.1184	346.	520.441

In[6]:= 
Out[6]= /afs/cern.ch/user/l/linyu/private/gen_ttbarxs_cern-main/step0001/subm\
 
>    it/result/mass171.5020.txt

In[7]:= 
Hello world!
