environment setting finished\n
b9p15p0351.cern.ch
Mathematica 12.0.0 Kernel for Linux x86 (64-bit)
Copyright 1988-2019 Wolfram Research, Inc.

In[1]:= 
In[2]:= In[2]:= 
In[3]:= 
In[4]:= In[4]:= 
In[5]:= 171.541	1.33	0.1184	340.	77.4776
171.541	1.33	0.1184	340.25	85.7623
171.541	1.33	0.1184	340.5	95.4862
171.541	1.33	0.1184	340.75	107.001
171.541	1.33	0.1184	341.	120.758
171.541	1.33	0.1184	341.25	137.337
171.541	1.33	0.1184	341.5	157.46
171.541	1.33	0.1184	341.75	181.997
171.541	1.33	0.1184	342.	211.902
171.541	1.33	0.1184	342.25	248.044
171.541	1.33	0.1184	342.5	290.866
171.541	1.33	0.1184	342.75	339.846
171.541	1.33	0.1184	343.	392.92
171.541	1.33	0.1184	343.25	446.202
171.541	1.33	0.1184	343.5	494.426
171.541	1.33	0.1184	343.75	532.291
171.541	1.33	0.1184	344.	556.269
171.541	1.33	0.1184	344.25	565.914
171.541	1.33	0.1184	344.5	563.92
171.541	1.33	0.1184	344.75	554.878
171.541	1.33	0.1184	345.	543.52
171.541	1.33	0.1184	345.25	533.34
171.541	1.33	0.1184	345.5	526.075
171.541	1.33	0.1184	345.75	521.955
171.541	1.33	0.1184	346.	520.339

In[6]:= 
Out[6]= /afs/cern.ch/user/l/linyu/private/gen_ttbarxs_cern-main/step0001/subm\
 
>    it/result/mass171.5410.txt

In[7]:= 
Hello world!
