environment setting finished\n
b9p15p6327.cern.ch
Mathematica 12.0.0 Kernel for Linux x86 (64-bit)
Copyright 1988-2019 Wolfram Research, Inc.

In[1]:= 
In[2]:= In[2]:= 
In[3]:= 
In[4]:= In[4]:= 
In[5]:= 171.544	1.33	0.1184	340.	77.293
171.544	1.33	0.1184	340.25	85.5468
171.544	1.33	0.1184	340.5	95.2323
171.544	1.33	0.1184	340.75	106.699
171.544	1.33	0.1184	341.	120.397
171.544	1.33	0.1184	341.25	136.9
171.544	1.33	0.1184	341.5	156.928
171.544	1.33	0.1184	341.75	181.348
171.544	1.33	0.1184	342.	211.113
171.544	1.33	0.1184	342.25	247.098
171.544	1.33	0.1184	342.5	289.76
171.544	1.33	0.1184	342.75	338.608
171.544	1.33	0.1184	343.	391.621
171.544	1.33	0.1184	343.25	444.954
171.544	1.33	0.1184	343.5	493.361
171.544	1.33	0.1184	343.75	531.523
171.544	1.33	0.1184	344.	555.85
171.544	1.33	0.1184	344.25	565.817
171.544	1.33	0.1184	344.5	564.051
171.544	1.33	0.1184	344.75	555.12
171.544	1.33	0.1184	345.	543.77
171.544	1.33	0.1184	345.25	533.535
171.544	1.33	0.1184	345.5	526.192
171.544	1.33	0.1184	345.75	522.003
171.544	1.33	0.1184	346.	520.337

In[6]:= 
Out[6]= /afs/cern.ch/user/l/linyu/private/gen_ttbarxs_cern-main/step0001/subm\
 
>    it/result/mass171.5440.txt

In[7]:= 
Hello world!
