environment setting finished\n
b9p17p9664.cern.ch
Mathematica 12.0.0 Kernel for Linux x86 (64-bit)
Copyright 1988-2019 Wolfram Research, Inc.

In[1]:= 
In[2]:= In[2]:= 
In[3]:= 
In[4]:= In[4]:= 
In[5]:= 171.49	1.33	0.1184	340.	80.7211
171.49	1.33	0.1184	340.25	89.5569
171.49	1.33	0.1184	340.5	99.9645
171.49	1.33	0.1184	340.75	112.333
171.49	1.33	0.1184	341.	127.164
171.49	1.33	0.1184	341.25	145.092
171.49	1.33	0.1184	341.5	166.903
171.49	1.33	0.1184	341.75	193.512
171.49	1.33	0.1184	342.	225.87
171.49	1.33	0.1184	342.25	264.728
171.49	1.33	0.1184	342.5	310.209
171.49	1.33	0.1184	342.75	361.231
171.49	1.33	0.1184	343.	414.992
171.49	1.33	0.1184	343.25	466.935
171.49	1.33	0.1184	343.5	511.569
171.49	1.33	0.1184	343.75	544.094
171.49	1.33	0.1184	344.	562.131
171.49	1.33	0.1184	344.25	566.586
171.49	1.33	0.1184	344.5	561.128
171.49	1.33	0.1184	344.75	550.617
171.49	1.33	0.1184	345.	539.41
171.49	1.33	0.1184	345.25	530.3
171.49	1.33	0.1184	345.5	524.351
171.49	1.33	0.1184	345.75	521.355
171.49	1.33	0.1184	346.	520.5

In[6]:= 
Out[6]= /afs/cern.ch/user/l/linyu/private/gen_ttbarxs_cern-main/step0001/subm\
 
>    it/result/mass171.4900.txt

In[7]:= 
Hello world!
