environment setting finished\n
b9p17p0989.cern.ch
Mathematica 12.0.0 Kernel for Linux x86 (64-bit)
Copyright 1988-2019 Wolfram Research, Inc.

In[1]:= 
In[2]:= In[2]:= 
In[3]:= 
In[4]:= In[4]:= 
In[5]:= 171.543	1.33	0.1184	340.	77.3545
171.543	1.33	0.1184	340.25	85.6185
171.543	1.33	0.1184	340.5	95.3169
171.543	1.33	0.1184	340.75	106.8
171.543	1.33	0.1184	341.	120.517
171.543	1.33	0.1184	341.25	137.045
171.543	1.33	0.1184	341.5	157.105
171.543	1.33	0.1184	341.75	181.564
171.543	1.33	0.1184	342.	211.375
171.543	1.33	0.1184	342.25	247.413
171.543	1.33	0.1184	342.5	290.128
171.543	1.33	0.1184	342.75	339.02
171.543	1.33	0.1184	343.	392.054
171.543	1.33	0.1184	343.25	445.371
171.543	1.33	0.1184	343.5	493.717
171.543	1.33	0.1184	343.75	531.78
171.543	1.33	0.1184	344.	555.991
171.543	1.33	0.1184	344.25	565.85
171.543	1.33	0.1184	344.5	564.008
171.543	1.33	0.1184	344.75	555.04
171.543	1.33	0.1184	345.	543.687
171.543	1.33	0.1184	345.25	533.469
171.543	1.33	0.1184	345.5	526.153
171.543	1.33	0.1184	345.75	521.987
171.543	1.33	0.1184	346.	520.337

In[6]:= 
Out[6]= /afs/cern.ch/user/l/linyu/private/gen_ttbarxs_cern-main/step0001/subm\
 
>    it/result/mass171.5430.txt

In[7]:= 
Hello world!
