environment setting finished\n
b9p15p4003.cern.ch
Mathematica 12.0.0 Kernel for Linux x86 (64-bit)
Copyright 1988-2019 Wolfram Research, Inc.

In[1]:= 
In[2]:= In[2]:= 
In[3]:= 
In[4]:= In[4]:= 
In[5]:= 171.476	1.33	0.1184	340.	81.6476
171.476	1.33	0.1184	340.25	90.6432
171.476	1.33	0.1184	340.5	101.249
171.476	1.33	0.1184	340.75	113.867
171.476	1.33	0.1184	341.	129.01
171.476	1.33	0.1184	341.25	147.331
171.476	1.33	0.1184	341.5	169.631
171.476	1.33	0.1184	341.75	196.838
171.476	1.33	0.1184	342.	229.894
171.476	1.33	0.1184	342.25	269.505
171.476	1.33	0.1184	342.5	315.691
171.476	1.33	0.1184	342.75	367.2
171.476	1.33	0.1184	343.	421.021
171.476	1.33	0.1184	343.25	472.435
171.476	1.33	0.1184	343.5	515.937
171.476	1.33	0.1184	343.75	546.915
171.476	1.33	0.1184	344.	563.337
171.476	1.33	0.1184	344.25	566.469
171.476	1.33	0.1184	344.5	560.202
171.476	1.33	0.1184	344.75	549.42
171.476	1.33	0.1184	345.	538.34
171.476	1.33	0.1184	345.25	529.558
171.476	1.33	0.1184	345.5	523.967
171.476	1.33	0.1184	345.75	521.255
171.476	1.33	0.1184	346.	520.584

In[6]:= 
Out[6]= /afs/cern.ch/user/l/linyu/private/gen_ttbarxs_cern-main/step0001/subm\
 
>    it/result/mass171.4760.txt

In[7]:= 
Hello world!
