environment setting finished\n
b9p16p9362.cern.ch
Mathematica 12.0.0 Kernel for Linux x86 (64-bit)
Copyright 1988-2019 Wolfram Research, Inc.

In[1]:= 
In[2]:= In[2]:= 
In[3]:= 
In[4]:= In[4]:= 
In[5]:= 171.471	1.33	0.1184	340.	81.9824
171.471	1.33	0.1184	340.25	91.0361
171.471	1.33	0.1184	340.5	101.714
171.471	1.33	0.1184	340.75	114.422
171.471	1.33	0.1184	341.	129.679
171.471	1.33	0.1184	341.25	148.142
171.471	1.33	0.1184	341.5	170.621
171.471	1.33	0.1184	341.75	198.043
171.471	1.33	0.1184	342.	231.351
171.471	1.33	0.1184	342.25	271.231
171.471	1.33	0.1184	342.5	317.666
171.471	1.33	0.1184	342.75	369.34
171.471	1.33	0.1184	343.	423.168
171.471	1.33	0.1184	343.25	474.377
171.471	1.33	0.1184	343.5	517.459
171.471	1.33	0.1184	343.75	547.878
171.471	1.33	0.1184	344.	563.727
171.471	1.33	0.1184	344.25	566.399
171.471	1.33	0.1184	344.5	559.858
171.471	1.33	0.1184	344.75	548.991
171.471	1.33	0.1184	345.	537.965
171.471	1.33	0.1184	345.25	529.304
171.471	1.33	0.1184	345.5	523.838
171.471	1.33	0.1184	345.75	521.225
171.471	1.33	0.1184	346.	520.617

In[6]:= 
Out[6]= /afs/cern.ch/user/l/linyu/private/gen_ttbarxs_cern-main/step0001/subm\
 
>    it/result/mass171.4710.txt

In[7]:= 
Hello world!
