environment setting finished\n
b9p16p4374.cern.ch
Mathematica 12.0.0 Kernel for Linux x86 (64-bit)
Copyright 1988-2019 Wolfram Research, Inc.

In[1]:= 
In[2]:= In[2]:= 
In[3]:= 
In[4]:= In[4]:= 
In[5]:= 171.542	1.33	0.1184	340.	77.416
171.542	1.33	0.1184	340.25	85.6904
171.542	1.33	0.1184	340.5	95.4015
171.542	1.33	0.1184	340.75	106.9
171.542	1.33	0.1184	341.	120.638
171.542	1.33	0.1184	341.25	137.191
171.542	1.33	0.1184	341.5	157.283
171.542	1.33	0.1184	341.75	181.78
171.542	1.33	0.1184	342.	211.638
171.542	1.33	0.1184	342.25	247.729
171.542	1.33	0.1184	342.5	290.497
171.542	1.33	0.1184	342.75	339.433
171.542	1.33	0.1184	343.	392.487
171.542	1.33	0.1184	343.25	445.787
171.542	1.33	0.1184	343.5	494.072
171.542	1.33	0.1184	343.75	532.036
171.542	1.33	0.1184	344.	556.13
171.542	1.33	0.1184	344.25	565.883
171.542	1.33	0.1184	344.5	563.964
171.542	1.33	0.1184	344.75	554.959
171.542	1.33	0.1184	345.	543.603
171.542	1.33	0.1184	345.25	533.404
171.542	1.33	0.1184	345.5	526.114
171.542	1.33	0.1184	345.75	521.971
171.542	1.33	0.1184	346.	520.338

In[6]:= 
Out[6]= /afs/cern.ch/user/l/linyu/private/gen_ttbarxs_cern-main/step0001/subm\
 
>    it/result/mass171.5420.txt

In[7]:= 
Hello world!
