environment setting finished\n
b9p19p8956.cern.ch
Mathematica 12.0.0 Kernel for Linux x86 (64-bit)
Copyright 1988-2019 Wolfram Research, Inc.

In[1]:= 
In[2]:= In[2]:= 
In[3]:= 
In[4]:= In[4]:= 
In[5]:= 171.507	1.33	0.1184	340.	79.6174
171.507	1.33	0.1184	340.25	88.2642
171.507	1.33	0.1184	340.5	98.437
171.507	1.33	0.1184	340.75	110.512
171.507	1.33	0.1184	341.	124.974
171.507	1.33	0.1184	341.25	142.438
171.507	1.33	0.1184	341.5	163.67
171.507	1.33	0.1184	341.75	189.57
171.507	1.33	0.1184	342.	221.095
171.507	1.33	0.1184	342.25	259.042
171.507	1.33	0.1184	342.5	303.65
171.507	1.33	0.1184	342.75	354.035
171.507	1.33	0.1184	343.	407.646
171.507	1.33	0.1184	343.25	460.137
171.507	1.33	0.1184	343.5	506.063
171.507	1.33	0.1184	343.75	540.425
171.507	1.33	0.1184	344.	560.436
171.507	1.33	0.1184	344.25	566.561
171.507	1.33	0.1184	344.5	562.167
171.507	1.33	0.1184	344.75	552.061
171.507	1.33	0.1184	345.	540.746
171.507	1.33	0.1184	345.25	531.254
171.507	1.33	0.1184	345.5	524.868
171.507	1.33	0.1184	345.75	521.512
171.507	1.33	0.1184	346.	520.42

In[6]:= 
Out[6]= /afs/cern.ch/user/l/linyu/private/gen_ttbarxs_cern-main/step0001/subm\
 
>    it/result/mass171.5070.txt

In[7]:= 
Hello world!
