environment setting finished\n
b9g23p2723.cern.ch
Mathematica 12.0.0 Kernel for Linux x86 (64-bit)
Copyright 1988-2019 Wolfram Research, Inc.

In[1]:= 
In[2]:= In[2]:= 
In[3]:= 
In[4]:= In[4]:= 
In[5]:= 171.454	1.33	0.1184	340.	83.1365
171.454	1.33	0.1184	340.25	92.3912
171.454	1.33	0.1184	340.5	103.32
171.454	1.33	0.1184	340.75	116.341
171.454	1.33	0.1184	341.	131.991
171.454	1.33	0.1184	341.25	150.95
171.454	1.33	0.1184	341.5	174.044
171.454	1.33	0.1184	341.75	202.213
171.454	1.33	0.1184	342.	236.384
171.454	1.33	0.1184	342.25	277.181
171.454	1.33	0.1184	342.5	324.445
171.454	1.33	0.1184	342.75	376.643
171.454	1.33	0.1184	343.	430.438
171.454	1.33	0.1184	343.25	480.88
171.454	1.33	0.1184	343.5	522.482
171.454	1.33	0.1184	343.75	550.978
171.454	1.33	0.1184	344.	564.896
171.454	1.33	0.1184	344.25	566.05
171.454	1.33	0.1184	344.5	558.638
171.454	1.33	0.1184	344.75	547.535
171.454	1.33	0.1184	345.	536.721
171.454	1.33	0.1184	345.25	528.476
171.454	1.33	0.1184	345.5	523.436
171.454	1.33	0.1184	345.75	521.149
171.454	1.33	0.1184	346.	520.744

In[6]:= 
Out[6]= /afs/cern.ch/user/l/linyu/private/gen_ttbarxs_cern-main/step0001/subm\
 
>    it/result/mass171.4540.txt

In[7]:= 
Hello world!
