environment setting finished\n
b9p16p8880.cern.ch
Mathematica 12.0.0 Kernel for Linux x86 (64-bit)
Copyright 1988-2019 Wolfram Research, Inc.

In[1]:= 
In[2]:= In[2]:= 
In[3]:= 
In[4]:= In[4]:= 
In[5]:= 171.508	1.33	0.1184	340.	79.5532
171.508	1.33	0.1184	340.25	88.189
171.508	1.33	0.1184	340.5	98.3483
171.508	1.33	0.1184	340.75	110.407
171.508	1.33	0.1184	341.	124.847
171.508	1.33	0.1184	341.25	142.284
171.508	1.33	0.1184	341.5	163.482
171.508	1.33	0.1184	341.75	189.342
171.508	1.33	0.1184	342.	220.818
171.508	1.33	0.1184	342.25	258.711
171.508	1.33	0.1184	342.5	303.267
171.508	1.33	0.1184	342.75	353.614
171.508	1.33	0.1184	343.	407.213
171.508	1.33	0.1184	343.25	459.733
171.508	1.33	0.1184	343.5	505.732
171.508	1.33	0.1184	343.75	540.2
171.508	1.33	0.1184	344.	560.329
171.508	1.33	0.1184	344.25	566.553
171.508	1.33	0.1184	344.5	562.225
171.508	1.33	0.1184	344.75	552.146
171.508	1.33	0.1184	345.	540.825
171.508	1.33	0.1184	345.25	531.312
171.508	1.33	0.1184	345.5	524.901
171.508	1.33	0.1184	345.75	521.523
171.508	1.33	0.1184	346.	520.416

In[6]:= 
Out[6]= /afs/cern.ch/user/l/linyu/private/gen_ttbarxs_cern-main/step0001/subm\
 
>    it/result/mass171.5080.txt

In[7]:= 
Hello world!
