environment setting finished\n
b9p20p9077.cern.ch
Mathematica 12.0.0 Kernel for Linux x86 (64-bit)
Copyright 1988-2019 Wolfram Research, Inc.

In[1]:= 
In[2]:= In[2]:= 
In[3]:= 
In[4]:= In[4]:= 
In[5]:= 171.472	1.33	0.1184	340.	81.9153
171.472	1.33	0.1184	340.25	90.9573
171.472	1.33	0.1184	340.5	101.621
171.472	1.33	0.1184	340.75	114.311
171.472	1.33	0.1184	341.	129.545
171.472	1.33	0.1184	341.25	147.98
171.472	1.33	0.1184	341.5	170.422
171.472	1.33	0.1184	341.75	197.802
171.472	1.33	0.1184	342.	231.059
171.472	1.33	0.1184	342.25	270.885
171.472	1.33	0.1184	342.5	317.271
171.472	1.33	0.1184	342.75	368.911
171.472	1.33	0.1184	343.	422.739
171.472	1.33	0.1184	343.25	473.989
171.472	1.33	0.1184	343.5	517.156
171.472	1.33	0.1184	343.75	547.688
171.472	1.33	0.1184	344.	563.651
171.472	1.33	0.1184	344.25	566.414
171.472	1.33	0.1184	344.5	559.927
171.472	1.33	0.1184	344.75	549.077
171.472	1.33	0.1184	345.	538.04
171.472	1.33	0.1184	345.25	529.354
171.472	1.33	0.1184	345.5	523.863
171.472	1.33	0.1184	345.75	521.231

NIntegrate::slwcon: 
   Numerical integration converging too slowly; suspect one of the following:
    singularity, value of the integration is 0, highly oscillatory integrand,
    or WorkingPrecision too small.
171.472	1.33	0.1184	346.	520.61

In[6]:= 
Out[6]= /afs/cern.ch/user/l/linyu/private/gen_ttbarxs_cern-main/step0001/subm\
 
>    it/result/mass171.4720.txt

In[7]:= 
Hello world!
