environment setting finished\n
b9p17p8195.cern.ch
Mathematica 12.0.0 Kernel for Linux x86 (64-bit)
Copyright 1988-2019 Wolfram Research, Inc.

In[1]:= 
In[2]:= In[2]:= 
In[3]:= 
In[4]:= In[4]:= 
In[5]:= 171.486	1.33	0.1184	340.	80.9842
171.486	1.33	0.1184	340.25	89.8653
171.486	1.33	0.1184	340.5	100.329
171.486	1.33	0.1184	340.75	112.768
171.486	1.33	0.1184	341.	127.687
171.486	1.33	0.1184	341.25	145.727
171.486	1.33	0.1184	341.5	167.676
171.486	1.33	0.1184	341.75	194.455
171.486	1.33	0.1184	342.	227.012
171.486	1.33	0.1184	342.25	266.084
171.486	1.33	0.1184	342.5	311.768
171.486	1.33	0.1184	342.75	362.933
171.486	1.33	0.1184	343.	416.717
171.486	1.33	0.1184	343.25	468.516
171.486	1.33	0.1184	343.5	512.833
171.486	1.33	0.1184	343.75	544.919
171.486	1.33	0.1184	344.	562.493
171.486	1.33	0.1184	344.25	566.565
171.486	1.33	0.1184	344.5	560.869
171.486	1.33	0.1184	344.75	550.276
171.486	1.33	0.1184	345.	539.101
171.486	1.33	0.1184	345.25	530.084
171.486	1.33	0.1184	345.5	524.237
171.486	1.33	0.1184	345.75	521.323
171.486	1.33	0.1184	346.	520.522

In[6]:= 
Out[6]= /afs/cern.ch/user/l/linyu/private/gen_ttbarxs_cern-main/step0001/subm\
 
>    it/result/mass171.4860.txt

In[7]:= 
Hello world!
