environment setting finished\n
b9p16p3843.cern.ch
Mathematica 12.0.0 Kernel for Linux x86 (64-bit)
Copyright 1988-2019 Wolfram Research, Inc.

In[1]:= 
In[2]:= In[2]:= 
In[3]:= 
In[4]:= In[4]:= 
In[5]:= 171.517	1.33	0.1184	340.	78.9788
171.517	1.33	0.1184	340.25	87.5169
171.517	1.33	0.1184	340.5	97.555
171.517	1.33	0.1184	340.75	109.462
171.517	1.33	0.1184	341.	123.712
171.517	1.33	0.1184	341.25	140.91
171.517	1.33	0.1184	341.5	161.809
171.517	1.33	0.1184	341.75	187.301
171.517	1.33	0.1184	342.	218.342
171.517	1.33	0.1184	342.25	255.755
171.517	1.33	0.1184	342.5	299.843
171.517	1.33	0.1184	342.75	349.832
171.517	1.33	0.1184	343.	403.317
171.517	1.33	0.1184	343.25	456.082
171.517	1.33	0.1184	343.5	502.724
171.517	1.33	0.1184	343.75	538.141
171.517	1.33	0.1184	344.	559.319
171.517	1.33	0.1184	344.25	566.455
171.517	1.33	0.1184	344.5	562.731
171.517	1.33	0.1184	344.75	552.902
171.517	1.33	0.1184	345.	541.549
171.517	1.33	0.1184	345.25	531.844
171.517	1.33	0.1184	345.5	525.199
171.517	1.33	0.1184	345.75	521.624
171.517	1.33	0.1184	346.	520.385

In[6]:= 
Out[6]= /afs/cern.ch/user/l/linyu/private/gen_ttbarxs_cern-main/step0001/subm\
 
>    it/result/mass171.5170.txt

In[7]:= 
Hello world!
