environment setting finished\n
b9p18p1249.cern.ch
Mathematica 12.0.0 Kernel for Linux x86 (64-bit)
Copyright 1988-2019 Wolfram Research, Inc.

In[1]:= 
In[2]:= In[2]:= 
In[3]:= 
In[4]:= In[4]:= 
In[5]:= 171.459	1.33	0.1184	340.	82.7945
171.459	1.33	0.1184	340.25	91.9895
171.459	1.33	0.1184	340.5	102.844
171.459	1.33	0.1184	340.75	115.771
171.459	1.33	0.1184	341.	131.305
171.459	1.33	0.1184	341.25	150.117
171.459	1.33	0.1184	341.5	173.027
171.459	1.33	0.1184	341.75	200.975
171.459	1.33	0.1184	342.	234.891
171.459	1.33	0.1184	342.25	275.418
171.459	1.33	0.1184	342.5	322.441
171.459	1.33	0.1184	342.75	374.491
171.459	1.33	0.1184	343.	428.305
171.459	1.33	0.1184	343.25	478.984
171.459	1.33	0.1184	343.5	521.03
171.459	1.33	0.1184	343.75	550.094
171.459	1.33	0.1184	344.	564.577
171.459	1.33	0.1184	344.25	566.17
171.459	1.33	0.1184	344.5	559.004
171.459	1.33	0.1184	344.75	547.963
171.459	1.33	0.1184	345.	537.082
171.459	1.33	0.1184	345.25	528.713
171.459	1.33	0.1184	345.5	523.549
171.459	1.33	0.1184	345.75	521.168
171.459	1.33	0.1184	346.	520.705

In[6]:= 
Out[6]= /afs/cern.ch/user/l/linyu/private/gen_ttbarxs_cern-main/step0001/subm\
 
>    it/result/mass171.4590.txt

In[7]:= 
Hello world!
