environment setting finished\n
b9p16p3954.cern.ch
Mathematica 12.0.0 Kernel for Linux x86 (64-bit)
Copyright 1988-2019 Wolfram Research, Inc.

In[1]:= 
In[2]:= In[2]:= 
In[3]:= 
In[4]:= In[4]:= 
In[5]:= 171.481	1.33	0.1184	340.	81.3148
171.481	1.33	0.1184	340.25	90.253
171.481	1.33	0.1184	340.5	100.788
171.481	1.33	0.1184	340.75	113.316
171.481	1.33	0.1184	341.	128.346
171.481	1.33	0.1184	341.25	146.526
171.481	1.33	0.1184	341.5	168.65
171.481	1.33	0.1184	341.75	195.642
171.481	1.33	0.1184	342.	228.447
171.481	1.33	0.1184	342.25	267.789
171.481	1.33	0.1184	342.5	313.725
171.481	1.33	0.1184	342.75	365.064
171.481	1.33	0.1184	343.	418.87
171.481	1.33	0.1184	343.25	470.482
171.481	1.33	0.1184	343.5	514.395
171.481	1.33	0.1184	343.75	545.929
171.481	1.33	0.1184	344.	562.926
171.481	1.33	0.1184	344.25	566.525
171.481	1.33	0.1184	344.5	560.539
171.481	1.33	0.1184	344.75	549.848
171.481	1.33	0.1184	345.	538.718
171.481	1.33	0.1184	345.25	529.818
171.481	1.33	0.1184	345.5	524.1
171.481	1.33	0.1184	345.75	521.287
171.481	1.33	0.1184	346.	520.552

In[6]:= 
Out[6]= /afs/cern.ch/user/l/linyu/private/gen_ttbarxs_cern-main/step0001/subm\
 
>    it/result/mass171.4810.txt

In[7]:= 
Hello world!
