environment setting finished\n
b9g23p2144.cern.ch
Mathematica 12.0.0 Kernel for Linux x86 (64-bit)
Copyright 1988-2019 Wolfram Research, Inc.

In[1]:= 
In[2]:= In[2]:= 
In[3]:= 
In[4]:= In[4]:= 
In[5]:= 171.456	1.33	0.1184	340.	82.9995
171.456	1.33	0.1184	340.25	92.2302
171.456	1.33	0.1184	340.5	103.129
171.456	1.33	0.1184	340.75	116.113
171.456	1.33	0.1184	341.	131.716
171.456	1.33	0.1184	341.25	150.616
171.456	1.33	0.1184	341.5	173.636
171.456	1.33	0.1184	341.75	201.717
171.456	1.33	0.1184	342.	235.786
171.456	1.33	0.1184	342.25	276.475
171.456	1.33	0.1184	342.5	323.643
171.456	1.33	0.1184	342.75	375.781
171.456	1.33	0.1184	343.	429.586
171.456	1.33	0.1184	343.25	480.123
171.456	1.33	0.1184	343.5	521.904
171.456	1.33	0.1184	343.75	550.627
171.456	1.33	0.1184	344.	564.771
171.456	1.33	0.1184	344.25	566.1
171.456	1.33	0.1184	344.5	558.785
171.456	1.33	0.1184	344.75	547.706
171.456	1.33	0.1184	345.	536.865
171.456	1.33	0.1184	345.25	528.57
171.456	1.33	0.1184	345.5	523.48
171.456	1.33	0.1184	345.75	521.156
171.456	1.33	0.1184	346.	520.728

In[6]:= 
Out[6]= /afs/cern.ch/user/l/linyu/private/gen_ttbarxs_cern-main/step0001/subm\
 
>    it/result/mass171.4560.txt

In[7]:= 
Hello world!
