environment setting finished\n
b9p16p0468.cern.ch
Mathematica 12.0.0 Kernel for Linux x86 (64-bit)
Copyright 1988-2019 Wolfram Research, Inc.

In[1]:= 
In[2]:= In[2]:= 
In[3]:= 
In[4]:= In[4]:= 
In[5]:= 171.529	1.33	0.1184	340.	78.2227
171.529	1.33	0.1184	340.25	86.6329
171.529	1.33	0.1184	340.5	96.5122
171.529	1.33	0.1184	340.75	108.221
171.529	1.33	0.1184	341.	122.222
171.529	1.33	0.1184	341.25	139.107
171.529	1.33	0.1184	341.5	159.614
171.529	1.33	0.1184	341.75	184.624
171.529	1.33	0.1184	342.	215.093
171.529	1.33	0.1184	342.25	251.868
171.529	1.33	0.1184	342.5	295.326
171.529	1.33	0.1184	342.75	344.82
171.529	1.33	0.1184	343.	398.118
171.529	1.33	0.1184	343.25	451.167
171.529	1.33	0.1184	343.5	498.624
171.529	1.33	0.1184	343.75	535.281
171.529	1.33	0.1184	344.	557.86
171.529	1.33	0.1184	344.25	566.237
171.529	1.33	0.1184	344.5	563.355
171.529	1.33	0.1184	344.75	553.898
171.529	1.33	0.1184	345.	542.527
171.529	1.33	0.1184	345.25	532.577
171.529	1.33	0.1184	345.5	525.622
171.529	1.33	0.1184	345.75	521.779
171.529	1.33	0.1184	346.	520.355

In[6]:= 
Out[6]= /afs/cern.ch/user/l/linyu/private/gen_ttbarxs_cern-main/step0001/subm\
 
>    it/result/mass171.5290.txt

In[7]:= 
Hello world!
