environment setting finished\n
b9p13p1579.cern.ch
Mathematica 12.0.0 Kernel for Linux x86 (64-bit)
Copyright 1988-2019 Wolfram Research, Inc.

In[1]:= 
In[2]:= In[2]:= 
In[3]:= 
In[4]:= In[4]:= 
In[5]:= 171.463	1.33	0.1184	340.	82.5225
171.463	1.33	0.1184	340.25	91.67
171.463	1.33	0.1184	340.5	102.465
171.463	1.33	0.1184	340.75	115.319
171.463	1.33	0.1184	341.	130.76
171.463	1.33	0.1184	341.25	149.454
171.463	1.33	0.1184	341.5	172.22
171.463	1.33	0.1184	341.75	199.992
171.463	1.33	0.1184	342.	233.704
171.463	1.33	0.1184	342.25	274.016
171.463	1.33	0.1184	342.5	320.844
171.463	1.33	0.1184	342.75	372.771
171.463	1.33	0.1184	343.	426.596
171.463	1.33	0.1184	343.25	477.456
171.463	1.33	0.1184	343.5	519.853
171.463	1.33	0.1184	343.75	549.371
171.463	1.33	0.1184	344.	564.307
171.463	1.33	0.1184	344.25	566.255
171.463	1.33	0.1184	344.5	559.293
171.463	1.33	0.1184	344.75	548.306
171.463	1.33	0.1184	345.	537.374
171.463	1.33	0.1184	345.25	528.907
171.463	1.33	0.1184	345.5	523.642
171.463	1.33	0.1184	345.75	521.185
171.463	1.33	0.1184	346.	520.674

In[6]:= 
Out[6]= /afs/cern.ch/user/l/linyu/private/gen_ttbarxs_cern-main/step0001/subm\
 
>    it/result/mass171.4630.txt

In[7]:= 
Hello world!
