environment setting finished\n
b9p16p7302.cern.ch
Mathematica 12.0.0 Kernel for Linux x86 (64-bit)
Copyright 1988-2019 Wolfram Research, Inc.

In[1]:= 
In[2]:= In[2]:= 
In[3]:= 
In[4]:= In[4]:= 
In[5]:= 171.493	1.33	0.1184	340.	80.5246
171.493	1.33	0.1184	340.25	89.3267
171.493	1.33	0.1184	340.5	99.6923
171.493	1.33	0.1184	340.75	112.009
171.493	1.33	0.1184	341.	126.773
171.493	1.33	0.1184	341.25	144.618
171.493	1.33	0.1184	341.5	166.326
171.493	1.33	0.1184	341.75	192.809
171.493	1.33	0.1184	342.	225.019
171.493	1.33	0.1184	342.25	263.716
171.493	1.33	0.1184	342.5	309.044
171.493	1.33	0.1184	342.75	359.957
171.493	1.33	0.1184	343.	413.697
171.493	1.33	0.1184	343.25	465.744
171.493	1.33	0.1184	343.5	510.613
171.493	1.33	0.1184	343.75	543.466
171.493	1.33	0.1184	344.	561.851
171.493	1.33	0.1184	344.25	566.596
171.493	1.33	0.1184	344.5	561.318
171.493	1.33	0.1184	344.75	550.873
171.493	1.33	0.1184	345.	539.642
171.493	1.33	0.1184	345.25	530.464
171.493	1.33	0.1184	345.5	524.438
171.493	1.33	0.1184	345.75	521.38
171.493	1.33	0.1184	346.	520.484

In[6]:= 
Out[6]= /afs/cern.ch/user/l/linyu/private/gen_ttbarxs_cern-main/step0001/subm\
 
>    it/result/mass171.4930.txt

In[7]:= 
Hello world!
