environment setting finished\n
b9p20p8833.cern.ch
Mathematica 12.0.0 Kernel for Linux x86 (64-bit)
Copyright 1988-2019 Wolfram Research, Inc.

In[1]:= 
In[2]:= In[2]:= 
In[3]:= 
In[4]:= In[4]:= 
In[5]:= 171.482	1.33	0.1184	340.	81.2485
171.482	1.33	0.1184	340.25	90.1752
171.482	1.33	0.1184	340.5	100.696
171.482	1.33	0.1184	340.75	113.206
171.482	1.33	0.1184	341.	128.214
171.482	1.33	0.1184	341.25	146.365
171.482	1.33	0.1184	341.5	168.454
171.482	1.33	0.1184	341.75	195.404
171.482	1.33	0.1184	342.	228.159
171.482	1.33	0.1184	342.25	267.447
171.482	1.33	0.1184	342.5	313.333
171.482	1.33	0.1184	342.75	364.638
171.482	1.33	0.1184	343.	418.44
171.482	1.33	0.1184	343.25	470.089
171.482	1.33	0.1184	343.5	514.084
171.482	1.33	0.1184	343.75	545.729
171.482	1.33	0.1184	344.	562.841
171.482	1.33	0.1184	344.25	566.534
171.482	1.33	0.1184	344.5	560.606
171.482	1.33	0.1184	344.75	549.934
171.482	1.33	0.1184	345.	538.795
171.482	1.33	0.1184	345.25	529.871
171.482	1.33	0.1184	345.5	524.127
171.482	1.33	0.1184	345.75	521.294
171.482	1.33	0.1184	346.	520.546

In[6]:= 
Out[6]= /afs/cern.ch/user/l/linyu/private/gen_ttbarxs_cern-main/step0001/subm\
 
>    it/result/mass171.4820.txt

In[7]:= 
Hello world!
