environment setting finished\n
b9p17p7452.cern.ch
Mathematica 12.0.0 Kernel for Linux x86 (64-bit)
Copyright 1988-2019 Wolfram Research, Inc.

In[1]:= 
In[2]:= In[2]:= 
In[3]:= 
In[4]:= In[4]:= 
In[5]:= 171.547	1.33	0.1184	340.	77.1091
171.547	1.33	0.1184	340.25	85.332
171.547	1.33	0.1184	340.5	94.9795
171.547	1.33	0.1184	340.75	106.399
171.547	1.33	0.1184	341.	120.036
171.547	1.33	0.1184	341.25	136.464
171.547	1.33	0.1184	341.5	156.399
171.547	1.33	0.1184	341.75	180.702
171.547	1.33	0.1184	342.	210.328
171.547	1.33	0.1184	342.25	246.156
171.547	1.33	0.1184	342.5	288.658
171.547	1.33	0.1184	342.75	337.373
171.547	1.33	0.1184	343.	390.323
171.547	1.33	0.1184	343.25	443.703
171.547	1.33	0.1184	343.5	492.291
171.547	1.33	0.1184	343.75	530.748
171.547	1.33	0.1184	344.	555.423
171.547	1.33	0.1184	344.25	565.713
171.547	1.33	0.1184	344.5	564.179
171.547	1.33	0.1184	344.75	555.361
171.547	1.33	0.1184	345.	544.021
171.547	1.33	0.1184	345.25	533.731
171.547	1.33	0.1184	345.5	526.312
171.547	1.33	0.1184	345.75	522.052
171.547	1.33	0.1184	346.	520.336

In[6]:= 
Out[6]= /afs/cern.ch/user/l/linyu/private/gen_ttbarxs_cern-main/step0001/subm\
 
>    it/result/mass171.5470.txt

In[7]:= 
Hello world!
