environment setting finished\n
b9p13p3997.cern.ch
Mathematica 12.0.0 Kernel for Linux x86 (64-bit)
Copyright 1988-2019 Wolfram Research, Inc.

In[1]:= 
In[2]:= In[2]:= 
In[3]:= 
In[4]:= In[4]:= 
In[5]:= 171.539	1.33	0.1184	340.	77.6011
171.539	1.33	0.1184	340.25	85.9065
171.539	1.33	0.1184	340.5	95.6561
171.539	1.33	0.1184	340.75	107.203
171.539	1.33	0.1184	341.	121.001
171.539	1.33	0.1184	341.25	137.63
171.539	1.33	0.1184	341.5	157.816
171.539	1.33	0.1184	341.75	182.431
171.539	1.33	0.1184	342.	212.429
171.539	1.33	0.1184	342.25	248.677
171.539	1.33	0.1184	342.5	291.605
171.539	1.33	0.1184	342.75	340.672
171.539	1.33	0.1184	343.	393.786
171.539	1.33	0.1184	343.25	447.033
171.539	1.33	0.1184	343.5	495.132
171.539	1.33	0.1184	343.75	532.798
171.539	1.33	0.1184	344.	556.543
171.539	1.33	0.1184	344.25	565.975
171.539	1.33	0.1184	344.5	563.83
171.539	1.33	0.1184	344.75	554.716
171.539	1.33	0.1184	345.	543.354
171.539	1.33	0.1184	345.25	533.211
171.539	1.33	0.1184	345.5	525.997
171.539	1.33	0.1184	345.75	521.924
171.539	1.33	0.1184	346.	520.34

In[6]:= 
Out[6]= /afs/cern.ch/user/l/linyu/private/gen_ttbarxs_cern-main/step0001/subm\
 
>    it/result/mass171.5390.txt

In[7]:= 
Hello world!
