environment setting finished\n
b9p20p1332.cern.ch
Mathematica 12.0.0 Kernel for Linux x86 (64-bit)
Copyright 1988-2019 Wolfram Research, Inc.

In[1]:= 
In[2]:= In[2]:= 
In[3]:= 
In[4]:= In[4]:= 
In[5]:= 171.537	1.33	0.1184	340.	77.7248
171.537	1.33	0.1184	340.25	86.051
171.537	1.33	0.1184	340.5	95.8264
171.537	1.33	0.1184	340.75	107.405
171.537	1.33	0.1184	341.	121.243
171.537	1.33	0.1184	341.25	137.923
171.537	1.33	0.1184	341.5	158.174
171.537	1.33	0.1184	341.75	182.867
171.537	1.33	0.1184	342.	212.959
171.537	1.33	0.1184	342.25	249.312
171.537	1.33	0.1184	342.5	292.346
171.537	1.33	0.1184	342.75	341.499
171.537	1.33	0.1184	343.	394.653
171.537	1.33	0.1184	343.25	447.862
171.537	1.33	0.1184	343.5	495.836
171.537	1.33	0.1184	343.75	533.302
171.537	1.33	0.1184	344.	556.814
171.537	1.33	0.1184	344.25	566.034
171.537	1.33	0.1184	344.5	563.739
171.537	1.33	0.1184	344.75	554.554
171.537	1.33	0.1184	345.	543.188
171.537	1.33	0.1184	345.25	533.082
171.537	1.33	0.1184	345.5	525.921
171.537	1.33	0.1184	345.75	521.894
171.537	1.33	0.1184	346.	520.342

In[6]:= 
Out[6]= /afs/cern.ch/user/l/linyu/private/gen_ttbarxs_cern-main/step0001/subm\
 
>    it/result/mass171.5370.txt

In[7]:= 
Hello world!
