environment setting finished\n
b9p20p2583.cern.ch
Mathematica 12.0.0 Kernel for Linux x86 (64-bit)
Copyright 1988-2019 Wolfram Research, Inc.

In[1]:= 
In[2]:= In[2]:= 
In[3]:= 
In[4]:= In[4]:= 
In[5]:= 171.494	1.33	0.1184	340.	80.4593
171.494	1.33	0.1184	340.25	89.2502
171.494	1.33	0.1184	340.5	99.6018
171.494	1.33	0.1184	340.75	111.901
171.494	1.33	0.1184	341.	126.644
171.494	1.33	0.1184	341.25	144.461
171.494	1.33	0.1184	341.5	166.134
171.494	1.33	0.1184	341.75	192.575
171.494	1.33	0.1184	342.	224.736
171.494	1.33	0.1184	342.25	263.379
171.494	1.33	0.1184	342.5	308.656
171.494	1.33	0.1184	342.75	359.533
171.494	1.33	0.1184	343.	413.266
171.494	1.33	0.1184	343.25	465.346
171.494	1.33	0.1184	343.5	510.293
171.494	1.33	0.1184	343.75	543.255
171.494	1.33	0.1184	344.	561.755
171.494	1.33	0.1184	344.25	566.597
171.494	1.33	0.1184	344.5	561.381
171.494	1.33	0.1184	344.75	550.958
171.494	1.33	0.1184	345.	539.72
171.494	1.33	0.1184	345.25	530.519
171.494	1.33	0.1184	345.5	524.468
171.494	1.33	0.1184	345.75	521.388
171.494	1.33	0.1184	346.	520.479

In[6]:= 
Out[6]= /afs/cern.ch/user/l/linyu/private/gen_ttbarxs_cern-main/step0001/subm\
 
>    it/result/mass171.4940.txt

In[7]:= 
Hello world!
