environment setting finished\n
b9p13p9436.cern.ch
Mathematica 12.0.0 Kernel for Linux x86 (64-bit)
Copyright 1988-2019 Wolfram Research, Inc.

In[1]:= 
In[2]:= In[2]:= 
In[3]:= 
In[4]:= In[4]:= 
In[5]:= 171.514	1.33	0.1184	340.	79.1695
171.514	1.33	0.1184	340.25	87.7401
171.514	1.33	0.1184	340.5	97.8183
171.514	1.33	0.1184	340.75	109.775
171.514	1.33	0.1184	341.	124.088
171.514	1.33	0.1184	341.25	141.366
171.514	1.33	0.1184	341.5	162.364
171.514	1.33	0.1184	341.75	187.978
171.514	1.33	0.1184	342.	219.164
171.514	1.33	0.1184	342.25	256.736
171.514	1.33	0.1184	342.5	300.981
171.514	1.33	0.1184	342.75	351.091
171.514	1.33	0.1184	343.	404.616
171.514	1.33	0.1184	343.25	457.302
171.514	1.33	0.1184	343.5	503.734
171.514	1.33	0.1184	343.75	538.836
171.514	1.33	0.1184	344.	559.664
171.514	1.33	0.1184	344.25	566.494
171.514	1.33	0.1184	344.5	562.565
171.514	1.33	0.1184	344.75	552.65
171.514	1.33	0.1184	345.	541.306
171.514	1.33	0.1184	345.25	531.665
171.514	1.33	0.1184	345.5	525.098
171.514	1.33	0.1184	345.75	521.589
171.514	1.33	0.1184	346.	520.395

In[6]:= 
Out[6]= /afs/cern.ch/user/l/linyu/private/gen_ttbarxs_cern-main/step0001/subm\
 
>    it/result/mass171.5140.txt

In[7]:= 
Hello world!
