environment setting finished\n
b9p17p4657.cern.ch
Mathematica 12.0.0 Kernel for Linux x86 (64-bit)
Copyright 1988-2019 Wolfram Research, Inc.

In[1]:= 
In[2]:= In[2]:= 
In[3]:= 
In[4]:= In[4]:= 
In[5]:= 171.51	1.33	0.1184	340.	79.425
171.51	1.33	0.1184	340.25	88.039
171.51	1.33	0.1184	340.5	98.1711
171.51	1.33	0.1184	340.75	110.196
171.51	1.33	0.1184	341.	124.593
171.51	1.33	0.1184	341.25	141.977
171.51	1.33	0.1184	341.5	163.108
171.51	1.33	0.1184	341.75	188.886
171.51	1.33	0.1184	342.	220.265
171.51	1.33	0.1184	342.25	258.051
171.51	1.33	0.1184	342.5	302.504
171.51	1.33	0.1184	342.75	352.772
171.51	1.33	0.1184	343.	406.348
171.51	1.33	0.1184	343.25	458.924
171.51	1.33	0.1184	343.5	505.069
171.51	1.33	0.1184	343.75	539.749
171.51	1.33	0.1184	344.	560.111
171.51	1.33	0.1184	344.25	566.536
171.51	1.33	0.1184	344.5	562.34
171.51	1.33	0.1184	344.75	552.314
171.51	1.33	0.1184	345.	540.985
171.51	1.33	0.1184	345.25	531.429
171.51	1.33	0.1184	345.5	524.966
171.51	1.33	0.1184	345.75	521.544
171.51	1.33	0.1184	346.	520.409

In[6]:= 
Out[6]= /afs/cern.ch/user/l/linyu/private/gen_ttbarxs_cern-main/step0001/subm\
 
>    it/result/mass171.5100.txt

In[7]:= 
Hello world!
