environment setting finished\n
b9p16p0444.cern.ch
Mathematica 12.0.0 Kernel for Linux x86 (64-bit)
Copyright 1988-2019 Wolfram Research, Inc.

In[1]:= 
In[2]:= In[2]:= 
In[3]:= 
In[4]:= In[4]:= 
In[5]:= 171.462	1.33	0.1184	340.	82.5904
171.462	1.33	0.1184	340.25	91.7497
171.462	1.33	0.1184	340.5	102.559
171.462	1.33	0.1184	340.75	115.432
171.462	1.33	0.1184	341.	130.896
171.462	1.33	0.1184	341.25	149.619
171.462	1.33	0.1184	341.5	172.421
171.462	1.33	0.1184	341.75	200.237
171.462	1.33	0.1184	342.	234.
171.462	1.33	0.1184	342.25	274.366
171.462	1.33	0.1184	342.5	321.243
171.462	1.33	0.1184	342.75	373.201
171.462	1.33	0.1184	343.	427.023
171.462	1.33	0.1184	343.25	477.839
171.462	1.33	0.1184	343.5	520.148
171.462	1.33	0.1184	343.75	549.553
171.462	1.33	0.1184	344.	564.376
171.462	1.33	0.1184	344.25	566.235
171.462	1.33	0.1184	344.5	559.221
171.462	1.33	0.1184	344.75	548.22
171.462	1.33	0.1184	345.	537.3
171.462	1.33	0.1184	345.25	528.858
171.462	1.33	0.1184	345.5	523.619
171.462	1.33	0.1184	345.75	521.18
171.462	1.33	0.1184	346.	520.682

In[6]:= 
Out[6]= /afs/cern.ch/user/l/linyu/private/gen_ttbarxs_cern-main/step0001/subm\
 
>    it/result/mass171.4620.txt

In[7]:= 
Hello world!
