environment setting finished\n
b9p20p5315.cern.ch
Mathematica 12.0.0 Kernel for Linux x86 (64-bit)
Copyright 1988-2019 Wolfram Research, Inc.

In[1]:= 
In[2]:= In[2]:= 
In[3]:= 
In[4]:= In[4]:= 
In[5]:= 171.519	1.33	0.1184	340.	78.852
171.519	1.33	0.1184	340.25	87.3686
171.519	1.33	0.1184	340.5	97.38
171.519	1.33	0.1184	340.75	109.253
171.519	1.33	0.1184	341.	123.462
171.519	1.33	0.1184	341.25	140.607
171.519	1.33	0.1184	341.5	161.44
171.519	1.33	0.1184	341.75	186.851
171.519	1.33	0.1184	342.	217.796
171.519	1.33	0.1184	342.25	255.103
171.519	1.33	0.1184	342.5	299.086
171.519	1.33	0.1184	342.75	348.994
171.519	1.33	0.1184	343.	402.451
171.519	1.33	0.1184	343.25	455.266
171.519	1.33	0.1184	343.5	502.048
171.519	1.33	0.1184	343.75	537.674
171.519	1.33	0.1184	344.	559.085
171.519	1.33	0.1184	344.25	566.426
171.519	1.33	0.1184	344.5	562.839
171.519	1.33	0.1184	344.75	553.069
171.519	1.33	0.1184	345.	541.711
171.519	1.33	0.1184	345.25	531.964
171.519	1.33	0.1184	345.5	525.268
171.519	1.33	0.1184	345.75	521.649

NIntegrate::slwcon: 
   Numerical integration converging too slowly; suspect one of the following:
    singularity, value of the integration is 0, highly oscillatory integrand,
    or WorkingPrecision too small.
171.519	1.33	0.1184	346.	520.379

In[6]:= 
Out[6]= /afs/cern.ch/user/l/linyu/private/gen_ttbarxs_cern-main/step0001/subm\
 
>    it/result/mass171.5190.txt

In[7]:= 
Hello world!
