environment setting finished\n
b9p17p3575.cern.ch
Mathematica 12.0.0 Kernel for Linux x86 (64-bit)
Copyright 1988-2019 Wolfram Research, Inc.

In[1]:= 
In[2]:= In[2]:= 
In[3]:= 
In[4]:= In[4]:= 
In[5]:= 171.546	1.33	0.1184	340.	77.1703
171.546	1.33	0.1184	340.25	85.4035
171.546	1.33	0.1184	340.5	95.0636
171.546	1.33	0.1184	340.75	106.499
171.546	1.33	0.1184	341.	120.156
171.546	1.33	0.1184	341.25	136.609
171.546	1.33	0.1184	341.5	156.575
171.546	1.33	0.1184	341.75	180.917
171.546	1.33	0.1184	342.	210.589
171.546	1.33	0.1184	342.25	246.469
171.546	1.33	0.1184	342.5	289.025
171.546	1.33	0.1184	342.75	337.785
171.546	1.33	0.1184	343.	390.756
171.546	1.33	0.1184	343.25	444.12
171.546	1.33	0.1184	343.5	492.648
171.546	1.33	0.1184	343.75	531.008
171.546	1.33	0.1184	344.	555.567
171.546	1.33	0.1184	344.25	565.748
171.546	1.33	0.1184	344.5	564.137
171.546	1.33	0.1184	344.75	555.281
171.546	1.33	0.1184	345.	543.937
171.546	1.33	0.1184	345.25	533.665
171.546	1.33	0.1184	345.5	526.272
171.546	1.33	0.1184	345.75	522.036
171.546	1.33	0.1184	346.	520.336

In[6]:= 
Out[6]= /afs/cern.ch/user/l/linyu/private/gen_ttbarxs_cern-main/step0001/subm\
 
>    it/result/mass171.5460.txt

In[7]:= 
Hello world!
