environment setting finished\n
b9p17p9149.cern.ch
Mathematica 12.0.0 Kernel for Linux x86 (64-bit)
Copyright 1988-2019 Wolfram Research, Inc.

In[1]:= 
In[2]:= In[2]:= 
In[3]:= 
In[4]:= In[4]:= 
In[5]:= 171.532	1.33	0.1184	340.	78.0354
171.532	1.33	0.1184	340.25	86.414
171.532	1.33	0.1184	340.5	96.2542
171.532	1.33	0.1184	340.75	107.914
171.532	1.33	0.1184	341.	121.854
171.532	1.33	0.1184	341.25	138.661
171.532	1.33	0.1184	341.5	159.072
171.532	1.33	0.1184	341.75	183.962
171.532	1.33	0.1184	342.	214.289
171.532	1.33	0.1184	342.25	250.907
171.532	1.33	0.1184	342.5	294.205
171.532	1.33	0.1184	342.75	343.573
171.532	1.33	0.1184	343.	396.819
171.532	1.33	0.1184	343.25	449.93
171.532	1.33	0.1184	343.5	497.584
171.532	1.33	0.1184	343.75	534.546
171.532	1.33	0.1184	344.	557.474
171.532	1.33	0.1184	344.25	566.166
171.532	1.33	0.1184	344.5	563.502
171.532	1.33	0.1184	344.75	554.145
171.532	1.33	0.1184	345.	542.774
171.532	1.33	0.1184	345.25	532.765
171.532	1.33	0.1184	345.5	525.733
171.532	1.33	0.1184	345.75	521.821
171.532	1.33	0.1184	346.	520.349

In[6]:= 
Out[6]= /afs/cern.ch/user/l/linyu/private/gen_ttbarxs_cern-main/step0001/subm\
 
>    it/result/mass171.5320.txt

In[7]:= 
Hello world!
