environment setting finished\n
b9p17p5877.cern.ch
Mathematica 12.0.0 Kernel for Linux x86 (64-bit)
Copyright 1988-2019 Wolfram Research, Inc.

In[1]:= 
In[2]:= In[2]:= 
In[3]:= 
In[4]:= In[4]:= 
In[5]:= 171.478	1.33	0.1184	340.	81.5142
171.478	1.33	0.1184	340.25	90.4868
171.478	1.33	0.1184	340.5	101.064
171.478	1.33	0.1184	340.75	113.646
171.478	1.33	0.1184	341.	128.744
171.478	1.33	0.1184	341.25	147.008
171.478	1.33	0.1184	341.5	169.238
171.478	1.33	0.1184	341.75	196.358
171.478	1.33	0.1184	342.	229.314
171.478	1.33	0.1184	342.25	268.817
171.478	1.33	0.1184	342.5	314.904
171.478	1.33	0.1184	342.75	366.345
171.478	1.33	0.1184	343.	420.161
171.478	1.33	0.1184	343.25	471.655
171.478	1.33	0.1184	343.5	515.322
171.478	1.33	0.1184	343.75	546.523
171.478	1.33	0.1184	344.	563.175
171.478	1.33	0.1184	344.25	566.493
171.478	1.33	0.1184	344.5	560.338
171.478	1.33	0.1184	344.75	549.591
171.478	1.33	0.1184	345.	538.491
171.478	1.33	0.1184	345.25	529.662
171.478	1.33	0.1184	345.5	524.019
171.478	1.33	0.1184	345.75	521.267
171.478	1.33	0.1184	346.	520.571

In[6]:= 
Out[6]= /afs/cern.ch/user/l/linyu/private/gen_ttbarxs_cern-main/step0001/subm\
 
>    it/result/mass171.4780.txt

In[7]:= 
Hello world!
