environment setting finished\n
b9p17p0923.cern.ch
Mathematica 12.0.0 Kernel for Linux x86 (64-bit)
Copyright 1988-2019 Wolfram Research, Inc.

In[1]:= 
In[2]:= In[2]:= 
In[3]:= 
In[4]:= In[4]:= 
In[5]:= 171.469	1.33	0.1184	340.	82.1169
171.469	1.33	0.1184	340.25	91.1939
171.469	1.33	0.1184	340.5	101.901
171.469	1.33	0.1184	340.75	114.645
171.469	1.33	0.1184	341.	129.948
171.469	1.33	0.1184	341.25	148.469
171.469	1.33	0.1184	341.5	171.019
171.469	1.33	0.1184	341.75	198.528
171.469	1.33	0.1184	342.	231.937
171.469	1.33	0.1184	342.25	271.925
171.469	1.33	0.1184	342.5	318.459
171.469	1.33	0.1184	342.75	370.197
171.469	1.33	0.1184	343.	424.026
171.469	1.33	0.1184	343.25	475.15
171.469	1.33	0.1184	343.5	518.062
171.469	1.33	0.1184	343.75	548.257
171.469	1.33	0.1184	344.	563.877
171.469	1.33	0.1184	344.25	566.366
171.469	1.33	0.1184	344.5	559.718
171.469	1.33	0.1184	344.75	548.82
171.469	1.33	0.1184	345.	537.816
171.469	1.33	0.1184	345.25	529.203
171.469	1.33	0.1184	345.5	523.788
171.469	1.33	0.1184	345.75	521.214
171.469	1.33	0.1184	346.	520.631

In[6]:= 
Out[6]= /afs/cern.ch/user/l/linyu/private/gen_ttbarxs_cern-main/step0001/subm\
 
>    it/result/mass171.4690.txt

In[7]:= 
Hello world!
