environment setting finished\n
b9p20p7018.cern.ch
Mathematica 12.0.0 Kernel for Linux x86 (64-bit)
Copyright 1988-2019 Wolfram Research, Inc.

In[1]:= 
In[2]:= In[2]:= 
In[3]:= 
In[4]:= In[4]:= 
In[5]:= 171.524	1.33	0.1184	340.	78.5364
171.524	1.33	0.1184	340.25	86.9996
171.524	1.33	0.1184	340.5	96.9446
171.524	1.33	0.1184	340.75	108.735
171.524	1.33	0.1184	341.	122.839
171.524	1.33	0.1184	341.25	139.854
171.524	1.33	0.1184	341.5	160.523
171.524	1.33	0.1184	341.75	185.733
171.524	1.33	0.1184	342.	216.439
171.524	1.33	0.1184	342.25	253.48
171.524	1.33	0.1184	342.5	297.201
171.524	1.33	0.1184	342.75	346.904
171.524	1.33	0.1184	343.	400.285
171.524	1.33	0.1184	343.25	453.221
171.524	1.33	0.1184	343.5	500.345
171.524	1.33	0.1184	343.75	536.489
171.524	1.33	0.1184	344.	558.484
171.524	1.33	0.1184	344.25	566.34
171.524	1.33	0.1184	344.5	563.102
171.524	1.33	0.1184	344.75	553.485
171.524	1.33	0.1184	345.	542.118
171.524	1.33	0.1184	345.25	532.268
171.524	1.33	0.1184	345.5	525.443
171.524	1.33	0.1184	345.75	521.712
171.524	1.33	0.1184	346.	520.366

In[6]:= 
Out[6]= /afs/cern.ch/user/l/linyu/private/gen_ttbarxs_cern-main/step0001/subm\
 
>    it/result/mass171.5240.txt

In[7]:= 
Hello world!
