environment setting finished\n
b9g23p3234.cern.ch
Mathematica 12.0.0 Kernel for Linux x86 (64-bit)
Copyright 1988-2019 Wolfram Research, Inc.

In[1]:= 
In[2]:= In[2]:= 
In[3]:= 
In[4]:= In[4]:= 
In[5]:= 171.458	1.33	0.1184	340.	82.8628
171.458	1.33	0.1184	340.25	92.0696
171.458	1.33	0.1184	340.5	102.939
171.458	1.33	0.1184	340.75	115.885
171.458	1.33	0.1184	341.	131.442
171.458	1.33	0.1184	341.25	150.283
171.458	1.33	0.1184	341.5	173.23
171.458	1.33	0.1184	341.75	201.222
171.458	1.33	0.1184	342.	235.189
171.458	1.33	0.1184	342.25	275.77
171.458	1.33	0.1184	342.5	322.841
171.458	1.33	0.1184	342.75	374.921
171.458	1.33	0.1184	343.	428.732
171.458	1.33	0.1184	343.25	479.364
171.458	1.33	0.1184	343.5	521.322
171.458	1.33	0.1184	343.75	550.273
171.458	1.33	0.1184	344.	564.637
171.458	1.33	0.1184	344.25	566.147
171.458	1.33	0.1184	344.5	558.931
171.458	1.33	0.1184	344.75	547.878
171.458	1.33	0.1184	345.	537.009
171.458	1.33	0.1184	345.25	528.665
171.458	1.33	0.1184	345.5	523.526
171.458	1.33	0.1184	345.75	521.164
171.458	1.33	0.1184	346.	520.712

In[6]:= 
Out[6]= /afs/cern.ch/user/l/linyu/private/gen_ttbarxs_cern-main/step0001/subm\
 
>    it/result/mass171.4580.txt

In[7]:= 
Hello world!
