environment setting finished\n
b9p15p2915.cern.ch
Mathematica 12.0.0 Kernel for Linux x86 (64-bit)
Copyright 1988-2019 Wolfram Research, Inc.

In[1]:= 
In[2]:= In[2]:= 
In[3]:= 
In[4]:= In[4]:= 
In[5]:= 171.492	1.33	0.1184	340.	80.59
171.492	1.33	0.1184	340.25	89.4033
171.492	1.33	0.1184	340.5	99.7829
171.492	1.33	0.1184	340.75	112.117
171.492	1.33	0.1184	341.	126.903
171.492	1.33	0.1184	341.25	144.776
171.492	1.33	0.1184	341.5	166.518
171.492	1.33	0.1184	341.75	193.043
171.492	1.33	0.1184	342.	225.302
171.492	1.33	0.1184	342.25	264.053
171.492	1.33	0.1184	342.5	309.432
171.492	1.33	0.1184	342.75	360.382
171.492	1.33	0.1184	343.	414.129
171.492	1.33	0.1184	343.25	466.141
171.492	1.33	0.1184	343.5	510.933
171.492	1.33	0.1184	343.75	543.677
171.492	1.33	0.1184	344.	561.945
171.492	1.33	0.1184	344.25	566.593
171.492	1.33	0.1184	344.5	561.255
171.492	1.33	0.1184	344.75	550.788
171.492	1.33	0.1184	345.	539.565
171.492	1.33	0.1184	345.25	530.409
171.492	1.33	0.1184	345.5	524.409
171.492	1.33	0.1184	345.75	521.371
171.492	1.33	0.1184	346.	520.49

In[6]:= 
Out[6]= /afs/cern.ch/user/l/linyu/private/gen_ttbarxs_cern-main/step0001/subm\
 
>    it/result/mass171.4920.txt

In[7]:= 
Hello world!
