environment setting finished\n
b9p20p6000.cern.ch
Mathematica 12.0.0 Kernel for Linux x86 (64-bit)
Copyright 1988-2019 Wolfram Research, Inc.

In[1]:= 
In[2]:= In[2]:= 
In[3]:= 
In[4]:= In[4]:= 
In[5]:= 171.526	1.33	0.1184	340.	78.4107
171.526	1.33	0.1184	340.25	86.8526
171.526	1.33	0.1184	340.5	96.7713
171.526	1.33	0.1184	340.75	108.529
171.526	1.33	0.1184	341.	122.592
171.526	1.33	0.1184	341.25	139.554
171.526	1.33	0.1184	341.5	160.159
171.526	1.33	0.1184	341.75	185.288
171.526	1.33	0.1184	342.	215.899
171.526	1.33	0.1184	342.25	252.834
171.526	1.33	0.1184	342.5	296.45
171.526	1.33	0.1184	342.75	346.07
171.526	1.33	0.1184	343.	399.418
171.526	1.33	0.1184	343.25	452.4
171.526	1.33	0.1184	343.5	499.659
171.526	1.33	0.1184	343.75	536.009
171.526	1.33	0.1184	344.	558.237
171.526	1.33	0.1184	344.25	566.301
171.526	1.33	0.1184	344.5	563.205
171.526	1.33	0.1184	344.75	553.651
171.526	1.33	0.1184	345.	542.281
171.526	1.33	0.1184	345.25	532.391
171.526	1.33	0.1184	345.5	525.514
171.526	1.33	0.1184	345.75	521.738
171.526	1.33	0.1184	346.	520.361

In[6]:= 
Out[6]= /afs/cern.ch/user/l/linyu/private/gen_ttbarxs_cern-main/step0001/subm\
 
>    it/result/mass171.5260.txt

In[7]:= 
Hello world!
