environment setting finished\n
b9p16p8594.cern.ch
Mathematica 12.0.0 Kernel for Linux x86 (64-bit)
Copyright 1988-2019 Wolfram Research, Inc.

In[1]:= 
In[2]:= In[2]:= 
In[3]:= 
In[4]:= In[4]:= 
In[5]:= 171.465	1.33	0.1184	340.	82.387
171.465	1.33	0.1184	340.25	91.5109
171.465	1.33	0.1184	340.5	102.277
171.465	1.33	0.1184	340.75	115.094
171.465	1.33	0.1184	341.	130.488
171.465	1.33	0.1184	341.25	149.125
171.465	1.33	0.1184	341.5	171.818
171.465	1.33	0.1184	341.75	199.503
171.465	1.33	0.1184	342.	233.113
171.465	1.33	0.1184	342.25	273.317
171.465	1.33	0.1184	342.5	320.048
171.465	1.33	0.1184	342.75	371.913
171.465	1.33	0.1184	343.	425.74
171.465	1.33	0.1184	343.25	476.69
171.465	1.33	0.1184	343.5	519.259
171.465	1.33	0.1184	343.75	549.003
171.465	1.33	0.1184	344.	564.168
171.465	1.33	0.1184	344.25	566.295
171.465	1.33	0.1184	344.5	559.436
171.465	1.33	0.1184	344.75	548.477
171.465	1.33	0.1184	345.	537.52
171.465	1.33	0.1184	345.25	529.005
171.465	1.33	0.1184	345.5	523.69
171.465	1.33	0.1184	345.75	521.194
171.465	1.33	0.1184	346.	520.659

In[6]:= 
Out[6]= /afs/cern.ch/user/l/linyu/private/gen_ttbarxs_cern-main/step0001/subm\
 
>    it/result/mass171.4650.txt

In[7]:= 
Hello world!
