environment setting finished\n
b9p15p6995.cern.ch
Mathematica 12.0.0 Kernel for Linux x86 (64-bit)
Copyright 1988-2019 Wolfram Research, Inc.

In[1]:= 
In[2]:= In[2]:= 
In[3]:= 
In[4]:= In[4]:= 
In[5]:= 171.506	1.33	0.1184	340.	79.6817
171.506	1.33	0.1184	340.25	88.3394
171.506	1.33	0.1184	340.5	98.5259
171.506	1.33	0.1184	340.75	110.618
171.506	1.33	0.1184	341.	125.101
171.506	1.33	0.1184	341.25	142.592
171.506	1.33	0.1184	341.5	163.858
171.506	1.33	0.1184	341.75	189.799
171.506	1.33	0.1184	342.	221.373
171.506	1.33	0.1184	342.25	259.373
171.506	1.33	0.1184	342.5	304.033
171.506	1.33	0.1184	342.75	354.457
171.506	1.33	0.1184	343.	408.079
171.506	1.33	0.1184	343.25	460.54
171.506	1.33	0.1184	343.5	506.393
171.506	1.33	0.1184	343.75	540.648
171.506	1.33	0.1184	344.	560.543
171.506	1.33	0.1184	344.25	566.567
171.506	1.33	0.1184	344.5	562.109
171.506	1.33	0.1184	344.75	551.977
171.506	1.33	0.1184	345.	540.666
171.506	1.33	0.1184	345.25	531.197
171.506	1.33	0.1184	345.5	524.836
171.506	1.33	0.1184	345.75	521.502
171.506	1.33	0.1184	346.	520.424

In[6]:= 
Out[6]= /afs/cern.ch/user/l/linyu/private/gen_ttbarxs_cern-main/step0001/subm\
 
>    it/result/mass171.5060.txt

In[7]:= 
Hello world!
