environment setting finished\n
b9p18p1715.cern.ch
Mathematica 12.0.0 Kernel for Linux x86 (64-bit)
Copyright 1988-2019 Wolfram Research, Inc.

In[1]:= 
In[2]:= In[2]:= 
In[3]:= 
In[4]:= In[4]:= 
In[5]:= 171.513	1.33	0.1184	340.	79.2333
171.513	1.33	0.1184	340.25	87.8147
171.513	1.33	0.1184	340.5	97.9064
171.513	1.33	0.1184	340.75	109.88
171.513	1.33	0.1184	341.	124.214
171.513	1.33	0.1184	341.25	141.518
171.513	1.33	0.1184	341.5	162.55
171.513	1.33	0.1184	341.75	188.204
171.513	1.33	0.1184	342.	219.438
171.513	1.33	0.1184	342.25	257.064
171.513	1.33	0.1184	342.5	301.361
171.513	1.33	0.1184	342.75	351.511
171.513	1.33	0.1184	343.	405.049
171.513	1.33	0.1184	343.25	457.708
171.513	1.33	0.1184	343.5	504.069
171.513	1.33	0.1184	343.75	539.066
171.513	1.33	0.1184	344.	559.777
171.513	1.33	0.1184	344.25	566.506
171.513	1.33	0.1184	344.5	562.509
171.513	1.33	0.1184	344.75	552.567
171.513	1.33	0.1184	345.	541.226
171.513	1.33	0.1184	345.25	531.606
171.513	1.33	0.1184	345.5	525.065
171.513	1.33	0.1184	345.75	521.578
171.513	1.33	0.1184	346.	520.398

In[6]:= 
Out[6]= /afs/cern.ch/user/l/linyu/private/gen_ttbarxs_cern-main/step0001/subm\
 
>    it/result/mass171.5130.txt

In[7]:= 
Hello world!
