environment setting finished\n
b9p13p4193.cern.ch
Mathematica 12.0.0 Kernel for Linux x86 (64-bit)
Copyright 1988-2019 Wolfram Research, Inc.

In[1]:= 
In[2]:= In[2]:= 
In[3]:= 
In[4]:= In[4]:= 
In[5]:= 171.528	1.33	0.1184	340.	78.2853
171.528	1.33	0.1184	340.25	86.706
171.528	1.33	0.1184	340.5	96.5985
171.528	1.33	0.1184	340.75	108.323
171.528	1.33	0.1184	341.	122.345
171.528	1.33	0.1184	341.25	139.256
171.528	1.33	0.1184	341.5	159.795
171.528	1.33	0.1184	341.75	184.845
171.528	1.33	0.1184	342.	215.361
171.528	1.33	0.1184	342.25	252.19
171.528	1.33	0.1184	342.5	295.7
171.528	1.33	0.1184	342.75	345.236
171.528	1.33	0.1184	343.	398.552
171.528	1.33	0.1184	343.25	451.578
171.528	1.33	0.1184	343.5	498.97
171.528	1.33	0.1184	343.75	535.525
171.528	1.33	0.1184	344.	557.986
171.528	1.33	0.1184	344.25	566.259
171.528	1.33	0.1184	344.5	563.306
171.528	1.33	0.1184	344.75	553.816
171.528	1.33	0.1184	345.	542.445
171.528	1.33	0.1184	345.25	532.515
171.528	1.33	0.1184	345.5	525.586
171.528	1.33	0.1184	345.75	521.765
171.528	1.33	0.1184	346.	520.357

In[6]:= 
Out[6]= /afs/cern.ch/user/l/linyu/private/gen_ttbarxs_cern-main/step0001/subm\
 
>    it/result/mass171.5280.txt

In[7]:= 
Hello world!
