environment setting finished\n
b9p19p7013.cern.ch
Mathematica 12.0.0 Kernel for Linux x86 (64-bit)
Copyright 1988-2019 Wolfram Research, Inc.

In[1]:= 
In[2]:= In[2]:= 
In[3]:= 
In[4]:= In[4]:= 
In[5]:= 171.531	1.33	0.1184	340.	78.0978
171.531	1.33	0.1184	340.25	86.4869
171.531	1.33	0.1184	340.5	96.3401
171.531	1.33	0.1184	340.75	108.016
171.531	1.33	0.1184	341.	121.976
171.531	1.33	0.1184	341.25	138.809
171.531	1.33	0.1184	341.5	159.252
171.531	1.33	0.1184	341.75	184.182
171.531	1.33	0.1184	342.	214.557
171.531	1.33	0.1184	342.25	251.227
171.531	1.33	0.1184	342.5	294.578
171.531	1.33	0.1184	342.75	343.988
171.531	1.33	0.1184	343.	397.252
171.531	1.33	0.1184	343.25	450.343
171.531	1.33	0.1184	343.5	497.931
171.531	1.33	0.1184	343.75	534.792
171.531	1.33	0.1184	344.	557.604
171.531	1.33	0.1184	344.25	566.19
171.531	1.33	0.1184	344.5	563.454
171.531	1.33	0.1184	344.75	554.063
171.531	1.33	0.1184	345.	542.692
171.531	1.33	0.1184	345.25	532.703
171.531	1.33	0.1184	345.5	525.696
171.531	1.33	0.1184	345.75	521.807
171.531	1.33	0.1184	346.	520.351

In[6]:= 
Out[6]= /afs/cern.ch/user/l/linyu/private/gen_ttbarxs_cern-main/step0001/subm\
 
>    it/result/mass171.5310.txt

In[7]:= 
Hello world!
