environment setting finished\n
b9p15p7738.cern.ch
Mathematica 12.0.0 Kernel for Linux x86 (64-bit)
Copyright 1988-2019 Wolfram Research, Inc.

In[1]:= 
In[2]:= In[2]:= 
In[3]:= 
In[4]:= In[4]:= 
In[5]:= 171.518	1.33	0.1184	340.	78.9154
171.518	1.33	0.1184	340.25	87.4427
171.518	1.33	0.1184	340.5	97.4674
171.518	1.33	0.1184	340.75	109.358
171.518	1.33	0.1184	341.	123.587
171.518	1.33	0.1184	341.25	140.758
171.518	1.33	0.1184	341.5	161.624
171.518	1.33	0.1184	341.75	187.076
171.518	1.33	0.1184	342.	218.069
171.518	1.33	0.1184	342.25	255.429
171.518	1.33	0.1184	342.5	299.464
171.518	1.33	0.1184	342.75	349.413
171.518	1.33	0.1184	343.	402.884
171.518	1.33	0.1184	343.25	455.674
171.518	1.33	0.1184	343.5	502.387
171.518	1.33	0.1184	343.75	537.908
171.518	1.33	0.1184	344.	559.203
171.518	1.33	0.1184	344.25	566.441
171.518	1.33	0.1184	344.5	562.785
171.518	1.33	0.1184	344.75	552.985
171.518	1.33	0.1184	345.	541.63
171.518	1.33	0.1184	345.25	531.904
171.518	1.33	0.1184	345.5	525.233
171.518	1.33	0.1184	345.75	521.636
171.518	1.33	0.1184	346.	520.382

In[6]:= 
Out[6]= /afs/cern.ch/user/l/linyu/private/gen_ttbarxs_cern-main/step0001/subm\
 
>    it/result/mass171.5180.txt

In[7]:= 
Hello world!
