environment setting finished\n
b9p13p4361.cern.ch
Mathematica 12.0.0 Kernel for Linux x86 (64-bit)
Copyright 1988-2019 Wolfram Research, Inc.

In[1]:= 
In[2]:= In[2]:= 
In[3]:= 
In[4]:= In[4]:= 
In[5]:= 171.545	1.33	0.1184	340.	77.2316
171.545	1.33	0.1184	340.25	85.4751
171.545	1.33	0.1184	340.5	95.1479
171.545	1.33	0.1184	340.75	106.599
171.545	1.33	0.1184	341.	120.276
171.545	1.33	0.1184	341.25	136.754
171.545	1.33	0.1184	341.5	156.752
171.545	1.33	0.1184	341.75	181.132
171.545	1.33	0.1184	342.	210.851
171.545	1.33	0.1184	342.25	246.784
171.545	1.33	0.1184	342.5	289.392
171.545	1.33	0.1184	342.75	338.196
171.545	1.33	0.1184	343.	391.188
171.545	1.33	0.1184	343.25	444.537
171.545	1.33	0.1184	343.5	493.005
171.545	1.33	0.1184	343.75	531.265
171.545	1.33	0.1184	344.	555.709
171.545	1.33	0.1184	344.25	565.783
171.545	1.33	0.1184	344.5	564.094
171.545	1.33	0.1184	344.75	555.201
171.545	1.33	0.1184	345.	543.854
171.545	1.33	0.1184	345.25	533.6
171.545	1.33	0.1184	345.5	526.232
171.545	1.33	0.1184	345.75	522.019
171.545	1.33	0.1184	346.	520.336

In[6]:= 
Out[6]= /afs/cern.ch/user/l/linyu/private/gen_ttbarxs_cern-main/step0001/subm\
 
>    it/result/mass171.5450.txt

In[7]:= 
Hello world!
