000 (7008274.000.000) 03/02 07:58:37 Job submitted from host: <188.185.8.79:9618?addrs=188.185.8.79-9618+[2001-1458-d00-63--100-23a]-9618&alias=bigbird26.cern.ch&noUDP&sock=schedd_2073_7bea>
...
040 (7008274.000.000) 03/02 07:59:32 Started transferring input files
	Transferring to host: <128.142.248.15:9618?addrs=128.142.248.15-9618+[2001-1458-301-73--100-ff]-9618&alias=b9g23p2723.cern.ch&noUDP&sock=slot1_13_3949679_e8fd_3582>
...
040 (7008274.000.000) 03/02 07:59:32 Finished transferring input files
...
001 (7008274.000.000) 03/02 07:59:33 Job executing on host: <128.142.248.15:9618?addrs=128.142.248.15-9618+[2001-1458-301-73--100-ff]-9618&alias=b9g23p2723.cern.ch&noUDP&sock=startd_6746_c5fb>
	SlotName: slot1_13@b9g23p2723.cern.ch
	CondorScratchDir = "/pool/condor/dir_1106582"
	Cpus = 1
	Disk = 3978
	GPUs = 0
	Memory = 3000
...
006 (7008274.000.000) 03/02 07:59:47 Image size of job updated: 6972
	7  -  MemoryUsage of job (MB)
	6972  -  ResidentSetSize of job (KB)
...
006 (7008274.000.000) 03/02 08:04:48 Image size of job updated: 786176
	768  -  MemoryUsage of job (MB)
	786112  -  ResidentSetSize of job (KB)
...
006 (7008274.000.000) 03/02 08:14:49 Image size of job updated: 786240
	768  -  MemoryUsage of job (MB)
	786112  -  ResidentSetSize of job (KB)
...
006 (7008274.000.000) 03/02 08:24:51 Image size of job updated: 786316
	768  -  MemoryUsage of job (MB)
	786124  -  ResidentSetSize of job (KB)
...
006 (7008274.000.000) 03/02 08:29:51 Image size of job updated: 786444
	768  -  MemoryUsage of job (MB)
	786252  -  ResidentSetSize of job (KB)
...
006 (7008274.000.000) 03/02 08:32:41 Image size of job updated: 786448
	768  -  MemoryUsage of job (MB)
	786252  -  ResidentSetSize of job (KB)
...
040 (7008274.000.000) 03/02 08:32:41 Started transferring output files
...
040 (7008274.000.000) 03/02 08:32:41 Finished transferring output files
...
005 (7008274.000.000) 03/02 08:32:41 Job terminated.
	(1) Normal termination (return value 0)
		Usr 0 00:32:08, Sys 0 00:00:01  -  Run Remote Usage
		Usr 0 00:00:00, Sys 0 00:00:00  -  Run Local Usage
		Usr 0 00:32:08, Sys 0 00:00:01  -  Total Remote Usage
		Usr 0 00:00:00, Sys 0 00:00:00  -  Total Local Usage
	1197  -  Run Bytes Sent By Job
	250  -  Run Bytes Received By Job
	1197  -  Total Bytes Sent By Job
	250  -  Total Bytes Received By Job
	Partitionable Resources :    Usage  Request Allocated 
	   Cpus                 :     1.00        1         1 
	   Disk (KB)            :    26           1      3978 
	   GPUs                 :                           0 
	   Memory (MB)          :   768        3000      3000 

	Job terminated of its own accord at 2025-03-02T07:32:41Z with exit-code 0.
...
