000 (7008281.000.000) 03/02 07:58:40 Job submitted from host: <188.185.8.79:9618?addrs=188.185.8.79-9618+[2001-1458-d00-63--100-23a]-9618&alias=bigbird26.cern.ch&noUDP&sock=schedd_2073_7bea>
...
040 (7008281.000.000) 03/02 07:59:35 Started transferring input files
	Transferring to host: <188.185.193.111:9618?addrs=188.185.193.111-9618+[2001-1458-303-20--100-6b]-9618&alias=b9p19p8898.cern.ch&noUDP&sock=slot1_43_173105_e1d8_24598>
...
040 (7008281.000.000) 03/02 07:59:35 Finished transferring input files
...
001 (7008281.000.000) 03/02 07:59:36 Job executing on host: <188.185.193.111:9618?addrs=188.185.193.111-9618+[2001-1458-303-20--100-6b]-9618&alias=b9p19p8898.cern.ch&noUDP&sock=startd_7859_32e4>
	SlotName: slot1_43@b9p19p8898.cern.ch
	CondorScratchDir = "/pool/condor/dir_2039239"
	Cpus = 1
	Disk = 3850
	GPUs = 0
	Memory = 3000
...
006 (7008281.000.000) 03/02 07:59:44 Image size of job updated: 25644
	26  -  MemoryUsage of job (MB)
	25644  -  ResidentSetSize of job (KB)
...
006 (7008281.000.000) 03/02 08:04:44 Image size of job updated: 853268
	834  -  MemoryUsage of job (MB)
	853268  -  ResidentSetSize of job (KB)
...
006 (7008281.000.000) 03/02 08:09:44 Image size of job updated: 853332
	834  -  MemoryUsage of job (MB)
	853332  -  ResidentSetSize of job (KB)
...
006 (7008281.000.000) 03/02 08:29:46 Image size of job updated: 853416
	834  -  MemoryUsage of job (MB)
	853416  -  ResidentSetSize of job (KB)
...
006 (7008281.000.000) 03/02 08:49:49 Image size of job updated: 853476
	834  -  MemoryUsage of job (MB)
	853476  -  ResidentSetSize of job (KB)
...
040 (7008281.000.000) 03/02 08:50:59 Started transferring output files
...
040 (7008281.000.000) 03/02 08:50:59 Finished transferring output files
...
005 (7008281.000.000) 03/02 08:50:59 Job terminated.
	(1) Normal termination (return value 0)
		Usr 0 00:45:54, Sys 0 00:00:22  -  Run Remote Usage
		Usr 0 00:00:00, Sys 0 00:00:00  -  Run Local Usage
		Usr 0 00:45:54, Sys 0 00:00:22  -  Total Remote Usage
		Usr 0 00:00:00, Sys 0 00:00:00  -  Total Local Usage
	1174  -  Run Bytes Sent By Job
	250  -  Run Bytes Received By Job
	1174  -  Total Bytes Sent By Job
	250  -  Total Bytes Received By Job
	Partitionable Resources :    Usage  Request Allocated 
	   Cpus                 :     0.87        1         1 
	   Disk (KB)            :    26           1      3850 
	   GPUs                 :                           0 
	   Memory (MB)          :   834        3000      3000 

	Job terminated of its own accord at 2025-03-02T07:50:59Z with exit-code 0.
...
