000 (7008271.000.000) 03/02 07:58:36 Job submitted from host: <188.185.8.79:9618?addrs=188.185.8.79-9618+[2001-1458-d00-63--100-23a]-9618&alias=bigbird26.cern.ch&noUDP&sock=schedd_2073_7bea>
...
040 (7008271.000.000) 03/02 07:59:31 Started transferring input files
	Transferring to host: <188.185.193.108:9618?addrs=188.185.193.108-9618+[2001-1458-303-20--100-68]-9618&alias=b9p19p0935.cern.ch&noUDP&sock=slot1_40_8415_e0ef_23762>
...
040 (7008271.000.000) 03/02 07:59:31 Finished transferring input files
...
001 (7008271.000.000) 03/02 07:59:32 Job executing on host: <188.185.193.108:9618?addrs=188.185.193.108-9618+[2001-1458-303-20--100-68]-9618&alias=b9p19p0935.cern.ch&noUDP&sock=startd_7087_abc6>
	SlotName: slot1_40@b9p19p0935.cern.ch
	CondorScratchDir = "/pool/condor/dir_2334811"
	Cpus = 1
	Disk = 3879
	GPUs = 0
	Memory = 3000
...
006 (7008271.000.000) 03/02 07:59:46 Image size of job updated: 4452
	5  -  MemoryUsage of job (MB)
	4452  -  ResidentSetSize of job (KB)
...
006 (7008271.000.000) 03/02 08:04:47 Image size of job updated: 783356
	765  -  MemoryUsage of job (MB)
	783292  -  ResidentSetSize of job (KB)
...
006 (7008271.000.000) 03/02 08:14:47 Image size of job updated: 783356
	765  -  MemoryUsage of job (MB)
	783356  -  ResidentSetSize of job (KB)
...
006 (7008271.000.000) 03/02 08:19:48 Image size of job updated: 783420
	765  -  MemoryUsage of job (MB)
	783356  -  ResidentSetSize of job (KB)
...
006 (7008271.000.000) 03/02 08:24:48 Image size of job updated: 783432
	766  -  MemoryUsage of job (MB)
	783432  -  ResidentSetSize of job (KB)
...
006 (7008271.000.000) 03/02 08:34:49 Image size of job updated: 783500
	766  -  MemoryUsage of job (MB)
	783432  -  ResidentSetSize of job (KB)
...
006 (7008271.000.000) 03/02 08:39:49 Image size of job updated: 783500
	766  -  MemoryUsage of job (MB)
	783436  -  ResidentSetSize of job (KB)
...
006 (7008271.000.000) 03/02 08:44:49 Image size of job updated: 783628
	766  -  MemoryUsage of job (MB)
	783436  -  ResidentSetSize of job (KB)
...
040 (7008271.000.000) 03/02 08:53:01 Started transferring output files
...
040 (7008271.000.000) 03/02 08:53:01 Finished transferring output files
...
005 (7008271.000.000) 03/02 08:53:01 Job terminated.
	(1) Normal termination (return value 0)
		Usr 0 00:48:01, Sys 0 00:00:19  -  Run Remote Usage
		Usr 0 00:00:00, Sys 0 00:00:00  -  Run Local Usage
		Usr 0 00:48:01, Sys 0 00:00:19  -  Total Remote Usage
		Usr 0 00:00:00, Sys 0 00:00:00  -  Total Local Usage
	1169  -  Run Bytes Sent By Job
	250  -  Run Bytes Received By Job
	1169  -  Total Bytes Sent By Job
	250  -  Total Bytes Received By Job
	Partitionable Resources :    Usage  Request Allocated 
	   Cpus                 :     0.92        1         1 
	   Disk (KB)            :    26           1      3879 
	   GPUs                 :                           0 
	   Memory (MB)          :   766        3000      3000 

	Job terminated of its own accord at 2025-03-02T07:53:01Z with exit-code 0.
...
