000 (7008282.000.000) 03/02 07:58:40 Job submitted from host: <188.185.8.79:9618?addrs=188.185.8.79-9618+[2001-1458-d00-63--100-23a]-9618&alias=bigbird26.cern.ch&noUDP&sock=schedd_2073_7bea>
...
040 (7008282.000.000) 03/02 07:59:34 Started transferring input files
	Transferring to host: <188.185.197.185:9618?addrs=188.185.197.185-9618+[2001-1458-303-24--100-b5]-9618&alias=b9p14p9202.cern.ch&noUDP&sock=slot1_9_231149_2191_96375>
...
040 (7008282.000.000) 03/02 07:59:34 Finished transferring input files
...
001 (7008282.000.000) 03/02 07:59:35 Job executing on host: <188.185.197.185:9618?addrs=188.185.197.185-9618+[2001-1458-303-24--100-b5]-9618&alias=b9p14p9202.cern.ch&noUDP&sock=startd_9423_f903>
	SlotName: slot1_9@b9p14p9202.cern.ch
	CondorScratchDir = "/pool/condor/dir_2960414"
	Cpus = 1
	Disk = 3743
	GPUs = 0
	Memory = 3000
...
006 (7008282.000.000) 03/02 07:59:44 Image size of job updated: 36908
	37  -  MemoryUsage of job (MB)
	36908  -  ResidentSetSize of job (KB)
...
006 (7008282.000.000) 03/02 08:04:45 Image size of job updated: 855492
	836  -  MemoryUsage of job (MB)
	855492  -  ResidentSetSize of job (KB)
...
006 (7008282.000.000) 03/02 08:14:46 Image size of job updated: 855552
	836  -  MemoryUsage of job (MB)
	855552  -  ResidentSetSize of job (KB)
...
006 (7008282.000.000) 03/02 08:39:48 Image size of job updated: 855580
	836  -  MemoryUsage of job (MB)
	855580  -  ResidentSetSize of job (KB)
...
006 (7008282.000.000) 03/02 08:44:48 Image size of job updated: 855704
	836  -  MemoryUsage of job (MB)
	855704  -  ResidentSetSize of job (KB)
...
040 (7008282.000.000) 03/02 08:48:56 Started transferring output files
...
040 (7008282.000.000) 03/02 08:48:56 Finished transferring output files
...
005 (7008282.000.000) 03/02 08:48:56 Job terminated.
	(1) Normal termination (return value 0)
		Usr 0 00:47:21, Sys 0 00:00:05  -  Run Remote Usage
		Usr 0 00:00:00, Sys 0 00:00:00  -  Run Local Usage
		Usr 0 00:47:21, Sys 0 00:00:05  -  Total Remote Usage
		Usr 0 00:00:00, Sys 0 00:00:00  -  Total Local Usage
	1198  -  Run Bytes Sent By Job
	250  -  Run Bytes Received By Job
	1198  -  Total Bytes Sent By Job
	250  -  Total Bytes Received By Job
	Partitionable Resources :    Usage  Request Allocated 
	   Cpus                 :     0.99        1         1 
	   Disk (KB)            :    26           1      3743 
	   GPUs                 :                           0 
	   Memory (MB)          :   836        3000      3000 

	Job terminated of its own accord at 2025-03-02T07:48:56Z with exit-code 0.
...
