000 (7008264.000.000) 03/02 07:58:33 Job submitted from host: <188.185.8.79:9618?addrs=188.185.8.79-9618+[2001-1458-d00-63--100-23a]-9618&alias=bigbird26.cern.ch&noUDP&sock=schedd_2073_7bea>
...
040 (7008264.000.000) 03/02 07:59:29 Started transferring input files
	Transferring to host: <128.142.33.16:9618?addrs=128.142.33.16-9618+[2001-1458-301-53--100-d]-9618&alias=b9g34p3570.cern.ch&noUDP&sock=slot1_20_5681_8740_11800>
...
040 (7008264.000.000) 03/02 07:59:29 Finished transferring input files
...
001 (7008264.000.000) 03/02 07:59:30 Job executing on host: <128.142.33.16:9618?addrs=128.142.33.16-9618+[2001-1458-301-53--100-d]-9618&alias=b9g34p3570.cern.ch&noUDP&sock=startd_4960_b9d5>
	SlotName: slot1_20@b9g34p3570.cern.ch
	CondorScratchDir = "/pool/condor/dir_2810406"
	Cpus = 1
	Disk = 3636
	GPUs = 0
	Memory = 3000
...
006 (7008264.000.000) 03/02 07:59:38 Image size of job updated: 128960
	126  -  MemoryUsage of job (MB)
	128960  -  ResidentSetSize of job (KB)
...
006 (7008264.000.000) 03/02 08:04:38 Image size of job updated: 852796
	833  -  MemoryUsage of job (MB)
	852796  -  ResidentSetSize of job (KB)
...
006 (7008264.000.000) 03/02 08:09:39 Image size of job updated: 853020
	834  -  MemoryUsage of job (MB)
	853020  -  ResidentSetSize of job (KB)
...
006 (7008264.000.000) 03/02 08:19:40 Image size of job updated: 853760
	834  -  MemoryUsage of job (MB)
	853760  -  ResidentSetSize of job (KB)
...
006 (7008264.000.000) 03/02 08:24:41 Image size of job updated: 853844
	834  -  MemoryUsage of job (MB)
	853844  -  ResidentSetSize of job (KB)
...
006 (7008264.000.000) 03/02 08:29:42 Image size of job updated: 853848
	834  -  MemoryUsage of job (MB)
	853848  -  ResidentSetSize of job (KB)
...
006 (7008264.000.000) 03/02 08:44:44 Image size of job updated: 853980
	834  -  MemoryUsage of job (MB)
	853980  -  ResidentSetSize of job (KB)
...
040 (7008264.000.000) 03/02 08:52:15 Started transferring output files
...
040 (7008264.000.000) 03/02 08:52:15 Finished transferring output files
...
005 (7008264.000.000) 03/02 08:52:15 Job terminated.
	(1) Normal termination (return value 0)
		Usr 0 00:51:31, Sys 0 00:00:03  -  Run Remote Usage
		Usr 0 00:00:00, Sys 0 00:00:00  -  Run Local Usage
		Usr 0 00:51:31, Sys 0 00:00:03  -  Total Remote Usage
		Usr 0 00:00:00, Sys 0 00:00:00  -  Total Local Usage
	1198  -  Run Bytes Sent By Job
	250  -  Run Bytes Received By Job
	1198  -  Total Bytes Sent By Job
	250  -  Total Bytes Received By Job
	Partitionable Resources :    Usage  Request Allocated 
	   Cpus                 :     0.98        1         1 
	   Disk (KB)            :    26           1      3636 
	   GPUs                 :                           0 
	   Memory (MB)          :   834        3000      3000 

	Job terminated of its own accord at 2025-03-02T07:52:15Z with exit-code 0.
...
