000 (7008276.000.000) 03/02 07:58:38 Job submitted from host: <188.185.8.79:9618?addrs=188.185.8.79-9618+[2001-1458-d00-63--100-23a]-9618&alias=bigbird26.cern.ch&noUDP&sock=schedd_2073_7bea>
...
040 (7008276.000.000) 03/02 07:59:32 Started transferring input files
	Transferring to host: <188.185.192.15:9618?addrs=188.185.192.15-9618+[2001-1458-303-1f--100-b]-9618&alias=b9p13p1579.cern.ch&noUDP&sock=slot1_20_2622816_e499_9969>
...
040 (7008276.000.000) 03/02 07:59:32 Finished transferring input files
...
001 (7008276.000.000) 03/02 07:59:33 Job executing on host: <188.185.192.15:9618?addrs=188.185.192.15-9618+[2001-1458-303-1f--100-b]-9618&alias=b9p13p1579.cern.ch&noUDP&sock=startd_5775_bf85>
	SlotName: slot1_20@b9p13p1579.cern.ch
	CondorScratchDir = "/pool/condor/dir_3831504"
	Cpus = 1
	Disk = 3801
	GPUs = 0
	Memory = 3000
...
006 (7008276.000.000) 03/02 07:59:47 Image size of job updated: 4420
	5  -  MemoryUsage of job (MB)
	4420  -  ResidentSetSize of job (KB)
...
006 (7008276.000.000) 03/02 08:04:48 Image size of job updated: 781084
	763  -  MemoryUsage of job (MB)
	781084  -  ResidentSetSize of job (KB)
...
006 (7008276.000.000) 03/02 08:24:49 Image size of job updated: 781160
	763  -  MemoryUsage of job (MB)
	781096  -  ResidentSetSize of job (KB)
...
006 (7008276.000.000) 03/02 08:34:50 Image size of job updated: 781164
	763  -  MemoryUsage of job (MB)
	781164  -  ResidentSetSize of job (KB)
...
006 (7008276.000.000) 03/02 08:44:50 Image size of job updated: 781228
	763  -  MemoryUsage of job (MB)
	781164  -  ResidentSetSize of job (KB)
...
006 (7008276.000.000) 03/02 08:49:51 Image size of job updated: 781292
	763  -  MemoryUsage of job (MB)
	781164  -  ResidentSetSize of job (KB)
...
006 (7008276.000.000) 03/02 08:54:51 Image size of job updated: 781356
	764  -  MemoryUsage of job (MB)
	781356  -  ResidentSetSize of job (KB)
...
040 (7008276.000.000) 03/02 08:58:43 Started transferring output files
...
040 (7008276.000.000) 03/02 08:58:43 Finished transferring output files
...
005 (7008276.000.000) 03/02 08:58:43 Job terminated.
	(1) Normal termination (return value 0)
		Usr 0 00:46:11, Sys 0 00:00:21  -  Run Remote Usage
		Usr 0 00:00:00, Sys 0 00:00:00  -  Run Local Usage
		Usr 0 00:46:11, Sys 0 00:00:21  -  Total Remote Usage
		Usr 0 00:00:00, Sys 0 00:00:00  -  Total Local Usage
	1199  -  Run Bytes Sent By Job
	250  -  Run Bytes Received By Job
	1199  -  Total Bytes Sent By Job
	250  -  Total Bytes Received By Job
	Partitionable Resources :    Usage  Request Allocated 
	   Cpus                 :     0.57        1         1 
	   Disk (KB)            :    26           1      3801 
	   GPUs                 :                           0 
	   Memory (MB)          :   764        3000      3000 

	Job terminated of its own accord at 2025-03-02T07:58:43Z with exit-code 0.
...
