000 (7008263.000.000) 03/02 07:58:33 Job submitted from host: <188.185.8.79:9618?addrs=188.185.8.79-9618+[2001-1458-d00-63--100-23a]-9618&alias=bigbird26.cern.ch&noUDP&sock=schedd_2073_7bea>
...
040 (7008263.000.000) 03/02 07:59:29 Started transferring input files
	Transferring to host: <188.184.185.83:9618?addrs=188.184.185.83-9618+[2001-1458-301-52--100-52]-9618&alias=b9g37p0750.cern.ch&noUDP&sock=slot1_32_1308288_ffca_10131>
...
040 (7008263.000.000) 03/02 07:59:29 Finished transferring input files
...
001 (7008263.000.000) 03/02 07:59:30 Job executing on host: <188.184.185.83:9618?addrs=188.184.185.83-9618+[2001-1458-301-52--100-52]-9618&alias=b9g37p0750.cern.ch&noUDP&sock=startd_6609_cd81>
	SlotName: slot1_32@b9g37p0750.cern.ch
	CondorScratchDir = "/pool/condor/dir_2358148"
	Cpus = 1
	Disk = 3653
	GPUs = 0
	Memory = 3000
...
006 (7008263.000.000) 03/02 07:59:43 Image size of job updated: 4976
	5  -  MemoryUsage of job (MB)
	4976  -  ResidentSetSize of job (KB)
...
006 (7008263.000.000) 03/02 08:04:43 Image size of job updated: 781012
	763  -  MemoryUsage of job (MB)
	780948  -  ResidentSetSize of job (KB)
...
006 (7008263.000.000) 03/02 08:19:45 Image size of job updated: 781076
	763  -  MemoryUsage of job (MB)
	780948  -  ResidentSetSize of job (KB)
...
006 (7008263.000.000) 03/02 08:24:46 Image size of job updated: 781088
	763  -  MemoryUsage of job (MB)
	781024  -  ResidentSetSize of job (KB)
...
006 (7008263.000.000) 03/02 08:34:47 Image size of job updated: 781156
	763  -  MemoryUsage of job (MB)
	781024  -  ResidentSetSize of job (KB)
...
006 (7008263.000.000) 03/02 08:39:47 Image size of job updated: 781156
	763  -  MemoryUsage of job (MB)
	781028  -  ResidentSetSize of job (KB)
...
006 (7008263.000.000) 03/02 08:44:48 Image size of job updated: 781284
	763  -  MemoryUsage of job (MB)
	781028  -  ResidentSetSize of job (KB)
...
006 (7008263.000.000) 03/02 08:49:48 Image size of job updated: 781284
	763  -  MemoryUsage of job (MB)
	781284  -  ResidentSetSize of job (KB)
...
040 (7008263.000.000) 03/02 08:50:17 Started transferring output files
...
040 (7008263.000.000) 03/02 08:50:17 Finished transferring output files
...
005 (7008263.000.000) 03/02 08:50:17 Job terminated.
	(1) Normal termination (return value 0)
		Usr 0 00:49:33, Sys 0 00:00:02  -  Run Remote Usage
		Usr 0 00:00:00, Sys 0 00:00:00  -  Run Local Usage
		Usr 0 00:49:33, Sys 0 00:00:02  -  Total Remote Usage
		Usr 0 00:00:00, Sys 0 00:00:00  -  Total Local Usage
	1173  -  Run Bytes Sent By Job
	250  -  Run Bytes Received By Job
	1173  -  Total Bytes Sent By Job
	250  -  Total Bytes Received By Job
	Partitionable Resources :    Usage  Request Allocated 
	   Cpus                 :     1.00        1         1 
	   Disk (KB)            :    26           1      3653 
	   GPUs                 :                           0 
	   Memory (MB)          :   763        3000      3000 

	Job terminated of its own accord at 2025-03-02T07:50:17Z with exit-code 0.
...
