000 (7008272.000.000) 03/02 07:58:36 Job submitted from host: <188.185.8.79:9618?addrs=188.185.8.79-9618+[2001-1458-d00-63--100-23a]-9618&alias=bigbird26.cern.ch&noUDP&sock=schedd_2073_7bea>
...
040 (7008272.000.000) 03/02 07:59:31 Started transferring input files
	Transferring to host: <188.185.198.77:9618?addrs=188.185.198.77-9618+[2001-1458-303-25--100-49]-9618&alias=b9p15p4218.cern.ch&noUDP&sock=slot1_26_1717190_72fe_7838>
...
040 (7008272.000.000) 03/02 07:59:31 Finished transferring input files
...
001 (7008272.000.000) 03/02 07:59:32 Job executing on host: <188.185.198.77:9618?addrs=188.185.198.77-9618+[2001-1458-303-25--100-49]-9618&alias=b9p15p4218.cern.ch&noUDP&sock=startd_8357_c90e>
	SlotName: slot1_26@b9p15p4218.cern.ch
	CondorScratchDir = "/pool/condor/dir_339731"
	Cpus = 1
	Disk = 3630
	GPUs = 0
	Memory = 3000
...
006 (7008272.000.000) 03/02 07:59:41 Image size of job updated: 1796
	2  -  MemoryUsage of job (MB)
	1796  -  ResidentSetSize of job (KB)
...
006 (7008272.000.000) 03/02 08:04:42 Image size of job updated: 853788
	834  -  MemoryUsage of job (MB)
	853788  -  ResidentSetSize of job (KB)
...
006 (7008272.000.000) 03/02 08:19:44 Image size of job updated: 854088
	835  -  MemoryUsage of job (MB)
	854088  -  ResidentSetSize of job (KB)
...
040 (7008272.000.000) 03/02 08:45:51 Started transferring output files
...
040 (7008272.000.000) 03/02 08:45:51 Finished transferring output files
...
005 (7008272.000.000) 03/02 08:45:51 Job terminated.
	(1) Normal termination (return value 0)
		Usr 0 00:44:32, Sys 0 00:00:03  -  Run Remote Usage
		Usr 0 00:00:00, Sys 0 00:00:00  -  Run Local Usage
		Usr 0 00:44:32, Sys 0 00:00:03  -  Total Remote Usage
		Usr 0 00:00:00, Sys 0 00:00:00  -  Total Local Usage
	1200  -  Run Bytes Sent By Job
	250  -  Run Bytes Received By Job
	1200  -  Total Bytes Sent By Job
	250  -  Total Bytes Received By Job
	Partitionable Resources :    Usage  Request Allocated 
	   Cpus                 :     0.98        1         1 
	   Disk (KB)            :    26           1      3630 
	   GPUs                 :                           0 
	   Memory (MB)          :   835        3000      3000 

	Job terminated of its own accord at 2025-03-02T07:45:51Z with exit-code 0.
...
