000 (7008275.000.000) 03/02 07:58:37 Job submitted from host: <188.185.8.79:9618?addrs=188.185.8.79-9618+[2001-1458-d00-63--100-23a]-9618&alias=bigbird26.cern.ch&noUDP&sock=schedd_2073_7bea>
...
040 (7008275.000.000) 03/02 07:59:32 Started transferring input files
	Transferring to host: <188.185.196.112:9618?addrs=188.185.196.112-9618+[2001-1458-303-23--100-6c]-9618&alias=b9p16p4521.cern.ch&noUDP&sock=slot1_8_10805_d990_11964>
...
040 (7008275.000.000) 03/02 07:59:32 Finished transferring input files
...
001 (7008275.000.000) 03/02 07:59:33 Job executing on host: <188.185.196.112:9618?addrs=188.185.196.112-9618+[2001-1458-303-23--100-6c]-9618&alias=b9p16p4521.cern.ch&noUDP&sock=startd_9679_9141>
	SlotName: slot1_8@b9p16p4521.cern.ch
	CondorScratchDir = "/pool/condor/dir_2522749"
	Cpus = 1
	Disk = 3927
	GPUs = 0
	Memory = 3000
...
006 (7008275.000.000) 03/02 07:59:47 Image size of job updated: 6952
	7  -  MemoryUsage of job (MB)
	6952  -  ResidentSetSize of job (KB)
...
006 (7008275.000.000) 03/02 08:04:48 Image size of job updated: 785836
	768  -  MemoryUsage of job (MB)
	785772  -  ResidentSetSize of job (KB)
...
006 (7008275.000.000) 03/02 08:19:50 Image size of job updated: 785900
	768  -  MemoryUsage of job (MB)
	785836  -  ResidentSetSize of job (KB)
...
006 (7008275.000.000) 03/02 08:24:51 Image size of job updated: 785912
	768  -  MemoryUsage of job (MB)
	785836  -  ResidentSetSize of job (KB)
...
006 (7008275.000.000) 03/02 08:34:51 Image size of job updated: 785916
	768  -  MemoryUsage of job (MB)
	785852  -  ResidentSetSize of job (KB)
...
006 (7008275.000.000) 03/02 08:39:52 Image size of job updated: 786044
	768  -  MemoryUsage of job (MB)
	785852  -  ResidentSetSize of job (KB)
...
006 (7008275.000.000) 03/02 08:44:52 Image size of job updated: 786044
	768  -  MemoryUsage of job (MB)
	785980  -  ResidentSetSize of job (KB)
...
006 (7008275.000.000) 03/02 08:49:52 Image size of job updated: 786108
	768  -  MemoryUsage of job (MB)
	785980  -  ResidentSetSize of job (KB)
...
040 (7008275.000.000) 03/02 08:51:56 Started transferring output files
...
040 (7008275.000.000) 03/02 08:51:56 Finished transferring output files
...
005 (7008275.000.000) 03/02 08:51:56 Job terminated.
	(1) Normal termination (return value 0)
		Usr 0 00:46:45, Sys 0 00:00:01  -  Run Remote Usage
		Usr 0 00:00:00, Sys 0 00:00:00  -  Run Local Usage
		Usr 0 00:46:45, Sys 0 00:00:01  -  Total Remote Usage
		Usr 0 00:00:00, Sys 0 00:00:00  -  Total Local Usage
	1172  -  Run Bytes Sent By Job
	250  -  Run Bytes Received By Job
	1172  -  Total Bytes Sent By Job
	250  -  Total Bytes Received By Job
	Partitionable Resources :    Usage  Request Allocated 
	   Cpus                 :     0.91        1         1 
	   Disk (KB)            :    26           1      3927 
	   GPUs                 :                           0 
	   Memory (MB)          :   768        3000      3000 

	Job terminated of its own accord at 2025-03-02T07:51:56Z with exit-code 0.
...
