000 (7008267.000.000) 03/02 07:58:34 Job submitted from host: <188.185.8.79:9618?addrs=188.185.8.79-9618+[2001-1458-d00-63--100-23a]-9618&alias=bigbird26.cern.ch&noUDP&sock=schedd_2073_7bea>
...
040 (7008267.000.000) 03/02 07:59:30 Started transferring input files
	Transferring to host: <188.184.185.13:9618?addrs=188.184.185.13-9618+[2001-1458-301-52--100-c]-9618&alias=b9g37p4540.cern.ch&noUDP&sock=slot1_9_124026_496d_12756>
...
040 (7008267.000.000) 03/02 07:59:30 Finished transferring input files
...
001 (7008267.000.000) 03/02 07:59:31 Job executing on host: <188.184.185.13:9618?addrs=188.184.185.13-9618+[2001-1458-301-52--100-c]-9618&alias=b9g37p4540.cern.ch&noUDP&sock=startd_5898_1dab>
	SlotName: slot1_9@b9g37p4540.cern.ch
	CondorScratchDir = "/pool/condor/dir_2688428"
	Cpus = 1
	Disk = 3708
	GPUs = 0
	Memory = 3000
...
006 (7008267.000.000) 03/02 07:59:40 Image size of job updated: 1796
	2  -  MemoryUsage of job (MB)
	1796  -  ResidentSetSize of job (KB)
...
006 (7008267.000.000) 03/02 08:04:41 Image size of job updated: 854664
	835  -  MemoryUsage of job (MB)
	854664  -  ResidentSetSize of job (KB)
...
006 (7008267.000.000) 03/02 08:24:44 Image size of job updated: 854696
	835  -  MemoryUsage of job (MB)
	854696  -  ResidentSetSize of job (KB)
...
006 (7008267.000.000) 03/02 08:44:45 Image size of job updated: 854800
	835  -  MemoryUsage of job (MB)
	854800  -  ResidentSetSize of job (KB)
...
006 (7008267.000.000) 03/02 08:54:46 Image size of job updated: 856004
	836  -  MemoryUsage of job (MB)
	856004  -  ResidentSetSize of job (KB)
...
040 (7008267.000.000) 03/02 08:56:48 Started transferring output files
...
040 (7008267.000.000) 03/02 08:56:48 Finished transferring output files
...
005 (7008267.000.000) 03/02 08:56:48 Job terminated.
	(1) Normal termination (return value 0)
		Usr 0 00:53:05, Sys 0 00:00:04  -  Run Remote Usage
		Usr 0 00:00:00, Sys 0 00:00:00  -  Run Local Usage
		Usr 0 00:53:05, Sys 0 00:00:04  -  Total Remote Usage
		Usr 0 00:00:00, Sys 0 00:00:00  -  Total Local Usage
	1173  -  Run Bytes Sent By Job
	250  -  Run Bytes Received By Job
	1173  -  Total Bytes Sent By Job
	250  -  Total Bytes Received By Job
	Partitionable Resources :    Usage  Request Allocated 
	   Cpus                 :     0.93        1         1 
	   Disk (KB)            :    26           1      3708 
	   GPUs                 :                           0 
	   Memory (MB)          :   836        3000      3000 

	Job terminated of its own accord at 2025-03-02T07:56:48Z with exit-code 0.
...
