000 (7008270.000.000) 03/02 07:58:35 Job submitted from host: <188.185.8.79:9618?addrs=188.185.8.79-9618+[2001-1458-d00-63--100-23a]-9618&alias=bigbird26.cern.ch&noUDP&sock=schedd_2073_7bea>
...
040 (7008270.000.000) 03/02 07:59:42 Started transferring input files
	Transferring to host: <188.185.198.77:9618?addrs=188.185.198.77-9618+[2001-1458-303-25--100-49]-9618&alias=b9p15p4218.cern.ch&noUDP&sock=slot1_32_1717190_72fe_7839>
...
040 (7008270.000.000) 03/02 07:59:42 Finished transferring input files
...
001 (7008270.000.000) 03/02 07:59:43 Job executing on host: <188.185.198.77:9618?addrs=188.185.198.77-9618+[2001-1458-303-25--100-49]-9618&alias=b9p15p4218.cern.ch&noUDP&sock=startd_8357_c90e>
	SlotName: slot1_32@b9p15p4218.cern.ch
	CondorScratchDir = "/pool/condor/dir_340218"
	Cpus = 1
	Disk = 3630
	GPUs = 0
	Memory = 3000
...
006 (7008270.000.000) 03/02 07:59:52 Image size of job updated: 1796
	2  -  MemoryUsage of job (MB)
	1796  -  ResidentSetSize of job (KB)
...
006 (7008270.000.000) 03/02 08:04:53 Image size of job updated: 788140
	770  -  MemoryUsage of job (MB)
	788140  -  ResidentSetSize of job (KB)
...
006 (7008270.000.000) 03/02 08:24:55 Image size of job updated: 788144
	770  -  MemoryUsage of job (MB)
	788144  -  ResidentSetSize of job (KB)
...
006 (7008270.000.000) 03/02 08:39:56 Image size of job updated: 788404
	770  -  MemoryUsage of job (MB)
	788404  -  ResidentSetSize of job (KB)
...
040 (7008270.000.000) 03/02 08:46:04 Started transferring output files
...
040 (7008270.000.000) 03/02 08:46:04 Finished transferring output files
...
005 (7008270.000.000) 03/02 08:46:04 Job terminated.
	(1) Normal termination (return value 0)
		Usr 0 00:44:42, Sys 0 00:00:03  -  Run Remote Usage
		Usr 0 00:00:00, Sys 0 00:00:00  -  Run Local Usage
		Usr 0 00:44:42, Sys 0 00:00:03  -  Total Remote Usage
		Usr 0 00:00:00, Sys 0 00:00:00  -  Total Local Usage
	1195  -  Run Bytes Sent By Job
	250  -  Run Bytes Received By Job
	1195  -  Total Bytes Sent By Job
	250  -  Total Bytes Received By Job
	Partitionable Resources :    Usage  Request Allocated 
	   Cpus                 :     0.99        1         1 
	   Disk (KB)            :    26           1      3630 
	   GPUs                 :                           0 
	   Memory (MB)          :   770        3000      3000 

	Job terminated of its own accord at 2025-03-02T07:46:04Z with exit-code 0.
...
