000 (7008268.000.000) 03/02 07:58:35 Job submitted from host: <188.185.8.79:9618?addrs=188.185.8.79-9618+[2001-1458-d00-63--100-23a]-9618&alias=bigbird26.cern.ch&noUDP&sock=schedd_2073_7bea>
...
040 (7008268.000.000) 03/02 07:59:30 Started transferring input files
	Transferring to host: <128.142.33.56:9618?addrs=128.142.33.56-9618+[2001-1458-301-53--100-35]-9618&alias=b9g34p3712.cern.ch&noUDP&sock=slot1_18_3344_e681_16347>
...
040 (7008268.000.000) 03/02 07:59:30 Finished transferring input files
...
001 (7008268.000.000) 03/02 07:59:31 Job executing on host: <128.142.33.56:9618?addrs=128.142.33.56-9618+[2001-1458-301-53--100-35]-9618&alias=b9g34p3712.cern.ch&noUDP&sock=startd_3270_86c8>
	SlotName: slot1_18@b9g34p3712.cern.ch
	CondorScratchDir = "/pool/condor/dir_3512075"
	Cpus = 1
	Disk = 3695
	GPUs = 0
	Memory = 3000
...
006 (7008268.000.000) 03/02 07:59:40 Image size of job updated: 58532
	58  -  MemoryUsage of job (MB)
	58532  -  ResidentSetSize of job (KB)
...
006 (7008268.000.000) 03/02 08:04:41 Image size of job updated: 858440
	839  -  MemoryUsage of job (MB)
	858440  -  ResidentSetSize of job (KB)
...
006 (7008268.000.000) 03/02 08:09:42 Image size of job updated: 858480
	839  -  MemoryUsage of job (MB)
	858480  -  ResidentSetSize of job (KB)
...
006 (7008268.000.000) 03/02 08:19:43 Image size of job updated: 858544
	839  -  MemoryUsage of job (MB)
	858544  -  ResidentSetSize of job (KB)
...
006 (7008268.000.000) 03/02 08:39:45 Image size of job updated: 858632
	839  -  MemoryUsage of job (MB)
	858632  -  ResidentSetSize of job (KB)
...
006 (7008268.000.000) 03/02 08:49:45 Image size of job updated: 858696
	839  -  MemoryUsage of job (MB)
	858696  -  ResidentSetSize of job (KB)
...
040 (7008268.000.000) 03/02 09:01:35 Started transferring output files
...
040 (7008268.000.000) 03/02 09:01:35 Finished transferring output files
...
005 (7008268.000.000) 03/02 09:01:35 Job terminated.
	(1) Normal termination (return value 0)
		Usr 0 00:53:14, Sys 0 00:00:44  -  Run Remote Usage
		Usr 0 00:00:00, Sys 0 00:00:00  -  Run Local Usage
		Usr 0 00:53:14, Sys 0 00:00:44  -  Total Remote Usage
		Usr 0 00:00:00, Sys 0 00:00:00  -  Total Local Usage
	1198  -  Run Bytes Sent By Job
	250  -  Run Bytes Received By Job
	1198  -  Total Bytes Sent By Job
	250  -  Total Bytes Received By Job
	Partitionable Resources :    Usage  Request Allocated 
	   Cpus                 :     0.85        1         1 
	   Disk (KB)            :    26           1      3695 
	   GPUs                 :                           0 
	   Memory (MB)          :   839        3000      3000 

	Job terminated of its own accord at 2025-03-02T08:01:35Z with exit-code 0.
...
