000 (7008279.000.000) 03/02 07:58:39 Job submitted from host: <188.185.8.79:9618?addrs=188.185.8.79-9618+[2001-1458-d00-63--100-23a]-9618&alias=bigbird26.cern.ch&noUDP&sock=schedd_2073_7bea>
...
040 (7008279.000.000) 03/02 07:59:33 Started transferring input files
	Transferring to host: <188.185.195.168:9618?addrs=188.185.195.168-9618+[2001-1458-303-22--100-a4]-9618&alias=b9p17p4836.cern.ch&noUDP&sock=slot1_24_3622188_dfd8_16631>
...
040 (7008279.000.000) 03/02 07:59:33 Finished transferring input files
...
001 (7008279.000.000) 03/02 07:59:34 Job executing on host: <188.185.195.168:9618?addrs=188.185.195.168-9618+[2001-1458-303-22--100-a4]-9618&alias=b9p17p4836.cern.ch&noUDP&sock=startd_6598_41f7>
	SlotName: slot1_24@b9p17p4836.cern.ch
	CondorScratchDir = "/pool/condor/dir_3640256"
	Cpus = 1
	Disk = 3870
	GPUs = 0
	Memory = 3000
...
006 (7008279.000.000) 03/02 07:59:43 Image size of job updated: 1792
	2  -  MemoryUsage of job (MB)
	1792  -  ResidentSetSize of job (KB)
...
006 (7008279.000.000) 03/02 08:04:44 Image size of job updated: 853168
	834  -  MemoryUsage of job (MB)
	853168  -  ResidentSetSize of job (KB)
...
006 (7008279.000.000) 03/02 08:34:47 Image size of job updated: 853192
	834  -  MemoryUsage of job (MB)
	853192  -  ResidentSetSize of job (KB)
...
040 (7008279.000.000) 03/02 08:44:30 Started transferring output files
...
040 (7008279.000.000) 03/02 08:44:30 Finished transferring output files
...
005 (7008279.000.000) 03/02 08:44:30 Job terminated.
	(1) Normal termination (return value 0)
		Usr 0 00:43:23, Sys 0 00:00:09  -  Run Remote Usage
		Usr 0 00:00:00, Sys 0 00:00:00  -  Run Local Usage
		Usr 0 00:43:23, Sys 0 00:00:09  -  Total Remote Usage
		Usr 0 00:00:00, Sys 0 00:00:00  -  Total Local Usage
	1174  -  Run Bytes Sent By Job
	250  -  Run Bytes Received By Job
	1174  -  Total Bytes Sent By Job
	250  -  Total Bytes Received By Job
	Partitionable Resources :    Usage  Request Allocated 
	   Cpus                 :     0.99        1         1 
	   Disk (KB)            :    26           1      3870 
	   GPUs                 :                           0 
	   Memory (MB)          :   834        3000      3000 

	Job terminated of its own accord at 2025-03-02T07:44:30Z with exit-code 0.
...
