environment setting finished\n
b9p15p4218.cern.ch
Mathematica 12.0.0 Kernel for Linux x86 (64-bit)
Copyright 1988-2019 Wolfram Research, Inc.

In[1]:= 
In[2]:= In[2]:= 
In[3]:= 
In[4]:= In[4]:= 
In[5]:= 171.495	1.33	0.1184	340.	80.3941
171.495	1.33	0.1184	340.25	89.1737
171.495	1.33	0.1184	340.5	99.5115
171.495	1.33	0.1184	340.75	111.793
171.495	1.33	0.1184	341.	126.514
171.495	1.33	0.1184	341.25	144.304
171.495	1.33	0.1184	341.5	165.943
171.495	1.33	0.1184	341.75	192.342
171.495	1.33	0.1184	342.	224.453
171.495	1.33	0.1184	342.25	263.043
171.495	1.33	0.1184	342.5	308.269
171.495	1.33	0.1184	342.75	359.109
171.495	1.33	0.1184	343.	412.834
171.495	1.33	0.1184	343.25	464.948
171.495	1.33	0.1184	343.5	509.972
171.495	1.33	0.1184	343.75	543.043
171.495	1.33	0.1184	344.	561.659
171.495	1.33	0.1184	344.25	566.598
171.495	1.33	0.1184	344.5	561.444
171.495	1.33	0.1184	344.75	551.043
171.495	1.33	0.1184	345.	539.798
171.495	1.33	0.1184	345.25	530.574
171.495	1.33	0.1184	345.5	524.497
171.495	1.33	0.1184	345.75	521.397
171.495	1.33	0.1184	346.	520.474

In[6]:= 
Out[6]= /afs/cern.ch/user/l/linyu/private/gen_ttbarxs_cern-main/test/submit/r\
 
>    esult/mass171.4950.txt

In[7]:= 
Hello world!
