environment setting finished\n
b9g37p0750.cern.ch
Mathematica 12.0.0 Kernel for Linux x86 (64-bit)
Copyright 1988-2019 Wolfram Research, Inc.

In[1]:= 
In[2]:= In[2]:= 
In[3]:= 
In[4]:= In[4]:= 
In[5]:= 171.45	1.33	0.1184	340.	83.4117
171.45	1.33	0.1184	340.25	92.7145
171.45	1.33	0.1184	340.5	103.703
171.45	1.33	0.1184	340.75	116.799
171.45	1.33	0.1184	341.	132.544
171.45	1.33	0.1184	341.25	151.622
171.45	1.33	0.1184	341.5	174.863
171.45	1.33	0.1184	341.75	203.21
171.45	1.33	0.1184	342.	237.587
171.45	1.33	0.1184	342.25	278.598
171.45	1.33	0.1184	342.5	326.055
171.45	1.33	0.1184	342.75	378.367
171.45	1.33	0.1184	343.	432.141
171.45	1.33	0.1184	343.25	482.388
171.45	1.33	0.1184	343.5	523.63
171.45	1.33	0.1184	343.75	551.668
171.45	1.33	0.1184	344.	565.137
171.45	1.33	0.1184	344.25	565.945
171.45	1.33	0.1184	344.5	558.341
171.45	1.33	0.1184	344.75	547.194
171.45	1.33	0.1184	345.	536.435
171.45	1.33	0.1184	345.25	528.293
171.45	1.33	0.1184	345.5	523.348
171.45	1.33	0.1184	345.75	521.136
171.45	1.33	0.1184	346.	520.777

In[6]:= 
Out[6]= /afs/cern.ch/user/l/linyu/private/gen_ttbarxs_cern-main/test/submit/r\
 
>    esult/mass171.4500.txt

In[7]:= 
Hello world!
