environment setting finished\n
b9p16p1796.cern.ch
Mathematica 12.0.0 Kernel for Linux x86 (64-bit)
Copyright 1988-2019 Wolfram Research, Inc.

In[1]:= 
In[2]:= In[2]:= 
In[3]:= 
In[4]:= In[4]:= 
In[5]:= 171.52	1.33	0.1184	340.	78.7887
171.52	1.33	0.1184	340.25	87.2946
171.52	1.33	0.1184	340.5	97.2927
171.52	1.33	0.1184	340.75	109.15
171.52	1.33	0.1184	341.	123.337
171.52	1.33	0.1184	341.25	140.456
171.52	1.33	0.1184	341.5	161.256
171.52	1.33	0.1184	341.75	186.627
171.52	1.33	0.1184	342.	217.524
171.52	1.33	0.1184	342.25	254.778
171.52	1.33	0.1184	342.5	298.708
171.52	1.33	0.1184	342.75	348.576
171.52	1.33	0.1184	343.	402.017
171.52	1.33	0.1184	343.25	454.858
171.52	1.33	0.1184	343.5	501.709
171.52	1.33	0.1184	343.75	537.439
171.52	1.33	0.1184	344.	558.967
171.52	1.33	0.1184	344.25	566.41
171.52	1.33	0.1184	344.5	562.892
171.52	1.33	0.1184	344.75	553.152
171.52	1.33	0.1184	345.	541.792
171.52	1.33	0.1184	345.25	532.024
171.52	1.33	0.1184	345.5	525.302
171.52	1.33	0.1184	345.75	521.661
171.52	1.33	0.1184	346.	520.376

In[6]:= 
Out[6]= /afs/cern.ch/user/l/linyu/private/gen_ttbarxs_cern-main/test/submit/r\
 
>    esult/mass171.5200.txt

In[7]:= 
Hello world!
