environment setting finished\n
b9g34p3712.cern.ch
Mathematica 12.0.0 Kernel for Linux x86 (64-bit)
Copyright 1988-2019 Wolfram Research, Inc.

In[1]:= 
In[2]:= In[2]:= 
In[3]:= 
In[4]:= In[4]:= 
In[5]:= 171.475	1.33	0.1184	340.	81.7144
171.475	1.33	0.1184	340.25	90.7216
171.475	1.33	0.1184	340.5	101.342
171.475	1.33	0.1184	340.75	113.978
171.475	1.33	0.1184	341.	129.143
171.475	1.33	0.1184	341.25	147.493
171.475	1.33	0.1184	341.5	169.829
171.475	1.33	0.1184	341.75	197.078
171.475	1.33	0.1184	342.	230.184
171.475	1.33	0.1184	342.25	269.849
171.475	1.33	0.1184	342.5	316.086
171.475	1.33	0.1184	342.75	367.628
171.475	1.33	0.1184	343.	421.451
171.475	1.33	0.1184	343.25	472.825
171.475	1.33	0.1184	343.5	516.243
171.475	1.33	0.1184	343.75	547.11
171.475	1.33	0.1184	344.	563.417
171.475	1.33	0.1184	344.25	566.457
171.475	1.33	0.1184	344.5	560.134
171.475	1.33	0.1184	344.75	549.334
171.475	1.33	0.1184	345.	538.265
171.475	1.33	0.1184	345.25	529.507
171.475	1.33	0.1184	345.5	523.941
171.475	1.33	0.1184	345.75	521.249
171.475	1.33	0.1184	346.	520.59

In[6]:= 
Out[6]= /afs/cern.ch/user/l/linyu/private/gen_ttbarxs_cern-main/test/submit/r\
 
>    esult/mass171.4750.txt

In[7]:= 
Hello world!
