environment setting finished\n
b9p17p1073.cern.ch
Mathematica 12.0.0 Kernel for Linux x86 (64-bit)
Copyright 1988-2019 Wolfram Research, Inc.

In[1]:= 
In[2]:= In[2]:= 
In[3]:= 
In[4]:= In[4]:= 
In[5]:= 171.48	1.33	0.1184	340.	81.3812
171.48	1.33	0.1184	340.25	90.3308
171.48	1.33	0.1184	340.5	100.88
171.48	1.33	0.1184	340.75	113.425
171.48	1.33	0.1184	341.	128.479
171.48	1.33	0.1184	341.25	146.686
171.48	1.33	0.1184	341.5	168.845
171.48	1.33	0.1184	341.75	195.88
171.48	1.33	0.1184	342.	228.736
171.48	1.33	0.1184	342.25	268.132
171.48	1.33	0.1184	342.5	314.118
171.48	1.33	0.1184	342.75	365.491
171.48	1.33	0.1184	343.	419.301
171.48	1.33	0.1184	343.25	470.873
171.48	1.33	0.1184	343.5	514.705
171.48	1.33	0.1184	343.75	546.128
171.48	1.33	0.1184	344.	563.01
171.48	1.33	0.1184	344.25	566.515
171.48	1.33	0.1184	344.5	560.473
171.48	1.33	0.1184	344.75	549.762
171.48	1.33	0.1184	345.	538.642
171.48	1.33	0.1184	345.25	529.766
171.48	1.33	0.1184	345.5	524.073
171.48	1.33	0.1184	345.75	521.281
171.48	1.33	0.1184	346.	520.558

In[6]:= 
Out[6]= /afs/cern.ch/user/l/linyu/private/gen_ttbarxs_cern-main/test/submit/r\
 
>    esult/mass171.4800.txt

In[7]:= 
Hello world!
