environment setting finished\n
b9p19p8898.cern.ch
Mathematica 12.0.0 Kernel for Linux x86 (64-bit)
Copyright 1988-2019 Wolfram Research, Inc.

In[1]:= 
In[2]:= In[2]:= 
In[3]:= 
In[4]:= In[4]:= 
In[5]:= 171.54	1.33	0.1184	340.	77.5393
171.54	1.33	0.1184	340.25	85.8344
171.54	1.33	0.1184	340.5	95.5711
171.54	1.33	0.1184	340.75	107.102
171.54	1.33	0.1184	341.	120.879
171.54	1.33	0.1184	341.25	137.483
171.54	1.33	0.1184	341.5	157.638
171.54	1.33	0.1184	341.75	182.214
171.54	1.33	0.1184	342.	212.165
171.54	1.33	0.1184	342.25	248.361
171.54	1.33	0.1184	342.5	291.235
171.54	1.33	0.1184	342.75	340.259
171.54	1.33	0.1184	343.	393.353
171.54	1.33	0.1184	343.25	446.618
171.54	1.33	0.1184	343.5	494.779
171.54	1.33	0.1184	343.75	532.545
171.54	1.33	0.1184	344.	556.406
171.54	1.33	0.1184	344.25	565.945
171.54	1.33	0.1184	344.5	563.876
171.54	1.33	0.1184	344.75	554.797
171.54	1.33	0.1184	345.	543.437
171.54	1.33	0.1184	345.25	533.275
171.54	1.33	0.1184	345.5	526.036
171.54	1.33	0.1184	345.75	521.94
171.54	1.33	0.1184	346.	520.339

In[6]:= 
Out[6]= /afs/cern.ch/user/l/linyu/private/gen_ttbarxs_cern-main/test/submit/r\
 
>    esult/mass171.5400.txt

In[7]:= 
Hello world!
