environment setting finished\n
b9g23p4316.cern.ch
Mathematica 12.0.0 Kernel for Linux x86 (64-bit)
Copyright 1988-2019 Wolfram Research, Inc.

In[1]:= 
In[2]:= In[2]:= 
In[3]:= 
In[4]:= In[4]:= 
In[5]:= 171.5	1.33	0.1184	340.	80.069
171.5	1.33	0.1184	340.25	88.793
171.5	1.33	0.1184	340.5	99.0617
171.5	1.33	0.1184	340.75	111.257
171.5	1.33	0.1184	341.	125.869
171.5	1.33	0.1184	341.25	143.522
171.5	1.33	0.1184	341.5	164.99
171.5	1.33	0.1184	341.75	191.181
171.5	1.33	0.1184	342.	223.047
171.5	1.33	0.1184	342.25	261.368
171.5	1.33	0.1184	342.5	306.338
171.5	1.33	0.1184	342.75	356.991
171.5	1.33	0.1184	343.	410.673
171.5	1.33	0.1184	343.25	462.951
171.5	1.33	0.1184	343.5	508.357
171.5	1.33	0.1184	343.75	541.968
171.5	1.33	0.1184	344.	561.165
171.5	1.33	0.1184	344.25	566.594
171.5	1.33	0.1184	344.5	561.751
171.5	1.33	0.1184	344.75	551.469
171.5	1.33	0.1184	345.	540.191
171.5	1.33	0.1184	345.25	530.854
171.5	1.33	0.1184	345.5	524.649
171.5	1.33	0.1184	345.75	521.442
171.5	1.33	0.1184	346.	520.45

In[6]:= 
Out[6]= /afs/cern.ch/user/l/linyu/private/gen_ttbarxs_cern-main/test/submit/r\
 
>    esult/mass171.5000.txt

In[7]:= 
Hello world!
