environment setting finished\n
b9g23p6133.cern.ch
Mathematica 12.0.0 Kernel for Linux x86 (64-bit)
Copyright 1988-2019 Wolfram Research, Inc.

In[1]:= 
In[2]:= In[2]:= 
In[3]:= 
In[4]:= In[4]:= 
In[5]:= 171.525	1.33	0.1184	340.	78.4735
171.525	1.33	0.1184	340.25	86.9261
171.525	1.33	0.1184	340.5	96.8579
171.525	1.33	0.1184	340.75	108.632
171.525	1.33	0.1184	341.	122.716
171.525	1.33	0.1184	341.25	139.704
171.525	1.33	0.1184	341.5	160.341
171.525	1.33	0.1184	341.75	185.51
171.525	1.33	0.1184	342.	216.169
171.525	1.33	0.1184	342.25	253.157
171.525	1.33	0.1184	342.5	296.825
171.525	1.33	0.1184	342.75	346.487
171.525	1.33	0.1184	343.	399.851
171.525	1.33	0.1184	343.25	452.811
171.525	1.33	0.1184	343.5	500.002
171.525	1.33	0.1184	343.75	536.249
171.525	1.33	0.1184	344.	558.361
171.525	1.33	0.1184	344.25	566.321
171.525	1.33	0.1184	344.5	563.154
171.525	1.33	0.1184	344.75	553.568
171.525	1.33	0.1184	345.	542.199
171.525	1.33	0.1184	345.25	532.33
171.525	1.33	0.1184	345.5	525.478
171.525	1.33	0.1184	345.75	521.725
171.525	1.33	0.1184	346.	520.363

In[6]:= 
Out[6]= /afs/cern.ch/user/l/linyu/private/gen_ttbarxs_cern-main/test/submit/r\
 
>    esult/mass171.5250.txt

In[7]:= 
Hello world!
